{"C:\\Users\\oreak\\IdeaProjects\\project_team059\\src\\controller\\IInsightFacade.ts":{"path":"C:\\Users\\oreak\\IdeaProjects\\project_team059\\src\\controller\\IInsightFacade.ts","statementMap":{"0":{"start":{"line":2,"column":0},"end":{"line":2,"column":62}},"1":{"start":{"line":3,"column":0},"end":{"line":3,"column":113}},"2":{"start":{"line":5,"column":0},"end":{"line":8,"column":89}},"3":{"start":{"line":6,"column":4},"end":{"line":6,"column":48}},"4":{"start":{"line":7,"column":4},"end":{"line":7,"column":42}},"5":{"start":{"line":11,"column":8},"end":{"line":11,"column":23}},"6":{"start":{"line":12,"column":8},"end":{"line":12,"column":52}},"7":{"start":{"line":15,"column":0},"end":{"line":15,"column":36}},"8":{"start":{"line":18,"column":8},"end":{"line":18,"column":23}},"9":{"start":{"line":19,"column":8},"end":{"line":19,"column":53}},"10":{"start":{"line":22,"column":0},"end":{"line":22,"column":38}},"11":{"start":{"line":25,"column":8},"end":{"line":25,"column":23}},"12":{"start":{"line":26,"column":8},"end":{"line":26,"column":59}},"13":{"start":{"line":29,"column":0},"end":{"line":29,"column":50}}},"fnMap":{"0":{"name":"(anonymous_0)","decl":{"start":{"line":5,"column":1},"end":{"line":5,"column":2}},"loc":{"start":{"line":5,"column":31},"end":{"line":8,"column":1}},"line":5},"1":{"name":"(anonymous_1)","decl":{"start":{"line":10,"column":4},"end":{"line":10,"column":5}},"loc":{"start":{"line":10,"column":25},"end":{"line":13,"column":5}},"line":10},"2":{"name":"(anonymous_2)","decl":{"start":{"line":17,"column":4},"end":{"line":17,"column":5}},"loc":{"start":{"line":17,"column":25},"end":{"line":20,"column":5}},"line":17},"3":{"name":"(anonymous_3)","decl":{"start":{"line":24,"column":4},"end":{"line":24,"column":5}},"loc":{"start":{"line":24,"column":25},"end":{"line":27,"column":5}},"line":24}},"branchMap":{"0":{"loc":{"start":{"line":8,"column":24},"end":{"line":8,"column":87}},"type":"binary-expr","locations":[{"start":{"line":8,"column":24},"end":{"line":8,"column":50}},{"start":{"line":8,"column":55},"end":{"line":8,"column":86}}],"line":8}},"s":{"0":1,"1":1,"2":1,"3":1,"4":1,"5":87,"6":87,"7":1,"8":12,"9":12,"10":1,"11":3,"12":3,"13":1},"f":{"0":1,"1":87,"2":12,"3":3},"b":{"0":[1,1]},"inputSourceMap":{"version":3,"file":"C:/Users/oreak/IdeaProjects/project_team059/src/controller/IInsightFacade.ts","sources":["C:/Users/oreak/IdeaProjects/project_team059/src/controller/IInsightFacade.ts"],"names":[],"mappings":";;;AAMA,IAAY,kBAGX;AAHD,WAAY,kBAAkB;IAC7B,2CAAqB,CAAA;IACrB,qCAAe,CAAA;AAChB,CAAC,EAHW,kBAAkB,GAAlB,0BAAkB,KAAlB,0BAAkB,QAG7B;AAUD,MAAa,YAAa,SAAQ,KAAK;IACtC,YAAY,OAAgB;QAC3B,KAAK,CAAC,OAAO,CAAC,CAAC;QACf,KAAK,CAAC,iBAAiB,CAAC,IAAI,EAAE,YAAY,CAAC,CAAC;IAC7C,CAAC;CACD;AALD,oCAKC;AAED,MAAa,aAAc,SAAQ,KAAK;IACvC,YAAY,OAAgB;QAC3B,KAAK,CAAC,OAAO,CAAC,CAAC;QACf,KAAK,CAAC,iBAAiB,CAAC,IAAI,EAAE,aAAa,CAAC,CAAC;IAC9C,CAAC;CACD;AALD,sCAKC;AAED,MAAa,mBAAoB,SAAQ,KAAK;IAC7C,YAAY,OAAgB;QAC3B,KAAK,CAAC,OAAO,CAAC,CAAC;QACf,KAAK,CAAC,iBAAiB,CAAC,IAAI,EAAE,mBAAmB,CAAC,CAAC;IACpD,CAAC;CACD;AALD,kDAKC","sourcesContent":["/*\n * This is the primary high-level API for the project. In this folder there should be:\n * A class called InsightFacade, this should be in a file called InsightFacade.ts.\n * You should not change this interface at all or the test suite will not work.\n */\n\nexport enum InsightDatasetKind {\n\tSections = \"sections\",\n\tRooms = \"rooms\",\n}\n\nexport interface InsightDataset {\n\tid: string;\n\tkind: InsightDatasetKind;\n\tnumRows: number;\n}\n\nexport type InsightResult = Record<string, string | number>;\n\nexport class InsightError extends Error {\n\tconstructor(message?: string) {\n\t\tsuper(message);\n\t\tError.captureStackTrace(this, InsightError);\n\t}\n}\n\nexport class NotFoundError extends Error {\n\tconstructor(message?: string) {\n\t\tsuper(message);\n\t\tError.captureStackTrace(this, NotFoundError);\n\t}\n}\n\nexport class ResultTooLargeError extends Error {\n\tconstructor(message?: string) {\n\t\tsuper(message);\n\t\tError.captureStackTrace(this, ResultTooLargeError);\n\t}\n}\n\nexport interface IInsightFacade {\n\t/**\n\t * Add a dataset to insightUBC.\n\t *\n\t * @param id  The id of the dataset being added. Follows the format /^[^_]+$/\n\t * @param content  The base64 content of the dataset. This content should be in the form of a serialized zip file.\n\t * @param kind  The kind of the dataset\n\t *\n\t * @return Promise <string[]>\n\t *\n\t * The promise should fulfill on a successful add, reject for any failures.\n\t * The promise should fulfill with a string array,\n\t * containing the ids of all currently added datasets upon a successful add.\n\t * The promise should reject with an InsightError describing the error.\n\t *\n\t * An id is invalid if it contains an underscore, or is only whitespace characters.\n\t * If id is the same as the id of an already added dataset, the dataset should be rejected and not saved.\n\t *\n\t * After receiving the dataset, it should be processed into a data structure of\n\t * your design. The processed data structure should be persisted to disk; your\n\t * system should be able to load this persisted value into memory for answering\n\t * queries.\n\t *\n\t * Ultimately, a dataset must be added or loaded from disk before queries can\n\t * be successfully answered.\n\t */\n\taddDataset(id: string, content: string, kind: InsightDatasetKind): Promise<string[]>;\n\n\t/**\n\t * Remove a dataset from insightUBC.\n\t *\n\t * @param id  The id of the dataset to remove. Follows the format /^[^_]+$/\n\t *\n\t * @return Promise <string>\n\t *\n\t * The promise should fulfill upon a successful removal, reject on any error.\n\t * Attempting to remove a dataset that hasn't been added yet counts as an error.\n\t *\n\t * An id is invalid if it contains an underscore, or is only whitespace characters.\n\t *\n\t * The promise should fulfill the id of the dataset that was removed.\n\t * The promise should reject with a NotFoundError (if a valid id was not yet added)\n\t * or an InsightError (invalid id or any other source of failure) describing the error.\n\t *\n\t * This will delete both disk and memory caches for the dataset for the id meaning\n\t * that subsequent queries for that id should fail unless a new addDataset happens first.\n\t */\n\tremoveDataset(id: string): Promise<string>;\n\n\t/**\n\t * Perform a query on insightUBC.\n\t *\n\t * @param query  The query to be performed.\n\t *\n\t * If a query is incorrectly formatted, references a dataset not added (in memory or on disk),\n\t * or references multiple datasets, it should be rejected.\n\t *\n\t * @return Promise <InsightResult[]>\n\t *\n\t * The promise should fulfill with an array of results.\n\t * The promise should reject with a ResultTooLargeError (if the query returns too many results)\n\t * or an InsightError (for any other source of failure) describing the error.\n\t */\n\tperformQuery(query: unknown): Promise<InsightResult[]>;\n\n\t/**\n\t * List all currently added datasets, their types, and number of rows.\n\t *\n\t * @return Promise <InsightDataset[]>\n\t * The promise should fulfill an array of currently added InsightDatasets, and will only fulfill.\n\t */\n\tlistDatasets(): Promise<InsightDataset[]>;\n}\n"]},"_coverageSchema":"1a1c01bbd47fc00a2c39e90264f33305004495a9","hash":"186ddd2fc7343cd12beec612c136f070d466131b","contentHash":"a045d6d31dd997dd4f77a7f25da641624640ff1720c7fdd25a55b002d5bb632c"},"C:\\Users\\oreak\\IdeaProjects\\project_team059\\src\\controller\\InsightFacade.ts":{"path":"C:\\Users\\oreak\\IdeaProjects\\project_team059\\src\\controller\\InsightFacade.ts","statementMap":{"0":{"start":{"line":2,"column":22},"end":{"line":4,"column":1}},"1":{"start":{"line":3,"column":4},"end":{"line":3,"column":62}},"2":{"start":{"line":5,"column":0},"end":{"line":5,"column":62}},"3":{"start":{"line":6,"column":25},"end":{"line":6,"column":52}},"4":{"start":{"line":7,"column":19},"end":{"line":7,"column":55}},"5":{"start":{"line":8,"column":33},"end":{"line":8,"column":85}},"6":{"start":{"line":9,"column":22},"end":{"line":9,"column":63}},"7":{"start":{"line":10,"column":28},"end":{"line":10,"column":84}},"8":{"start":{"line":11,"column":28},"end":{"line":11,"column":84}},"9":{"start":{"line":12,"column":25},"end":{"line":12,"column":75}},"10":{"start":{"line":13,"column":25},"end":{"line":13,"column":75}},"11":{"start":{"line":14,"column":28},"end":{"line":14,"column":84}},"12":{"start":{"line":26,"column":8},"end":{"line":26,"column":42}},"13":{"start":{"line":27,"column":8},"end":{"line":27,"column":39}},"14":{"start":{"line":28,"column":8},"end":{"line":28,"column":77}},"15":{"start":{"line":29,"column":8},"end":{"line":29,"column":67}},"16":{"start":{"line":30,"column":8},"end":{"line":30,"column":63}},"17":{"start":{"line":31,"column":8},"end":{"line":31,"column":63}},"18":{"start":{"line":32,"column":8},"end":{"line":32,"column":61}},"19":{"start":{"line":33,"column":8},"end":{"line":33,"column":61}},"20":{"start":{"line":34,"column":8},"end":{"line":34,"column":63}},"21":{"start":{"line":37,"column":8},"end":{"line":53,"column":9}},"22":{"start":{"line":38,"column":12},"end":{"line":38,"column":70}},"23":{"start":{"line":39,"column":12},"end":{"line":39,"column":117}},"24":{"start":{"line":40,"column":12},"end":{"line":46,"column":13}},"25":{"start":{"line":41,"column":16},"end":{"line":41,"column":95}},"26":{"start":{"line":44,"column":16},"end":{"line":44,"column":97}},"27":{"start":{"line":45,"column":16},"end":{"line":45,"column":60}},"28":{"start":{"line":49,"column":12},"end":{"line":51,"column":13}},"29":{"start":{"line":50,"column":16},"end":{"line":50,"column":26}},"30":{"start":{"line":52,"column":12},"end":{"line":52,"column":92}},"31":{"start":{"line":56,"column":8},"end":{"line":79,"column":9}},"32":{"start":{"line":57,"column":12},"end":{"line":57,"column":70}},"33":{"start":{"line":58,"column":32},"end":{"line":58,"column":46}},"34":{"start":{"line":59,"column":12},"end":{"line":61,"column":13}},"35":{"start":{"line":60,"column":16},"end":{"line":60,"column":93}},"36":{"start":{"line":62,"column":12},"end":{"line":67,"column":13}},"37":{"start":{"line":63,"column":16},"end":{"line":63,"column":49}},"38":{"start":{"line":66,"column":16},"end":{"line":66,"column":46}},"39":{"start":{"line":68,"column":12},"end":{"line":68,"column":60}},"40":{"start":{"line":69,"column":12},"end":{"line":69,"column":22}},"41":{"start":{"line":72,"column":12},"end":{"line":74,"column":13}},"42":{"start":{"line":73,"column":16},"end":{"line":73,"column":60}},"43":{"start":{"line":75,"column":12},"end":{"line":77,"column":13}},"44":{"start":{"line":76,"column":16},"end":{"line":76,"column":70}},"45":{"start":{"line":78,"column":12},"end":{"line":78,"column":99}},"46":{"start":{"line":82,"column":21},"end":{"line":82,"column":23}},"47":{"start":{"line":83,"column":8},"end":{"line":101,"column":9}},"48":{"start":{"line":84,"column":28},"end":{"line":84,"column":70}},"49":{"start":{"line":85,"column":30},"end":{"line":85,"column":97}},"50":{"start":{"line":86,"column":12},"end":{"line":91,"column":13}},"51":{"start":{"line":87,"column":29},"end":{"line":87,"column":46}},"52":{"start":{"line":88,"column":29},"end":{"line":88,"column":44}},"53":{"start":{"line":89,"column":16},"end":{"line":89,"column":113}},"54":{"start":{"line":90,"column":16},"end":{"line":90,"column":105}},"55":{"start":{"line":92,"column":12},"end":{"line":92,"column":48}},"56":{"start":{"line":95,"column":12},"end":{"line":100,"column":13}},"57":{"start":{"line":96,"column":16},"end":{"line":96,"column":26}},"58":{"start":{"line":99,"column":16},"end":{"line":99,"column":77}},"59":{"start":{"line":102,"column":8},"end":{"line":102,"column":22}},"60":{"start":{"line":105,"column":24},"end":{"line":105,"column":66}},"61":{"start":{"line":106,"column":8},"end":{"line":106,"column":66}},"62":{"start":{"line":109,"column":0},"end":{"line":109,"column":32}}},"fnMap":{"0":{"name":"(anonymous_0)","decl":{"start":{"line":2,"column":56},"end":{"line":2,"column":57}},"loc":{"start":{"line":2,"column":71},"end":{"line":4,"column":1}},"line":2},"1":{"name":"(anonymous_1)","decl":{"start":{"line":25,"column":4},"end":{"line":25,"column":5}},"loc":{"start":{"line":25,"column":18},"end":{"line":35,"column":5}},"line":25},"2":{"name":"(anonymous_2)","decl":{"start":{"line":36,"column":4},"end":{"line":36,"column":5}},"loc":{"start":{"line":36,"column":40},"end":{"line":54,"column":5}},"line":36},"3":{"name":"(anonymous_3)","decl":{"start":{"line":55,"column":4},"end":{"line":55,"column":5}},"loc":{"start":{"line":55,"column":28},"end":{"line":80,"column":5}},"line":55},"4":{"name":"(anonymous_4)","decl":{"start":{"line":81,"column":4},"end":{"line":81,"column":5}},"loc":{"start":{"line":81,"column":30},"end":{"line":103,"column":5}},"line":81},"5":{"name":"(anonymous_5)","decl":{"start":{"line":104,"column":4},"end":{"line":104,"column":5}},"loc":{"start":{"line":104,"column":25},"end":{"line":107,"column":5}},"line":104}},"branchMap":{"0":{"loc":{"start":{"line":2,"column":22},"end":{"line":4,"column":1}},"type":"binary-expr","locations":[{"start":{"line":2,"column":23},"end":{"line":2,"column":27}},{"start":{"line":2,"column":31},"end":{"line":2,"column":51}},{"start":{"line":2,"column":56},"end":{"line":4,"column":1}}],"line":2},"1":{"loc":{"start":{"line":3,"column":11},"end":{"line":3,"column":61}},"type":"cond-expr","locations":[{"start":{"line":3,"column":37},"end":{"line":3,"column":40}},{"start":{"line":3,"column":43},"end":{"line":3,"column":61}}],"line":3},"2":{"loc":{"start":{"line":3,"column":12},"end":{"line":3,"column":33}},"type":"binary-expr","locations":[{"start":{"line":3,"column":12},"end":{"line":3,"column":15}},{"start":{"line":3,"column":19},"end":{"line":3,"column":33}}],"line":3},"3":{"loc":{"start":{"line":40,"column":12},"end":{"line":46,"column":13}},"type":"if","locations":[{"start":{"line":40,"column":12},"end":{"line":46,"column":13}},{"start":{"line":40,"column":12},"end":{"line":46,"column":13}}],"line":40},"4":{"loc":{"start":{"line":49,"column":12},"end":{"line":51,"column":13}},"type":"if","locations":[{"start":{"line":49,"column":12},"end":{"line":51,"column":13}},{"start":{"line":49,"column":12},"end":{"line":51,"column":13}}],"line":49},"5":{"loc":{"start":{"line":59,"column":12},"end":{"line":61,"column":13}},"type":"if","locations":[{"start":{"line":59,"column":12},"end":{"line":61,"column":13}},{"start":{"line":59,"column":12},"end":{"line":61,"column":13}}],"line":59},"6":{"loc":{"start":{"line":62,"column":12},"end":{"line":67,"column":13}},"type":"if","locations":[{"start":{"line":62,"column":12},"end":{"line":67,"column":13}},{"start":{"line":62,"column":12},"end":{"line":67,"column":13}}],"line":62},"7":{"loc":{"start":{"line":72,"column":12},"end":{"line":74,"column":13}},"type":"if","locations":[{"start":{"line":72,"column":12},"end":{"line":74,"column":13}},{"start":{"line":72,"column":12},"end":{"line":74,"column":13}}],"line":72},"8":{"loc":{"start":{"line":75,"column":12},"end":{"line":77,"column":13}},"type":"if","locations":[{"start":{"line":75,"column":12},"end":{"line":77,"column":13}},{"start":{"line":75,"column":12},"end":{"line":77,"column":13}}],"line":75},"9":{"loc":{"start":{"line":86,"column":12},"end":{"line":91,"column":13}},"type":"if","locations":[{"start":{"line":86,"column":12},"end":{"line":91,"column":13}},{"start":{"line":86,"column":12},"end":{"line":91,"column":13}}],"line":86},"10":{"loc":{"start":{"line":95,"column":12},"end":{"line":100,"column":13}},"type":"if","locations":[{"start":{"line":95,"column":12},"end":{"line":100,"column":13}},{"start":{"line":95,"column":12},"end":{"line":100,"column":13}}],"line":95},"11":{"loc":{"start":{"line":95,"column":16},"end":{"line":95,"column":115}},"type":"binary-expr","locations":[{"start":{"line":95,"column":16},"end":{"line":95,"column":60}},{"start":{"line":95,"column":64},"end":{"line":95,"column":115}}],"line":95}},"s":{"0":1,"1":8,"2":1,"3":1,"4":1,"5":1,"6":1,"7":1,"8":1,"9":1,"10":1,"11":1,"12":71,"13":71,"14":71,"15":71,"16":71,"17":71,"18":71,"19":71,"20":71,"21":83,"22":83,"23":74,"24":68,"25":41,"26":27,"27":21,"28":21,"29":19,"30":2,"31":21,"32":21,"33":18,"34":18,"35":6,"36":12,"37":5,"38":7,"39":12,"40":12,"41":9,"42":3,"43":6,"44":6,"45":0,"46":87,"47":87,"48":87,"49":87,"50":87,"51":0,"52":0,"53":0,"54":0,"55":87,"56":49,"57":49,"58":0,"59":38,"60":25,"61":25,"62":1},"f":{"0":8,"1":71,"2":83,"3":21,"4":87,"5":25},"b":{"0":[1,1,1],"1":[7,1],"2":[8,8],"3":[41,27],"4":[19,2],"5":[6,12],"6":[5,7],"7":[3,6],"8":[6,0],"9":[0,87],"10":[49,0],"11":[49,3]},"inputSourceMap":{"version":3,"file":"C:/Users/oreak/IdeaProjects/project_team059/src/controller/InsightFacade.ts","sources":["C:/Users/oreak/IdeaProjects/project_team059/src/controller/InsightFacade.ts"],"names":[],"mappings":";;;;;AAAA,qDAQ0B;AAC1B,wDAA0B;AAC1B,sFAA8D;AAC9D,gEAAwC;AACxC,qFAA6D;AAC7D,qFAA6D;AAE7D,4EAAoD;AACpD,4EAAoD;AAEpD,qFAA6D;AAO7D,MAAqB,aAAa;IAE1B,gBAAgB,CAAyB;IACzC,aAAa,CAAsB;IAGlC,sBAAsB,CAAyB;IAC/C,EAAE,CAAc;IAChB,aAAa,CAAoB;IACjC,aAAa,CAAoB;IACjC,cAAc,CAAiB;IAC/B,cAAc,CAAiB;IAC/B,aAAa,CAAoB;IAEzC;QAEC,IAAI,CAAC,gBAAgB,GAAG,IAAI,GAAG,EAAc,CAAC;QAC9C,IAAI,CAAC,aAAa,GAAG,IAAI,GAAG,EAAkB,CAAC;QAC/C,IAAI,CAAC,sBAAsB,GAAG,IAAI,gCAAsB,EAAE,CAAC;QAC3D,IAAI,CAAC,EAAE,GAAG,IAAI,qBAAW,CAAC,IAAI,CAAC,gBAAgB,CAAC,CAAC;QACjD,IAAI,CAAC,aAAa,GAAG,IAAI,2BAAiB,EAAE,CAAC;QAC7C,IAAI,CAAC,aAAa,GAAG,IAAI,2BAAiB,EAAE,CAAC;QAC7C,IAAI,CAAC,cAAc,GAAG,IAAI,wBAAc,EAAE,CAAC;QAC3C,IAAI,CAAC,cAAc,GAAG,IAAI,wBAAc,EAAE,CAAC;QAE3C,IAAI,CAAC,aAAa,GAAG,IAAI,2BAAiB,EAAE,CAAC;IAE9C,CAAC;IACM,KAAK,CAAC,UAAU,CAAC,EAAU,EAAE,OAAe,EAAE,IAAwB;QAC5E,IAAI;YACH,MAAM,IAAI,CAAC,sBAAsB,CAAC,mBAAmB,CAAC,EAAE,CAAC,CAAC;YAC1D,MAAM,IAAI,CAAC,sBAAsB,CAAC,uBAAuB,CAAC,EAAE,EAAE,IAAI,CAAC,gBAAgB,EAAE,IAAI,CAAC,aAAa,CAAC,CAAC;YAEzG,IAAI,IAAI,KAAK,mCAAkB,CAAC,QAAQ,EAAE;gBACzC,OAAO,IAAI,CAAC,aAAa,CAAC,UAAU,CAAC,EAAE,EAAE,IAAI,CAAC,gBAAgB,EAAE,OAAO,EAAE,IAAI,CAAC,CAAC;aAC/E;iBAAM;gBACN,MAAM,IAAI,CAAC,cAAc,CAAC,qBAAqB,CAAC,OAAO,EAAE,EAAE,EAAE,IAAI,CAAC,aAAa,CAAC,CAAC;gBACjF,OAAO,kBAAE,CAAC,OAAO,CAAC,QAAQ,CAAC,CAAC;aAC5B;SACD;QAAC,OAAO,GAAG,EAAE;YACb,IAAI,GAAG,YAAY,6BAAY,EAAE;gBAChC,MAAM,GAAG,CAAC;aACV;YACD,MAAM,IAAI,6BAAY,CAAC,iCAAiC,GAAG,EAAE,CAAC,CAAC;SAC/D;IACF,CAAC;IAEM,KAAK,CAAC,aAAa,CAAC,EAAU;QACpC,IAAI;YACH,MAAM,IAAI,CAAC,sBAAsB,CAAC,mBAAmB,CAAC,EAAE,CAAC,CAAC;YAC1D,MAAM,WAAW,GAAG,UAAU,EAAE,EAAE,CAAC;YACnC,IAAI,CAAC,CAAC,MAAM,kBAAE,CAAC,UAAU,CAAC,WAAW,CAAC,CAAC,EAAE;gBACxC,MAAM,IAAI,8BAAa,CAAC,mBAAmB,EAAE,aAAa,CAAC,CAAC;aAC5D;YAED,IAAI,IAAI,CAAC,gBAAgB,CAAC,GAAG,CAAC,EAAE,CAAC,EAAE;gBAClC,IAAI,CAAC,gBAAgB,CAAC,MAAM,CAAC,EAAE,CAAC,CAAC;aACjC;iBAAM;gBACN,IAAI,CAAC,aAAa,CAAC,MAAM,CAAC,EAAE,CAAC,CAAC;aAC9B;YAED,MAAM,kBAAE,CAAC,MAAM,CAAC,UAAU,EAAE,EAAE,CAAC,CAAC;YAGhC,OAAO,EAAE,CAAC;SACV;QAAC,OAAO,GAAG,EAAE;YACb,IAAI,GAAG,YAAY,6BAAY,EAAE;gBAChC,MAAM,IAAI,6BAAY,CAAC,EAAE,CAAC,CAAC;aAC3B;YAED,IAAI,GAAG,YAAY,8BAAa,EAAE;gBACjC,MAAM,IAAI,8BAAa,CAAC,WAAW,CAAC,CAAC;aACrC;YAED,MAAM,IAAI,6BAAY,CAAC,6CAA6C,CAAC,CAAC;SACtE;IACF,CAAC;IAEM,KAAK,CAAC,YAAY,CAAC,KAAc;QACvC,IAAI,MAAM,GAAoB,EAAE,CAAC;QACjC,IAAI;YACH,MAAM,OAAO,GAAG,MAAM,kBAAE,CAAC,OAAO,CAAC,QAAQ,CAAC,CAAC;YAC3C,MAAM,SAAS,GAAG,MAAM,IAAI,CAAC,sBAAsB,CAAC,wBAAwB,CAAC,OAAO,CAAC,CAAC;YAEtF,IAAI,IAAI,CAAC,gBAAgB,CAAC,IAAI,GAAG,IAAI,CAAC,aAAa,CAAC,IAAI,KAAK,OAAO,CAAC,MAAM,EAAE;gBAC5E,MAAM,IAAI,GAAG,SAAS,CAAC,OAAO,CAAC;gBAC/B,MAAM,IAAI,GAAG,SAAS,CAAC,KAAK,CAAC;gBAE7B,IAAI,CAAC,gBAAgB,GAAG,MAAM,IAAI,CAAC,aAAa,CAAC,kBAAkB,CAAC,IAAI,EAAE,IAAI,CAAC,gBAAgB,CAAC,CAAC;gBACjG,IAAI,CAAC,aAAa,GAAG,MAAM,IAAI,CAAC,cAAc,CAAC,eAAe,CAAC,IAAI,EAAE,IAAI,CAAC,aAAa,CAAC,CAAC;aACzF;YAED,MAAM,GAAG,MAAM,IAAI,CAAC,EAAE,CAAC,KAAK,CAAC,KAAK,CAAC,CAAC;SACpC;QAAC,OAAO,GAAG,EAAE;YACb,IAAI,GAAG,YAAY,6BAAY,IAAI,GAAG,YAAY,oCAAmB,EAAE;gBACtE,MAAM,GAAG,CAAC;aACV;iBAAM;gBACN,MAAM,IAAI,6BAAY,CAAC,mBAAmB,CAAC,CAAC;aAC5C;SACD;QACD,OAAO,MAAM,CAAC;IACf,CAAC;IAEM,KAAK,CAAC,YAAY;QAGxB,MAAM,OAAO,GAAG,MAAM,kBAAE,CAAC,OAAO,CAAC,QAAQ,CAAC,CAAC;QAG3C,OAAO,IAAI,CAAC,aAAa,CAAC,sBAAsB,CAAC,OAAO,CAAC,CAAC;IAC3D,CAAC;CACD;AA/GD,gCA+GC","sourcesContent":["import {\n\tIInsightFacade,\n\tInsightDataset,\n\tInsightDatasetKind,\n\tInsightError,\n\tInsightResult,\n\tNotFoundError,\n\tResultTooLargeError,\n} from \"./IInsightFacade\";\nimport fs from \"fs-extra\";\nimport DatasetValidatorHelper from \"./DatasetValidatorHelper\";\nimport QueryEngine from \"./QueryEngine\";\nimport SectionDiskReader from \"./sections/SectionDiskReader\";\nimport SectionDiskWriter from \"./sections/SectionDiskWriter\";\nimport Section from \"./sections/Section\";\nimport RoomDiskReader from \"./rooms/RoomDiskReader\";\nimport RoomDiskWriter from \"./rooms/RoomDiskWriter\";\nimport Room from \"./rooms/Room\";\nimport AddSectionDataset from \"./sections/addSectionDataset\";\n\n/**\n * This is the main programmatic entry point for the project.\n * Method documentation is in IInsightFacade\n *\n */\nexport default class InsightFacade implements IInsightFacade {\n\t// tracks all sections added from a dataset using their associated id as the key\n\tpublic sectionsDatabase: Map<string, Section[]>;\n\tpublic roomsDatabase: Map<string, Room[]>;\n\n\t// service classes\n\tprivate datasetValidatorHelper: DatasetValidatorHelper;\n\tprivate qe: QueryEngine;\n\tprivate secDiskReader: SectionDiskReader;\n\tprivate secDiskWriter: SectionDiskWriter;\n\tprivate roomDiskReader: RoomDiskReader;\n\tprivate roomDiskWriter: RoomDiskWriter;\n\tprivate sectionHelper: AddSectionDataset;\n\n\tconstructor() {\n\t\t//Log.info(\"InsightFacadeImpl::init()\");\n\t\tthis.sectionsDatabase = new Map<string, []>();\n\t\tthis.roomsDatabase = new Map<string, Room[]>();\n\t\tthis.datasetValidatorHelper = new DatasetValidatorHelper();\n\t\tthis.qe = new QueryEngine(this.sectionsDatabase);\n\t\tthis.secDiskReader = new SectionDiskReader();\n\t\tthis.secDiskWriter = new SectionDiskWriter();\n\t\tthis.roomDiskReader = new RoomDiskReader();\n\t\tthis.roomDiskWriter = new RoomDiskWriter();\n\n\t\tthis.sectionHelper = new AddSectionDataset();\n\t\t// initialize dictionary for the fields\n\t}\n\tpublic async addDataset(id: string, content: string, kind: InsightDatasetKind): Promise<string[]> {\n\t\ttry {\n\t\t\tawait this.datasetValidatorHelper.validateIdStructure(id);\n\t\t\tawait this.datasetValidatorHelper.validateSectionAddition(id, this.sectionsDatabase, this.roomsDatabase);\n\n\t\t\tif (kind === InsightDatasetKind.Sections) {\n\t\t\t\treturn this.sectionHelper.addCourses(id, this.sectionsDatabase, content, kind);\n\t\t\t} else {\n\t\t\t\tawait this.roomDiskWriter.logRoomsDatasetOnDisk(content, id, this.roomsDatabase);\n\t\t\t\treturn fs.readdir(\"./data\");\n\t\t\t}\n\t\t} catch (err) {\n\t\t\tif (err instanceof InsightError) {\n\t\t\t\tthrow err;\n\t\t\t}\n\t\t\tthrow new InsightError(`An unexpected error occurred: ${err}`);\n\t\t}\n\t}\n\n\tpublic async removeDataset(id: string): Promise<string> {\n\t\ttry {\n\t\t\tawait this.datasetValidatorHelper.validateIdStructure(id);\n\t\t\tconst datasetPath = `./data/${id}`;\n\t\t\tif (!(await fs.pathExists(datasetPath))) {\n\t\t\t\tthrow new NotFoundError(`Dataset with id ${id} not found.`);\n\t\t\t}\n\n\t\t\tif (this.sectionsDatabase.get(id)) {\n\t\t\t\tthis.sectionsDatabase.delete(id);\n\t\t\t} else {\n\t\t\t\tthis.roomsDatabase.delete(id);\n\t\t\t}\n\n\t\t\tawait fs.remove(`./data/${id}`);\n\n\t\t\t// return id name of set currently removed\n\t\t\treturn id;\n\t\t} catch (err) {\n\t\t\tif (err instanceof InsightError) {\n\t\t\t\tthrow new InsightError(\"\");\n\t\t\t}\n\n\t\t\tif (err instanceof NotFoundError) {\n\t\t\t\tthrow new NotFoundError(\"Not found\");\n\t\t\t}\n\t\t\t// Handle unexpected errors\n\t\t\tthrow new InsightError(\"An unexpected error occurred ${err.message}\");\n\t\t}\n\t}\n\n\tpublic async performQuery(query: unknown): Promise<InsightResult[]> {\n\t\tlet result: InsightResult[] = [];\n\t\ttry {\n\t\t\tconst currIDs = await fs.readdir(\"./data\");\n\t\t\tconst idRecords = await this.datasetValidatorHelper.separateRoomAndCourseIDs(currIDs);\n\n\t\t\tif (this.sectionsDatabase.size + this.roomsDatabase.size !== currIDs.length) {\n\t\t\t\tconst cIDs = idRecords.courses;\n\t\t\t\tconst rIDs = idRecords.rooms;\n\n\t\t\t\tthis.sectionsDatabase = await this.secDiskReader.mapMissingSections(cIDs, this.sectionsDatabase);\n\t\t\t\tthis.roomsDatabase = await this.roomDiskReader.mapMissingRooms(rIDs, this.roomsDatabase);\n\t\t\t}\n\n\t\t\tresult = await this.qe.query(query);\n\t\t} catch (err) {\n\t\t\tif (err instanceof InsightError || err instanceof ResultTooLargeError) {\n\t\t\t\tthrow err;\n\t\t\t} else {\n\t\t\t\tthrow new InsightError(\"Unexpected error.\");\n\t\t\t}\n\t\t}\n\t\treturn result;\n\t}\n\n\tpublic async listDatasets(): Promise<InsightDataset[]> {\n\t\t// reads the list of dataset ids already on disk\n\n\t\tconst currIDs = await fs.readdir(\"./data\");\n\n\t\t// reads their content info on disk and parses into InsightDataset[](works for rooms as well)\n\t\treturn this.secDiskReader.logInsightKindFromDisk(currIDs);\n\t}\n}\n"]},"_coverageSchema":"1a1c01bbd47fc00a2c39e90264f33305004495a9","hash":"09f4fd51dd1c3b3134996a9f0f5a2aa1b0572faa","contentHash":"adee8e48b527e3d4d2c0f4081467f4acbe3ad1a48325406e470aa7c28285a45f"},"C:\\Users\\oreak\\IdeaProjects\\project_team059\\src\\controller\\DatasetValidatorHelper.ts":{"path":"C:\\Users\\oreak\\IdeaProjects\\project_team059\\src\\controller\\DatasetValidatorHelper.ts","statementMap":{"0":{"start":{"line":2,"column":22},"end":{"line":4,"column":1}},"1":{"start":{"line":3,"column":4},"end":{"line":3,"column":62}},"2":{"start":{"line":5,"column":0},"end":{"line":5,"column":62}},"3":{"start":{"line":6,"column":25},"end":{"line":6,"column":52}},"4":{"start":{"line":7,"column":19},"end":{"line":7,"column":55}},"5":{"start":{"line":10,"column":8},"end":{"line":12,"column":9}},"6":{"start":{"line":11,"column":12},"end":{"line":11,"column":76}},"7":{"start":{"line":13,"column":28},"end":{"line":13,"column":37}},"8":{"start":{"line":14,"column":8},"end":{"line":16,"column":9}},"9":{"start":{"line":15,"column":12},"end":{"line":15,"column":66}},"10":{"start":{"line":19,"column":8},"end":{"line":21,"column":9}},"11":{"start":{"line":20,"column":12},"end":{"line":20,"column":93}},"12":{"start":{"line":24,"column":23},"end":{"line":24,"column":38}},"13":{"start":{"line":25,"column":26},"end":{"line":25,"column":28}},"14":{"start":{"line":26,"column":24},"end":{"line":26,"column":26}},"15":{"start":{"line":27,"column":8},"end":{"line":41,"column":11}},"16":{"start":{"line":28,"column":31},"end":{"line":28,"column":53}},"17":{"start":{"line":29,"column":12},"end":{"line":40,"column":15}},"18":{"start":{"line":31,"column":16},"end":{"line":36,"column":17}},"19":{"start":{"line":32,"column":20},"end":{"line":32,"column":39}},"20":{"start":{"line":35,"column":20},"end":{"line":35,"column":37}},"21":{"start":{"line":39,"column":16},"end":{"line":39,"column":26}},"22":{"start":{"line":42,"column":8},"end":{"line":42,"column":54}},"23":{"start":{"line":45,"column":0},"end":{"line":45,"column":41}}},"fnMap":{"0":{"name":"(anonymous_0)","decl":{"start":{"line":2,"column":56},"end":{"line":2,"column":57}},"loc":{"start":{"line":2,"column":71},"end":{"line":4,"column":1}},"line":2},"1":{"name":"(anonymous_1)","decl":{"start":{"line":9,"column":4},"end":{"line":9,"column":5}},"loc":{"start":{"line":9,"column":34},"end":{"line":17,"column":5}},"line":9},"2":{"name":"(anonymous_2)","decl":{"start":{"line":18,"column":4},"end":{"line":18,"column":5}},"loc":{"start":{"line":18,"column":71},"end":{"line":22,"column":5}},"line":18},"3":{"name":"(anonymous_3)","decl":{"start":{"line":23,"column":4},"end":{"line":23,"column":5}},"loc":{"start":{"line":23,"column":43},"end":{"line":43,"column":5}},"line":23},"4":{"name":"(anonymous_4)","decl":{"start":{"line":27,"column":23},"end":{"line":27,"column":24}},"loc":{"start":{"line":27,"column":31},"end":{"line":41,"column":9}},"line":27},"5":{"name":"(anonymous_5)","decl":{"start":{"line":30,"column":22},"end":{"line":30,"column":23}},"loc":{"start":{"line":30,"column":38},"end":{"line":37,"column":13}},"line":30},"6":{"name":"(anonymous_6)","decl":{"start":{"line":38,"column":23},"end":{"line":38,"column":24}},"loc":{"start":{"line":38,"column":32},"end":{"line":40,"column":13}},"line":38}},"branchMap":{"0":{"loc":{"start":{"line":2,"column":22},"end":{"line":4,"column":1}},"type":"binary-expr","locations":[{"start":{"line":2,"column":23},"end":{"line":2,"column":27}},{"start":{"line":2,"column":31},"end":{"line":2,"column":51}},{"start":{"line":2,"column":56},"end":{"line":4,"column":1}}],"line":2},"1":{"loc":{"start":{"line":3,"column":11},"end":{"line":3,"column":61}},"type":"cond-expr","locations":[{"start":{"line":3,"column":37},"end":{"line":3,"column":40}},{"start":{"line":3,"column":43},"end":{"line":3,"column":61}}],"line":3},"2":{"loc":{"start":{"line":3,"column":12},"end":{"line":3,"column":33}},"type":"binary-expr","locations":[{"start":{"line":3,"column":12},"end":{"line":3,"column":15}},{"start":{"line":3,"column":19},"end":{"line":3,"column":33}}],"line":3},"3":{"loc":{"start":{"line":10,"column":8},"end":{"line":12,"column":9}},"type":"if","locations":[{"start":{"line":10,"column":8},"end":{"line":12,"column":9}},{"start":{"line":10,"column":8},"end":{"line":12,"column":9}}],"line":10},"4":{"loc":{"start":{"line":10,"column":12},"end":{"line":10,"column":54}},"type":"binary-expr","locations":[{"start":{"line":10,"column":12},"end":{"line":10,"column":28}},{"start":{"line":10,"column":32},"end":{"line":10,"column":54}}],"line":10},"5":{"loc":{"start":{"line":14,"column":8},"end":{"line":16,"column":9}},"type":"if","locations":[{"start":{"line":14,"column":8},"end":{"line":16,"column":9}},{"start":{"line":14,"column":8},"end":{"line":16,"column":9}}],"line":14},"6":{"loc":{"start":{"line":19,"column":8},"end":{"line":21,"column":9}},"type":"if","locations":[{"start":{"line":19,"column":8},"end":{"line":21,"column":9}},{"start":{"line":19,"column":8},"end":{"line":21,"column":9}}],"line":19},"7":{"loc":{"start":{"line":19,"column":12},"end":{"line":19,"column":118}},"type":"binary-expr","locations":[{"start":{"line":19,"column":12},"end":{"line":19,"column":36}},{"start":{"line":19,"column":40},"end":{"line":19,"column":61}},{"start":{"line":19,"column":66},"end":{"line":19,"column":117}}],"line":19},"8":{"loc":{"start":{"line":31,"column":16},"end":{"line":36,"column":17}},"type":"if","locations":[{"start":{"line":31,"column":16},"end":{"line":36,"column":17}},{"start":{"line":31,"column":16},"end":{"line":36,"column":17}}],"line":31}},"s":{"0":1,"1":1,"2":1,"3":1,"4":1,"5":145,"6":12,"7":133,"8":133,"9":0,"10":74,"11":6,"12":87,"13":87,"14":87,"15":87,"16":87,"17":87,"18":87,"19":87,"20":0,"21":0,"22":87,"23":1},"f":{"0":1,"1":145,"2":74,"3":87,"4":87,"5":87,"6":0},"b":{"0":[1,1,1],"1":[0,1],"2":[1,1],"3":[12,133],"4":[145,138],"5":[0,133],"6":[6,68],"7":[74,72,70],"8":[87,0]},"inputSourceMap":{"version":3,"file":"C:/Users/oreak/IdeaProjects/project_team059/src/controller/DatasetValidatorHelper.ts","sources":["C:/Users/oreak/IdeaProjects/project_team059/src/controller/DatasetValidatorHelper.ts"],"names":[],"mappings":";;;;;AAAA,qDAAgD;AAChD,wDAA0B;AAI1B,MAAqB,sBAAsB;IAInC,KAAK,CAAC,mBAAmB,CAAC,EAAU;QAG1C,IAAI,EAAE,CAAC,QAAQ,CAAC,GAAG,CAAC,IAAI,EAAE,CAAC,IAAI,EAAE,CAAC,MAAM,KAAK,CAAC,EAAE;YAC/C,MAAM,IAAI,6BAAY,CAAC,sBAAsB,CAAC,CAAC;SAC/C;QAGD,MAAM,WAAW,GAAG,SAAS,CAAC;QAC9B,IAAI,CAAC,WAAW,CAAC,IAAI,CAAC,EAAE,CAAC,EAAE;YAC1B,MAAM,IAAI,6BAAY,CAAC,YAAY,CAAC,CAAC;SACrC;IACF,CAAC;IAEM,KAAK,CAAC,uBAAuB,CACnC,EAAU,EACV,gBAAwC,EACxC,aAAkC;QAElC,IAAI,gBAAgB,CAAC,GAAG,CAAC,EAAE,CAAC,IAAI,aAAa,CAAC,GAAG,CAAC,EAAE,CAAC,IAAI,CAAC,MAAM,kBAAE,CAAC,UAAU,CAAC,UAAU,EAAE,EAAE,CAAC,CAAC,EAAE;YAC/F,MAAM,IAAI,6BAAY,CAAC,mBAAmB,EAAE,kBAAkB,CAAC,CAAC;SAChE;IACF,CAAC;IAEM,KAAK,CAAC,wBAAwB,CAAC,MAAgB;QACrD,MAAM,MAAM,GAAG,IAAI,GAAG,CAAC,MAAM,CAAC,CAAC;QAC/B,MAAM,SAAS,GAAa,EAAE,CAAC;QAC/B,MAAM,OAAO,GAAa,EAAE,CAAC;QAC7B,MAAM,CAAC,OAAO,CAAC,CAAC,EAAE,EAAE,EAAE;YACrB,MAAM,UAAU,GAAG,UAAU,EAAE,UAAU,CAAC;YAE1C,kBAAE,CAAC,UAAU,CAAC,UAAU,CAAC;iBACvB,IAAI,CAAC,CAAC,UAAU,EAAE,EAAE;gBACpB,IAAI,UAAU,EAAE;oBACf,SAAS,CAAC,IAAI,CAAC,EAAE,CAAC,CAAC;iBACnB;qBAAM;oBACN,OAAO,CAAC,IAAI,CAAC,EAAE,CAAC,CAAC;iBACjB;YACF,CAAC,CAAC;iBACD,KAAK,CAAC,CAAC,GAAG,EAAE,EAAE;gBACd,MAAM,GAAG,CAAC;YACX,CAAC,CAAC,CAAC;QACL,CAAC,CAAC,CAAC;QAEH,OAAO,EAAE,OAAO,EAAE,SAAS,EAAE,KAAK,EAAE,OAAO,EAAE,CAAC;IAC/C,CAAC;CACD;AAlDD,yCAkDC","sourcesContent":["import { InsightError } from \"./IInsightFacade\";\nimport fs from \"fs-extra\";\nimport Section from \"./sections/Section\";\nimport Room from \"./rooms/Room\";\n\nexport default class DatasetValidatorHelper {\n\t// checks if a dataset id is valid to be added\n\n\t// checks if a dataset id is valid to be removed\n\tpublic async validateIdStructure(id: string): Promise<void> {\n\t\t// Validate ID follows proper format\n\n\t\tif (id.includes(\"_\") || id.trim().length === 0) {\n\t\t\tthrow new InsightError(\"Invalid ID structure\");\n\t\t}\n\n\t\t// Validate content based on its kind\n\t\tconst base64Regex = /^[^_]+$/;\n\t\tif (!base64Regex.test(id)) {\n\t\t\tthrow new InsightError(\"Invalid id\");\n\t\t}\n\t}\n\n\tpublic async validateSectionAddition(\n\t\tid: string,\n\t\tsectionsDatabase: Map<string, Section[]>,\n\t\troomsDatabase: Map<string, Room[]>\n\t): Promise<void> {\n\t\tif (sectionsDatabase.has(id) || roomsDatabase.has(id) || (await fs.pathExists(`./data/${id}`))) {\n\t\t\tthrow new InsightError(`Dataset with id ${id} already exists.`);\n\t\t}\n\t}\n\n\tpublic async separateRoomAndCourseIDs(allIds: string[]): Promise<{ courses: string[]; rooms: string[] }> {\n\t\tconst setIds = new Set(allIds);\n\t\tconst courseIDs: string[] = [];\n\t\tconst roomIDs: string[] = [];\n\t\tsetIds.forEach((id) => {\n\t\t\tconst coursePath = `./data/${id}/courses`;\n\n\t\t\tfs.pathExists(coursePath)\n\t\t\t\t.then((pathExists) => {\n\t\t\t\t\tif (pathExists) {\n\t\t\t\t\t\tcourseIDs.push(id);\n\t\t\t\t\t} else {\n\t\t\t\t\t\troomIDs.push(id);\n\t\t\t\t\t}\n\t\t\t\t})\n\t\t\t\t.catch((err) => {\n\t\t\t\t\tthrow err;\n\t\t\t\t});\n\t\t});\n\n\t\treturn { courses: courseIDs, rooms: roomIDs };\n\t}\n}\n"]},"_coverageSchema":"1a1c01bbd47fc00a2c39e90264f33305004495a9","hash":"44023188cbc63054fd759e6360ba26dc16e083d6","contentHash":"6319edc71d7d9a338c4c2861ee6df613ef6d6fcf7f16931ae4abd488ab5b5c88"},"C:\\Users\\oreak\\IdeaProjects\\project_team059\\src\\controller\\QueryEngine.ts":{"path":"C:\\Users\\oreak\\IdeaProjects\\project_team059\\src\\controller\\QueryEngine.ts","statementMap":{"0":{"start":{"line":2,"column":22},"end":{"line":4,"column":1}},"1":{"start":{"line":3,"column":4},"end":{"line":3,"column":62}},"2":{"start":{"line":5,"column":0},"end":{"line":5,"column":62}},"3":{"start":{"line":6,"column":25},"end":{"line":6,"column":52}},"4":{"start":{"line":7,"column":28},"end":{"line":7,"column":58}},"5":{"start":{"line":8,"column":21},"end":{"line":8,"column":61}},"6":{"start":{"line":16,"column":8},"end":{"line":16,"column":35}},"7":{"start":{"line":17,"column":8},"end":{"line":17,"column":49}},"8":{"start":{"line":18,"column":8},"end":{"line":18,"column":30}},"9":{"start":{"line":19,"column":8},"end":{"line":19,"column":48}},"10":{"start":{"line":20,"column":8},"end":{"line":20,"column":77}},"11":{"start":{"line":23,"column":31},"end":{"line":23,"column":33}},"12":{"start":{"line":24,"column":21},"end":{"line":24,"column":23}},"13":{"start":{"line":25,"column":8},"end":{"line":25,"column":35}},"14":{"start":{"line":26,"column":25},"end":{"line":26,"column":38}},"15":{"start":{"line":27,"column":8},"end":{"line":51,"column":9}},"16":{"start":{"line":28,"column":30},"end":{"line":28,"column":51}},"17":{"start":{"line":29,"column":32},"end":{"line":29,"column":99}},"18":{"start":{"line":29,"column":58},"end":{"line":29,"column":98}},"19":{"start":{"line":30,"column":12},"end":{"line":32,"column":13}},"20":{"start":{"line":31,"column":16},"end":{"line":31,"column":80}},"21":{"start":{"line":33,"column":12},"end":{"line":38,"column":13}},"22":{"start":{"line":34,"column":16},"end":{"line":34,"column":74}},"23":{"start":{"line":37,"column":16},"end":{"line":37,"column":79}},"24":{"start":{"line":39,"column":12},"end":{"line":44,"column":13}},"25":{"start":{"line":40,"column":16},"end":{"line":40,"column":86}},"26":{"start":{"line":43,"column":16},"end":{"line":43,"column":81}},"27":{"start":{"line":47,"column":12},"end":{"line":49,"column":13}},"28":{"start":{"line":48,"column":16},"end":{"line":48,"column":26}},"29":{"start":{"line":50,"column":12},"end":{"line":50,"column":73}},"30":{"start":{"line":52,"column":8},"end":{"line":52,"column":22}},"31":{"start":{"line":55,"column":31},"end":{"line":55,"column":33}},"32":{"start":{"line":56,"column":8},"end":{"line":56,"column":30}},"33":{"start":{"line":57,"column":8},"end":{"line":74,"column":9}},"34":{"start":{"line":58,"column":12},"end":{"line":67,"column":13}},"35":{"start":{"line":59,"column":16},"end":{"line":59,"column":37}},"36":{"start":{"line":60,"column":16},"end":{"line":60,"column":40}},"37":{"start":{"line":62,"column":17},"end":{"line":67,"column":13}},"38":{"start":{"line":63,"column":16},"end":{"line":63,"column":88}},"39":{"start":{"line":66,"column":16},"end":{"line":66,"column":107}},"40":{"start":{"line":70,"column":12},"end":{"line":72,"column":13}},"41":{"start":{"line":71,"column":16},"end":{"line":71,"column":26}},"42":{"start":{"line":73,"column":12},"end":{"line":73,"column":73}},"43":{"start":{"line":75,"column":8},"end":{"line":75,"column":32}},"44":{"start":{"line":79,"column":8},"end":{"line":112,"column":9}},"45":{"start":{"line":80,"column":12},"end":{"line":105,"column":13}},"46":{"start":{"line":81,"column":16},"end":{"line":81,"column":68}},"47":{"start":{"line":83,"column":17},"end":{"line":105,"column":13}},"48":{"start":{"line":84,"column":16},"end":{"line":84,"column":43}},"49":{"start":{"line":85,"column":37},"end":{"line":85,"column":61}},"50":{"start":{"line":86,"column":16},"end":{"line":101,"column":17}},"51":{"start":{"line":88,"column":24},"end":{"line":90,"column":25}},"52":{"start":{"line":89,"column":28},"end":{"line":89,"column":97}},"53":{"start":{"line":91,"column":24},"end":{"line":91,"column":69}},"54":{"start":{"line":92,"column":24},"end":{"line":92,"column":30}},"55":{"start":{"line":94,"column":24},"end":{"line":94,"column":66}},"56":{"start":{"line":95,"column":24},"end":{"line":95,"column":30}},"57":{"start":{"line":97,"column":24},"end":{"line":99,"column":25}},"58":{"start":{"line":98,"column":28},"end":{"line":98,"column":104}},"59":{"start":{"line":100,"column":24},"end":{"line":100,"column":77}},"60":{"start":{"line":104,"column":16},"end":{"line":104,"column":89}},"61":{"start":{"line":108,"column":12},"end":{"line":110,"column":13}},"62":{"start":{"line":109,"column":16},"end":{"line":109,"column":26}},"63":{"start":{"line":111,"column":12},"end":{"line":111,"column":73}},"64":{"start":{"line":113,"column":8},"end":{"line":113,"column":23}},"65":{"start":{"line":116,"column":8},"end":{"line":132,"column":9}},"66":{"start":{"line":117,"column":38},"end":{"line":117,"column":70}},"67":{"start":{"line":118,"column":36},"end":{"line":118,"column":84}},"68":{"start":{"line":119,"column":12},"end":{"line":125,"column":13}},"69":{"start":{"line":120,"column":16},"end":{"line":120,"column":87}},"70":{"start":{"line":123,"column":46},"end":{"line":123,"column":78}},"71":{"start":{"line":124,"column":16},"end":{"line":124,"column":96}},"72":{"start":{"line":124,"column":59},"end":{"line":124,"column":94}},"73":{"start":{"line":128,"column":12},"end":{"line":130,"column":13}},"74":{"start":{"line":129,"column":16},"end":{"line":129,"column":26}},"75":{"start":{"line":131,"column":12},"end":{"line":131,"column":73}},"76":{"start":{"line":135,"column":8},"end":{"line":162,"column":9}},"77":{"start":{"line":136,"column":12},"end":{"line":138,"column":13}},"78":{"start":{"line":137,"column":16},"end":{"line":137,"column":77}},"79":{"start":{"line":139,"column":29},"end":{"line":139,"column":47}},"80":{"start":{"line":140,"column":27},"end":{"line":140,"column":45}},"81":{"start":{"line":141,"column":12},"end":{"line":141,"column":41}},"82":{"start":{"line":142,"column":36},"end":{"line":142,"column":71}},"83":{"start":{"line":143,"column":12},"end":{"line":155,"column":13}},"84":{"start":{"line":144,"column":16},"end":{"line":144,"column":87}},"85":{"start":{"line":147,"column":16},"end":{"line":154,"column":17}},"86":{"start":{"line":148,"column":39},"end":{"line":148,"column":73}},"87":{"start":{"line":149,"column":39},"end":{"line":149,"column":66}},"88":{"start":{"line":150,"column":20},"end":{"line":150,"column":118}},"89":{"start":{"line":150,"column":63},"end":{"line":150,"column":116}},"90":{"start":{"line":153,"column":20},"end":{"line":153,"column":76}},"91":{"start":{"line":158,"column":12},"end":{"line":160,"column":13}},"92":{"start":{"line":159,"column":16},"end":{"line":159,"column":26}},"93":{"start":{"line":161,"column":12},"end":{"line":161,"column":73}},"94":{"start":{"line":165,"column":8},"end":{"line":188,"column":9}},"95":{"start":{"line":166,"column":29},"end":{"line":166,"column":47}},"96":{"start":{"line":167,"column":27},"end":{"line":167,"column":45}},"97":{"start":{"line":168,"column":12},"end":{"line":168,"column":41}},"98":{"start":{"line":169,"column":36},"end":{"line":169,"column":71}},"99":{"start":{"line":170,"column":12},"end":{"line":181,"column":13}},"100":{"start":{"line":171,"column":16},"end":{"line":171,"column":87}},"101":{"start":{"line":174,"column":16},"end":{"line":180,"column":17}},"102":{"start":{"line":175,"column":39},"end":{"line":175,"column":73}},"103":{"start":{"line":176,"column":20},"end":{"line":176,"column":97}},"104":{"start":{"line":179,"column":20},"end":{"line":179,"column":76}},"105":{"start":{"line":184,"column":12},"end":{"line":186,"column":13}},"106":{"start":{"line":185,"column":16},"end":{"line":185,"column":26}},"107":{"start":{"line":187,"column":12},"end":{"line":187,"column":73}},"108":{"start":{"line":191,"column":8},"end":{"line":208,"column":9}},"109":{"start":{"line":192,"column":36},"end":{"line":192,"column":67}},"110":{"start":{"line":193,"column":12},"end":{"line":201,"column":13}},"111":{"start":{"line":194,"column":16},"end":{"line":194,"column":55}},"112":{"start":{"line":196,"column":17},"end":{"line":201,"column":13}},"113":{"start":{"line":197,"column":16},"end":{"line":197,"column":54}},"114":{"start":{"line":200,"column":16},"end":{"line":200,"column":84}},"115":{"start":{"line":204,"column":12},"end":{"line":206,"column":13}},"116":{"start":{"line":205,"column":16},"end":{"line":205,"column":26}},"117":{"start":{"line":207,"column":12},"end":{"line":207,"column":73}},"118":{"start":{"line":211,"column":32},"end":{"line":211,"column":34}},"119":{"start":{"line":212,"column":8},"end":{"line":214,"column":9}},"120":{"start":{"line":213,"column":12},"end":{"line":213,"column":85}},"121":{"start":{"line":215,"column":8},"end":{"line":223,"column":9}},"122":{"start":{"line":216,"column":12},"end":{"line":222,"column":13}},"123":{"start":{"line":217,"column":28},"end":{"line":217,"column":89}},"124":{"start":{"line":218,"column":16},"end":{"line":218,"column":42}},"125":{"start":{"line":221,"column":16},"end":{"line":221,"column":74}},"126":{"start":{"line":224,"column":24},"end":{"line":224,"column":58}},"127":{"start":{"line":225,"column":8},"end":{"line":227,"column":9}},"128":{"start":{"line":226,"column":12},"end":{"line":226,"column":30}},"129":{"start":{"line":228,"column":27},"end":{"line":228,"column":59}},"130":{"start":{"line":229,"column":8},"end":{"line":229,"column":26}},"131":{"start":{"line":232,"column":23},"end":{"line":232,"column":25}},"132":{"start":{"line":233,"column":8},"end":{"line":235,"column":9}},"133":{"start":{"line":234,"column":12},"end":{"line":234,"column":84}},"134":{"start":{"line":236,"column":8},"end":{"line":243,"column":9}},"135":{"start":{"line":237,"column":12},"end":{"line":242,"column":13}},"136":{"start":{"line":238,"column":16},"end":{"line":238,"column":91}},"137":{"start":{"line":241,"column":16},"end":{"line":241,"column":74}},"138":{"start":{"line":244,"column":31},"end":{"line":244,"column":56}},"139":{"start":{"line":245,"column":8},"end":{"line":245,"column":37}},"140":{"start":{"line":248,"column":8},"end":{"line":250,"column":9}},"141":{"start":{"line":249,"column":12},"end":{"line":249,"column":95}},"142":{"start":{"line":251,"column":8},"end":{"line":256,"column":9}},"143":{"start":{"line":252,"column":12},"end":{"line":252,"column":45}},"144":{"start":{"line":254,"column":13},"end":{"line":256,"column":9}},"145":{"start":{"line":255,"column":12},"end":{"line":255,"column":91}},"146":{"start":{"line":257,"column":8},"end":{"line":257,"column":20}},"147":{"start":{"line":260,"column":22},"end":{"line":260,"column":24}},"148":{"start":{"line":261,"column":22},"end":{"line":261,"column":24}},"149":{"start":{"line":262,"column":23},"end":{"line":262,"column":25}},"150":{"start":{"line":263,"column":8},"end":{"line":285,"column":9}},"151":{"start":{"line":264,"column":32},"end":{"line":264,"column":52}},"152":{"start":{"line":265,"column":32},"end":{"line":265,"column":99}},"153":{"start":{"line":265,"column":60},"end":{"line":265,"column":98}},"154":{"start":{"line":266,"column":12},"end":{"line":268,"column":13}},"155":{"start":{"line":267,"column":16},"end":{"line":267,"column":83}},"156":{"start":{"line":269,"column":12},"end":{"line":274,"column":13}},"157":{"start":{"line":270,"column":16},"end":{"line":270,"column":62}},"158":{"start":{"line":273,"column":16},"end":{"line":273,"column":81}},"159":{"start":{"line":275,"column":12},"end":{"line":277,"column":13}},"160":{"start":{"line":276,"column":16},"end":{"line":276,"column":92}},"161":{"start":{"line":278,"column":12},"end":{"line":278,"column":76}},"162":{"start":{"line":281,"column":12},"end":{"line":283,"column":13}},"163":{"start":{"line":282,"column":16},"end":{"line":282,"column":26}},"164":{"start":{"line":284,"column":12},"end":{"line":284,"column":73}},"165":{"start":{"line":286,"column":8},"end":{"line":286,"column":23}},"166":{"start":{"line":289,"column":22},"end":{"line":289,"column":24}},"167":{"start":{"line":290,"column":8},"end":{"line":298,"column":9}},"168":{"start":{"line":291,"column":36},"end":{"line":291,"column":84}},"169":{"start":{"line":292,"column":12},"end":{"line":297,"column":13}},"170":{"start":{"line":293,"column":16},"end":{"line":293,"column":87}},"171":{"start":{"line":296,"column":16},"end":{"line":296,"column":43}},"172":{"start":{"line":299,"column":8},"end":{"line":299,"column":39}},"173":{"start":{"line":300,"column":8},"end":{"line":300,"column":68}},"174":{"start":{"line":301,"column":8},"end":{"line":301,"column":66}},"175":{"start":{"line":302,"column":8},"end":{"line":302,"column":23}},"176":{"start":{"line":305,"column":24},"end":{"line":305,"column":55}},"177":{"start":{"line":306,"column":24},"end":{"line":306,"column":26}},"178":{"start":{"line":307,"column":8},"end":{"line":317,"column":9}},"179":{"start":{"line":308,"column":27},"end":{"line":308,"column":38}},"180":{"start":{"line":309,"column":26},"end":{"line":309,"column":46}},"181":{"start":{"line":310,"column":12},"end":{"line":310,"column":53}},"182":{"start":{"line":311,"column":12},"end":{"line":316,"column":13}},"183":{"start":{"line":312,"column":16},"end":{"line":312,"column":37}},"184":{"start":{"line":315,"column":16},"end":{"line":315,"column":92}},"185":{"start":{"line":318,"column":8},"end":{"line":318,"column":23}},"186":{"start":{"line":321,"column":0},"end":{"line":321,"column":30}}},"fnMap":{"0":{"name":"(anonymous_0)","decl":{"start":{"line":2,"column":56},"end":{"line":2,"column":57}},"loc":{"start":{"line":2,"column":71},"end":{"line":4,"column":1}},"line":2},"1":{"name":"(anonymous_1)","decl":{"start":{"line":15,"column":4},"end":{"line":15,"column":5}},"loc":{"start":{"line":15,"column":34},"end":{"line":21,"column":5}},"line":15},"2":{"name":"(anonymous_2)","decl":{"start":{"line":22,"column":4},"end":{"line":22,"column":5}},"loc":{"start":{"line":22,"column":23},"end":{"line":53,"column":5}},"line":22},"3":{"name":"(anonymous_3)","decl":{"start":{"line":29,"column":49},"end":{"line":29,"column":50}},"loc":{"start":{"line":29,"column":58},"end":{"line":29,"column":98}},"line":29},"4":{"name":"(anonymous_4)","decl":{"start":{"line":54,"column":4},"end":{"line":54,"column":5}},"loc":{"start":{"line":54,"column":29},"end":{"line":76,"column":5}},"line":54},"5":{"name":"(anonymous_5)","decl":{"start":{"line":77,"column":4},"end":{"line":77,"column":5}},"loc":{"start":{"line":77,"column":38},"end":{"line":114,"column":5}},"line":77},"6":{"name":"(anonymous_6)","decl":{"start":{"line":115,"column":4},"end":{"line":115,"column":5}},"loc":{"start":{"line":115,"column":40},"end":{"line":133,"column":5}},"line":115},"7":{"name":"(anonymous_7)","decl":{"start":{"line":124,"column":46},"end":{"line":124,"column":47}},"loc":{"start":{"line":124,"column":59},"end":{"line":124,"column":94}},"line":124},"8":{"name":"(anonymous_8)","decl":{"start":{"line":134,"column":4},"end":{"line":134,"column":5}},"loc":{"start":{"line":134,"column":41},"end":{"line":163,"column":5}},"line":134},"9":{"name":"(anonymous_9)","decl":{"start":{"line":150,"column":50},"end":{"line":150,"column":51}},"loc":{"start":{"line":150,"column":63},"end":{"line":150,"column":116}},"line":150},"10":{"name":"(anonymous_10)","decl":{"start":{"line":164,"column":4},"end":{"line":164,"column":5}},"loc":{"start":{"line":164,"column":49},"end":{"line":189,"column":5}},"line":164},"11":{"name":"(anonymous_11)","decl":{"start":{"line":190,"column":4},"end":{"line":190,"column":5}},"loc":{"start":{"line":190,"column":47},"end":{"line":209,"column":5}},"line":190},"12":{"name":"(anonymous_12)","decl":{"start":{"line":210,"column":4},"end":{"line":210,"column":5}},"loc":{"start":{"line":210,"column":27},"end":{"line":230,"column":5}},"line":210},"13":{"name":"(anonymous_13)","decl":{"start":{"line":231,"column":4},"end":{"line":231,"column":5}},"loc":{"start":{"line":231,"column":26},"end":{"line":246,"column":5}},"line":231},"14":{"name":"(anonymous_14)","decl":{"start":{"line":247,"column":4},"end":{"line":247,"column":5}},"loc":{"start":{"line":247,"column":28},"end":{"line":258,"column":5}},"line":247},"15":{"name":"(anonymous_15)","decl":{"start":{"line":259,"column":4},"end":{"line":259,"column":5}},"loc":{"start":{"line":259,"column":43},"end":{"line":287,"column":5}},"line":259},"16":{"name":"(anonymous_16)","decl":{"start":{"line":265,"column":51},"end":{"line":265,"column":52}},"loc":{"start":{"line":265,"column":60},"end":{"line":265,"column":98}},"line":265},"17":{"name":"(anonymous_17)","decl":{"start":{"line":288,"column":4},"end":{"line":288,"column":5}},"loc":{"start":{"line":288,"column":53},"end":{"line":303,"column":5}},"line":288},"18":{"name":"(anonymous_18)","decl":{"start":{"line":304,"column":4},"end":{"line":304,"column":5}},"loc":{"start":{"line":304,"column":25},"end":{"line":319,"column":5}},"line":304}},"branchMap":{"0":{"loc":{"start":{"line":2,"column":22},"end":{"line":4,"column":1}},"type":"binary-expr","locations":[{"start":{"line":2,"column":23},"end":{"line":2,"column":27}},{"start":{"line":2,"column":31},"end":{"line":2,"column":51}},{"start":{"line":2,"column":56},"end":{"line":4,"column":1}}],"line":2},"1":{"loc":{"start":{"line":3,"column":11},"end":{"line":3,"column":61}},"type":"cond-expr","locations":[{"start":{"line":3,"column":37},"end":{"line":3,"column":40}},{"start":{"line":3,"column":43},"end":{"line":3,"column":61}}],"line":3},"2":{"loc":{"start":{"line":3,"column":12},"end":{"line":3,"column":33}},"type":"binary-expr","locations":[{"start":{"line":3,"column":12},"end":{"line":3,"column":15}},{"start":{"line":3,"column":19},"end":{"line":3,"column":33}}],"line":3},"3":{"loc":{"start":{"line":30,"column":12},"end":{"line":32,"column":13}},"type":"if","locations":[{"start":{"line":30,"column":12},"end":{"line":32,"column":13}},{"start":{"line":30,"column":12},"end":{"line":32,"column":13}}],"line":30},"4":{"loc":{"start":{"line":33,"column":12},"end":{"line":38,"column":13}},"type":"if","locations":[{"start":{"line":33,"column":12},"end":{"line":38,"column":13}},{"start":{"line":33,"column":12},"end":{"line":38,"column":13}}],"line":33},"5":{"loc":{"start":{"line":39,"column":12},"end":{"line":44,"column":13}},"type":"if","locations":[{"start":{"line":39,"column":12},"end":{"line":44,"column":13}},{"start":{"line":39,"column":12},"end":{"line":44,"column":13}}],"line":39},"6":{"loc":{"start":{"line":47,"column":12},"end":{"line":49,"column":13}},"type":"if","locations":[{"start":{"line":47,"column":12},"end":{"line":49,"column":13}},{"start":{"line":47,"column":12},"end":{"line":49,"column":13}}],"line":47},"7":{"loc":{"start":{"line":47,"column":16},"end":{"line":47,"column":115}},"type":"binary-expr","locations":[{"start":{"line":47,"column":16},"end":{"line":47,"column":60}},{"start":{"line":47,"column":64},"end":{"line":47,"column":115}}],"line":47},"8":{"loc":{"start":{"line":58,"column":12},"end":{"line":67,"column":13}},"type":"if","locations":[{"start":{"line":58,"column":12},"end":{"line":67,"column":13}},{"start":{"line":58,"column":12},"end":{"line":67,"column":13}}],"line":58},"9":{"loc":{"start":{"line":62,"column":17},"end":{"line":67,"column":13}},"type":"if","locations":[{"start":{"line":62,"column":17},"end":{"line":67,"column":13}},{"start":{"line":62,"column":17},"end":{"line":67,"column":13}}],"line":62},"10":{"loc":{"start":{"line":70,"column":12},"end":{"line":72,"column":13}},"type":"if","locations":[{"start":{"line":70,"column":12},"end":{"line":72,"column":13}},{"start":{"line":70,"column":12},"end":{"line":72,"column":13}}],"line":70},"11":{"loc":{"start":{"line":70,"column":16},"end":{"line":70,"column":115}},"type":"binary-expr","locations":[{"start":{"line":70,"column":16},"end":{"line":70,"column":60}},{"start":{"line":70,"column":64},"end":{"line":70,"column":115}}],"line":70},"12":{"loc":{"start":{"line":80,"column":12},"end":{"line":105,"column":13}},"type":"if","locations":[{"start":{"line":80,"column":12},"end":{"line":105,"column":13}},{"start":{"line":80,"column":12},"end":{"line":105,"column":13}}],"line":80},"13":{"loc":{"start":{"line":83,"column":17},"end":{"line":105,"column":13}},"type":"if","locations":[{"start":{"line":83,"column":17},"end":{"line":105,"column":13}},{"start":{"line":83,"column":17},"end":{"line":105,"column":13}}],"line":83},"14":{"loc":{"start":{"line":83,"column":21},"end":{"line":83,"column":99}},"type":"binary-expr","locations":[{"start":{"line":83,"column":21},"end":{"line":83,"column":60}},{"start":{"line":83,"column":64},"end":{"line":83,"column":79}},{"start":{"line":83,"column":83},"end":{"line":83,"column":99}}],"line":83},"15":{"loc":{"start":{"line":86,"column":16},"end":{"line":101,"column":17}},"type":"switch","locations":[{"start":{"line":87,"column":20},"end":{"line":92,"column":30}},{"start":{"line":93,"column":20},"end":{"line":95,"column":30}},{"start":{"line":96,"column":20},"end":{"line":100,"column":77}}],"line":86},"16":{"loc":{"start":{"line":88,"column":24},"end":{"line":90,"column":25}},"type":"if","locations":[{"start":{"line":88,"column":24},"end":{"line":90,"column":25}},{"start":{"line":88,"column":24},"end":{"line":90,"column":25}}],"line":88},"17":{"loc":{"start":{"line":97,"column":24},"end":{"line":99,"column":25}},"type":"if","locations":[{"start":{"line":97,"column":24},"end":{"line":99,"column":25}},{"start":{"line":97,"column":24},"end":{"line":99,"column":25}}],"line":97},"18":{"loc":{"start":{"line":108,"column":12},"end":{"line":110,"column":13}},"type":"if","locations":[{"start":{"line":108,"column":12},"end":{"line":110,"column":13}},{"start":{"line":108,"column":12},"end":{"line":110,"column":13}}],"line":108},"19":{"loc":{"start":{"line":108,"column":16},"end":{"line":108,"column":115}},"type":"binary-expr","locations":[{"start":{"line":108,"column":16},"end":{"line":108,"column":60}},{"start":{"line":108,"column":64},"end":{"line":108,"column":115}}],"line":108},"20":{"loc":{"start":{"line":119,"column":12},"end":{"line":125,"column":13}},"type":"if","locations":[{"start":{"line":119,"column":12},"end":{"line":125,"column":13}},{"start":{"line":119,"column":12},"end":{"line":125,"column":13}}],"line":119},"21":{"loc":{"start":{"line":128,"column":12},"end":{"line":130,"column":13}},"type":"if","locations":[{"start":{"line":128,"column":12},"end":{"line":130,"column":13}},{"start":{"line":128,"column":12},"end":{"line":130,"column":13}}],"line":128},"22":{"loc":{"start":{"line":128,"column":16},"end":{"line":128,"column":115}},"type":"binary-expr","locations":[{"start":{"line":128,"column":16},"end":{"line":128,"column":60}},{"start":{"line":128,"column":64},"end":{"line":128,"column":115}}],"line":128},"23":{"loc":{"start":{"line":136,"column":12},"end":{"line":138,"column":13}},"type":"if","locations":[{"start":{"line":136,"column":12},"end":{"line":138,"column":13}},{"start":{"line":136,"column":12},"end":{"line":138,"column":13}}],"line":136},"24":{"loc":{"start":{"line":143,"column":12},"end":{"line":155,"column":13}},"type":"if","locations":[{"start":{"line":143,"column":12},"end":{"line":155,"column":13}},{"start":{"line":143,"column":12},"end":{"line":155,"column":13}}],"line":143},"25":{"loc":{"start":{"line":147,"column":16},"end":{"line":154,"column":17}},"type":"if","locations":[{"start":{"line":147,"column":16},"end":{"line":154,"column":17}},{"start":{"line":147,"column":16},"end":{"line":154,"column":17}}],"line":147},"26":{"loc":{"start":{"line":158,"column":12},"end":{"line":160,"column":13}},"type":"if","locations":[{"start":{"line":158,"column":12},"end":{"line":160,"column":13}},{"start":{"line":158,"column":12},"end":{"line":160,"column":13}}],"line":158},"27":{"loc":{"start":{"line":158,"column":16},"end":{"line":158,"column":115}},"type":"binary-expr","locations":[{"start":{"line":158,"column":16},"end":{"line":158,"column":60}},{"start":{"line":158,"column":64},"end":{"line":158,"column":115}}],"line":158},"28":{"loc":{"start":{"line":170,"column":12},"end":{"line":181,"column":13}},"type":"if","locations":[{"start":{"line":170,"column":12},"end":{"line":181,"column":13}},{"start":{"line":170,"column":12},"end":{"line":181,"column":13}}],"line":170},"29":{"loc":{"start":{"line":174,"column":16},"end":{"line":180,"column":17}},"type":"if","locations":[{"start":{"line":174,"column":16},"end":{"line":180,"column":17}},{"start":{"line":174,"column":16},"end":{"line":180,"column":17}}],"line":174},"30":{"loc":{"start":{"line":184,"column":12},"end":{"line":186,"column":13}},"type":"if","locations":[{"start":{"line":184,"column":12},"end":{"line":186,"column":13}},{"start":{"line":184,"column":12},"end":{"line":186,"column":13}}],"line":184},"31":{"loc":{"start":{"line":184,"column":16},"end":{"line":184,"column":115}},"type":"binary-expr","locations":[{"start":{"line":184,"column":16},"end":{"line":184,"column":60}},{"start":{"line":184,"column":64},"end":{"line":184,"column":115}}],"line":184},"32":{"loc":{"start":{"line":193,"column":12},"end":{"line":201,"column":13}},"type":"if","locations":[{"start":{"line":193,"column":12},"end":{"line":201,"column":13}},{"start":{"line":193,"column":12},"end":{"line":201,"column":13}}],"line":193},"33":{"loc":{"start":{"line":196,"column":17},"end":{"line":201,"column":13}},"type":"if","locations":[{"start":{"line":196,"column":17},"end":{"line":201,"column":13}},{"start":{"line":196,"column":17},"end":{"line":201,"column":13}}],"line":196},"34":{"loc":{"start":{"line":204,"column":12},"end":{"line":206,"column":13}},"type":"if","locations":[{"start":{"line":204,"column":12},"end":{"line":206,"column":13}},{"start":{"line":204,"column":12},"end":{"line":206,"column":13}}],"line":204},"35":{"loc":{"start":{"line":204,"column":16},"end":{"line":204,"column":115}},"type":"binary-expr","locations":[{"start":{"line":204,"column":16},"end":{"line":204,"column":60}},{"start":{"line":204,"column":64},"end":{"line":204,"column":115}}],"line":204},"36":{"loc":{"start":{"line":212,"column":8},"end":{"line":214,"column":9}},"type":"if","locations":[{"start":{"line":212,"column":8},"end":{"line":214,"column":9}},{"start":{"line":212,"column":8},"end":{"line":214,"column":9}}],"line":212},"37":{"loc":{"start":{"line":216,"column":12},"end":{"line":222,"column":13}},"type":"if","locations":[{"start":{"line":216,"column":12},"end":{"line":222,"column":13}},{"start":{"line":216,"column":12},"end":{"line":222,"column":13}}],"line":216},"38":{"loc":{"start":{"line":216,"column":16},"end":{"line":216,"column":55}},"type":"binary-expr","locations":[{"start":{"line":216,"column":16},"end":{"line":216,"column":39}},{"start":{"line":216,"column":43},"end":{"line":216,"column":55}}],"line":216},"39":{"loc":{"start":{"line":225,"column":8},"end":{"line":227,"column":9}},"type":"if","locations":[{"start":{"line":225,"column":8},"end":{"line":227,"column":9}},{"start":{"line":225,"column":8},"end":{"line":227,"column":9}}],"line":225},"40":{"loc":{"start":{"line":233,"column":8},"end":{"line":235,"column":9}},"type":"if","locations":[{"start":{"line":233,"column":8},"end":{"line":235,"column":9}},{"start":{"line":233,"column":8},"end":{"line":235,"column":9}}],"line":233},"41":{"loc":{"start":{"line":237,"column":12},"end":{"line":242,"column":13}},"type":"if","locations":[{"start":{"line":237,"column":12},"end":{"line":242,"column":13}},{"start":{"line":237,"column":12},"end":{"line":242,"column":13}}],"line":237},"42":{"loc":{"start":{"line":237,"column":16},"end":{"line":237,"column":55}},"type":"binary-expr","locations":[{"start":{"line":237,"column":16},"end":{"line":237,"column":39}},{"start":{"line":237,"column":43},"end":{"line":237,"column":55}}],"line":237},"43":{"loc":{"start":{"line":248,"column":8},"end":{"line":250,"column":9}},"type":"if","locations":[{"start":{"line":248,"column":8},"end":{"line":250,"column":9}},{"start":{"line":248,"column":8},"end":{"line":250,"column":9}}],"line":248},"44":{"loc":{"start":{"line":251,"column":8},"end":{"line":256,"column":9}},"type":"if","locations":[{"start":{"line":251,"column":8},"end":{"line":256,"column":9}},{"start":{"line":251,"column":8},"end":{"line":256,"column":9}}],"line":251},"45":{"loc":{"start":{"line":254,"column":13},"end":{"line":256,"column":9}},"type":"if","locations":[{"start":{"line":254,"column":13},"end":{"line":256,"column":9}},{"start":{"line":254,"column":13},"end":{"line":256,"column":9}}],"line":254},"46":{"loc":{"start":{"line":266,"column":12},"end":{"line":268,"column":13}},"type":"if","locations":[{"start":{"line":266,"column":12},"end":{"line":268,"column":13}},{"start":{"line":266,"column":12},"end":{"line":268,"column":13}}],"line":266},"47":{"loc":{"start":{"line":269,"column":12},"end":{"line":274,"column":13}},"type":"if","locations":[{"start":{"line":269,"column":12},"end":{"line":274,"column":13}},{"start":{"line":269,"column":12},"end":{"line":274,"column":13}}],"line":269},"48":{"loc":{"start":{"line":275,"column":12},"end":{"line":277,"column":13}},"type":"if","locations":[{"start":{"line":275,"column":12},"end":{"line":277,"column":13}},{"start":{"line":275,"column":12},"end":{"line":277,"column":13}}],"line":275},"49":{"loc":{"start":{"line":281,"column":12},"end":{"line":283,"column":13}},"type":"if","locations":[{"start":{"line":281,"column":12},"end":{"line":283,"column":13}},{"start":{"line":281,"column":12},"end":{"line":283,"column":13}}],"line":281},"50":{"loc":{"start":{"line":281,"column":16},"end":{"line":281,"column":115}},"type":"binary-expr","locations":[{"start":{"line":281,"column":16},"end":{"line":281,"column":60}},{"start":{"line":281,"column":64},"end":{"line":281,"column":115}}],"line":281},"51":{"loc":{"start":{"line":290,"column":8},"end":{"line":298,"column":9}},"type":"if","locations":[{"start":{"line":290,"column":8},"end":{"line":298,"column":9}},{"start":{"line":290,"column":8},"end":{"line":298,"column":9}}],"line":290},"52":{"loc":{"start":{"line":292,"column":12},"end":{"line":297,"column":13}},"type":"if","locations":[{"start":{"line":292,"column":12},"end":{"line":297,"column":13}},{"start":{"line":292,"column":12},"end":{"line":297,"column":13}}],"line":292},"53":{"loc":{"start":{"line":311,"column":12},"end":{"line":316,"column":13}},"type":"if","locations":[{"start":{"line":311,"column":12},"end":{"line":316,"column":13}},{"start":{"line":311,"column":12},"end":{"line":316,"column":13}}],"line":311},"54":{"loc":{"start":{"line":311,"column":16},"end":{"line":311,"column":88}},"type":"binary-expr","locations":[{"start":{"line":311,"column":16},"end":{"line":311,"column":50}},{"start":{"line":311,"column":54},"end":{"line":311,"column":88}}],"line":311}},"s":{"0":1,"1":1,"2":1,"3":1,"4":1,"5":1,"6":71,"7":71,"8":71,"9":71,"10":71,"11":87,"12":87,"13":87,"14":87,"15":87,"16":87,"17":87,"18":167,"19":87,"20":3,"21":84,"22":81,"23":3,"24":48,"25":47,"26":1,"27":49,"28":49,"29":0,"30":38,"31":81,"32":81,"33":81,"34":81,"35":2,"36":2,"37":79,"38":2,"39":77,"40":33,"41":33,"42":0,"43":46,"44":208,"45":208,"46":62,"47":146,"48":141,"49":138,"50":137,"51":42,"52":1,"53":41,"54":41,"55":19,"56":19,"57":76,"58":2,"59":74,"60":5,"61":12,"62":11,"63":1,"64":196,"65":19,"66":19,"67":19,"68":19,"69":0,"70":19,"71":19,"72":1227628,"73":0,"74":0,"75":0,"76":41,"77":41,"78":0,"79":41,"80":41,"81":41,"82":35,"83":35,"84":0,"85":35,"86":32,"87":32,"88":30,"89":1938360,"90":3,"91":11,"92":11,"93":0,"94":74,"95":74,"96":74,"97":74,"98":65,"99":65,"100":0,"101":65,"102":63,"103":63,"104":2,"105":11,"106":11,"107":0,"108":62,"109":62,"110":61,"111":52,"112":9,"113":9,"114":0,"115":1,"116":1,"117":0,"118":52,"119":52,"120":2,"121":50,"122":101,"123":100,"124":100,"125":1,"126":49,"127":33,"128":2,"129":31,"130":31,"131":9,"132":9,"133":0,"134":9,"135":12,"136":12,"137":0,"138":9,"139":9,"140":252,"141":16,"142":236,"143":57,"144":179,"145":0,"146":236,"147":47,"148":47,"149":47,"150":47,"151":47,"152":47,"153":84,"154":47,"155":3,"156":44,"157":44,"158":0,"159":43,"160":35,"161":41,"162":9,"163":9,"164":0,"165":38,"166":41,"167":41,"168":1,"169":1,"170":0,"171":1,"172":41,"173":38,"174":38,"175":38,"176":44,"177":44,"178":44,"179":137,"180":137,"181":137,"182":136,"183":136,"184":0,"185":43,"186":1},"f":{"0":1,"1":71,"2":87,"3":167,"4":81,"5":208,"6":19,"7":1227628,"8":41,"9":1938360,"10":74,"11":62,"12":52,"13":9,"14":252,"15":47,"16":84,"17":41,"18":44},"b":{"0":[1,1,1],"1":[1,0],"2":[1,1],"3":[3,84],"4":[81,3],"5":[47,1],"6":[49,0],"7":[49,3],"8":[2,79],"9":[2,77],"10":[33,0],"11":[33,0],"12":[62,146],"13":[141,5],"14":[146,69,26],"15":[42,19,76],"16":[1,41],"17":[2,74],"18":[11,1],"19":[12,1],"20":[0,19],"21":[0,0],"22":[0,0],"23":[0,41],"24":[0,35],"25":[32,3],"26":[11,0],"27":[11,0],"28":[0,65],"29":[63,2],"30":[11,0],"31":[11,0],"32":[52,9],"33":[9,0],"34":[1,0],"35":[1,0],"36":[2,50],"37":[100,1],"38":[101,100],"39":[2,31],"40":[0,9],"41":[12,0],"42":[12,12],"43":[16,236],"44":[57,179],"45":[0,179],"46":[3,44],"47":[44,0],"48":[35,8],"49":[9,0],"50":[9,3],"51":[1,40],"52":[0,1],"53":[136,0],"54":[136,79]},"inputSourceMap":{"version":3,"file":"C:/Users/oreak/IdeaProjects/project_team059/src/controller/QueryEngine.ts","sources":["C:/Users/oreak/IdeaProjects/project_team059/src/controller/QueryEngine.ts"],"names":[],"mappings":";;;;;AAAA,qDAAoF;AACpF,2DAAwD;AACxD,8DAAsC;AAGtC,MAAqB,WAAW;IACvB,gBAAgB,CAAS;IACzB,gBAAgB,CAAyB;IACzC,QAAQ,CAAU;IAClB,KAAK,CAAa;IAClB,iBAAiB,CAAoB;IAE7C,YAAY,gBAAwC;QACnD,IAAI,CAAC,gBAAgB,GAAG,EAAE,CAAC;QAC3B,IAAI,CAAC,gBAAgB,GAAG,gBAAgB,CAAC;QACzC,IAAI,CAAC,QAAQ,GAAG,KAAK,CAAC;QACtB,IAAI,CAAC,KAAK,GAAG,IAAI,oBAAU,EAAE,CAAC;QAC9B,IAAI,CAAC,iBAAiB,GAAG,IAAI,qCAAiB,EAAE,CAAC;IAClD,CAAC;IAEM,KAAK,CAAC,KAAK,CAAC,KAAc;QAEhC,IAAI,gBAAgB,GAAc,EAAE,CAAC;QACrC,IAAI,MAAM,GAAoB,EAAE,CAAC;QACjC,IAAI,CAAC,gBAAgB,GAAG,EAAE,CAAC;QAC3B,MAAM,QAAQ,GAAG,MAAM,CAAC,KAAK,CAAC,CAAC;QAC/B,IAAI;YACH,MAAM,SAAS,GAAG,MAAM,CAAC,IAAI,CAAC,QAAQ,CAAC,CAAC;YACxC,MAAM,WAAW,GAAG,SAAS,CAAC,MAAM,CAAC,CAAC,GAAG,EAAE,EAAE,CAAC,CAAC,IAAI,CAAC,KAAK,CAAC,cAAc,CAAC,QAAQ,CAAC,GAAG,CAAC,CAAC,CAAC;YACxF,IAAI,WAAW,CAAC,MAAM,GAAG,CAAC,EAAE;gBAC3B,MAAM,IAAI,6BAAY,CAAC,sBAAsB,CAAC,CAAC;aAC/C;YAED,IAAI,OAAO,IAAI,QAAQ,EAAE;gBACxB,gBAAgB,GAAG,MAAM,IAAI,CAAC,WAAW,CAAC,QAAQ,CAAC,KAAK,CAAC,CAAC;aAC1D;iBAAM;gBACN,MAAM,IAAI,6BAAY,CAAC,qBAAqB,CAAC,CAAC;aAC9C;YAGD,IAAI,SAAS,IAAI,QAAQ,EAAE;gBAC1B,MAAM,GAAG,MAAM,IAAI,CAAC,aAAa,CAAC,QAAQ,CAAC,OAAO,EAAE,gBAAgB,CAAC,CAAC;aACtE;iBAAM;gBACN,MAAM,IAAI,6BAAY,CAAC,uBAAuB,CAAC,CAAC;aAChD;SAGD;QAAC,OAAO,GAAG,EAAE;YACb,IAAI,GAAG,YAAY,6BAAY,IAAI,GAAG,YAAY,oCAAmB,EAAE;gBACtE,MAAM,GAAG,CAAC;aACV;YACD,MAAM,IAAI,6BAAY,CAAC,mBAAmB,CAAC,CAAC;SAC5C;QACD,OAAO,MAAM,CAAC;IACf,CAAC;IAEO,KAAK,CAAC,WAAW,CAAC,KAAa;QACtC,IAAI,gBAAgB,GAAc,EAAE,CAAC;QACrC,IAAI,CAAC,QAAQ,GAAG,KAAK,CAAC;QAEtB,IAAI;YACH,IAAI,MAAM,CAAC,IAAI,CAAC,KAAK,CAAC,CAAC,MAAM,KAAK,CAAC,EAAE;gBACpC,IAAI,CAAC,QAAQ,GAAG,IAAI,CAAC;gBACrB,OAAO,gBAAgB,CAAC;aACxB;iBAAM,IAAI,MAAM,CAAC,IAAI,CAAC,KAAK,CAAC,CAAC,MAAM,GAAG,CAAC,EAAE;gBACzC,MAAM,IAAI,6BAAY,CAAC,8BAA8B,CAAC,CAAC;aACvD;iBAAM;gBACN,gBAAgB,GAAG,MAAM,IAAI,CAAC,YAAY,CAAC,MAAM,CAAC,IAAI,CAAC,KAAK,CAAC,CAAC,CAAC,CAAC,EAAE,MAAM,CAAC,MAAM,CAAC,KAAK,CAAC,CAAC,CAAC,CAAC,CAAC,CAAC;aAC3F;SACD;QAAC,OAAO,GAAG,EAAE;YACb,IAAI,GAAG,YAAY,6BAAY,IAAI,GAAG,YAAY,oCAAmB,EAAE;gBACtE,MAAM,GAAG,CAAC;aACV;YACD,MAAM,IAAI,6BAAY,CAAC,mBAAmB,CAAC,CAAC;SAC5C;QACD,OAAO,gBAAgB,CAAC;IACzB,CAAC;IAEO,KAAK,CAAC,YAAY,CAAC,MAAc,EAAE,KAAc;QACxD,IAAI,OAA2B,CAAC;QAChC,IAAI;YAGH,IAAI,IAAI,CAAC,KAAK,CAAC,eAAe,CAAC,QAAQ,CAAC,MAAM,CAAC,EAAE;gBAChD,OAAO,GAAG,IAAI,CAAC,qBAAqB,CAAC,MAAM,EAAE,KAAK,CAAC,CAAC;aACpD;iBAAM,IAAI,IAAI,CAAC,KAAK,CAAC,WAAW,CAAC,QAAQ,CAAC,MAAM,CAAC,IAAI,MAAM,KAAK,IAAI,IAAI,MAAM,KAAK,KAAK,EAAE;gBAC1F,IAAI,CAAC,KAAK,CAAC,QAAQ,CAAC,KAAK,CAAC,CAAC;gBAC3B,MAAM,CAAC,GAAG,EAAE,KAAK,CAAC,GAAG,MAAM,CAAC,OAAO,CAAC,KAA4B,CAAC,CAAC,CAAC,CAAC,CAAC;gBACrE,QAAQ,MAAM,EAAE;oBACf,KAAK,IAAI;wBACR,IAAI,OAAO,KAAK,KAAK,QAAQ,EAAE;4BAC9B,MAAM,IAAI,6BAAY,CAAC,2BAA2B,CAAC,CAAC;yBACpD;wBACD,OAAO,GAAG,IAAI,CAAC,iBAAiB,CAAC,GAAG,EAAE,KAAK,CAAC,CAAC;wBAC7C,MAAM;oBACP,KAAK,KAAK;wBACT,OAAO,GAAG,IAAI,CAAC,cAAc,CAAC,GAAG,EAAE,KAAK,CAAC,CAAC;wBAC1C,MAAM;oBACP;wBACC,IAAI,OAAO,KAAK,KAAK,QAAQ,EAAE;4BAC9B,MAAM,IAAI,6BAAY,CAAC,0BAA0B,MAAM,EAAE,CAAC,CAAC;yBAC3D;wBACD,OAAO,GAAG,IAAI,CAAC,iBAAiB,CAAC,MAAM,EAAE,GAAG,EAAE,KAAK,CAAC,CAAC;iBACtD;aACD;iBAAM;gBACN,MAAM,IAAI,6BAAY,CAAC,uBAAuB,MAAM,EAAE,CAAC,CAAC;aACxD;SACD;QAAC,OAAO,GAAG,EAAE;YACb,IAAI,GAAG,YAAY,6BAAY,IAAI,GAAG,YAAY,oCAAmB,EAAE;gBACtE,MAAM,GAAG,CAAC;aACV;YACD,MAAM,IAAI,6BAAY,CAAC,mBAAmB,CAAC,CAAC;SAC5C;QACD,OAAO,OAAO,CAAC;IAChB,CAAC;IAEO,KAAK,CAAC,cAAc,CAAC,MAAc,EAAE,KAAc;QAC1D,IAAI;YACH,MAAM,iBAAiB,GAAG,IAAI,CAAC,YAAY,CAAC,MAAM,EAAE,KAAK,CAAC,CAAC;YAC3D,MAAM,eAAe,GAAG,IAAI,CAAC,gBAAgB,CAAC,GAAG,CAAC,IAAI,CAAC,gBAAgB,CAAC,CAAC;YACzE,IAAI,eAAe,KAAK,SAAS,EAAE;gBAElC,MAAM,IAAI,6BAAY,CAAC,6BAA6B,CAAC,CAAC;aACtD;iBAAM;gBAEN,MAAM,qBAAqB,GAAG,IAAI,GAAG,CAAC,MAAM,iBAAiB,CAAC,CAAC;gBAG/D,OAAO,eAAe,CAAC,MAAM,CAAC,CAAC,OAAO,EAAE,EAAE,CAAC,CAAC,qBAAqB,CAAC,GAAG,CAAC,OAAO,CAAC,CAAC,CAAC;aAChF;SACD;QAAC,OAAO,GAAG,EAAE;YACb,IAAI,GAAG,YAAY,6BAAY,IAAI,GAAG,YAAY,oCAAmB,EAAE;gBACtE,MAAM,GAAG,CAAC;aACV;YACD,MAAM,IAAI,6BAAY,CAAC,mBAAmB,CAAC,CAAC;SAC5C;IACF,CAAC;IAEO,KAAK,CAAC,iBAAiB,CAAC,IAAY,EAAE,KAAa;QAC1D,IAAI;YACH,IAAI,OAAO,KAAK,KAAK,QAAQ,EAAE;gBAC9B,MAAM,IAAI,6BAAY,CAAC,mBAAmB,CAAC,CAAC;aAC5C;YAED,MAAM,QAAQ,GAAG,IAAI,CAAC,KAAK,CAAC,GAAG,CAAC,CAAC,CAAC,CAAC,CAAC;YACpC,MAAM,MAAM,GAAG,IAAI,CAAC,KAAK,CAAC,GAAG,CAAC,CAAC,CAAC,CAAC,CAAC;YAGlC,IAAI,CAAC,aAAa,CAAC,QAAQ,CAAC,CAAC;YAG7B,MAAM,eAAe,GAAG,IAAI,CAAC,gBAAgB,CAAC,GAAG,CAAC,QAAQ,CAAC,CAAC;YAC5D,IAAI,eAAe,KAAK,SAAS,EAAE;gBAElC,MAAM,IAAI,6BAAY,CAAC,6BAA6B,CAAC,CAAC;aACtD;iBAAM;gBACN,IAAI,IAAI,CAAC,KAAK,CAAC,OAAO,CAAC,QAAQ,CAAC,MAAM,CAAC,EAAE;oBACxC,MAAM,UAAU,GAAG,IAAI,CAAC,KAAK,CAAC,OAAO,CAAC,OAAO,CAAC,MAAM,CAAC,CAAC;oBACtD,MAAM,UAAU,GAAG,IAAI,CAAC,KAAK,CAAC,SAAS,CAAC,KAAK,CAAC,CAAC;oBAC/C,OAAO,eAAe,CAAC,MAAM,CAAC,CAAC,OAAO,EAAE,EAAE,CAAC,UAAU,CAAC,IAAI,CAAC,OAAO,CAAC,gBAAgB,CAAC,UAAU,CAAC,CAAC,CAAC,CAAC;iBAClG;qBAAM;oBACN,MAAM,IAAI,6BAAY,CAAC,cAAc,CAAC,CAAC;iBACvC;aACD;SACD;QAAC,OAAO,GAAG,EAAE;YACb,IAAI,GAAG,YAAY,6BAAY,IAAI,GAAG,YAAY,oCAAmB,EAAE;gBACtE,MAAM,GAAG,CAAC;aACV;YACD,MAAM,IAAI,6BAAY,CAAC,mBAAmB,CAAC,CAAC;SAC5C;IACF,CAAC;IAEO,KAAK,CAAC,iBAAiB,CAAC,MAAc,EAAE,IAAY,EAAE,KAAa;QAI1E,IAAI;YACH,MAAM,QAAQ,GAAG,IAAI,CAAC,KAAK,CAAC,GAAG,CAAC,CAAC,CAAC,CAAC,CAAC;YACpC,MAAM,MAAM,GAAG,IAAI,CAAC,KAAK,CAAC,GAAG,CAAC,CAAC,CAAC,CAAC,CAAC;YAGlC,IAAI,CAAC,aAAa,CAAC,QAAQ,CAAC,CAAC;YAC7B,MAAM,eAAe,GAAG,IAAI,CAAC,gBAAgB,CAAC,GAAG,CAAC,QAAQ,CAAC,CAAC;YAC5D,IAAI,eAAe,KAAK,SAAS,EAAE;gBAElC,MAAM,IAAI,6BAAY,CAAC,6BAA6B,CAAC,CAAC;aACtD;iBAAM;gBACN,IAAI,IAAI,CAAC,KAAK,CAAC,OAAO,CAAC,QAAQ,CAAC,MAAM,CAAC,EAAE;oBACxC,MAAM,UAAU,GAAG,IAAI,CAAC,KAAK,CAAC,OAAO,CAAC,OAAO,CAAC,MAAM,CAAC,CAAC;oBACtD,OAAO,IAAI,CAAC,KAAK,CAAC,cAAc,CAAC,eAAe,EAAE,MAAM,EAAE,UAAU,EAAE,KAAK,CAAC,CAAC;iBAC7E;qBAAM;oBACN,MAAM,IAAI,6BAAY,CAAC,cAAc,CAAC,CAAC;iBACvC;aACD;SACD;QAAC,OAAO,GAAG,EAAE;YACb,IAAI,GAAG,YAAY,6BAAY,IAAI,GAAG,YAAY,oCAAmB,EAAE;gBACtE,MAAM,GAAG,CAAC;aACV;YACD,MAAM,IAAI,6BAAY,CAAC,mBAAmB,CAAC,CAAC;SAC5C;IACF,CAAC;IAEO,KAAK,CAAC,qBAAqB,CAAC,MAAc,EAAE,KAAc;QACjE,IAAI;YACH,MAAM,eAAe,GAAc,IAAI,CAAC,KAAK,CAAC,aAAa,CAAC,KAAK,CAAC,CAAC;YACnE,IAAI,MAAM,KAAK,KAAK,EAAE;gBACrB,OAAO,IAAI,CAAC,SAAS,CAAC,eAAe,CAAC,CAAC;aACvC;iBAAM,IAAI,MAAM,KAAK,IAAI,EAAE;gBAC3B,OAAO,IAAI,CAAC,QAAQ,CAAC,eAAe,CAAC,CAAC;aACtC;iBAAM;gBACN,MAAM,IAAI,6BAAY,CAAC,0BAA0B,CAAC,CAAC;aACnD;SACD;QAAC,OAAO,GAAG,EAAE;YACb,IAAI,GAAG,YAAY,6BAAY,IAAI,GAAG,YAAY,oCAAmB,EAAE;gBACtE,MAAM,GAAG,CAAC;aACV;YACD,MAAM,IAAI,6BAAY,CAAC,mBAAmB,CAAC,CAAC;SAC5C;IACF,CAAC;IAEO,KAAK,CAAC,SAAS,CAAC,KAAgB;QACvC,MAAM,eAAe,GAAyB,EAAE,CAAC;QACjD,IAAI,KAAK,CAAC,MAAM,KAAK,CAAC,EAAE;YACvB,MAAM,IAAI,6BAAY,CAAC,+BAA+B,CAAC,CAAC;SACxD;QACD,KAAK,MAAM,GAAG,IAAI,KAAK,EAAE;YACxB,IAAI,OAAO,GAAG,KAAK,QAAQ,IAAI,GAAG,KAAK,IAAI,EAAE;gBAC5C,MAAM,GAAG,GAAuB,IAAI,CAAC,YAAY,CAChD,MAAM,CAAC,IAAI,CAAC,GAAG,CAAC,CAAC,CAAC,CAAW,EAC7B,MAAM,CAAC,MAAM,CAAC,GAAG,CAAC,CAAC,CAAC,CAAY,CAChC,CAAC;gBACF,eAAe,CAAC,IAAI,CAAC,GAAG,CAAC,CAAC;aAC1B;iBAAM;gBACN,MAAM,IAAI,6BAAY,CAAC,gBAAgB,CAAC,CAAC;aACzC;SACD;QACD,MAAM,OAAO,GAAG,MAAM,OAAO,CAAC,GAAG,CAAC,eAAe,CAAC,CAAC;QAMnD,IAAI,OAAO,CAAC,MAAM,KAAK,CAAC,EAAE;YACzB,OAAO,OAAO,CAAC,CAAC,CAAC,CAAC;SAClB;QACD,MAAM,UAAU,GAAG,IAAI,CAAC,KAAK,CAAC,YAAY,CAAC,OAAO,CAAC,CAAC;QAEpD,OAAO,UAAU,CAAC;IACnB,CAAC;IAEO,KAAK,CAAC,QAAQ,CAAC,KAAgB;QACtC,MAAM,MAAM,GAAyB,EAAE,CAAC;QACxC,IAAI,KAAK,CAAC,MAAM,KAAK,CAAC,EAAE;YACvB,MAAM,IAAI,6BAAY,CAAC,8BAA8B,CAAC,CAAC;SACvD;QAED,KAAK,MAAM,GAAG,IAAI,KAAK,EAAE;YACxB,IAAI,OAAO,GAAG,KAAK,QAAQ,IAAI,GAAG,KAAK,IAAI,EAAE;gBAC5C,MAAM,CAAC,IAAI,CAAC,IAAI,CAAC,YAAY,CAAC,MAAM,CAAC,IAAI,CAAC,GAAG,CAAC,CAAC,CAAC,CAAW,EAAE,MAAM,CAAC,MAAM,CAAC,GAAG,CAAC,CAAC,CAAC,CAAY,CAAC,CAAC,CAAC;aAChG;iBAAM;gBACN,MAAM,IAAI,6BAAY,CAAC,gBAAgB,CAAC,CAAC;aACzC;SACD;QACD,MAAM,cAAc,GAAG,MAAM,OAAO,CAAC,GAAG,CAAC,MAAM,CAAC,CAAC;QACjD,OAAO,cAAc,CAAC,IAAI,EAAE,CAAC;IAC9B,CAAC;IAGO,aAAa,CAAC,QAAgB;QACrC,IAAI,CAAC,IAAI,CAAC,gBAAgB,CAAC,GAAG,CAAC,QAAQ,CAAC,EAAE;YACzC,MAAM,IAAI,6BAAY,CAAC,oBAAoB,QAAQ,aAAa,CAAC,CAAC;SAClE;QAED,IAAI,IAAI,CAAC,gBAAgB,KAAK,EAAE,EAAE;YACjC,IAAI,CAAC,gBAAgB,GAAG,QAAQ,CAAC;SACjC;aAAM,IAAI,IAAI,CAAC,gBAAgB,KAAK,QAAQ,EAAE;YAC9C,MAAM,IAAI,6BAAY,CAAC,qCAAqC,CAAC,CAAC;SAC9D;QACD,OAAO,IAAI,CAAC;IACb,CAAC;IAEO,KAAK,CAAC,aAAa,CAAC,OAAe,EAAE,QAAmB;QAE/D,IAAI,OAAO,GAAoB,EAAE,CAAC;QAClC,IAAI,OAAO,GAAa,EAAE,CAAC;QAC3B,IAAI,QAAQ,GAAG,EAAE,CAAC;QAClB,IAAI;YACH,MAAM,WAAW,GAAG,MAAM,CAAC,IAAI,CAAC,OAAO,CAAC,CAAC;YACzC,MAAM,WAAW,GAAG,WAAW,CAAC,MAAM,CAAC,CAAC,GAAG,EAAE,EAAE,CAAC,CAAC,IAAI,CAAC,KAAK,CAAC,YAAY,CAAC,QAAQ,CAAC,GAAG,CAAC,CAAC,CAAC;YACxF,IAAI,WAAW,CAAC,MAAM,GAAG,CAAC,EAAE;gBAC3B,MAAM,IAAI,6BAAY,CAAC,yBAAyB,CAAC,CAAC;aAClD;YAED,IAAI,SAAS,IAAI,OAAO,EAAE;gBACzB,OAAO,GAAG,IAAI,CAAC,aAAa,CAAC,OAAO,CAAC,OAAO,CAAC,CAAC;aAC9C;iBAAM;gBACN,MAAM,IAAI,6BAAY,CAAC,uBAAuB,CAAC,CAAC;aAChD;YAED,IAAI,OAAO,IAAI,OAAO,EAAE;gBACvB,QAAQ,GAAG,MAAM,IAAI,CAAC,iBAAiB,CAAC,WAAW,CAAC,OAAO,CAAC,KAAK,EAAE,OAAO,CAAC,CAAC;aAC5E;YACD,OAAO,GAAG,MAAM,IAAI,CAAC,aAAa,CAAC,QAAQ,EAAE,OAAO,EAAE,QAAQ,CAAC,CAAC;SAChE;QAAC,OAAO,GAAG,EAAE;YACb,IAAI,GAAG,YAAY,6BAAY,IAAI,GAAG,YAAY,oCAAmB,EAAE;gBACtE,MAAM,GAAG,CAAC;aACV;YACD,MAAM,IAAI,6BAAY,CAAC,mBAAmB,CAAC,CAAC;SAC5C;QACD,OAAO,OAAO,CAAC;IAChB,CAAC;IAEO,KAAK,CAAC,aAAa,CAAC,QAAmB,EAAE,OAAiB,EAAE,QAAgB;QACnF,IAAI,OAAO,GAAoB,EAAE,CAAC;QAGlC,IAAI,IAAI,CAAC,QAAQ,EAAE;YAClB,MAAM,eAAe,GAAG,IAAI,CAAC,gBAAgB,CAAC,GAAG,CAAC,IAAI,CAAC,gBAAgB,CAAC,CAAC;YACzE,IAAI,eAAe,KAAK,SAAS,EAAE;gBAElC,MAAM,IAAI,6BAAY,CAAC,6BAA6B,CAAC,CAAC;aACtD;iBAAM;gBACN,QAAQ,GAAG,eAAe,CAAC;aAC3B;SACD;QACD,IAAI,CAAC,KAAK,CAAC,SAAS,CAAC,QAAQ,CAAC,CAAC;QAC/B,OAAO,GAAG,MAAM,IAAI,CAAC,KAAK,CAAC,aAAa,CAAC,QAAQ,EAAE,OAAO,CAAC,CAAC;QAC5D,OAAO,GAAG,MAAM,IAAI,CAAC,KAAK,CAAC,WAAW,CAAC,OAAO,EAAE,QAAQ,CAAC,CAAC;QAC1D,OAAO,OAAO,CAAC;IAChB,CAAC;IAEO,aAAa,CAAC,KAAc;QACnC,MAAM,OAAO,GAAG,IAAI,CAAC,KAAK,CAAC,aAAa,CAAC,KAAK,CAAC,CAAC;QAChD,MAAM,OAAO,GAAa,EAAE,CAAC;QAC7B,KAAK,MAAM,GAAG,IAAI,OAAO,EAAE;YAC1B,MAAM,MAAM,GAAG,MAAM,CAAC,GAAG,CAAC,CAAC;YAC3B,MAAM,KAAK,GAAG,MAAM,CAAC,KAAK,CAAC,GAAG,CAAC,CAAC,CAAC,CAAC,CAAC;YACnC,IAAI,CAAC,aAAa,CAAC,MAAM,CAAC,KAAK,CAAC,GAAG,CAAC,CAAC,CAAC,CAAC,CAAC,CAAC;YACzC,IAAI,IAAI,CAAC,KAAK,CAAC,OAAO,CAAC,QAAQ,CAAC,KAAK,CAAC,IAAI,IAAI,CAAC,KAAK,CAAC,OAAO,CAAC,QAAQ,CAAC,KAAK,CAAC,EAAE;gBAC7E,OAAO,CAAC,IAAI,CAAC,MAAM,CAAC,CAAC;aACrB;iBAAM;gBACN,MAAM,IAAI,6BAAY,CAAC,eAAe,MAAM,aAAa,CAAC,CAAC;aAC3D;SACD;QACD,OAAO,OAAO,CAAC;IAChB,CAAC;CACD;AArVD,8BAqVC","sourcesContent":["import { InsightError, InsightResult, ResultTooLargeError } from \"./IInsightFacade\";\nimport { QueryOrderHandler } from \"./QueryOrderHandler\";\nimport QueryUtils from \"./QueryUtils\";\nimport Section from \"./sections/Section\";\n\nexport default class QueryEngine {\n\tprivate queryingIDString: string;\n\tprivate sectionsDatabase: Map<string, Section[]>;\n\tprivate noFilter: boolean;\n\tprivate utils: QueryUtils;\n\tprivate QueryOrderHandler: QueryOrderHandler;\n\n\tconstructor(sectionsDatabase: Map<string, Section[]>) {\n\t\tthis.queryingIDString = \"\";\n\t\tthis.sectionsDatabase = sectionsDatabase;\n\t\tthis.noFilter = false;\n\t\tthis.utils = new QueryUtils();\n\t\tthis.QueryOrderHandler = new QueryOrderHandler();\n\t}\n\n\tpublic async query(query: unknown): Promise<InsightResult[]> {\n\t\t//console.log(\"QUERY method\");\n\t\tlet filteredSections: Section[] = [];\n\t\tlet result: InsightResult[] = [];\n\t\tthis.queryingIDString = \"\"; // restart on every query;\n\t\tconst queryObj = Object(query);\n\t\ttry {\n\t\t\tconst queryKeys = Object.keys(queryObj);\n\t\t\tconst invalidKeys = queryKeys.filter((key) => !this.utils.validQueryKeys.includes(key));\n\t\t\tif (invalidKeys.length > 0) {\n\t\t\t\tthrow new InsightError(\"Excess keys in query\");\n\t\t\t}\n\t\t\t// If WHERE key exists, filter all the sections, else throw InsightError\n\t\t\tif (\"WHERE\" in queryObj) {\n\t\t\t\tfilteredSections = await this.handleWHERE(queryObj.WHERE);\n\t\t\t} else {\n\t\t\t\tthrow new InsightError(\"Query missing WHERE\");\n\t\t\t}\n\n\t\t\t// If OPTIONS key exists, collect InsightResults, else throw InsightError\n\t\t\tif (\"OPTIONS\" in queryObj) {\n\t\t\t\tresult = await this.handleOPTIONS(queryObj.OPTIONS, filteredSections);\n\t\t\t} else {\n\t\t\t\tthrow new InsightError(\"Query missing OPTIONS\");\n\t\t\t}\n\t\t\t//console.log(\"End result\");\n\t\t\t//console.log(result);\n\t\t} catch (err) {\n\t\t\tif (err instanceof InsightError || err instanceof ResultTooLargeError) {\n\t\t\t\tthrow err;\n\t\t\t}\n\t\t\tthrow new InsightError(\"Unexpected error.\");
[...]
nd":{"line":62,"column":9}}],"line":60},"20":{"loc":{"start":{"line":65,"column":12},"end":{"line":72,"column":13}},"type":"if","locations":[{"start":{"line":65,"column":12},"end":{"line":72,"column":13}},{"start":{"line":65,"column":12},"end":{"line":72,"column":13}}],"line":65},"21":{"loc":{"start":{"line":77,"column":12},"end":{"line":79,"column":13}},"type":"if","locations":[{"start":{"line":77,"column":12},"end":{"line":79,"column":13}},{"start":{"line":77,"column":12},"end":{"line":79,"column":13}}],"line":77},"22":{"loc":{"start":{"line":82,"column":8},"end":{"line":84,"column":9}},"type":"if","locations":[{"start":{"line":82,"column":8},"end":{"line":84,"column":9}},{"start":{"line":82,"column":8},"end":{"line":84,"column":9}}],"line":82},"23":{"loc":{"start":{"line":93,"column":12},"end":{"line":104,"column":13}},"type":"if","locations":[{"start":{"line":93,"column":12},"end":{"line":104,"column":13}},{"start":{"line":93,"column":12},"end":{"line":104,"column":13}}],"line":93},"24":{"loc":{"start":{"line":93,"column":16},"end":{"line":93,"column":57}},"type":"binary-expr","locations":[{"start":{"line":93,"column":16},"end":{"line":93,"column":38}},{"start":{"line":93,"column":42},"end":{"line":93,"column":57}}],"line":93},"25":{"loc":{"start":{"line":100,"column":16},"end":{"line":103,"column":17}},"type":"if","locations":[{"start":{"line":100,"column":16},"end":{"line":103,"column":17}},{"start":{"line":100,"column":16},"end":{"line":103,"column":17}}],"line":100},"26":{"loc":{"start":{"line":105,"column":12},"end":{"line":107,"column":13}},"type":"if","locations":[{"start":{"line":105,"column":12},"end":{"line":107,"column":13}},{"start":{"line":105,"column":12},"end":{"line":107,"column":13}}],"line":105},"27":{"loc":{"start":{"line":113,"column":16},"end":{"line":115,"column":17}},"type":"if","locations":[{"start":{"line":113,"column":16},"end":{"line":115,"column":17}},{"start":{"line":113,"column":16},"end":{"line":115,"column":17}}],"line":113},"28":{"loc":{"start":{"line":130,"column":12},"end":{"line":134,"column":13}},"type":"if","locations":[{"start":{"line":130,"column":12},"end":{"line":134,"column":13}},{"start":{"line":130,"column":12},"end":{"line":134,"column":13}}],"line":130}},"s":{"0":1,"1":0,"2":0,"3":0,"4":0,"5":0,"6":0,"7":0,"8":0,"9":0,"10":0,"11":1,"12":0,"13":0,"14":1,"15":1,"16":1,"17":0,"18":0,"19":0,"20":0,"21":0,"22":0,"23":0,"24":1,"25":3,"26":1,"27":1,"28":1,"29":1,"30":1,"31":1,"32":71,"33":71,"34":27,"35":27,"36":25,"37":25,"38":25,"39":25,"40":21,"41":25,"42":25,"43":25,"44":25,"45":25,"46":0,"47":25,"48":362,"49":362,"50":321,"51":321,"52":321,"53":321,"54":321,"55":25,"56":25,"57":25,"58":321,"59":240,"60":25,"61":25,"62":4,"63":21,"64":21,"65":21,"66":321,"67":321,"68":658877,"69":658877,"70":4046,"71":44506,"72":4046,"73":19030,"74":19030,"75":19030,"76":19030,"77":4046,"78":3806,"79":3806,"80":658877,"81":323851,"82":658556,"83":321,"84":321,"85":321,"86":321,"87":3806,"88":3806,"89":321,"90":21,"91":21,"92":21,"93":21,"94":21,"95":3806,"96":3806,"97":3806,"98":3806,"99":21,"100":1},"f":{"0":0,"1":0,"2":0,"3":0,"4":0,"5":1,"6":3,"7":71,"8":27,"9":25,"10":25,"11":362,"12":321,"13":321,"14":321,"15":658877,"16":44506,"17":19030,"18":19030,"19":658556,"20":321,"21":3806,"22":21,"23":21},"b":{"0":[1,1,1],"1":[1,0],"2":[0,0],"3":[0,0],"4":[0,0],"5":[0,0],"6":[0,0],"7":[0,0],"8":[1,1,1],"9":[1,0],"10":[1,1,1],"11":[1,0],"12":[1,1],"13":[0,0],"14":[0,0],"15":[0,0],"16":[1,1,1],"17":[1,2],"18":[3,3],"19":[0,25],"20":[321,41],"21":[240,81],"22":[4,21],"23":[4046,654831],"24":[658877,4046],"25":[3806,240],"26":[323851,335026],"27":[3806,0],"28":[3806,0]},"inputSourceMap":{"version":3,"file":"C:/Users/oreak/IdeaProjects/project_team059/src/controller/rooms/RoomDiskWriter.ts","sources":["C:/Users/oreak/IdeaProjects/project_team059/src/controller/rooms/RoomDiskWriter.ts"],"names":[],"mappings":";;;;;;;;;;;;;;;;;;;;;;;;;;;;AAAA,kDAA0B;AAC1B,gEAAwC;AACxC,+CAAiC;AACjC,sDAAqE;AAGrE,wDAA0B;AAE1B,MAAqB,cAAe,SAAQ,qBAAW;IAG9C,gBAAgB,GAAa;QACpC,2CAA2C;QAC3C,6CAA6C;QAC7C,8CAA8C;QAC9C,yCAAyC;KAEzC,CAAC;IACF;QACC,KAAK,EAAE,CAAC;IACT,CAAC;IAEM,KAAK,CAAC,qBAAqB,CAAC,OAAe,EAAE,EAAU,EAAE,OAA4B;QAC3F,MAAM,MAAM,GAAG,MAAM,CAAC,IAAI,CAAC,OAAO,EAAE,QAAQ,CAAC,CAAC;QAC9C,MAAM,GAAG,GAAG,MAAM,eAAK,CAAC,SAAS,CAAC,MAAM,CAAC,CAAC;QAC1C,MAAM,IAAI,CAAC,oBAAoB,CAAC,GAAG,EAAE,EAAE,EAAE,OAAO,CAAC,CAAC;IACnD,CAAC;IAGO,KAAK,CAAC,oBAAoB,CAAC,GAAU,EAAE,EAAU,EAAE,OAA4B;QACtF,IAAI,WAAW,GAA0B,IAAI,GAAG,EAAoB,CAAC;QACrE,WAAW,GAAG,MAAM,IAAI,CAAC,cAAc,CAAC,GAAG,CAAC,CAAC;QAC7C,MAAM,QAAQ,GAAG,MAAM,IAAI,CAAC,qBAAqB,CAAC,GAAG,EAAE,WAAW,EAAE,EAAE,CAAC,CAAC;QACxE,OAAO,CAAC,GAAG,CAAC,EAAE,EAAE,QAAQ,CAAC,CAAC;IAC3B,CAAC;IACS,KAAK,CAAC,qBAAqB,CAAC,GAAU,EAAE,WAAkC,EAAE,EAAU;QAC/F,MAAM,WAAW,GAAsB,EAAE,CAAC;QAC1C,MAAM,IAAI,GAAG,KAAK,CAAC,IAAI,CAAC,WAAW,CAAC,IAAI,EAAE,CAAC,CAAC;QAC5C,IAAI,OAAO,GAAG,CAAC,CAAC;QAGhB,MAAM,MAAM,GAAG,GAAG,CAAC,MAAM,CAAC,0CAA0C,CAAC,CAAC;QACtE,IAAI,CAAC,MAAM,EAAE;YACZ,MAAM,IAAI,KAAK,CAAC,8BAA8B,CAAC,CAAC;SAChD;QACD,MAAM,CAAC,OAAO,CAAC,CAAC,YAAY,EAAE,IAAI,EAAE,EAAE;YACrC,MAAM,YAAY,GAAG,YAAY,CAAC,KAAK,CAAC,GAAG,CAAC,CAAC,CAAC,CAAC,CAAC;YAEhD,IAAI,IAAI,CAAC,QAAQ,CAAC,YAAY,CAAC,EAAE;gBAGhC,MAAM,cAAc,GAAG,IAAI,CAAC,KAAK,CAAC,MAAM,CAAC,CAAC,IAAI,CAAC,KAAK,EAAE,QAAQ,EAAE,EAAE;oBACjE,MAAM,QAAQ,GAAG,MAAM,CAAC,KAAK,CAAC,QAAQ,CAAC,CAAC;oBACxC,MAAM,QAAQ,GAAa,WAAW,CAAC,GAAG,CAAC,YAAY,CAAa,CAAC;oBACrE,OAAO,IAAI,CAAC,kBAAkB,CAAC,QAAQ,EAAE,QAAQ,EAAE,EAAE,CAAC,CAAC;gBACxD,CAAC,CAAC,CAAC;gBACH,WAAW,CAAC,IAAI,CAAC,cAAc,CAAC,CAAC;aACjC;QACF,CAAC,CAAC,CAAC;QACH,MAAM,UAAU,GAAG,MAAM,OAAO,CAAC,GAAG,CAAC,WAAW,CAAC,CAAC;QAClD,MAAM,QAAQ,GAAW,EAAE,CAAC;QAC5B,UAAU,CAAC,OAAO,CAAC,CAAC,KAAK,EAAE,EAAE;YAC5B,IAAI,KAAK,CAAC,MAAM,GAAG,CAAC,EAAE;gBACrB,QAAQ,CAAC,IAAI,CAAC,GAAG,KAAK,CAAC,CAAC;aACxB;QACF,CAAC,CAAC,CAAC;QACH,OAAO,GAAG,QAAQ,CAAC,MAAM,CAAC;QAC1B,IAAI,OAAO,KAAK,CAAC,EAAE;YAClB,MAAM,IAAI,6BAAY,CAAC,gBAAgB,CAAC,CAAC;SACzC;QAED,MAAM,IAAI,CAAC,gBAAgB,CAAC,QAAQ,EAAE,EAAE,CAAC,CAAC;QAE1C,MAAM,IAAI,CAAC,wBAAwB,CAAC,EAAE,EAAE,mCAAkB,CAAC,KAAK,EAAE,OAAO,CAAC,CAAC;QAC3E,OAAO,QAAQ,CAAC;IACjB,CAAC;IAES,KAAK,CAAC,kBAAkB,CAAC,GAAQ,EAAE,QAAkB,EAAE,EAAU;QAC1E,MAAM,YAAY,GAA2B,EAAE,CAAC;QAEhD,MAAM,QAAQ,GAAG,CAAC,IAAS,EAAO,EAAE;YAEnC,MAAM,cAAc,GAAa,EAAE,CAAC;YACpC,IAAI,IAAI,CAAC,QAAQ,KAAK,IAAI,IAAI,IAAI,CAAC,UAAU,EAAE;gBAE9C,MAAM,OAAO,GAAG,IAAI,CAAC,UAAU,CAAC,MAAM,CAAC,CAAC,KAAU,EAAE,EAAE,CAAC,KAAK,CAAC,QAAQ,KAAK,IAAI,CAAC,CAAC;gBAIhF,OAAO,CAAC,OAAO,CAAC,CAAC,MAAW,EAAE,EAAE;oBAC/B,MAAM,SAAS,GAAG,MAAM,CAAC,KAAK,CAAC,IAAI,CAAC,CAAC,IAAS,EAAE,EAAE,CAAC,IAAI,CAAC,IAAI,KAAK,OAAO,CAAC,CAAC;oBAE1E,MAAM,SAAS,GAAG,SAAS,CAAC,KAAK,CAAC;oBAClC,cAAc,CAAC,IAAI,CAAC,SAAS,CAAC,CAAC;gBAChC,CAAC,CAAC,CAAC;gBAIH,IAAI,IAAI,CAAC,iBAAiB,CAAC,IAAI,CAAC,gBAAgB,EAAE,cAAc,CAAC,EAAE;oBAClE,MAAM,OAAO,GAAG,IAAI,CAAC,aAAa,CAAC,OAAO,EAAE,QAAQ,EAAE,EAAE,CAAC,CAAC;oBAC1D,YAAY,CAAC,IAAI,CAAC,OAAO,CAAC,CAAC;iBAC3B;aACD;YAGD,IAAI,IAAI,CAAC,UAAU,EAAE;gBACpB,IAAI,CAAC,UAAU,CAAC,OAAO,CAAC,CAAC,KAAU,EAAE,EAAE,CAAC,QAAQ,CAAC,KAAK,CAAC,CAAC,CAAC;aACzD;QACF,CAAC,CAAC;QAEF,QAAQ,CAAC,GAAG,CAAC,CAAC;QACd,MAAM,KAAK,GAAW,EAAE,CAAC;QACzB,OAAO,OAAO,CAAC,GAAG,CAAC,YAAY,CAAC,CAAC,IAAI,CAAC,CAAC,OAAO,EAAE,EAAE;YACjD,OAAO,CAAC,OAAO,CAAC,CAAC,IAAI,EAAE,EAAE;gBACxB,IAAI,IAAI,EAAE;oBACT,KAAK,CAAC,IAAI,CAAC,IAAI,CAAC,CAAC;iBACjB;YACF,CAAC,CAAC,CAAC;YAEH,OAAO,KAAK,CAAC;QACd,CAAC,CAAC,CAAC;IACJ,CAAC;IAGM,KAAK,CAAC,wBAAwB,CAAC,EAAU,EAAE,IAAwB,EAAE,OAAe;QAC1F,MAAM,GAAG,GAAG;YACX,KAAK,EAAE,CAAC,EAAE,EAAE,EAAE,IAAI,EAAE,OAAO,EAAE,CAAC;SAC9B,CAAC;QAEF,MAAM,IAAI,GAAG,IAAI,CAAC,SAAS,CAAC,GAAG,CAAC,CAAC;QACjC,MAAM,kBAAE,CAAC,UAAU,CAAC,UAAU,EAAE,OAAO,EAAE,IAAI,CAAC,CAAC;IAChD,CAAC;IAES,KAAK,CAAC,gBAAgB,CAAC,KAAa,EAAE,EAAU;QACzD,MAAM,gBAAgB,GAAG,EAAE,CAAC;QAC5B,KAAK,MAAM,IAAI,IAAI,KAAK,EAAE;YACzB,IAAI,IAAI,EAAE;gBACT,MAAM,QAAQ,GAAG,IAAI,CAAC,aAAa,EAAE,CAAC;gBAEtC,MAAM,QAAQ,GAAG,kBAAE,CAAC,UAAU,CAAC,UAAU,EAAE,UAAU,IAAI,CAAC,UAAU,EAAE,CAAC,IAAI,OAAO,EAAE,QAAQ,CAAC,CAAC;gBAC9F,gBAAgB,CAAC,IAAI,CAAC,QAAQ,CAAC,CAAC;aAChC;SACD;QACD,MAAM,OAAO,CAAC,GAAG,CAAC,gBAAgB,CAAC,CAAC;IACrC,CAAC;CACD;AAzID,iCAyIC","sourcesContent":["import JSZip from \"jszip\";\nimport RoomsParser from \"./RoomsParser\";\nimport * as parse5 from \"parse5\";\nimport { InsightDatasetKind, InsightError } from \"../IInsightFacade\";\nimport Building from \"./Building\";\nimport Room from \"./Room\";\nimport fs from \"fs-extra\";\n\nexport default class RoomDiskWriter extends RoomsParser {\n\t//Every SectionDiskWriter needs to be able to parse sections using SectionsParser\n\n\tprivate roomTdClassNames: string[] = [\n\t\t\"views-field views-field-field-room-number\",\n\t\t\"views-field views-field-field-room-capacity\",\n\t\t\"views-field views-field-field-room-furniture\",\n\t\t\"views-field views-field-field-room-type\",\n\t\t//\"views-field views-field-nothing\",\n\t];\n\tconstructor() {\n\t\tsuper();\n\t}\n\n\tpublic async logRoomsDatasetOnDisk(content: string, id: string, roomMap: Map<string, Room[]>): Promise<void> {\n\t\tconst buffer = Buffer.from(content, \"base64\");\n\t\tconst zip = await JSZip.loadAsync(buffer);\n\t\tawait this.logRoomDatasetAndMap(zip, id, roomMap);\n\t}\n\n\t// writes room dataset info onto disk\n\tprivate async logRoomDatasetAndMap(zip: JSZip, id: string, roomMap: Map<string, Room[]>): Promise<void> {\n\t\tlet buildingMap: Map<string, Building> = new Map<string, Building>();\n\t\tbuildingMap = await this.parseIndexFile(zip);\n\t\tconst newRooms = await this.logAllRoomFilesOnDisk(zip, buildingMap, id);\n\t\troomMap.set(id, newRooms);\n\t}\n\tprotected async logAllRoomFilesOnDisk(zip: JSZip, buildingMap: Map<string, Building>, id: string): Promise<Room[]> {\n\t\tconst allPromises: Promise<Room[]>[] = [];\n\t\tconst dirs = Array.from(buildingMap.keys());\n\t\tlet numRows = 0;\n\t\t//console.log(dirs)\n\n\t\tconst folder = zip.folder(\"campus/discover/buildings-and-classrooms\");\n\t\tif (!folder) {\n\t\t\tthrow new Error(\"Folder not found in zip file\");\n\t\t}\n\t\tfolder.forEach((relativePath, file) => {\n\t\t\tconst buildingCode = relativePath.split(\".\")[0]; // Extract dir or file name\n\t\t\t//console.log(buildingCode)\n\t\t\tif (dirs.includes(buildingCode)) {\n\t\t\t\t//console.log(\"File object:\", file);\n\n\t\t\t\tconst promiseContent = file.async(\"text\").then(async (content0) => {\n\t\t\t\t\tconst document = parse5.parse(content0);\n\t\t\t\t\tconst building: Building = buildingMap.get(buildingCode) as Building;\n\t\t\t\t\treturn this.findTdElemsOfRooms(document, building, id);\n\t\t\t\t});\n\t\t\t\tallPromises.push(promiseContent);\n\t\t\t}\n\t\t});\n\t\tconst roomArrays = await Promise.all(allPromises);\n\t\tconst allRooms: Room[] = [];\n\t\troomArrays.forEach((rooms) => {\n\t\t\tif (rooms.length > 0) {\n\t\t\t\tallRooms.push(...rooms);\n\t\t\t}\n\t\t});\n\t\tnumRows = allRooms.length;\n\t\tif (numRows === 0) {\n\t\t\tthrow new InsightError(\"No valid rooms\");\n\t\t}\n\t\t//console.log(numRows)\n\t\tawait this.storeRoomsOnDisk(allRooms, id);\n\n\t\tawait this.logRoomInsightKindToDisk(id, InsightDatasetKind.Rooms, numRows);\n\t\treturn allRooms;\n\t}\n\n\tprotected async findTdElemsOfRooms(doc: any, building: Building, id: string): Promise<Room[]> {\n\t\tconst roomPromises: Promise<Room | null>[] = [];\n\t\t//  traverse the parsed tree\n\t\tconst traverse = (node: any): any => {\n\t\t\t// check if the current node is a <tr> element\n\t\t\tconst currClassNames: string[] = [];\n\t\t\tif (node.nodeName === \"tr\" && node.childNodes) {\n\t\t\t\t// Gather all <td> elements within this <tr>\n\t\t\t\tconst tdElems = node.childNodes.filter((child: any) => child.nodeName === \"td\");\n\t\t\t\t//console.log(tdElems)\n\n\t\t\t\t// Process each <td> element\n\t\t\t\ttdElems.forEach((tdElem: any) => {\n\t\t\t\t\tconst classAttr = tdElem.attrs.find((attr: any) => attr.name === \"class\");\n\t\t\t\t\t//console.log(classAttr)\n\t\t\t\t\tconst classList = classAttr.value;\n\t\t\t\t\tcurrClassNames.push(classList);\n\t\t\t\t});\n\n\t\t\t\t//console.log(\"classNames: \", classNames)\n\t\t\t\t//console.log(\"currClassNames: \", currClassNames)\n\t\t\t\tif (this.compareClassNames(this.roomTdClassNames, currClassNames)) {\n\t\t\t\t\tconst newRoom = this.parseRoomInfo(tdElems, building, id);\n\t\t\t\t\troomPromises.push(newRoom);\n\t\t\t\t}\n\t\t\t}\n\n\t\t\t// Recursively traverse child nodes\n\t\t\tif (node.childNodes) {\n\t\t\t\tnode.childNodes.forEach((child: any) => traverse(child));\n\t\t\t}\n\t\t};\n\n\t\ttraverse(doc); // Start traversing from the root document\n\t\tconst rooms: Room[] = [];\n\t\treturn Promise.all(roomPromises).then((results) => {\n\t\t\tresults.forEach((room) => {\n\t\t\t\tif (room) {\n\t\t\t\t\trooms.push(room);\n\t\t\t\t}\n\t\t\t});\n\t\t\t//console.log(rooms.length)\n\t\t\treturn rooms;\n\t\t});\n\t}\n\n\t// Writes InsightDataset info about a dataset\n\tpublic async logRoomInsightKindToDisk(id: string, kind: InsightDatasetKind, numRows: number): Promise<void> {\n\t\tconst obj = {\n\t\t\ttable: [{ id, kind, numRows }],\n\t\t};\n\t\t//obj.table.push({id: id, kind: kind, numRows: numRows} as never);\n\t\tconst json = JSON.stringify(obj);\n\t\tawait fs.outputFile(`./data/${id}/kind`, json);\n\t}\n\n\tprotected async storeRoomsOnDisk(rooms: Room[], id: string): Promise<void> {\n\t\tconst allRoomsPromises = [];\n\t\tfor (const room of rooms) {\n\t\t\tif (room) {\n\t\t\t\tconst jsonData = room.convertToJSON();\n\t\t\t\t//console.log(jsonData)\n\t\t\t\tconst roomData = fs.outputJson(`./data/${id}/rooms/${room.getSfields().name}.json`, jsonData);\n\t\t\t\tallRoomsPromises.push(roomData);\n\t\t\t}\n\t\t}\n\t\tawait Promise.all(allRoomsPromises);\n\t}\n}\n"]},"_coverageSchema":"1a1c01bbd47fc00a2c39e90264f33305004495a9","hash":"b9340a630a952d59d28ad2aa77d757f579d5a605","contentHash":"d9e3a68360e705f9df80d28e028b03200dae57d4f3c952f2865410189f01b3a0"},"C:\\Users\\oreak\\IdeaProjects\\project_team059\\src\\controller\\sections\\addSectionDataset.ts":{"path":"C:\\Users\\oreak\\IdeaProjects\\project_team059\\src\\controller\\sections\\addSectionDataset.ts","statementMap":{"0":{"start":{"line":2,"column":22},"end":{"line":4,"column":1}},"1":{"start":{"line":3,"column":4},"end":{"line":3,"column":62}},"2":{"start":{"line":5,"column":0},"end":{"line":5,"column":62}},"3":{"start":{"line":6,"column":33},"end":{"line":6,"column":86}},"4":{"start":{"line":7,"column":28},"end":{"line":7,"column":75}},"5":{"start":{"line":8,"column":28},"end":{"line":8,"column":75}},"6":{"start":{"line":9,"column":19},"end":{"line":9,"column":55}},"7":{"start":{"line":10,"column":25},"end":{"line":10,"column":53}},"8":{"start":{"line":16,"column":8},"end":{"line":16,"column":57}},"9":{"start":{"line":17,"column":8},"end":{"line":17,"column":63}},"10":{"start":{"line":18,"column":8},"end":{"line":18,"column":63}},"11":{"start":{"line":21,"column":8},"end":{"line":33,"column":9}},"12":{"start":{"line":22,"column":12},"end":{"line":22,"column":50}},"13":{"start":{"line":23,"column":12},"end":{"line":23,"column":75}},"14":{"start":{"line":24,"column":12},"end":{"line":24,"column":86}},"15":{"start":{"line":25,"column":12},"end":{"line":25,"column":102}},"16":{"start":{"line":26,"column":12},"end":{"line":26,"column":56}},"17":{"start":{"line":29,"column":12},"end":{"line":31,"column":13}},"18":{"start":{"line":30,"column":16},"end":{"line":30,"column":26}},"19":{"start":{"line":32,"column":12},"end":{"line":32,"column":92}},"20":{"start":{"line":36,"column":0},"end":{"line":36,"column":36}}},"fnMap":{"0":{"name":"(anonymous_0)","decl":{"start":{"line":2,"column":56},"end":{"line":2,"column":57}},"loc":{"start":{"line":2,"column":71},"end":{"line":4,"column":1}},"line":2},"1":{"name":"(anonymous_1)","decl":{"start":{"line":15,"column":4},"end":{"line":15,"column":5}},"loc":{"start":{"line":15,"column":18},"end":{"line":19,"column":5}},"line":15},"2":{"name":"(anonymous_2)","decl":{"start":{"line":20,"column":4},"end":{"line":20,"column":5}},"loc":{"start":{"line":20,"column":58},"end":{"line":34,"column":5}},"line":20}},"branchMap":{"0":{"loc":{"start":{"line":2,"column":22},"end":{"line":4,"column":1}},"type":"binary-expr","locations":[{"start":{"line":2,"column":23},"end":{"line":2,"column":27}},{"start":{"line":2,"column":31},"end":{"line":2,"column":51}},{"start":{"line":2,"column":56},"end":{"line":4,"column":1}}],"line":2},"1":{"loc":{"start":{"line":3,"column":11},"end":{"line":3,"column":61}},"type":"cond-expr","locations":[{"start":{"line":3,"column":37},"end":{"line":3,"column":40}},{"start":{"line":3,"column":43},"end":{"line":3,"column":61}}],"line":3},"2":{"loc":{"start":{"line":3,"column":12},"end":{"line":3,"column":33}},"type":"binary-expr","locations":[{"start":{"line":3,"column":12},"end":{"line":3,"column":15}},{"start":{"line":3,"column":19},"end":{"line":3,"column":33}}],"line":3},"3":{"loc":{"start":{"line":29,"column":12},"end":{"line":31,"column":13}},"type":"if","locations":[{"start":{"line":29,"column":12},"end":{"line":31,"column":13}},{"start":{"line":29,"column":12},"end":{"line":31,"column":13}}],"line":29}},"s":{"0":1,"1":4,"2":1,"3":1,"4":1,"5":1,"6":1,"7":1,"8":71,"9":71,"10":71,"11":41,"12":41,"13":41,"14":38,"15":34,"16":34,"17":7,"18":1,"19":6,"20":1},"f":{"0":4,"1":71,"2":41},"b":{"0":[1,1,1],"1":[3,1],"2":[4,4],"3":[1,6]},"inputSourceMap":{"version":3,"file":"C:/Users/oreak/IdeaProjects/project_team059/src/controller/sections/addSectionDataset.ts","sources":["C:/Users/oreak/IdeaProjects/project_team059/src/controller/sections/addSectionDataset.ts"],"names":[],"mappings":";;;;;AAAA,uFAA+D;AAC/D,4EAAoD;AACpD,4EAAoD;AACpD,wDAA0B;AAE1B,sDAAqE;AAErE,MAAqB,iBAAiB;IAC7B,EAAE,CAAyB;IAC3B,aAAa,CAAoB;IACjC,aAAa,CAAoB;IAEzC;QACC,IAAI,CAAC,EAAE,GAAG,IAAI,gCAAsB,EAAE,CAAC;QACvC,IAAI,CAAC,aAAa,GAAG,IAAI,2BAAiB,EAAE,CAAC;QAC7C,IAAI,CAAC,aAAa,GAAG,IAAI,2BAAiB,EAAE,CAAC;IAC9C,CAAC;IAEM,KAAK,CAAC,UAAU,CACtB,EAAU,EACV,gBAAwC,EACxC,OAAe,EACf,IAAwB;QAExB,IAAI;YACH,MAAM,IAAI,CAAC,EAAE,CAAC,mBAAmB,CAAC,EAAE,CAAC,CAAC;YACtC,MAAM,IAAI,CAAC,aAAa,CAAC,wBAAwB,CAAC,OAAO,EAAE,EAAE,CAAC,CAAC;YAC/D,MAAM,IAAI,CAAC,aAAa,CAAC,0BAA0B,CAAC,EAAE,EAAE,gBAAgB,CAAC,CAAC;YAC1E,MAAM,IAAI,CAAC,aAAa,CAAC,oBAAoB,CAAC,EAAE,EAAE,IAAI,EAAE,gBAAgB,CAAC,GAAG,CAAC,EAAE,CAAC,EAAE,MAAgB,CAAC,CAAC;YAEpG,OAAO,kBAAE,CAAC,OAAO,CAAC,QAAQ,CAAC,CAAC;SAC5B;QAAC,OAAO,GAAG,EAAE;YACb,IAAI,GAAG,YAAY,6BAAY,EAAE;gBAChC,MAAM,GAAG,CAAC;aACV;YACD,MAAM,IAAI,6BAAY,CAAC,iCAAiC,GAAG,EAAE,CAAC,CAAC;SAC/D;IACF,CAAC;CACD;AA/BD,oCA+BC","sourcesContent":["import DatasetValidatorHelper from \"../DatasetValidatorHelper\";\nimport SectionDiskReader from \"./SectionDiskReader\";\nimport SectionDiskWriter from \"./SectionDiskWriter\";\nimport fs from \"fs-extra\";\nimport Section from \"./Section\";\nimport { InsightDatasetKind, InsightError } from \"../IInsightFacade\";\n\nexport default class AddSectionDataset {\n\tprivate sv: DatasetValidatorHelper;\n\tprivate secDiskReader: SectionDiskReader;\n\tprivate secDiskWriter: SectionDiskWriter;\n\n\tconstructor() {\n\t\tthis.sv = new DatasetValidatorHelper();\n\t\tthis.secDiskReader = new SectionDiskReader();\n\t\tthis.secDiskWriter = new SectionDiskWriter();\n\t}\n\n\tpublic async addCourses(\n\t\tid: string,\n\t\tsectionsDatabase: Map<string, Section[]>,\n\t\tcontent: string,\n\t\tkind: InsightDatasetKind\n\t): Promise<string[]> {\n\t\ttry {\n\t\t\tawait this.sv.validateIdStructure(id);\n\t\t\tawait this.secDiskWriter.logSectionsDatasetOnDisk(content, id);\n\t\t\tawait this.secDiskReader.logNewDatasetFromDiskToMap(id, sectionsDatabase);\n\t\t\tawait this.secDiskWriter.logInsightKindToDisk(id, kind, sectionsDatabase.get(id)?.length as number);\n\n\t\t\treturn fs.readdir(\"./data\");\n\t\t} catch (err) {\n\t\t\tif (err instanceof InsightError) {\n\t\t\t\tthrow err;\n\t\t\t}\n\t\t\tthrow new InsightError(`An unexpected error occurred: ${err}`);\n\t\t}\n\t}\n}\n"]},"_coverageSchema":"1a1c01bbd47fc00a2c39e90264f33305004495a9","hash":"780ae8f954039787215d60121a06e4b1f93c94f6","contentHash":"75da7d289eff6ff79d74a83c5b562a85034d712f58747c420830b242ddf39206"}}