{"C:\\Users\\oreak\\IdeaProjects\\project_team059\\src\\controller\\IInsightFacade.ts":{"path":"C:\\Users\\oreak\\IdeaProjects\\project_team059\\src\\controller\\IInsightFacade.ts","statementMap":{"0":{"start":{"line":2,"column":0},"end":{"line":2,"column":62}},"1":{"start":{"line":3,"column":0},"end":{"line":3,"column":113}},"2":{"start":{"line":5,"column":0},"end":{"line":8,"column":89}},"3":{"start":{"line":6,"column":4},"end":{"line":6,"column":48}},"4":{"start":{"line":7,"column":4},"end":{"line":7,"column":42}},"5":{"start":{"line":11,"column":8},"end":{"line":11,"column":23}},"6":{"start":{"line":12,"column":8},"end":{"line":12,"column":52}},"7":{"start":{"line":15,"column":0},"end":{"line":15,"column":36}},"8":{"start":{"line":18,"column":8},"end":{"line":18,"column":23}},"9":{"start":{"line":19,"column":8},"end":{"line":19,"column":53}},"10":{"start":{"line":22,"column":0},"end":{"line":22,"column":38}},"11":{"start":{"line":25,"column":8},"end":{"line":25,"column":23}},"12":{"start":{"line":26,"column":8},"end":{"line":26,"column":59}},"13":{"start":{"line":29,"column":0},"end":{"line":29,"column":50}}},"fnMap":{"0":{"name":"(anonymous_0)","decl":{"start":{"line":5,"column":1},"end":{"line":5,"column":2}},"loc":{"start":{"line":5,"column":31},"end":{"line":8,"column":1}},"line":5},"1":{"name":"(anonymous_1)","decl":{"start":{"line":10,"column":4},"end":{"line":10,"column":5}},"loc":{"start":{"line":10,"column":25},"end":{"line":13,"column":5}},"line":10},"2":{"name":"(anonymous_2)","decl":{"start":{"line":17,"column":4},"end":{"line":17,"column":5}},"loc":{"start":{"line":17,"column":25},"end":{"line":20,"column":5}},"line":17},"3":{"name":"(anonymous_3)","decl":{"start":{"line":24,"column":4},"end":{"line":24,"column":5}},"loc":{"start":{"line":24,"column":25},"end":{"line":27,"column":5}},"line":24}},"branchMap":{"0":{"loc":{"start":{"line":8,"column":24},"end":{"line":8,"column":87}},"type":"binary-expr","locations":[{"start":{"line":8,"column":24},"end":{"line":8,"column":50}},{"start":{"line":8,"column":55},"end":{"line":8,"column":86}}],"line":8}},"s":{"0":1,"1":1,"2":1,"3":1,"4":1,"5":134,"6":134,"7":1,"8":12,"9":12,"10":1,"11":3,"12":3,"13":1},"f":{"0":1,"1":134,"2":12,"3":3},"b":{"0":[1,1]},"inputSourceMap":{"version":3,"file":"C:/Users/oreak/IdeaProjects/project_team059/src/controller/IInsightFacade.ts","sources":["C:/Users/oreak/IdeaProjects/project_team059/src/controller/IInsightFacade.ts"],"names":[],"mappings":";;;AAMA,IAAY,kBAGX;AAHD,WAAY,kBAAkB;IAC7B,2CAAqB,CAAA;IACrB,qCAAe,CAAA;AAChB,CAAC,EAHW,kBAAkB,GAAlB,0BAAkB,KAAlB,0BAAkB,QAG7B;AAUD,MAAa,YAAa,SAAQ,KAAK;IACtC,YAAY,OAAgB;QAC3B,KAAK,CAAC,OAAO,CAAC,CAAC;QACf,KAAK,CAAC,iBAAiB,CAAC,IAAI,EAAE,YAAY,CAAC,CAAC;IAC7C,CAAC;CACD;AALD,oCAKC;AAED,MAAa,aAAc,SAAQ,KAAK;IACvC,YAAY,OAAgB;QAC3B,KAAK,CAAC,OAAO,CAAC,CAAC;QACf,KAAK,CAAC,iBAAiB,CAAC,IAAI,EAAE,aAAa,CAAC,CAAC;IAC9C,CAAC;CACD;AALD,sCAKC;AAED,MAAa,mBAAoB,SAAQ,KAAK;IAC7C,YAAY,OAAgB;QAC3B,KAAK,CAAC,OAAO,CAAC,CAAC;QACf,KAAK,CAAC,iBAAiB,CAAC,IAAI,EAAE,mBAAmB,CAAC,CAAC;IACpD,CAAC;CACD;AALD,kDAKC","sourcesContent":["/*\n * This is the primary high-level API for the project. In this folder there should be:\n * A class called InsightFacade, this should be in a file called InsightFacade.ts.\n * You should not change this interface at all or the test suite will not work.\n */\n\nexport enum InsightDatasetKind {\n\tSections = \"sections\",\n\tRooms = \"rooms\",\n}\n\nexport interface InsightDataset {\n\tid: string;\n\tkind: InsightDatasetKind;\n\tnumRows: number;\n}\n\nexport type InsightResult = Record<string, string | number>;\n\nexport class InsightError extends Error {\n\tconstructor(message?: string) {\n\t\tsuper(message);\n\t\tError.captureStackTrace(this, InsightError);\n\t}\n}\n\nexport class NotFoundError extends Error {\n\tconstructor(message?: string) {\n\t\tsuper(message);\n\t\tError.captureStackTrace(this, NotFoundError);\n\t}\n}\n\nexport class ResultTooLargeError extends Error {\n\tconstructor(message?: string) {\n\t\tsuper(message);\n\t\tError.captureStackTrace(this, ResultTooLargeError);\n\t}\n}\n\nexport interface IInsightFacade {\n\t/**\n\t * Add a dataset to insightUBC.\n\t *\n\t * @param id  The id of the dataset being added. Follows the format /^[^_]+$/\n\t * @param content  The base64 content of the dataset. This content should be in the form of a serialized zip file.\n\t * @param kind  The kind of the dataset\n\t *\n\t * @return Promise <string[]>\n\t *\n\t * The promise should fulfill on a successful add, reject for any failures.\n\t * The promise should fulfill with a string array,\n\t * containing the ids of all currently added datasets upon a successful add.\n\t * The promise should reject with an InsightError describing the error.\n\t *\n\t * An id is invalid if it contains an underscore, or is only whitespace characters.\n\t * If id is the same as the id of an already added dataset, the dataset should be rejected and not saved.\n\t *\n\t * After receiving the dataset, it should be processed into a data structure of\n\t * your design. The processed data structure should be persisted to disk; your\n\t * system should be able to load this persisted value into memory for answering\n\t * queries.\n\t *\n\t * Ultimately, a dataset must be added or loaded from disk before queries can\n\t * be successfully answered.\n\t */\n\taddDataset(id: string, content: string, kind: InsightDatasetKind): Promise<string[]>;\n\n\t/**\n\t * Remove a dataset from insightUBC.\n\t *\n\t * @param id  The id of the dataset to remove. Follows the format /^[^_]+$/\n\t *\n\t * @return Promise <string>\n\t *\n\t * The promise should fulfill upon a successful removal, reject on any error.\n\t * Attempting to remove a dataset that hasn't been added yet counts as an error.\n\t *\n\t * An id is invalid if it contains an underscore, or is only whitespace characters.\n\t *\n\t * The promise should fulfill the id of the dataset that was removed.\n\t * The promise should reject with a NotFoundError (if a valid id was not yet added)\n\t * or an InsightError (invalid id or any other source of failure) describing the error.\n\t *\n\t * This will delete both disk and memory caches for the dataset for the id meaning\n\t * that subsequent queries for that id should fail unless a new addDataset happens first.\n\t */\n\tremoveDataset(id: string): Promise<string>;\n\n\t/**\n\t * Perform a query on insightUBC.\n\t *\n\t * @param query  The query to be performed.\n\t *\n\t * If a query is incorrectly formatted, references a dataset not added (in memory or on disk),\n\t * or references multiple datasets, it should be rejected.\n\t *\n\t * @return Promise <InsightResult[]>\n\t *\n\t * The promise should fulfill with an array of results.\n\t * The promise should reject with a ResultTooLargeError (if the query returns too many results)\n\t * or an InsightError (for any other source of failure) describing the error.\n\t */\n\tperformQuery(query: unknown): Promise<InsightResult[]>;\n\n\t/**\n\t * List all currently added datasets, their types, and number of rows.\n\t *\n\t * @return Promise <InsightDataset[]>\n\t * The promise should fulfill an array of currently added InsightDatasets, and will only fulfill.\n\t */\n\tlistDatasets(): Promise<InsightDataset[]>;\n}\n"]},"_coverageSchema":"1a1c01bbd47fc00a2c39e90264f33305004495a9","hash":"186ddd2fc7343cd12beec612c136f070d466131b","contentHash":"a045d6d31dd997dd4f77a7f25da641624640ff1720c7fdd25a55b002d5bb632c"},"C:\\Users\\oreak\\IdeaProjects\\project_team059\\src\\controller\\InsightFacade.ts":{"path":"C:\\Users\\oreak\\IdeaProjects\\project_team059\\src\\controller\\InsightFacade.ts","statementMap":{"0":{"start":{"line":2,"column":22},"end":{"line":4,"column":1}},"1":{"start":{"line":3,"column":4},"end":{"line":3,"column":62}},"2":{"start":{"line":5,"column":0},"end":{"line":5,"column":62}},"3":{"start":{"line":6,"column":25},"end":{"line":6,"column":52}},"4":{"start":{"line":7,"column":19},"end":{"line":7,"column":55}},"5":{"start":{"line":8,"column":33},"end":{"line":8,"column":85}},"6":{"start":{"line":9,"column":22},"end":{"line":9,"column":63}},"7":{"start":{"line":10,"column":28},"end":{"line":10,"column":84}},"8":{"start":{"line":11,"column":28},"end":{"line":11,"column":84}},"9":{"start":{"line":12,"column":25},"end":{"line":12,"column":75}},"10":{"start":{"line":13,"column":25},"end":{"line":13,"column":75}},"11":{"start":{"line":14,"column":28},"end":{"line":14,"column":84}},"12":{"start":{"line":26,"column":8},"end":{"line":26,"column":42}},"13":{"start":{"line":27,"column":8},"end":{"line":27,"column":39}},"14":{"start":{"line":28,"column":8},"end":{"line":28,"column":77}},"15":{"start":{"line":29,"column":8},"end":{"line":29,"column":87}},"16":{"start":{"line":30,"column":8},"end":{"line":30,"column":63}},"17":{"start":{"line":31,"column":8},"end":{"line":31,"column":63}},"18":{"start":{"line":32,"column":8},"end":{"line":32,"column":61}},"19":{"start":{"line":33,"column":8},"end":{"line":33,"column":61}},"20":{"start":{"line":34,"column":8},"end":{"line":34,"column":63}},"21":{"start":{"line":37,"column":8},"end":{"line":53,"column":9}},"22":{"start":{"line":38,"column":12},"end":{"line":38,"column":70}},"23":{"start":{"line":39,"column":12},"end":{"line":39,"column":117}},"24":{"start":{"line":40,"column":12},"end":{"line":46,"column":13}},"25":{"start":{"line":41,"column":16},"end":{"line":41,"column":95}},"26":{"start":{"line":44,"column":16},"end":{"line":44,"column":97}},"27":{"start":{"line":45,"column":16},"end":{"line":45,"column":60}},"28":{"start":{"line":49,"column":12},"end":{"line":51,"column":13}},"29":{"start":{"line":50,"column":16},"end":{"line":50,"column":26}},"30":{"start":{"line":52,"column":12},"end":{"line":52,"column":92}},"31":{"start":{"line":56,"column":8},"end":{"line":79,"column":9}},"32":{"start":{"line":57,"column":12},"end":{"line":57,"column":70}},"33":{"start":{"line":58,"column":32},"end":{"line":58,"column":46}},"34":{"start":{"line":59,"column":12},"end":{"line":61,"column":13}},"35":{"start":{"line":60,"column":16},"end":{"line":60,"column":93}},"36":{"start":{"line":62,"column":12},"end":{"line":67,"column":13}},"37":{"start":{"line":63,"column":16},"end":{"line":63,"column":49}},"38":{"start":{"line":66,"column":16},"end":{"line":66,"column":46}},"39":{"start":{"line":68,"column":12},"end":{"line":68,"column":60}},"40":{"start":{"line":69,"column":12},"end":{"line":69,"column":22}},"41":{"start":{"line":72,"column":12},"end":{"line":74,"column":13}},"42":{"start":{"line":73,"column":16},"end":{"line":73,"column":60}},"43":{"start":{"line":75,"column":12},"end":{"line":77,"column":13}},"44":{"start":{"line":76,"column":16},"end":{"line":76,"column":70}},"45":{"start":{"line":78,"column":12},"end":{"line":78,"column":99}},"46":{"start":{"line":82,"column":21},"end":{"line":82,"column":23}},"47":{"start":{"line":83,"column":8},"end":{"line":101,"column":9}},"48":{"start":{"line":84,"column":28},"end":{"line":84,"column":70}},"49":{"start":{"line":85,"column":30},"end":{"line":85,"column":97}},"50":{"start":{"line":86,"column":12},"end":{"line":91,"column":13}},"51":{"start":{"line":87,"column":29},"end":{"line":87,"column":47}},"52":{"start":{"line":88,"column":29},"end":{"line":88,"column":44}},"53":{"start":{"line":89,"column":16},"end":{"line":89,"column":113}},"54":{"start":{"line":90,"column":16},"end":{"line":90,"column":105}},"55":{"start":{"line":92,"column":12},"end":{"line":92,"column":91}},"56":{"start":{"line":95,"column":12},"end":{"line":100,"column":13}},"57":{"start":{"line":96,"column":16},"end":{"line":96,"column":26}},"58":{"start":{"line":99,"column":16},"end":{"line":99,"column":77}},"59":{"start":{"line":102,"column":8},"end":{"line":102,"column":22}},"60":{"start":{"line":105,"column":24},"end":{"line":105,"column":66}},"61":{"start":{"line":106,"column":8},"end":{"line":106,"column":66}},"62":{"start":{"line":109,"column":0},"end":{"line":109,"column":32}}},"fnMap":{"0":{"name":"(anonymous_0)","decl":{"start":{"line":2,"column":56},"end":{"line":2,"column":57}},"loc":{"start":{"line":2,"column":71},"end":{"line":4,"column":1}},"line":2},"1":{"name":"(anonymous_1)","decl":{"start":{"line":25,"column":4},"end":{"line":25,"column":5}},"loc":{"start":{"line":25,"column":18},"end":{"line":35,"column":5}},"line":25},"2":{"name":"(anonymous_2)","decl":{"start":{"line":36,"column":4},"end":{"line":36,"column":5}},"loc":{"start":{"line":36,"column":40},"end":{"line":54,"column":5}},"line":36},"3":{"name":"(anonymous_3)","decl":{"start":{"line":55,"column":4},"end":{"line":55,"column":5}},"loc":{"start":{"line":55,"column":28},"end":{"line":80,"column":5}},"line":55},"4":{"name":"(anonymous_4)","decl":{"start":{"line":81,"column":4},"end":{"line":81,"column":5}},"loc":{"start":{"line":81,"column":30},"end":{"line":103,"column":5}},"line":81},"5":{"name":"(anonymous_5)","decl":{"start":{"line":104,"column":4},"end":{"line":104,"column":5}},"loc":{"start":{"line":104,"column":25},"end":{"line":107,"column":5}},"line":104}},"branchMap":{"0":{"loc":{"start":{"line":2,"column":22},"end":{"line":4,"column":1}},"type":"binary-expr","locations":[{"start":{"line":2,"column":23},"end":{"line":2,"column":27}},{"start":{"line":2,"column":31},"end":{"line":2,"column":51}},{"start":{"line":2,"column":56},"end":{"line":4,"column":1}}],"line":2},"1":{"loc":{"start":{"line":3,"column":11},"end":{"line":3,"column":61}},"type":"cond-expr","locations":[{"start":{"line":3,"column":37},"end":{"line":3,"column":40}},{"start":{"line":3,"column":43},"end":{"line":3,"column":61}}],"line":3},"2":{"loc":{"start":{"line":3,"column":12},"end":{"line":3,"column":33}},"type":"binary-expr","locations":[{"start":{"line":3,"column":12},"end":{"line":3,"column":15}},{"start":{"line":3,"column":19},"end":{"line":3,"column":33}}],"line":3},"3":{"loc":{"start":{"line":40,"column":12},"end":{"line":46,"column":13}},"type":"if","locations":[{"start":{"line":40,"column":12},"end":{"line":46,"column":13}},{"start":{"line":40,"column":12},"end":{"line":46,"column":13}}],"line":40},"4":{"loc":{"start":{"line":49,"column":12},"end":{"line":51,"column":13}},"type":"if","locations":[{"start":{"line":49,"column":12},"end":{"line":51,"column":13}},{"start":{"line":49,"column":12},"end":{"line":51,"column":13}}],"line":49},"5":{"loc":{"start":{"line":59,"column":12},"end":{"line":61,"column":13}},"type":"if","locations":[{"start":{"line":59,"column":12},"end":{"line":61,"column":13}},{"start":{"line":59,"column":12},"end":{"line":61,"column":13}}],"line":59},"6":{"loc":{"start":{"line":62,"column":12},"end":{"line":67,"column":13}},"type":"if","locations":[{"start":{"line":62,"column":12},"end":{"line":67,"column":13}},{"start":{"line":62,"column":12},"end":{"line":67,"column":13}}],"line":62},"7":{"loc":{"start":{"line":72,"column":12},"end":{"line":74,"column":13}},"type":"if","locations":[{"start":{"line":72,"column":12},"end":{"line":74,"column":13}},{"start":{"line":72,"column":12},"end":{"line":74,"column":13}}],"line":72},"8":{"loc":{"start":{"line":75,"column":12},"end":{"line":77,"column":13}},"type":"if","locations":[{"start":{"line":75,"column":12},"end":{"line":77,"column":13}},{"start":{"line":75,"column":12},"end":{"line":77,"column":13}}],"line":75},"9":{"loc":{"start":{"line":86,"column":12},"end":{"line":91,"column":13}},"type":"if","locations":[{"start":{"line":86,"column":12},"end":{"line":91,"column":13}},{"start":{"line":86,"column":12},"end":{"line":91,"column":13}}],"line":86},"10":{"loc":{"start":{"line":95,"column":12},"end":{"line":100,"column":13}},"type":"if","locations":[{"start":{"line":95,"column":12},"end":{"line":100,"column":13}},{"start":{"line":95,"column":12},"end":{"line":100,"column":13}}],"line":95},"11":{"loc":{"start":{"line":95,"column":16},"end":{"line":95,"column":115}},"type":"binary-expr","locations":[{"start":{"line":95,"column":16},"end":{"line":95,"column":60}},{"start":{"line":95,"column":64},"end":{"line":95,"column":115}}],"line":95}},"s":{"0":1,"1":8,"2":1,"3":1,"4":1,"5":1,"6":1,"7":1,"8":1,"9":1,"10":1,"11":1,"12":71,"13":71,"14":71,"15":71,"16":71,"17":71,"18":71,"19":71,"20":71,"21":84,"22":84,"23":75,"24":69,"25":41,"26":28,"27":22,"28":21,"29":19,"30":2,"31":21,"32":21,"33":18,"34":18,"35":6,"36":12,"37":5,"38":7,"39":12,"40":12,"41":9,"42":3,"43":6,"44":6,"45":0,"46":154,"47":154,"48":154,"49":154,"50":154,"51":0,"52":0,"53":0,"54":0,"55":154,"56":96,"57":96,"58":0,"59":58,"60":25,"61":25,"62":1},"f":{"0":8,"1":71,"2":84,"3":21,"4":154,"5":25},"b":{"0":[1,1,1],"1":[7,1],"2":[8,8],"3":[41,28],"4":[19,2],"5":[6,12],"6":[5,7],"7":[3,6],"8":[6,0],"9":[0,154],"10":[96,0],"11":[96,3]},"inputSourceMap":{"version":3,"file":"C:/Users/oreak/IdeaProjects/project_team059/src/controller/InsightFacade.ts","sources":["C:/Users/oreak/IdeaProjects/project_team059/src/controller/InsightFacade.ts"],"names":[],"mappings":";;;;;AAAA,qDAQ0B;AAC1B,wDAA0B;AAC1B,sFAA8D;AAC9D,gEAAwC;AACxC,qFAA6D;AAC7D,qFAA6D;AAE7D,4EAAoD;AACpD,4EAAoD;AAEpD,qFAA6D;AAO7D,MAAqB,aAAa;IAE1B,gBAAgB,CAAyB;IACzC,aAAa,CAAsB;IAGlC,sBAAsB,CAAyB;IAC/C,EAAE,CAAc;IAChB,aAAa,CAAoB;IACjC,aAAa,CAAoB;IACjC,cAAc,CAAiB;IAC/B,cAAc,CAAiB;IAC/B,aAAa,CAAoB;IAEzC;QAEC,IAAI,CAAC,gBAAgB,GAAG,IAAI,GAAG,EAAc,CAAC;QAC9C,IAAI,CAAC,aAAa,GAAG,IAAI,GAAG,EAAkB,CAAC;QAC/C,IAAI,CAAC,sBAAsB,GAAG,IAAI,gCAAsB,EAAE,CAAC;QAC3D,IAAI,CAAC,EAAE,GAAG,IAAI,qBAAW,CAAC,IAAI,CAAC,gBAAgB,EAAE,IAAI,CAAC,aAAa,CAAC,CAAC;QACrE,IAAI,CAAC,aAAa,GAAG,IAAI,2BAAiB,EAAE,CAAC;QAC7C,IAAI,CAAC,aAAa,GAAG,IAAI,2BAAiB,EAAE,CAAC;QAC7C,IAAI,CAAC,cAAc,GAAG,IAAI,wBAAc,EAAE,CAAC;QAC3C,IAAI,CAAC,cAAc,GAAG,IAAI,wBAAc,EAAE,CAAC;QAE3C,IAAI,CAAC,aAAa,GAAG,IAAI,2BAAiB,EAAE,CAAC;IAE9C,CAAC;IAEM,KAAK,CAAC,UAAU,CAAC,EAAU,EAAE,OAAe,EAAE,IAAwB;QAC5E,IAAI;YACH,MAAM,IAAI,CAAC,sBAAsB,CAAC,mBAAmB,CAAC,EAAE,CAAC,CAAC;YAC1D,MAAM,IAAI,CAAC,sBAAsB,CAAC,uBAAuB,CAAC,EAAE,EAAE,IAAI,CAAC,gBAAgB,EAAE,IAAI,CAAC,aAAa,CAAC,CAAC;YAEzG,IAAI,IAAI,KAAK,mCAAkB,CAAC,QAAQ,EAAE;gBACzC,OAAO,IAAI,CAAC,aAAa,CAAC,UAAU,CAAC,EAAE,EAAE,IAAI,CAAC,gBAAgB,EAAE,OAAO,EAAE,IAAI,CAAC,CAAC;aAC/E;iBAAM;gBACN,MAAM,IAAI,CAAC,cAAc,CAAC,qBAAqB,CAAC,OAAO,EAAE,EAAE,EAAE,IAAI,CAAC,aAAa,CAAC,CAAC;gBACjF,OAAO,kBAAE,CAAC,OAAO,CAAC,QAAQ,CAAC,CAAC;aAC5B;SACD;QAAC,OAAO,GAAG,EAAE;YACb,IAAI,GAAG,YAAY,6BAAY,EAAE;gBAChC,MAAM,GAAG,CAAC;aACV;YACD,MAAM,IAAI,6BAAY,CAAC,iCAAiC,GAAG,EAAE,CAAC,CAAC;SAC/D;IACF,CAAC;IAEM,KAAK,CAAC,aAAa,CAAC,EAAU;QACpC,IAAI;YACH,MAAM,IAAI,CAAC,sBAAsB,CAAC,mBAAmB,CAAC,EAAE,CAAC,CAAC;YAC1D,MAAM,WAAW,GAAG,UAAU,EAAE,EAAE,CAAC;YACnC,IAAI,CAAC,CAAC,MAAM,kBAAE,CAAC,UAAU,CAAC,WAAW,CAAC,CAAC,EAAE;gBACxC,MAAM,IAAI,8BAAa,CAAC,mBAAmB,EAAE,aAAa,CAAC,CAAC;aAC5D;YAED,IAAI,IAAI,CAAC,gBAAgB,CAAC,GAAG,CAAC,EAAE,CAAC,EAAE;gBAClC,IAAI,CAAC,gBAAgB,CAAC,MAAM,CAAC,EAAE,CAAC,CAAC;aACjC;iBAAM;gBACN,IAAI,CAAC,aAAa,CAAC,MAAM,CAAC,EAAE,CAAC,CAAC;aAC9B;YAED,MAAM,kBAAE,CAAC,MAAM,CAAC,UAAU,EAAE,EAAE,CAAC,CAAC;YAGhC,OAAO,EAAE,CAAC;SACV;QAAC,OAAO,GAAG,EAAE;YACb,IAAI,GAAG,YAAY,6BAAY,EAAE;gBAChC,MAAM,IAAI,6BAAY,CAAC,EAAE,CAAC,CAAC;aAC3B;YAED,IAAI,GAAG,YAAY,8BAAa,EAAE;gBACjC,MAAM,IAAI,8BAAa,CAAC,WAAW,CAAC,CAAC;aACrC;YAED,MAAM,IAAI,6BAAY,CAAC,6CAA6C,CAAC,CAAC;SACtE;IACF,CAAC;IAEM,KAAK,CAAC,YAAY,CAAC,KAAc;QACvC,IAAI,MAAM,GAAoB,EAAE,CAAC;QACjC,IAAI;YACH,MAAM,OAAO,GAAG,MAAM,kBAAE,CAAC,OAAO,CAAC,QAAQ,CAAC,CAAC;YAE3C,MAAM,SAAS,GAAG,MAAM,IAAI,CAAC,sBAAsB,CAAC,wBAAwB,CAAC,OAAO,CAAC,CAAC;YAGtF,IAAI,IAAI,CAAC,gBAAgB,CAAC,IAAI,GAAG,IAAI,CAAC,aAAa,CAAC,IAAI,GAAG,OAAO,CAAC,MAAM,EAAE;gBAC1E,MAAM,IAAI,GAAG,SAAS,CAAC,QAAQ,CAAC;gBAChC,MAAM,IAAI,GAAG,SAAS,CAAC,KAAK,CAAC;gBAE7B,IAAI,CAAC,gBAAgB,GAAG,MAAM,IAAI,CAAC,aAAa,CAAC,kBAAkB,CAAC,IAAI,EAAE,IAAI,CAAC,gBAAgB,CAAC,CAAC;gBAEjG,IAAI,CAAC,aAAa,GAAG,MAAM,IAAI,CAAC,cAAc,CAAC,eAAe,CAAC,IAAI,EAAE,IAAI,CAAC,aAAa,CAAC,CAAC;aACzF;YAGD,MAAM,GAAG,MAAM,IAAI,CAAC,EAAE,CAAC,KAAK,CAAC,KAAK,EAAE,IAAI,CAAC,gBAAgB,EAAE,IAAI,CAAC,aAAa,CAAC,CAAC;SAC/E;QAAC,OAAO,GAAG,EAAE;YACb,IAAI,GAAG,YAAY,6BAAY,IAAI,GAAG,YAAY,oCAAmB,EAAE;gBACtE,MAAM,GAAG,CAAC;aACV;iBAAM;gBACN,MAAM,IAAI,6BAAY,CAAC,mBAAmB,CAAC,CAAC;aAC5C;SACD;QACD,OAAO,MAAM,CAAC;IACf,CAAC;IAEM,KAAK,CAAC,YAAY;QAGxB,MAAM,OAAO,GAAG,MAAM,kBAAE,CAAC,OAAO,CAAC,QAAQ,CAAC,CAAC;QAG3C,OAAO,IAAI,CAAC,aAAa,CAAC,sBAAsB,CAAC,OAAO,CAAC,CAAC;IAC3D,CAAC;CACD;AApHD,gCAoHC","sourcesContent":["import {\n\tIInsightFacade,\n\tInsightDataset,\n\tInsightDatasetKind,\n\tInsightError,\n\tInsightResult,\n\tNotFoundError,\n\tResultTooLargeError,\n} from \"./IInsightFacade\";\nimport fs from \"fs-extra\";\nimport DatasetValidatorHelper from \"./DatasetValidatorHelper\";\nimport QueryEngine from \"./QueryEngine\";\nimport SectionDiskReader from \"./sections/SectionDiskReader\";\nimport SectionDiskWriter from \"./sections/SectionDiskWriter\";\nimport Section from \"./sections/Section\";\nimport RoomDiskReader from \"./rooms/RoomDiskReader\";\nimport RoomDiskWriter from \"./rooms/RoomDiskWriter\";\nimport Room from \"./rooms/Room\";\nimport AddSectionDataset from \"./sections/addSectionDataset\";\n\n/**\n * This is the main programmatic entry point for the project.\n * Method documentation is in IInsightFacade\n *\n */\nexport default class InsightFacade implements IInsightFacade {\n\t// tracks all sections added from a dataset using their associated id as the key\n\tpublic sectionsDatabase: Map<string, Section[]>;\n\tpublic roomsDatabase: Map<string, Room[]>;\n\n\t// service classes\n\tprivate datasetValidatorHelper: DatasetValidatorHelper;\n\tprivate qe: QueryEngine;\n\tprivate secDiskReader: SectionDiskReader;\n\tprivate secDiskWriter: SectionDiskWriter;\n\tprivate roomDiskReader: RoomDiskReader;\n\tprivate roomDiskWriter: RoomDiskWriter;\n\tprivate sectionHelper: AddSectionDataset;\n\n\tconstructor() {\n\t\t//Log.info(\"InsightFacadeImpl::init()\");\n\t\tthis.sectionsDatabase = new Map<string, []>();\n\t\tthis.roomsDatabase = new Map<string, Room[]>();\n\t\tthis.datasetValidatorHelper = new DatasetValidatorHelper();\n\t\tthis.qe = new QueryEngine(this.sectionsDatabase, this.roomsDatabase);\n\t\tthis.secDiskReader = new SectionDiskReader();\n\t\tthis.secDiskWriter = new SectionDiskWriter();\n\t\tthis.roomDiskReader = new RoomDiskReader();\n\t\tthis.roomDiskWriter = new RoomDiskWriter();\n\n\t\tthis.sectionHelper = new AddSectionDataset();\n\t\t// initialize dictionary for the fields\n\t}\n\n\tpublic async addDataset(id: string, content: string, kind: InsightDatasetKind): Promise<string[]> {\n\t\ttry {\n\t\t\tawait this.datasetValidatorHelper.validateIdStructure(id);\n\t\t\tawait this.datasetValidatorHelper.validateSectionAddition(id, this.sectionsDatabase, this.roomsDatabase);\n\n\t\t\tif (kind === InsightDatasetKind.Sections) {\n\t\t\t\treturn this.sectionHelper.addCourses(id, this.sectionsDatabase, content, kind);\n\t\t\t} else {\n\t\t\t\tawait this.roomDiskWriter.logRoomsDatasetOnDisk(content, id, this.roomsDatabase);\n\t\t\t\treturn fs.readdir(\"./data\");\n\t\t\t}\n\t\t} catch (err) {\n\t\t\tif (err instanceof InsightError) {\n\t\t\t\tthrow err;\n\t\t\t}\n\t\t\tthrow new InsightError(`An unexpected error occurred: ${err}`);\n\t\t}\n\t}\n\n\tpublic async removeDataset(id: string): Promise<string> {\n\t\ttry {\n\t\t\tawait this.datasetValidatorHelper.validateIdStructure(id);\n\t\t\tconst datasetPath = `./data/${id}`;\n\t\t\tif (!(await fs.pathExists(datasetPath))) {\n\t\t\t\tthrow new NotFoundError(`Dataset with id ${id} not found.`);\n\t\t\t}\n\n\t\t\tif (this.sectionsDatabase.get(id)) {\n\t\t\t\tthis.sectionsDatabase.delete(id);\n\t\t\t} else {\n\t\t\t\tthis.roomsDatabase.delete(id);\n\t\t\t}\n\n\t\t\tawait fs.remove(`./data/${id}`);\n\n\t\t\t// return id name of set currently removed\n\t\t\treturn id;\n\t\t} catch (err) {\n\t\t\tif (err instanceof InsightError) {\n\t\t\t\tthrow new InsightError(\"\");\n\t\t\t}\n\n\t\t\tif (err instanceof NotFoundError) {\n\t\t\t\tthrow new NotFoundError(\"Not found\");\n\t\t\t}\n\t\t\t// Handle unexpected errors\n\t\t\tthrow new InsightError(\"An unexpected error occurred ${err.message}\");\n\t\t}\n\t}\n\n\tpublic async performQuery(query: unknown): Promise<InsightResult[]> {\n\t\tlet result: InsightResult[] = [];\n\t\ttry {\n\t\t\tconst currIDs = await fs.readdir(\"./data\");\n\t\t\t//console.log(currIDs)\n\t\t\tconst idRecords = await this.datasetValidatorHelper.separateRoomAndCourseIDs(currIDs);\n\t\t\t//console.log(idRecords.rooms, idRecords.courses)\n\n\t\t\tif (this.sectionsDatabase.size + this.roomsDatabase.size < currIDs.length) {\n\t\t\t\tconst cIDs = idRecords.sections;\n\t\t\t\tconst rIDs = idRecords.rooms;\n\t\t\t\t//console.log(rIDs)\n\t\t\t\tthis.sectionsDatabase = await this.secDiskReader.mapMissingSections(cIDs, this.sectionsDatabase);\n\t\t\t\t//console.log((this.sectionsDatabase.keys))\n\t\t\t\tthis.roomsDatabase = await this.roomDiskReader.mapMissingRooms(rIDs, this.roomsDatabase);\n\t\t\t}\n\t\t\t//console.log(currIDs);\n\t\t\t// on query, passes updated sectionsDatabase and roomsDatabase\n\t\t\tresult = await this.qe.query(query, this.sectionsDatabase, this.roomsDatabase);\n\t\t} catch (err) {\n\t\t\tif (err instanceof InsightError || err instanceof ResultTooLargeError) {\n\t\t\t\tthrow err;\n\t\t\t} else {\n\t\t\t\tthrow new InsightError(\"Unexpected error.\");\n\t\t\t}\n\t\t}\n\t\treturn result;\n\t}\n\n\tpublic async listDatasets(): Promise<InsightDataset[]> {\n\t\t// reads the list of dataset ids already on disk\n\n\t\tconst currIDs = await fs.readdir(\"./data\");\n\n\t\t// reads their content info on disk and parses into InsightDataset[](works for rooms as well)\n\t\treturn this.secDiskReader.logInsightKindFromDisk(currIDs);\n\t}\n}\n"]},"_coverageSchema":"1a1c01bbd47fc00a2c39e90264f33305004495a9","hash":"e75b5a8e15c6d2316e7db083239c491e42de5e2b","contentHash":"da17f93b9d49abdb1d531b000fb2941993a0b0271805118a73a17a513ca0bd1e"},"C:\\Users\\oreak\\IdeaProjects\\project_team059\\src\\controller\\DatasetValidatorHelper.ts":{"path":"C:\\Users\\oreak\\IdeaProjects\\project_team059\\src\\controller\\DatasetValidatorHelper.ts","statementMap":{"0":{"start":{"line":2,"column":22},"end":{"line":4,"column":1}},"1":{"start":{"line":3,"column":4},"end":{"line":3,"column":62}},"2":{"start":{"line":5,"column":0},"end":{"line":5,"column":62}},"3":{"start":{"line":6,"column":25},"end":{"line":6,"column":52}},"4":{"start":{"line":7,"column":19},"end":{"line":7,"column":55}},"5":{"start":{"line":10,"column":8},"end":{"line":12,"column":9}},"6":{"start":{"line":11,"column":12},"end":{"line":11,"column":76}},"7":{"start":{"line":13,"column":28},"end":{"line":13,"column":37}},"8":{"start":{"line":14,"column":8},"end":{"line":16,"column":9}},"9":{"start":{"line":15,"column":12},"end":{"line":15,"column":66}},"10":{"start":{"line":19,"column":8},"end":{"line":21,"column":9}},"11":{"start":{"line":20,"column":12},"end":{"line":20,"column":93}},"12":{"start":{"line":24,"column":23},"end":{"line":24,"column":38}},"13":{"start":{"line":25,"column":27},"end":{"line":25,"column":29}},"14":{"start":{"line":26,"column":24},"end":{"line":26,"column":26}},"15":{"start":{"line":27,"column":24},"end":{"line":38,"column":11}},"16":{"start":{"line":28,"column":31},"end":{"line":28,"column":53}},"17":{"start":{"line":29,"column":12},"end":{"line":37,"column":15}},"18":{"start":{"line":31,"column":39},"end":{"line":34,"column":13}},"19":{"start":{"line":36,"column":16},"end":{"line":36,"column":26}},"20":{"start":{"line":39,"column":8},"end":{"line":46,"column":11}},"21":{"start":{"line":40,"column":12},"end":{"line":45,"column":13}},"22":{"start":{"line":41,"column":16},"end":{"line":41,"column":36}},"23":{"start":{"line":44,"column":16},"end":{"line":44,"column":33}},"24":{"start":{"line":47,"column":8},"end":{"line":47,"column":56}},"25":{"start":{"line":50,"column":0},"end":{"line":50,"column":41}}},"fnMap":{"0":{"name":"(anonymous_0)","decl":{"start":{"line":2,"column":56},"end":{"line":2,"column":57}},"loc":{"start":{"line":2,"column":71},"end":{"line":4,"column":1}},"line":2},"1":{"name":"(anonymous_1)","decl":{"start":{"line":9,"column":4},"end":{"line":9,"column":5}},"loc":{"start":{"line":9,"column":34},"end":{"line":17,"column":5}},"line":9},"2":{"name":"(anonymous_2)","decl":{"start":{"line":18,"column":4},"end":{"line":18,"column":5}},"loc":{"start":{"line":18,"column":71},"end":{"line":22,"column":5}},"line":18},"3":{"name":"(anonymous_3)","decl":{"start":{"line":23,"column":4},"end":{"line":23,"column":5}},"loc":{"start":{"line":23,"column":43},"end":{"line":48,"column":5}},"line":23},"4":{"name":"(anonymous_4)","decl":{"start":{"line":27,"column":65},"end":{"line":27,"column":66}},"loc":{"start":{"line":27,"column":79},"end":{"line":38,"column":9}},"line":27},"5":{"name":"(anonymous_5)","decl":{"start":{"line":31,"column":22},"end":{"line":31,"column":23}},"loc":{"start":{"line":31,"column":39},"end":{"line":34,"column":13}},"line":31},"6":{"name":"(anonymous_6)","decl":{"start":{"line":35,"column":23},"end":{"line":35,"column":24}},"loc":{"start":{"line":35,"column":32},"end":{"line":37,"column":13}},"line":35},"7":{"name":"(anonymous_7)","decl":{"start":{"line":39,"column":24},"end":{"line":39,"column":25}},"loc":{"start":{"line":39,"column":46},"end":{"line":46,"column":9}},"line":39}},"branchMap":{"0":{"loc":{"start":{"line":2,"column":22},"end":{"line":4,"column":1}},"type":"binary-expr","locations":[{"start":{"line":2,"column":23},"end":{"line":2,"column":27}},{"start":{"line":2,"column":31},"end":{"line":2,"column":51}},{"start":{"line":2,"column":56},"end":{"line":4,"column":1}}],"line":2},"1":{"loc":{"start":{"line":3,"column":11},"end":{"line":3,"column":61}},"type":"cond-expr","locations":[{"start":{"line":3,"column":37},"end":{"line":3,"column":40}},{"start":{"line":3,"column":43},"end":{"line":3,"column":61}}],"line":3},"2":{"loc":{"start":{"line":3,"column":12},"end":{"line":3,"column":33}},"type":"binary-expr","locations":[{"start":{"line":3,"column":12},"end":{"line":3,"column":15}},{"start":{"line":3,"column":19},"end":{"line":3,"column":33}}],"line":3},"3":{"loc":{"start":{"line":10,"column":8},"end":{"line":12,"column":9}},"type":"if","locations":[{"start":{"line":10,"column":8},"end":{"line":12,"column":9}},{"start":{"line":10,"column":8},"end":{"line":12,"column":9}}],"line":10},"4":{"loc":{"start":{"line":10,"column":12},"end":{"line":10,"column":54}},"type":"binary-expr","locations":[{"start":{"line":10,"column":12},"end":{"line":10,"column":28}},{"start":{"line":10,"column":32},"end":{"line":10,"column":54}}],"line":10},"5":{"loc":{"start":{"line":14,"column":8},"end":{"line":16,"column":9}},"type":"if","locations":[{"start":{"line":14,"column":8},"end":{"line":16,"column":9}},{"start":{"line":14,"column":8},"end":{"line":16,"column":9}}],"line":14},"6":{"loc":{"start":{"line":19,"column":8},"end":{"line":21,"column":9}},"type":"if","locations":[{"start":{"line":19,"column":8},"end":{"line":21,"column":9}},{"start":{"line":19,"column":8},"end":{"line":21,"column":9}}],"line":19},"7":{"loc":{"start":{"line":19,"column":12},"end":{"line":19,"column":118}},"type":"binary-expr","locations":[{"start":{"line":19,"column":12},"end":{"line":19,"column":36}},{"start":{"line":19,"column":40},"end":{"line":19,"column":61}},{"start":{"line":19,"column":66},"end":{"line":19,"column":117}}],"line":19},"8":{"loc":{"start":{"line":40,"column":12},"end":{"line":45,"column":13}},"type":"if","locations":[{"start":{"line":40,"column":12},"end":{"line":45,"column":13}},{"start":{"line":40,"column":12},"end":{"line":45,"column":13}}],"line":40}},"s":{"0":1,"1":1,"2":1,"3":1,"4":1,"5":146,"6":12,"7":134,"8":134,"9":0,"10":75,"11":6,"12":154,"13":154,"14":154,"15":154,"16":308,"17":308,"18":308,"19":0,"20":154,"21":308,"22":154,"23":154,"24":154,"25":1},"f":{"0":1,"1":146,"2":75,"3":154,"4":308,"5":308,"6":0,"7":308},"b":{"0":[1,1,1],"1":[0,1],"2":[1,1],"3":[12,134],"4":[146,139],"5":[0,134],"6":[6,69],"7":[75,73,71],"8":[154,154]},"inputSourceMap":{"version":3,"file":"C:/Users/oreak/IdeaProjects/project_team059/src/controller/DatasetValidatorHelper.ts","sources":["C:/Users/oreak/IdeaProjects/project_team059/src/controller/DatasetValidatorHelper.ts"],"names":[],"mappings":";;;;;AAAA,qDAAgD;AAChD,wDAA0B;AAI1B,MAAqB,sBAAsB;IAInC,KAAK,CAAC,mBAAmB,CAAC,EAAU;QAG1C,IAAI,EAAE,CAAC,QAAQ,CAAC,GAAG,CAAC,IAAI,EAAE,CAAC,IAAI,EAAE,CAAC,MAAM,KAAK,CAAC,EAAE;YAC/C,MAAM,IAAI,6BAAY,CAAC,sBAAsB,CAAC,CAAC;SAC/C;QAGD,MAAM,WAAW,GAAG,SAAS,CAAC;QAC9B,IAAI,CAAC,WAAW,CAAC,IAAI,CAAC,EAAE,CAAC,EAAE;YAC1B,MAAM,IAAI,6BAAY,CAAC,YAAY,CAAC,CAAC;SACrC;IACF,CAAC;IAEM,KAAK,CAAC,uBAAuB,CACnC,EAAU,EACV,gBAAwC,EACxC,aAAkC;QAElC,IAAI,gBAAgB,CAAC,GAAG,CAAC,EAAE,CAAC,IAAI,aAAa,CAAC,GAAG,CAAC,EAAE,CAAC,IAAI,CAAC,MAAM,kBAAE,CAAC,UAAU,CAAC,UAAU,EAAE,EAAE,CAAC,CAAC,EAAE;YAC/F,MAAM,IAAI,6BAAY,CAAC,mBAAmB,EAAE,kBAAkB,CAAC,CAAC;SAChE;IACF,CAAC;IAEM,KAAK,CAAC,wBAAwB,CAAC,MAAgB;QACrD,MAAM,MAAM,GAAG,IAAI,GAAG,CAAC,MAAM,CAAC,CAAC;QAC/B,MAAM,UAAU,GAAa,EAAE,CAAC;QAChC,MAAM,OAAO,GAAa,EAAE,CAAC;QAE7B,MAAM,OAAO,GAAG,MAAM,OAAO,CAAC,GAAG,CAChC,KAAK,CAAC,IAAI,CAAC,MAAM,CAAC,CAAC,GAAG,CAAC,KAAK,EAAE,EAAE,EAAE,EAAE;YACnC,MAAM,UAAU,GAAG,UAAU,EAAE,UAAU,CAAC;YAE1C,OAAO,kBAAE;iBACP,UAAU,CAAC,UAAU,CAAC;iBACtB,IAAI,CAAC,CAAC,UAAU,EAAE,EAAE,CAAC,CAAC;gBACtB,EAAE;gBACF,QAAQ,EAAE,UAAU;aACpB,CAAC,CAAC;iBACF,KAAK,CAAC,CAAC,GAAG,EAAE,EAAE;gBACd,MAAM,GAAG,CAAC;YACX,CAAC,CAAC,CAAC;QACL,CAAC,CAAC,CACF,CAAC;QAEF,OAAO,CAAC,OAAO,CAAC,CAAC,EAAE,EAAE,EAAE,QAAQ,EAAE,EAAE,EAAE;YACpC,IAAI,QAAQ,EAAE;gBACb,UAAU,CAAC,IAAI,CAAC,EAAE,CAAC,CAAC;aACpB;iBAAM;gBACN,OAAO,CAAC,IAAI,CAAC,EAAE,CAAC,CAAC;aACjB;QACF,CAAC,CAAC,CAAC;QAKH,OAAO,EAAE,QAAQ,EAAE,UAAU,EAAE,KAAK,EAAE,OAAO,EAAE,CAAC;IACjD,CAAC;CACD;AA9DD,yCA8DC","sourcesContent":["import { InsightError } from \"./IInsightFacade\";\nimport fs from \"fs-extra\";\nimport Section from \"./sections/Section\";\nimport Room from \"./rooms/Room\";\n\nexport default class DatasetValidatorHelper {\n\t// checks if a dataset id is valid to be added\n\n\t// checks if a dataset id is valid to be removed\n\tpublic async validateIdStructure(id: string): Promise<void> {\n\t\t// Validate ID follows proper format\n\n\t\tif (id.includes(\"_\") || id.trim().length === 0) {\n\t\t\tthrow new InsightError(\"Invalid ID structure\");\n\t\t}\n\n\t\t// Validate content based on its kind\n\t\tconst base64Regex = /^[^_]+$/;\n\t\tif (!base64Regex.test(id)) {\n\t\t\tthrow new InsightError(\"Invalid id\");\n\t\t}\n\t}\n\n\tpublic async validateSectionAddition(\n\t\tid: string,\n\t\tsectionsDatabase: Map<string, Section[]>,\n\t\troomsDatabase: Map<string, Room[]>\n\t): Promise<void> {\n\t\tif (sectionsDatabase.has(id) || roomsDatabase.has(id) || (await fs.pathExists(`./data/${id}`))) {\n\t\t\tthrow new InsightError(`Dataset with id ${id} already exists.`);\n\t\t}\n\t}\n\n\tpublic async separateRoomAndCourseIDs(allIds: string[]): Promise<{ sections: string[]; rooms: string[] }> {\n\t\tconst setIds = new Set(allIds);\n\t\tconst sectionIDs: string[] = [];\n\t\tconst roomIDs: string[] = [];\n\n\t\tconst results = await Promise.all(\n\t\t\tArray.from(setIds).map(async (id) => {\n\t\t\t\tconst coursePath = `./data/${id}/courses`;\n\n\t\t\t\treturn fs\n\t\t\t\t\t.pathExists(coursePath)\n\t\t\t\t\t.then((pathExists) => ({\n\t\t\t\t\t\tid,\n\t\t\t\t\t\tisCourse: pathExists,\n\t\t\t\t\t}))\n\t\t\t\t\t.catch((err) => {\n\t\t\t\t\t\tthrow err;\n\t\t\t\t\t});\n\t\t\t})\n\t\t);\n\n\t\tresults.forEach(({ id, isCourse }) => {\n\t\t\tif (isCourse) {\n\t\t\t\tsectionIDs.push(id);\n\t\t\t} else {\n\t\t\t\troomIDs.push(id);\n\t\t\t}\n\t\t});\n\n\t\t// console.log('Final Course IDs:', courseIDs);\n\t\t// console.log('Final Room IDs:', roomIDs);\n\n\t\treturn { sections: sectionIDs, rooms: roomIDs };\n\t}\n}\n"]},"_coverageSchema":"1a1c01bbd47fc00a2c39e90264f33305004495a9","hash":"ed842c0410711c8021341e908433589f1eb1bede","contentHash":"aad17cf4b9b4d65e67b006cdcf4659867c2518b60309f24ace979bf7f175d079"},"C:\\Users\\oreak\\IdeaProjects\\project_team059\\src\\controller\\QueryEngine.ts":{"path":"C:\\Users\\oreak\\IdeaProjects\\project_team059\\src\\controller\\QueryEngine.ts","statementMap":{"0":{"start":{"line":2,"column":22},"end":{"line":4,"column":1}},"1":{"start":{"line":3,"column":4},"end":{"line":3,"column":62}},"2":{"start":{"line":5,"column":0},"end":{"line":5,"column":62}},"3":{"start":{"line":6,"column":25},"end":{"line":6,"column":52}},"4":{"start":{"line":7,"column":28},"end":{"line":7,"column":58}},"5":{"start":{"line":8,"column":21},"end":{"line":8,"column":61}},"6":{"start":{"line":9,"column":28},"end":{"line":9,"column":75}},"7":{"start":{"line":10,"column":27},"end":{"line":10,"column":73}},"8":{"start":{"line":20,"column":14},"end":{"line":20,"column":16}},"9":{"start":{"line":21,"column":23},"end":{"line":21,"column":25}},"10":{"start":{"line":22,"column":20},"end":{"line":22,"column":22}},"11":{"start":{"line":23,"column":16},"end":{"line":23,"column":21}},"12":{"start":{"line":24,"column":10},"end":{"line":24,"column":14}},"13":{"start":{"line":25,"column":15},"end":{"line":25,"column":20}},"14":{"start":{"line":27,"column":8},"end":{"line":27,"column":49}},"15":{"start":{"line":28,"column":8},"end":{"line":28,"column":43}},"16":{"start":{"line":29,"column":8},"end":{"line":29,"column":48}},"17":{"start":{"line":30,"column":8},"end":{"line":30,"column":77}},"18":{"start":{"line":31,"column":8},"end":{"line":31,"column":108}},"19":{"start":{"line":32,"column":8},"end":{"line":32,"column":106}},"20":{"start":{"line":33,"column":8},"end":{"line":33,"column":32}},"21":{"start":{"line":34,"column":8},"end":{"line":34,"column":26}},"22":{"start":{"line":35,"column":8},"end":{"line":35,"column":26}},"23":{"start":{"line":38,"column":8},"end":{"line":38,"column":49}},"24":{"start":{"line":39,"column":8},"end":{"line":39,"column":43}},"25":{"start":{"line":40,"column":8},"end":{"line":40,"column":59}},"26":{"start":{"line":41,"column":8},"end":{"line":41,"column":56}},"27":{"start":{"line":42,"column":8},"end":{"line":42,"column":108}},"28":{"start":{"line":43,"column":8},"end":{"line":43,"column":106}},"29":{"start":{"line":44,"column":8},"end":{"line":44,"column":32}},"30":{"start":{"line":45,"column":8},"end":{"line":45,"column":35}},"31":{"start":{"line":46,"column":8},"end":{"line":46,"column":31}},"32":{"start":{"line":47,"column":8},"end":{"line":47,"column":24}},"33":{"start":{"line":48,"column":8},"end":{"line":48,"column":26}},"34":{"start":{"line":49,"column":8},"end":{"line":49,"column":30}},"35":{"start":{"line":50,"column":8},"end":{"line":50,"column":20}},"36":{"start":{"line":53,"column":8},"end":{"line":53,"column":38}},"37":{"start":{"line":54,"column":26},"end":{"line":54,"column":28}},"38":{"start":{"line":55,"column":33},"end":{"line":55,"column":35}},"39":{"start":{"line":56,"column":21},"end":{"line":56,"column":23}},"40":{"start":{"line":57,"column":25},"end":{"line":57,"column":38}},"41":{"start":{"line":58,"column":8},"end":{"line":88,"column":9}},"42":{"start":{"line":59,"column":30},"end":{"line":59,"column":51}},"43":{"start":{"line":60,"column":32},"end":{"line":60,"column":99}},"44":{"start":{"line":60,"column":58},"end":{"line":60,"column":98}},"45":{"start":{"line":61,"column":12},"end":{"line":63,"column":13}},"46":{"start":{"line":62,"column":16},"end":{"line":62,"column":80}},"47":{"start":{"line":64,"column":12},"end":{"line":69,"column":13}},"48":{"start":{"line":65,"column":16},"end":{"line":65,"column":69}},"49":{"start":{"line":68,"column":16},"end":{"line":68,"column":79}},"50":{"start":{"line":70,"column":12},"end":{"line":75,"column":13}},"51":{"start":{"line":71,"column":16},"end":{"line":71,"column":109}},"52":{"start":{"line":74,"column":16},"end":{"line":74,"column":49}},"53":{"start":{"line":76,"column":12},"end":{"line":81,"column":13}},"54":{"start":{"line":77,"column":16},"end":{"line":77,"column":88}},"55":{"start":{"line":80,"column":16},"end":{"line":80,"column":81}},"56":{"start":{"line":84,"column":12},"end":{"line":86,"column":13}},"57":{"start":{"line":85,"column":16},"end":{"line":85,"column":26}},"58":{"start":{"line":87,"column":12},"end":{"line":87,"column":73}},"59":{"start":{"line":89,"column":8},"end":{"line":89,"column":22}},"60":{"start":{"line":92,"column":26},"end":{"line":92,"column":28}},"61":{"start":{"line":93,"column":8},"end":{"line":93,"column":30}},"62":{"start":{"line":94,"column":8},"end":{"line":115,"column":9}},"63":{"start":{"line":95,"column":12},"end":{"line":108,"column":13}},"64":{"start":{"line":96,"column":16},"end":{"line":96,"column":37}},"65":{"start":{"line":97,"column":16},"end":{"line":97,"column":35}},"66":{"start":{"line":99,"column":17},"end":{"line":108,"column":13}},"67":{"start":{"line":100,"column":16},"end":{"line":100,"column":88}},"68":{"start":{"line":103,"column":31},"end":{"line":103,"column":52}},"69":{"start":{"line":104,"column":31},"end":{"line":104,"column":54}},"70":{"start":{"line":105,"column":16},"end":{"line":105,"column":88}},"71":{"start":{"line":106,"column":16},"end":{"line":106,"column":80}},"72":{"start":{"line":107,"column":16},"end":{"line":107,"column":74}},"73":{"start":{"line":111,"column":12},"end":{"line":113,"column":13}},"74":{"start":{"line":112,"column":16},"end":{"line":112,"column":26}},"75":{"start":{"line":114,"column":12},"end":{"line":114,"column":82}},"76":{"start":{"line":116,"column":8},"end":{"line":116,"column":27}},"77":{"start":{"line":119,"column":33},"end":{"line":119,"column":35}},"78":{"start":{"line":121,"column":8},"end":{"line":121,"column":30}},"79":{"start":{"line":122,"column":8},"end":{"line":147,"column":9}},"80":{"start":{"line":123,"column":39},"end":{"line":123,"column":67}},"81":{"start":{"line":124,"column":32},"end":{"line":124,"column":117}},"82":{"start":{"line":124,"column":67},"end":{"line":124,"column":116}},"83":{"start":{"line":125,"column":12},"end":{"line":127,"column":13}},"84":{"start":{"line":126,"column":16},"end":{"line":126,"column":91}},"85":{"start":{"line":128,"column":12},"end":{"line":133,"column":13}},"86":{"start":{"line":129,"column":16},"end":{"line":129,"column":169}},"87":{"start":{"line":132,"column":16},"end":{"line":132,"column":93}},"88":{"start":{"line":134,"column":12},"end":{"line":140,"column":13}},"89":{"start":{"line":135,"column":16},"end":{"line":135,"column":116}},"90":{"start":{"line":136,"column":16},"end":{"line":136,"column":33}},"91":{"start":{"line":139,"column":16},"end":{"line":139,"column":93}},"92":{"start":{"line":143,"column":12},"end":{"line":145,"column":13}},"93":{"start":{"line":144,"column":16},"end":{"line":144,"column":26}},"94":{"start":{"line":146,"column":12},"end":{"line":146,"column":92}},"95":{"start":{"line":148,"column":8},"end":{"line":148,"column":34}},"96":{"start":{"line":151,"column":8},"end":{"line":151,"column":71}},"97":{"start":{"line":152,"column":8},"end":{"line":152,"column":65}},"98":{"start":{"line":153,"column":8},"end":{"line":153,"column":95}},"99":{"start":{"line":154,"column":8},"end":{"line":154,"column":20}},"100":{"start":{"line":157,"column":22},"end":{"line":157,"column":24}},"101":{"start":{"line":158,"column":22},"end":{"line":158,"column":24}},"102":{"start":{"line":159,"column":24},"end":{"line":159,"column":26}},"103":{"start":{"line":160,"column":8},"end":{"line":183,"column":9}},"104":{"start":{"line":161,"column":32},"end":{"line":161,"column":52}},"105":{"start":{"line":162,"column":32},"end":{"line":162,"column":99}},"106":{"start":{"line":162,"column":60},"end":{"line":162,"column":98}},"107":{"start":{"line":163,"column":12},"end":{"line":165,"column":13}},"108":{"start":{"line":164,"column":16},"end":{"line":164,"column":83}},"109":{"start":{"line":166,"column":12},"end":{"line":171,"column":13}},"110":{"start":{"line":167,"column":16},"end":{"line":167,"column":62}},"111":{"start":{"line":170,"column":16},"end":{"line":170,"column":81}},"112":{"start":{"line":172,"column":12},"end":{"line":175,"column":13}},"113":{"start":{"line":173,"column":16},"end":{"line":173,"column":93}},"114":{"start":{"line":174,"column":16},"end":{"line":174,"column":59}},"115":{"start":{"line":176,"column":12},"end":{"line":176,"column":87}},"116":{"start":{"line":179,"column":12},"end":{"line":181,"column":13}},"117":{"start":{"line":180,"column":16},"end":{"line":180,"column":26}},"118":{"start":{"line":182,"column":12},"end":{"line":182,"column":84}},"119":{"start":{"line":184,"column":8},"end":{"line":184,"column":23}},"120":{"start":{"line":187,"column":22},"end":{"line":187,"column":24}},"121":{"start":{"line":188,"column":22},"end":{"line":188,"column":24}},"122":{"start":{"line":189,"column":8},"end":{"line":205,"column":9}},"123":{"start":{"line":190,"column":12},"end":{"line":198,"column":13}},"124":{"start":{"line":191,"column":16},"end":{"line":191,"column":75}},"125":{"start":{"line":193,"column":17},"end":{"line":198,"column":13}},"126":{"start":{"line":194,"column":16},"end":{"line":194,"column":72}},"127":{"start":{"line":197,"column":16},"end":{"line":197,"column":85}},"128":{"start":{"line":199,"column":12},"end":{"line":204,"column":13}},"129":{"start":{"line":200,"column":16},"end":{"line":200,"column":87}},"130":{"start":{"line":203,"column":16},"end":{"line":203,"column":45}},"131":{"start":{"line":206,"column":8},"end":{"line":206,"column":49}},"132":{"start":{"line":207,"column":8},"end":{"line":207,"column":94}},"133":{"start":{"line":208,"column":8},"end":{"line":208,"column":77}},"134":{"start":{"line":209,"column":8},"end":{"line":209,"column":23}},"135":{"start":{"line":212,"column":24},"end":{"line":212,"column":55}},"136":{"start":{"line":213,"column":24},"end":{"line":213,"column":26}},"137":{"start":{"line":214,"column":8},"end":{"line":231,"column":9}},"138":{"start":{"line":215,"column":27},"end":{"line":215,"column":38}},"139":{"start":{"line":216,"column":26},"end":{"line":216,"column":46}},"140":{"start":{"line":217,"column":29},"end":{"line":217,"column":49}},"141":{"start":{"line":218,"column":12},"end":{"line":230,"column":13}},"142":{"start":{"line":219,"column":16},"end":{"line":219,"column":37}},"143":{"start":{"line":222,"column":16},"end":{"line":222,"column":143}},"144":{"start":{"line":223,"column":16},"end":{"line":223,"column":49}},"145":{"start":{"line":224,"column":16},"end":{"line":229,"column":17}},"146":{"start":{"line":225,"column":20},"end":{"line":225,"column":41}},"147":{"start":{"line":228,"column":20},"end":{"line":228,"column":96}},"148":{"start":{"line":232,"column":8},"end":{"line":232,"column":23}},"149":{"start":{"line":235,"column":8},"end":{"line":245,"column":9}},"150":{"start":{"line":236,"column":12},"end":{"line":241,"column":13}},"151":{"start":{"line":237,"column":16},"end":{"line":237,"column":28}},"152":{"start":{"line":240,"column":16},"end":{"line":240,"column":133}},"153":{"start":{"line":244,"column":12},"end":{"line":244,"column":25}},"154":{"start":{"line":248,"column":8},"end":{"line":260,"column":9}},"155":{"start":{"line":249,"column":12},"end":{"line":251,"column":13}},"156":{"start":{"line":250,"column":16},"end":{"line":250,"column":28}},"157":{"start":{"line":253,"column":13},"end":{"line":260,"column":9}},"158":{"start":{"line":254,"column":12},"end":{"line":256,"column":13}},"159":{"start":{"line":255,"column":16},"end":{"line":255,"column":28}},"160":{"start":{"line":259,"column":12},"end":{"line":259,"column":81}},"161":{"start":{"line":261,"column":8},"end":{"line":261,"column":21}},"162":{"start":{"line":264,"column":0},"end":{"line":264,"column":30}}},"fnMap":{"0":{"name":"(anonymous_0)","decl":{"start":{"line":2,"column":56},"end":{"line":2,"column":57}},"loc":{"start":{"line":2,"column":71},"end":{"line":4,"column":1}},"line":2},"1":{"name":"(anonymous_1)","decl":{"start":{"line":26,"column":4},"end":{"line":26,"column":5}},"loc":{"start":{"line":26,"column":49},"end":{"line":36,"column":5}},"line":26},"2":{"name":"(anonymous_2)","decl":{"start":{"line":37,"column":4},"end":{"line":37,"column":5}},"loc":{"start":{"line":37,"column":54},"end":{"line":51,"column":5}},"line":37},"3":{"name":"(anonymous_3)","decl":{"start":{"line":52,"column":4},"end":{"line":52,"column":5}},"loc":{"start":{"line":52,"column":31},"end":{"line":90,"column":5}},"line":52},"4":{"name":"(anonymous_4)","decl":{"start":{"line":60,"column":49},"end":{"line":60,"column":50}},"loc":{"start":{"line":60,"column":58},"end":{"line":60,"column":98}},"line":60},"5":{"name":"(anonymous_5)","decl":{"start":{"line":91,"column":4},"end":{"line":91,"column":5}},"loc":{"start":{"line":91,"column":29},"end":{"line":117,"column":5}},"line":91},"6":{"name":"(anonymous_6)","decl":{"start":{"line":118,"column":4},"end":{"line":118,"column":5}},"loc":{"start":{"line":118,"column":62},"end":{"line":149,"column":5}},"line":118},"7":{"name":"(anonymous_7)","decl":{"start":{"line":124,"column":58},"end":{"line":124,"column":59}},"loc":{"start":{"line":124,"column":67},"end":{"line":124,"column":116}},"line":124},"8":{"name":"(anonymous_8)","decl":{"start":{"line":150,"column":4},"end":{"line":150,"column":5}},"loc":{"start":{"line":150,"column":16},"end":{"line":155,"column":5}},"line":150},"9":{"name":"(anonymous_9)","decl":{"start":{"line":156,"column":4},"end":{"line":156,"column":5}},"loc":{"start":{"line":156,"column":53},"end":{"line":185,"column":5}},"line":156},"10":{"name":"(anonymous_10)","decl":{"start":{"line":162,"column":51},"end":{"line":162,"column":52}},"loc":{"start":{"line":162,"column":60},"end":{"line":162,"column":98}},"line":162},"11":{"name":"(anonymous_11)","decl":{"start":{"line":186,"column":4},"end":{"line":186,"column":5}},"loc":{"start":{"line":186,"column":64},"end":{"line":210,"column":5}},"line":186},"12":{"name":"(anonymous_12)","decl":{"start":{"line":211,"column":4},"end":{"line":211,"column":5}},"loc":{"start":{"line":211,"column":25},"end":{"line":233,"column":5}},"line":211},"13":{"name":"(anonymous_13)","decl":{"start":{"line":234,"column":4},"end":{"line":234,"column":5}},"loc":{"start":{"line":234,"column":38},"end":{"line":246,"column":5}},"line":234},"14":{"name":"(anonymous_14)","decl":{"start":{"line":247,"column":4},"end":{"line":247,"column":5}},"loc":{"start":{"line":247,"column":28},"end":{"line":262,"column":5}},"line":247}},"branchMap":{"0":{"loc":{"start":{"line":2,"column":22},"end":{"line":4,"column":1}},"type":"binary-expr","locations":[{"start":{"line":2,"column":23},"end":{"line":2,"column":27}},{"start":{"line":2,"column":31},"end":{"line":2,"column":51}},{"start":{"line":2,"column":56},"end":{"line":4,"column":1}}],"line":2},"1":{"loc":{"start":{"line":3,"column":11},"end":{"line":3,"column":61}},"type":"cond-expr","locations":[{"start":{"line":3,"column":37},"end":{"line":3,"column":40}},{"start":{"line":3,"column":43},"end":{"line":3,"column":61}}],"line":3},"2":{"loc":{"start":{"line":3,"column":12},"end":{"line":3,"column":33}},"type":"binary-expr","locations":[{"start":{"line":3,"column":12},"end":{"line":3,"column":15}},{"start":{"line":3,"column":19},"end":{"line":3,"column":33}}],"line":3},"3":{"loc":{"start":{"line":61,"column":12},"end":{"line":63,"column":13}},"type":"if","locations":[{"start":{"line":61,"column":12},"end":{"line":63,"column":13}},{"start":{"line":61,"column":12},"end":{"line":63,"column":13}}],"line":61},"4":{"loc":{"start":{"line":64,"column":12},"end":{"line":69,"column":13}},"type":"if","locations":[{"start":{"line":64,"column":12},"end":{"line":69,"column":13}},{"start":{"line":64,"column":12},"end":{"line":69,"column":13}}],"line":64},"5":{"loc":{"start":{"line":70,"column":12},"end":{"line":75,"column":13}},"type":"if","locations":[{"start":{"line":70,"column":12},"end":{"line":75,"column":13}},{"start":{"line":70,"column":12},"end":{"line":75,"column":13}}],"line":70},"6":{"loc":{"start":{"line":76,"column":12},"end":{"line":81,"column":13}},"type":"if","locations":[{"start":{"line":76,"column":12},"end":{"line":81,"column":13}},{"start":{"line":76,"column":12},"end":{"line":81,"column":13}}],"line":76},"7":{"loc":{"start":{"line":84,"column":12},"end":{"line":86,"column":13}},"type":"if","locations":[{"start":{"line":84,"column":12},"end":{"line":86,"column":13}},{"start":{"line":84,"column":12},"end":{"line":86,"column":13}}],"line":84},"8":{"loc":{"start":{"line":84,"column":16},"end":{"line":84,"column":115}},"type":"binary-expr","locations":[{"start":{"line":84,"column":16},"end":{"line":84,"column":60}},{"start":{"line":84,"column":64},"end":{"line":84,"column":115}}],"line":84},"9":{"loc":{"start":{"line":95,"column":12},"end":{"line":108,"column":13}},"type":"if","locations":[{"start":{"line":95,"column":12},"end":{"line":108,"column":13}},{"start":{"line":95,"column":12},"end":{"line":108,"column":13}}],"line":95},"10":{"loc":{"start":{"line":99,"column":17},"end":{"line":108,"column":13}},"type":"if","locations":[{"start":{"line":99,"column":17},"end":{"line":108,"column":13}},{"start":{"line":99,"column":17},"end":{"line":108,"column":13}}],"line":99},"11":{"loc":{"start":{"line":111,"column":12},"end":{"line":113,"column":13}},"type":"if","locations":[{"start":{"line":111,"column":12},"end":{"line":113,"column":13}},{"start":{"line":111,"column":12},"end":{"line":113,"column":13}}],"line":111},"12":{"loc":{"start":{"line":111,"column":16},"end":{"line":111,"column":115}},"type":"binary-expr","locations":[{"start":{"line":111,"column":16},"end":{"line":111,"column":60}},{"start":{"line":111,"column":64},"end":{"line":111,"column":115}}],"line":111},"13":{"loc":{"start":{"line":125,"column":12},"end":{"line":127,"column":13}},"type":"if","locations":[{"start":{"line":125,"column":12},"end":{"line":127,"column":13}},{"start":{"line":125,"column":12},"end":{"line":127,"column":13}}],"line":125},"14":{"loc":{"start":{"line":128,"column":12},"end":{"line":133,"column":13}},"type":"if","locations":[{"start":{"line":128,"column":12},"end":{"line":133,"column":13}},{"start":{"line":128,"column":12},"end":{"line":133,"column":13}}],"line":128},"15":{"loc":{"start":{"line":134,"column":12},"end":{"line":140,"column":13}},"type":"if","locations":[{"start":{"line":134,"column":12},"end":{"line":140,"column":13}},{"start":{"line":134,"column":12},"end":{"line":140,"column":13}}],"line":134},"16":{"loc":{"start":{"line":143,"column":12},"end":{"line":145,"column":13}},"type":"if","locations":[{"start":{"line":143,"column":12},"end":{"line":145,"column":13}},{"start":{"line":143,"column":12},"end":{"line":145,"column":13}}],"line":143},"17":{"loc":{"start":{"line":143,"column":16},"end":{"line":143,"column":115}},"type":"binary-expr","locations":[{"start":{"line":143,"column":16},"end":{"line":143,"column":60}},{"start":{"line":143,"column":64},"end":{"line":143,"column":115}}],"line":143},"18":{"loc":{"start":{"line":163,"column":12},"end":{"line":165,"column":13}},"type":"if","locations":[{"start":{"line":163,"column":12},"end":{"line":165,"column":13}},{"start":{"line":163,"column":12},"end":{"line":165,"column":13}}],"line":163},"19":{"loc":{"start":{"line":166,"column":12},"end":{"line":171,"column":13}},"type":"if","locations":[{"start":{"line":166,"column":12},"end":{"line":171,"column":13}},{"start":{"line":166,"column":12},"end":{"line":171,"column":13}}],"line":166},"20":{"loc":{"start":{"line":172,"column":12},"end":{"line":175,"column":13}},"type":"if","locations":[{"start":{"line":172,"column":12},"end":{"line":175,"column":13}},{"start":{"line":172,"column":12},"end":{"line":175,"column":13}}],"line":172},"21":{"loc":{"start":{"line":179,"column":12},"end":{"line":181,"column":13}},"type":"if","locations":[{"start":{"line":179,"column":12},"end":{"line":181,"column":13}},{"start":{"line":179,"column":12},"end":{"line":181,"column":13}}],"line":179},"22":{"loc":{"start":{"line":179,"column":16},"end":{"line":179,"column":115}},"type":"binary-expr","locations":[{"start":{"line":179,"column":16},"end":{"line":179,"column":60}},{"start":{"line":179,"column":64},"end":{"line":179,"column":115}}],"line":179},"23":{"loc":{"start":{"line":189,"column":8},"end":{"line":205,"column":9}},"type":"if","locations":[{"start":{"line":189,"column":8},"end":{"line":205,"column":9}},{"start":{"line":189,"column":8},"end":{"line":205,"column":9}}],"line":189},"24":{"loc":{"start":{"line":189,"column":12},"end":{"line":189,"column":44}},"type":"binary-expr","locations":[{"start":{"line":189,"column":12},"end":{"line":189,"column":25}},{"start":{"line":189,"column":29},"end":{"line":189,"column":44}}],"line":189},"25":{"loc":{"start":{"line":190,"column":12},"end":{"line":198,"column":13}},"type":"if","locations":[{"start":{"line":190,"column":12},"end":{"line":198,"column":13}},{"start":{"line":190,"column":12},"end":{"line":198,"column":13}}],"line":190},"26":{"loc":{"start":{"line":193,"column":17},"end":{"line":198,"column":13}},"type":"if","locations":[{"start":{"line":193,"column":17},"end":{"line":198,"column":13}},{"start":{"line":193,"column":17},"end":{"line":198,"column":13}}],"line":193},"27":{"loc":{"start":{"line":199,"column":12},"end":{"line":204,"column":13}},"type":"if","locations":[{"start":{"line":199,"column":12},"end":{"line":204,"column":13}},{"start":{"line":199,"column":12},"end":{"line":204,"column":13}}],"line":199},"28":{"loc":{"start":{"line":218,"column":12},"end":{"line":230,"column":13}},"type":"if","locations":[{"start":{"line":218,"column":12},"end":{"line":230,"column":13}},{"start":{"line":218,"column":12},"end":{"line":230,"column":13}}],"line":218},"29":{"loc":{"start":{"line":224,"column":16},"end":{"line":229,"column":17}},"type":"if","locations":[{"start":{"line":224,"column":16},"end":{"line":229,"column":17}},{"start":{"line":224,"column":16},"end":{"line":229,"column":17}}],"line":224},"30":{"loc":{"start":{"line":235,"column":8},"end":{"line":245,"column":9}},"type":"if","locations":[{"start":{"line":235,"column":8},"end":{"line":245,"column":9}},{"start":{"line":235,"column":8},"end":{"line":245,"column":9}}],"line":235},"31":{"loc":{"start":{"line":236,"column":12},"end":{"line":241,"column":13}},"type":"if","locations":[{"start":{"line":236,"column":12},"end":{"line":241,"column":13}},{"start":{"line":236,"column":12},"end":{"line":241,"column":13}}],"line":236},"32":{"loc":{"start":{"line":248,"column":8},"end":{"line":260,"column":9}},"type":"if","locations":[{"start":{"line":248,"column":8},"end":{"line":260,"column":9}},{"start":{"line":248,"column":8},"end":{"line":260,"column":9}}],"line":248},"33":{"loc":{"start":{"line":249,"column":12},"end":{"line":251,"column":13}},"type":"if","locations":[{"start":{"line":249,"column":12},"end":{"line":251,"column":13}},{"start":{"line":249,"column":12},"end":{"line":251,"column":13}}],"line":249},"34":{"loc":{"start":{"line":249,"column":16},"end":{"line":249,"column":102}},"type":"binary-expr","locations":[{"start":{"line":249,"column":16},"end":{"line":249,"column":57}},{"start":{"line":249,"column":61},"end":{"line":249,"column":102}}],"line":249},"35":{"loc":{"start":{"line":253,"column":13},"end":{"line":260,"column":9}},"type":"if","locations":[{"start":{"line":253,"column":13},"end":{"line":260,"column":9}},{"start":{"line":253,"column":13},"end":{"line":260,"column":9}}],"line":253},"36":{"loc":{"start":{"line":254,"column":12},"end":{"line":256,"column":13}},"type":"if","locations":[{"start":{"line":254,"column":12},"end":{"line":256,"column":13}},{"start":{"line":254,"column":12},"end":{"line":256,"column":13}}],"line":254},"37":{"loc":{"start":{"line":254,"column":16},"end":{"line":254,"column":96}},"type":"binary-expr","locations":[{"start":{"line":254,"column":16},"end":{"line":254,"column":54}},{"start":{"line":254,"column":58},"end":{"line":254,"column":96}}],"line":254}},"s":{"0":1,"1":3,"2":1,"3":1,"4":1,"5":1,"6":1,"7":1,"8":71,"9":71,"10":71,"11":71,"12":71,"13":71,"14":71,"15":71,"16":71,"17":71,"18":71,"19":71,"20":71,"21":71,"22":71,"23":154,"24":154,"25":154,"26":154,"27":154,"28":154,"29":154,"30":154,"31":154,"32":154,"33":154,"34":154,"35":154,"36":154,"37":154,"38":154,"39":154,"40":154,"41":154,"42":154,"43":154,"44":347,"45":154,"46":4,"47":150,"48":147,"49":3,"50":107,"51":45,"52":62,"53":84,"54":83,"55":1,"56":96,"57":96,"58":0,"59":58,"60":147,"61":147,"62":147,"63":147,"64":13,"65":13,"66":134,"67":2,"68":132,"69":132,"70":132,"71":94,"72":94,"73":40,"74":40,"75":0,"76":94,"77":45,"78":45,"79":45,"80":45,"81":45,"82":94,"83":45,"84":5,"85":40,"86":40,"87":0,"88":34,"89":34,"90":22,"91":0,"92":23,"93":23,"94":0,"95":22,"96":22,"97":22,"98":22,"99":22,"100":83,"101":83,"102":83,"103":83,"104":83,"105":83,"106":149,"107":83,"108":4,"109":79,"110":79,"111":0,"112":74,"113":61,"114":48,"115":61,"116":25,"117":25,"118":0,"119":58,"120":61,"121":61,"122":61,"123":3,"124":1,"125":2,"126":2,"127":0,"128":3,"129":0,"130":3,"131":61,"132":58,"133":58,"134":58,"135":79,"136":79,"137":79,"138":212,"139":212,"140":212,"141":212,"142":36,"143":173,"144":171,"145":171,"146":171,"147":0,"148":74,"149":212,"150":39,"151":36,"152":3,"153":173,"154":171,"155":136,"156":136,"157":35,"158":35,"159":35,"160":0,"161":0,"162":1},"f":{"0":3,"1":71,"2":154,"3":154,"4":347,"5":147,"6":45,"7":94,"8":22,"9":83,"10":149,"11":61,"12":79,"13":212,"14":171},"b":{"0":[1,1,1],"1":[3,0],"2":[3,3],"3":[4,150],"4":[147,3],"5":[45,62],"6":[83,1],"7":[96,0],"8":[96,3],"9":[13,134],"10":[2,132],"11":[40,0],"12":[40,0],"13":[5,40],"14":[40,0],"15":[34,0],"16":[23,0],"17":[23,0],"18":[4,79],"19":[79,0],"20":[61,13],"21":[25,0],"22":[25,3],"23":[3,58],"24":[61,4],"25":[1,2],"26":[2,0],"27":[0,3],"28":[36,173],"29":[171,0],"30":[39,173],"31":[36,3],"32":[136,35],"33":[136,0],"34":[136,79],"35":[35,0],"36":[35,0],"37":[35,22]},"inputSourceMap":{"version":3,"file":"C:/Users/oreak/IdeaProjects/project_team059/src/controller/QueryEngine.ts","sources":["C:/Users/oreak/IdeaProjects/project_team059/src/controller/QueryEngine.ts"],"names":[],"mappings":";;;;;AAAA,qDAAoF;AACpF,2DAAwD;AACxD,8DAAsC;AACtC,4EAAoD;AAIpD,0EAAkD;AAElD,MAAqB,WAAW;IACvB,gBAAgB,CAAyB;IACzC,aAAa,CAAsB;IACnC,KAAK,CAAa;IAClB,iBAAiB,CAAoB;IACrC,iBAAiB,CAAoB;IACrC,gBAAgB,CAAmB;IACnC,OAAO,CAAW;IAClB,OAAO,CAAW;IAClB,OAAO,GAAa,EAAE,CAAC;IACvB,gBAAgB,GAAG,EAAE,CAAC;IACtB,aAAa,GAAG,EAAE,CAAC;IACnB,SAAS,GAAG,KAAK,CAAC;IAClB,GAAG,GAAG,IAAI,CAAC;IACX,QAAQ,GAAG,KAAK,CAAC;IAGzB,YAAY,gBAAwC,EAAE,aAAkC;QACvF,IAAI,CAAC,gBAAgB,GAAG,gBAAgB,CAAC;QACzC,IAAI,CAAC,aAAa,GAAG,aAAa,CAAC;QACnC,IAAI,CAAC,KAAK,GAAG,IAAI,oBAAU,EAAE,CAAC;QAC9B,IAAI,CAAC,iBAAiB,GAAG,IAAI,qCAAiB,EAAE,CAAC;QACjD,IAAI,CAAC,iBAAiB,GAAG,IAAI,2BAAiB,CAAC,IAAI,CAAC,gBAAgB,EAAE,IAAI,CAAC,aAAa,CAAC,CAAC;QAC1F,IAAI,CAAC,gBAAgB,GAAG,IAAI,0BAAgB,CAAC,IAAI,CAAC,gBAAgB,EAAE,IAAI,CAAC,aAAa,CAAC,CAAC;QACxF,IAAI,CAAC,aAAa,GAAG,EAAE,CAAC;QAExB,IAAI,CAAC,OAAO,GAAG,EAAE,CAAC;QAClB,IAAI,CAAC,OAAO,GAAG,EAAE,CAAC;IAEnB,CAAC;IAEO,KAAK,CAAC,UAAU,CACvB,gBAAwC,EACxC,aAAkC;QAOlC,IAAI,CAAC,gBAAgB,GAAG,gBAAgB,CAAC;QACzC,IAAI,CAAC,aAAa,GAAG,aAAa,CAAC;QACnC,IAAI,CAAC,OAAO,GAAG,KAAK,CAAC,IAAI,CAAC,gBAAgB,CAAC,IAAI,EAAE,CAAC,CAAC;QACnD,IAAI,CAAC,OAAO,GAAG,KAAK,CAAC,IAAI,CAAC,aAAa,CAAC,IAAI,EAAE,CAAC,CAAC;QAChD,IAAI,CAAC,iBAAiB,GAAG,IAAI,2BAAiB,CAAC,IAAI,CAAC,gBAAgB,EAAE,IAAI,CAAC,aAAa,CAAC,CAAC;QAC1F,IAAI,CAAC,gBAAgB,GAAG,IAAI,0BAAgB,CAAC,IAAI,CAAC,gBAAgB,EAAE,IAAI,CAAC,aAAa,CAAC,CAAC;QACxF,IAAI,CAAC,aAAa,GAAG,EAAE,CAAC;QACxB,IAAI,CAAC,gBAAgB,GAAG,EAAE,CAAC;QAC3B,IAAI,CAAC,SAAS,GAAG,KAAK,CAAC;QACvB,IAAI,CAAC,GAAG,GAAG,IAAI,CAAC;QAChB,IAAI,CAAC,OAAO,GAAG,EAAE,CAAC;QAClB,IAAI,CAAC,QAAQ,GAAG,KAAK,CAAC;QACtB,OAAO,IAAI,CAAC;IACb,CAAC;IAEM,KAAK,CAAC,KAAK,CAAC,KAAc,EAAE,EAA0B,EAAE,EAAuB;QAGrF,MAAM,IAAI,CAAC,UAAU,CAAC,EAAE,EAAE,EAAE,CAAC,CAAC;QAE9B,IAAI,WAAW,GAAa,EAAE,CAAC;QAC/B,IAAI,kBAAkB,GAAa,EAAE,CAAC;QACtC,IAAI,MAAM,GAAoB,EAAE,CAAC;QACjC,MAAM,QAAQ,GAAG,MAAM,CAAC,KAAK,CAAC,CAAC;QAE/B,IAAI;YACH,MAAM,SAAS,GAAG,MAAM,CAAC,IAAI,CAAC,QAAQ,CAAC,CAAC;YAExC,MAAM,WAAW,GAAG,SAAS,CAAC,MAAM,CAAC,CAAC,GAAG,EAAE,EAAE,CAAC,CAAC,IAAI,CAAC,KAAK,CAAC,cAAc,CAAC,QAAQ,CAAC,GAAG,CAAC,CAAC,CAAC;YACxF,IAAI,WAAW,CAAC,MAAM,GAAG,CAAC,EAAE;gBAC3B,MAAM,IAAI,6BAAY,CAAC,sBAAsB,CAAC,CAAC;aAC/C;YAED,IAAI,OAAO,IAAI,QAAQ,EAAE;gBACxB,WAAW,GAAG,MAAM,IAAI,CAAC,WAAW,CAAC,QAAQ,CAAC,KAAK,CAAC,CAAC;aAErD;iBAAM;gBACN,MAAM,IAAI,6BAAY,CAAC,qBAAqB,CAAC,CAAC;aAC9C;YAID,IAAI,iBAAiB,IAAI,QAAQ,EAAE;gBAClC,kBAAkB,GAAG,MAAM,IAAI,CAAC,qBAAqB,CAAC,QAAQ,CAAC,eAAe,EAAE,WAAW,CAAC,CAAC;aAE7F;iBAAM;gBACN,kBAAkB,GAAG,WAAW,CAAC;aACjC;YAID,IAAI,SAAS,IAAI,QAAQ,EAAE;gBAC1B,MAAM,GAAG,MAAM,IAAI,CAAC,aAAa,CAAC,QAAQ,CAAC,OAAO,EAAE,kBAAkB,CAAC,CAAC;aACxE;iBAAM;gBACN,MAAM,IAAI,6BAAY,CAAC,uBAAuB,CAAC,CAAC;aAChD;SAGD;QAAC,OAAO,GAAG,EAAE;YACb,IAAI,GAAG,YAAY,6BAAY,IAAI,GAAG,YAAY,oCAAmB,EAAE;gBACtE,MAAM,GAAG,CAAC;aACV;YACD,MAAM,IAAI,6BAAY,CAAC,mBAAmB,CAAC,CAAC;SAC5C;QACD,OAAO,MAAM,CAAC;IACf,CAAC;IAGO,KAAK,CAAC,WAAW,CAAC,KAAa;QACtC,IAAI,WAAW,GAAa,EAAE,CAAC;QAC/B,IAAI,CAAC,QAAQ,GAAG,KAAK,CAAC;QAEtB,IAAI;YACH,IAAI,MAAM,CAAC,IAAI,CAAC,KAAK,CAAC,CAAC,MAAM,KAAK,CAAC,EAAE;gBACpC,IAAI,CAAC,QAAQ,GAAG,IAAI,CAAC;gBACrB,OAAO,WAAW,CAAC;aACnB;iBAAM,IAAI,MAAM,CAAC,IAAI,CAAC,KAAK,CAAC,CAAC,MAAM,GAAG,CAAC,EAAE;gBACzC,MAAM,IAAI,6BAAY,CAAC,8BAA8B,CAAC,CAAC;aACvD;iBAAM;gBACN,MAAM,MAAM,GAAG,MAAM,CAAC,IAAI,CAAC,KAAK,CAAC,CAAC,CAAC,CAAC,CAAC;gBACrC,MAAM,MAAM,GAAG,MAAM,CAAC,MAAM,CAAC,KAAK,CAAC,CAAC,CAAC,CAAC,CAAC;gBAIvC,WAAW,GAAG,MAAM,IAAI,CAAC,iBAAiB,CAAC,YAAY,CAAC,MAAM,EAAE,MAAM,CAAC,CAAC;gBAExE,IAAI,CAAC,gBAAgB,GAAG,IAAI,CAAC,iBAAiB,CAAC,gBAAgB,CAAC;gBAEhE,IAAI,CAAC,aAAa,GAAG,IAAI,CAAC,iBAAiB,CAAC,aAAa,CAAC;aAC1D;SACD;QAAC,OAAO,GAAG,EAAE;YACb,IAAI,GAAG,YAAY,6BAAY,IAAI,GAAG,YAAY,oCAAmB,EAAE;gBACtE,MAAM,GAAG,CAAC;aACV;YACD,MAAM,IAAI,6BAAY,CAAC,4BAA4B,CAAC,CAAC;SACrD;QACD,OAAO,WAAW,CAAC;IACpB,CAAC;IAGO,KAAK,CAAC,qBAAqB,CAAC,eAAuB,EAAE,WAAqB;QACjF,IAAI,kBAAkB,GAAa,EAAE,CAAC;QACtC,IAAI,cAAmC,CAAC;QAExC,IAAI,CAAC,SAAS,GAAG,IAAI,CAAC;QACtB,IAAI;YACH,MAAM,kBAAkB,GAAG,MAAM,CAAC,IAAI,CAAC,eAAe,CAAC,CAAC;YACxD,MAAM,WAAW,GAAG,kBAAkB,CAAC,MAAM,CAAC,CAAC,GAAG,EAAE,EAAE,CAAC,CAAC,IAAI,CAAC,KAAK,CAAC,uBAAuB,CAAC,QAAQ,CAAC,GAAG,CAAC,CAAC,CAAC;YAC1G,IAAI,WAAW,CAAC,MAAM,GAAG,CAAC,EAAE;gBAC3B,MAAM,IAAI,6BAAY,CAAC,iCAAiC,CAAC,CAAC;aAC1D;YACD,IAAI,OAAO,IAAI,eAAe,EAAE;gBAC/B,cAAc,GAAG,MAAM,IAAI,CAAC,gBAAgB,CAAC,aAAa,CACzD,eAAe,CAAC,KAAK,EACrB,WAAW,EACX,IAAI,CAAC,QAAQ,EACb,IAAI,CAAC,gBAAgB,EACrB,IAAI,CAAC,aAAa,CAClB,CAAC;aACF;iBAAM;gBACN,MAAM,IAAI,6BAAY,CAAC,mCAAmC,CAAC,CAAC;aAC5D;YAED,IAAI,OAAO,IAAI,eAAe,EAAE;gBAC/B,kBAAkB,GAAG,MAAM,IAAI,CAAC,gBAAgB,CAAC,WAAW,CAAC,eAAe,CAAC,KAAK,EAAE,cAAc,CAAC,CAAC;gBACpG,IAAI,CAAC,SAAS,EAAE,CAAC;aAEjB;iBAAM;gBACN,MAAM,IAAI,6BAAY,CAAC,mCAAmC,CAAC,CAAC;aAC5D;SACD;QAAC,OAAO,GAAG,EAAE;YACb,IAAI,GAAG,YAAY,6BAAY,IAAI,GAAG,YAAY,oCAAmB,EAAE;gBACtE,MAAM,GAAG,CAAC;aACV;YACD,MAAM,IAAI,6BAAY,CAAC,sCAAsC,CAAC,CAAC;SAC/D;QACD,OAAO,kBAAkB,CAAC;IAC3B,CAAC;IAEO,SAAS;QAChB,IAAI,CAAC,gBAAgB,GAAG,IAAI,CAAC,gBAAgB,CAAC,gBAAgB,CAAC;QAC/D,IAAI,CAAC,aAAa,GAAG,IAAI,CAAC,gBAAgB,CAAC,aAAa,CAAC;QACzD,IAAI,CAAC,OAAO,GAAG,IAAI,CAAC,gBAAgB,CAAC,SAAS,CAAC,MAAM,CAAC,IAAI,CAAC,gBAAgB,CAAC,SAAS,CAAC,CAAC;QAEvF,OAAO,IAAI,CAAC;IACb,CAAC;IAEO,KAAK,CAAC,aAAa,CAAC,OAAe,EAAE,kBAA4B;QAExE,IAAI,OAAO,GAAoB,EAAE,CAAC;QAClC,IAAI,OAAO,GAAa,EAAE,CAAC;QAC3B,IAAI,SAAS,GAAa,EAAE,CAAC;QAC7B,IAAI;YACH,MAAM,WAAW,GAAG,MAAM,CAAC,IAAI,CAAC,OAAO,CAAC,CAAC;YACzC,MAAM,WAAW,GAAG,WAAW,CAAC,MAAM,CAAC,CAAC,GAAG,EAAE,EAAE,CAAC,CAAC,IAAI,CAAC,KAAK,CAAC,YAAY,CAAC,QAAQ,CAAC,GAAG,CAAC,CAAC,CAAC;YACxF,IAAI,WAAW,CAAC,MAAM,GAAG,CAAC,EAAE;gBAC3B,MAAM,IAAI,6BAAY,CAAC,yBAAyB,CAAC,CAAC;aAClD;YAGD,IAAI,SAAS,IAAI,OAAO,EAAE;gBACzB,OAAO,GAAG,IAAI,CAAC,aAAa,CAAC,OAAO,CAAC,OAAO,CAAC,CAAC;aAC9C;iBAAM;gBACN,MAAM,IAAI,6BAAY,CAAC,uBAAuB,CAAC,CAAC;aAChD;YAID,IAAI,OAAO,IAAI,OAAO,EAAE;gBACvB,SAAS,GAAG,MAAM,IAAI,CAAC,iBAAiB,CAAC,WAAW,CAAC,OAAO,CAAC,KAAK,EAAE,OAAO,CAAC,CAAC;gBAC7E,IAAI,CAAC,GAAG,GAAG,IAAI,CAAC,iBAAiB,CAAC,MAAM,EAAE,CAAC;aAC3C;YAED,OAAO,GAAG,MAAM,IAAI,CAAC,aAAa,CAAC,kBAAkB,EAAE,OAAO,EAAE,SAAS,CAAC,CAAC;SAC3E;QAAC,OAAO,GAAG,EAAE;YACb,IAAI,GAAG,YAAY,6BAAY,IAAI,GAAG,YAAY,oCAAmB,EAAE;gBACtE,MAAM,GAAG,CAAC;aACV;YACD,MAAM,IAAI,6BAAY,CAAC,8BAA8B,CAAC,CAAC;SACvD;QACD,OAAO,OAAO,CAAC;IAChB,CAAC;IAEO,KAAK,CAAC,aAAa,CAC1B,kBAA4B,EAC5B,OAAiB,EACjB,SAAmB;QAEnB,IAAI,OAAO,GAAoB,EAAE,CAAC;QAClC,IAAI,OAAO,GAAyB,EAAE,CAAC;QAGvC,IAAI,IAAI,CAAC,QAAQ,IAAI,CAAC,IAAI,CAAC,SAAS,EAAE;YACrC,IAAI,IAAI,CAAC,aAAa,KAAK,SAAS,EAAE;gBACrC,OAAO,GAAG,IAAI,CAAC,gBAAgB,CAAC,GAAG,CAAC,IAAI,CAAC,gBAAgB,CAAC,CAAC;aAC3D;iBAAM,IAAI,IAAI,CAAC,aAAa,KAAK,MAAM,EAAE;gBACzC,OAAO,GAAG,IAAI,CAAC,aAAa,CAAC,GAAG,CAAC,IAAI,CAAC,gBAAgB,CAAC,CAAC;aACxD;iBAAM;gBACN,MAAM,IAAI,6BAAY,CAAC,2BAA2B,CAAC,CAAC;aACpD;YACD,IAAI,OAAO,KAAK,SAAS,EAAE;gBAE1B,MAAM,IAAI,6BAAY,CAAC,6BAA6B,CAAC,CAAC;aACtD;iBAAM;gBACN,kBAAkB,GAAG,OAAO,CAAC;aAC7B;SACD;QAGD,IAAI,CAAC,KAAK,CAAC,SAAS,CAAC,kBAAkB,CAAC,CAAC;QAGzC,OAAO,GAAG,MAAM,IAAI,CAAC,KAAK,CAAC,aAAa,CAAC,kBAAkB,EAAE,OAAO,EAAE,IAAI,CAAC,SAAS,CAAC,CAAC;QACtF,OAAO,GAAG,MAAM,IAAI,CAAC,KAAK,CAAC,WAAW,CAAC,OAAO,EAAE,SAAS,EAAE,IAAI,CAAC,GAAG,CAAC,CAAC;QACrE,OAAO,OAAO,CAAC;IAChB,CAAC;IAGO,aAAa,CAAC,KAAc;QAEnC,MAAM,OAAO,GAAG,IAAI,CAAC,KAAK,CAAC,aAAa,CAAC,KAAK,CAAC,CAAC;QAChD,MAAM,OAAO,GAAa,EAAE,CAAC;QAC7B,KAAK,MAAM,GAAG,IAAI,OAAO,EAAE;YAC1B,MAAM,MAAM,GAAG,MAAM,CAAC,GAAG,CAAC,CAAC;YAC3B,MAAM,KAAK,GAAG,MAAM,CAAC,KAAK,CAAC,GAAG,CAAC,CAAC,CAAC,CAAC,CAAC;YACnC,MAAM,QAAQ,GAAG,MAAM,CAAC,KAAK,CAAC,GAAG,CAAC,CAAC,CAAC,CAAC,CAAC;YAEtC,IAAI,IAAI,CAAC,yBAAyB,CAAC,MAAM,CAAC,EAAE;gBAC3C,OAAO,CAAC,IAAI,CAAC,MAAM,CAAC,CAAC;aACrB;iBAAM;gBACN,IAAI,CAAC,aAAa,GAAG,IAAI,CAAC,KAAK,CAAC,aAAa,CAC5C,IAAI,CAAC,OAAO,EACZ,IAAI,CAAC,OAAO,EACZ,IAAI,CAAC,aAAa,EAClB,IAAI,CAAC,gBAAgB,EACrB,QAAQ,CACR,CAAC;gBACF,IAAI,CAAC,gBAAgB,GAAG,QAAQ,CAAC;gBAGjC,IAAI,IAAI,CAAC,gBAAgB,CAAC,KAAK,CAAC,EAAE;oBACjC,OAAO,CAAC,IAAI,CAAC,MAAM,CAAC,CAAC;iBACrB;qBAAM;oBACN,MAAM,IAAI,6BAAY,CAAC,eAAe,MAAM,aAAa,CAAC,CAAC;iBAC3D;aACD;SACD;QACD,OAAO,OAAO,CAAC;IAChB,CAAC;IAEO,yBAAyB,CAAC,MAAc;QAC/C,IAAI,IAAI,CAAC,SAAS,EAAE;YACnB,IAAI,IAAI,CAAC,OAAO,CAAC,QAAQ,CAAC,MAAM,CAAC,EAAE;gBAClC,OAAO,IAAI,CAAC;aACZ;iBAAM;gBACN,MAAM,IAAI,6BAAY,CAAC,2EAA2E,CAAC,CAAC;aACpG;SACD;aAAM;YACN,OAAO,KAAK,CAAC;SACb;IACF,CAAC;IAGO,gBAAgB,CAAC,KAAa;QAErC,IAAI,IAAI,CAAC,aAAa,KAAK,SAAS,EAAE;YACrC,IAAI,IAAI,CAAC,KAAK,CAAC,cAAc,CAAC,QAAQ,CAAC,KAAK,CAAC,IAAI,IAAI,CAAC,KAAK,CAAC,cAAc,CAAC,QAAQ,CAAC,KAAK,CAAC,EAAE;gBAC3F,OAAO,IAAI,CAAC;aACZ;SACD;aAAM,IAAI,IAAI,CAAC,aAAa,KAAK,MAAM,EAAE;YACzC,IAAI,IAAI,CAAC,KAAK,CAAC,WAAW,CAAC,QAAQ,CAAC,KAAK,CAAC,IAAI,IAAI,CAAC,KAAK,CAAC,WAAW,CAAC,QAAQ,CAAC,KAAK,CAAC,EAAE;gBACrF,OAAO,IAAI,CAAC;aACZ;SACD;aAAM;YACN,MAAM,IAAI,6BAAY,CAAC,2BAA2B,CAAC,CAAC;SACpD;QACD,OAAO,KAAK,CAAC;IACd,CAAC;CACD;AA9TD,8BA8TC","sourcesContent":["import { InsightError, InsightResult, ResultTooLargeError } from \"./IInsightFacade\";\nimport { QueryOrderHandler } from \"./QueryOrderHandler\";\nimport QueryUtils from \"./QueryUtils\";\nimport QueryEngineFilter from \"./QueryEngineFilter\";\nimport Section from \"./sections/Section\";\nimport Room from \"./rooms/Room\";\n//import DatasetValidatorHelper from \"./DatasetValidatorHelper\";\nimport QueryAggregation from \"./QueryAggregation\";\n\nexport default class QueryEngine {\n\tprivate sectionsDatabase: Map<string, Section[]>;\n\tprivate roomsDatabase: Map<string, Room[]>;\n\tprivate utils: QueryUtils;\n\tprivate QueryOrderHandler: QueryOrderHandler;\n\tprivate QueryEngineFilter: QueryEngineFilter;\n\tprivate QueryAggregation: QueryAggregation;\n\tprivate sDSList: string[];\n\tprivate rDSList: string[];\n\tprivate newCols: string[] = [];\n\tprivate queryingIDString = \"\";\n\tprivate sectionOrRoom = \"\";\n\tprivate isGrouped = false;\n\tprivate dir = \"UP\";\n\tprivate noFilter = false;\n\t//private datasetValidator: DatasetValidatorHelper;\n\n\tconstructor(sectionsDatabase: Map<string, Section[]>, roomsDatabase: Map<string, Room[]>) {\n\t\tthis.sectionsDatabase = sectionsDatabase;\n\t\tthis.roomsDatabase = roomsDatabase;\n\t\tthis.utils = new QueryUtils();\n\t\tthis.QueryOrderHandler = new QueryOrderHandler();\n\t\tthis.QueryEngineFilter = new QueryEngineFilter(this.sectionsDatabase, this.roomsDatabase);\n\t\tthis.QueryAggregation = new QueryAggregation(this.sectionsDatabase, this.roomsDatabase);\n\t\tthis.sectionOrRoom = \"\";\n\t\t//this.datasetValidator = new DatasetValidatorHelper();\n\t\tthis.sDSList = [];\n\t\tthis.rDSList = [];\n\t\t//console.log(this.rDSList);\n\t}\n\n\tprivate async querySetup(\n\t\tsectionsDatabase: Map<string, Section[]>,\n\t\troomsDatabase: Map<string, Room[]>\n\t): Promise<boolean> {\n\t\t/*\n\t\tconst idRecords = await this.datasetValidator.separateRoomAndCourseIDs(currIDs);\n\t\tthis.rDSList = idRecords.rooms;\n\t\tthis.sDSList = idRecords.sections;\n\t\t*/\n\t\tthis.sectionsDatabase = sectionsDatabase;\n\t\tthis.roomsDatabase = roomsDatabase;\n\t\tthis.sDSList = Array.from(sectionsDatabase.keys());\n\t\tthis.rDSList = Array.from(roomsDatabase.keys());\n\t\tthis.QueryEngineFilter = new QueryEngineFilter(this.sectionsDatabase, this.roomsDatabase);\n\t\tthis.QueryAggregation = new QueryAggregation(this.sectionsDatabase, this.roomsDatabase);\n\t\tthis.sectionOrRoom = \"\";\n\t\tthis.queryingIDString = \"\"; // restart on every query;\n\t\tthis.isGrouped = false;\n\t\tthis.dir = \"UP\";\n\t\tthis.newCols = [];\n\t\tthis.noFilter = false;\n\t\treturn true;\n\t}\n\n\tpublic async query(query: unknown, sD: Map<string, Section[]>, rD: Map<string, Room[]>): Promise<InsightResult[]> {\n\t\t//console.log(\"QUERY method\");\n\t\t//console.log(this.roomsDatabase.size);\n\t\tawait this.querySetup(sD, rD);\n\t\t//console.log(this.rDSList);\n\t\tlet filteredSOR: Object[] = [];\n\t\tlet transformedResults: Object[] = [];\n\t\tlet result: InsightResult[] = [];\n\t\tconst queryObj = Object(query);\n\t\t//console.log(queryObj)\n\t\ttry {\n\t\t\tconst queryKeys = Object.keys(queryObj);\n\t\t\t//console.log(queryKeys)\n\t\t\tconst invalidKeys = queryKeys.filter((key) => !this.utils.validQueryKeys.includes(key));\n\t\t\tif (invalidKeys.length > 0) {\n\t\t\t\tthrow new InsightError(\"Excess keys in query\");\n\t\t\t}\n\t\t\t// If WHERE key exists, filter all the sections, else throw InsightError\n\t\t\tif (\"WHERE\" in queryObj) {\n\t\t\t\tfilteredSOR = await this.handleWHERE(queryObj.WHERE);\n\t\t\t\t//console.log(filteredSOR)\n\t\t\t} else {\n\t\t\t\tthrow new InsightError(\"Query missing WHERE\");\n\t\t\t}\n\t\t\t//console.log(filteredSOR);\n\n\t\t\t// If TRANSFORMATIONS key exists, complete transformation on filtered sections\n\t\t\tif (\"TRANSFORMATIONS\" in queryObj) {\n\t\t\t\ttransformedResults = await this.handleTRANSFORMATIONS(queryObj.TRANSFORMATIONS, filteredSOR);\n\t\t\t\t//this.isGrouped = true;\n\t\t\t} else {\n\t\t\t\ttransformedResults = filteredSOR;\n\t\t\t}\n\t\t\t//console.log(transformedResults);\n\n\t\t\t// If OPTIONS key exists, collect InsightResults, else throw InsightError\n\t\t\tif (\"OPTIONS\" in queryObj) {\n\t\t\t\tresult = await this.handleOPTIONS(queryObj.OPTIONS, transformedResults);\n\t\t\t} else {\n\t\t\t\tthrow new InsightError(\"Query missing OPTIONS\");\n\t\t\t}\n\t\t\t//console.log(\"End result\");\n\t\t\t//console.log(result);\n\t\t} catch (err) {\n\t\t\tif (err instanceof InsightError || err instanceof ResultTooLargeError) {\n\t\t\t\tthrow err;\n\t\t\t}\n\t\t\tthrow new InsightError(\"Unexpected error.\");\n\t\t}\n\t\treturn result;\n\t}\n\n\t// handling section or room in filter\n\tprivate async handleWHERE(where: object): Promise<Object[]> {\n\t\tlet filteredSOR: Object[] = [];\n\t\tthis.noFilter = false;\n\t\t//console.log(\"WHERE WORKING\");\n\t\ttry {\n\t\t\tif (Object.keys(where).length === 0) {\n\t\t\t\tthis.noFilter = true;\n\t\t\t\treturn filteredSOR;\n\t\t\t} else if (Object.keys(where).length > 1) {\n\t\t\t\tthrow new InsightError(\"WHERE should only have 1 key\");\n\t\t\t} else {\n\t\t\t\tconst filter = Object.keys(where)[0];\n\t\t\t\tconst values = Object.values(where)[0];\n\n\t\t\t\t//TODO;\n\t\t\t\t//console.log(filter, values)\n\t\t\t\tfilteredSOR = await this.QueryEngineFilter.handleFilter(filter, values);\n\t\t\t\t//console.log(filteredSOR)\n\t\t\t\tthis.queryingIDString = this.QueryEngineFilter.queryingIDString;\n\n\t\t\t\tthis.sectionOrRoom = this.QueryEngineFilter.sectionOrRoom;\n\t\t\t}\n\t\t} catch (err) {\n\t\t\tif (err instanceof InsightError || err instanceof ResultTooLargeError) {\n\t\t\t\tthrow err;\n\t\t\t}\n\t\t\tthrow new InsightError(\"Unexpected error in WHERE.\");\n\t\t}\n\t\treturn filteredSOR;\n\t}\n\n\t//TODO;\n\tprivate async handleTRANSFORMATIONS(transformations: object, filteredSOR: Object[]): Promise<Object[]> {\n\t\tlet transformedResults: Object[] = [];\n\t\tlet groupedResults: Record<string, any>;\n\t\t//const groupKeys;\n\t\tthis.isGrouped = true;\n\t\ttry {\n\t\t\tconst transformationKeys = Object.keys(transformations);\n\t\t\tconst invalidKeys = transformationKeys.filter((key) => !this.utils.validTransformationKeys.includes(key));\n\t\t\tif (invalidKeys.length > 0) {\n\t\t\t\tthrow new InsightError(\"Invalid keys in TRANSFORMATIONS\");\n\t\t\t}\n\t\t\tif (\"GROUP\" in transformations) {\n\t\t\t\tgroupedResults = await this.QueryAggregation.handleGroupBy(\n\t\t\t\t\ttransformations.GROUP,\n\t\t\t\t\tfilteredSOR,\n\t\t\t\t\tthis.noFilter,\n\t\t\t\t\tthis.queryingIDString,\n\t\t\t\t\tthis.sectionOrRoom\n\t\t\t\t);\n\t\t\t} else {\n\t\t\t\tthrow new InsightError(\"TRANSFORMATIONS missing GROUP key\");\n\t\t\t}\n\n\t\t\tif (\"APPLY\" in transformations) {\n\t\t\t\ttransformedResults = await this.QueryAggregation.handleApply(transformations.APPLY, groupedResults);\n\t\t\t\tthis.updateVar();\n\t\t\t\t//console.log(\"Promise resolved with:\", transformedResults);\n\t\t\t} else {\n\t\t\t\tthrow new InsightError(\"TRANSFORMATIONS missing APPLY key\");\n\t\t\t}\n\t\t} catch (err) {\n\t\t\tif (err instanceof InsightError || err instanceof ResultTooLargeError) {\n\t\t\t\tthrow err;\n\t\t\t}\n\t\t\tthrow new InsightError(\"Unexpected error in TRANSFORMATIONS.\");\n\t\t}\n\t\treturn transformedResults;\n\t}\n\n\tprivate updateVar(): boolean {\n\t\tthis.queryingIDString = this.QueryAggregation.queryingIDString;\n\t\tthis.sectionOrRoom = this.QueryAggregation.sectionOrRoom;\n\t\tthis.newCols = this.QueryAggregation.groupKeys.concat(this.QueryAggregation.applyKeys);\n\t\t//console.log(this.newCols);\n\t\treturn true;\n\t}\n\n\tprivate async handleOPTIONS(options: object, transformedResults: Object[]): Promise<InsightResult[]> {\n\t\t//console.log(\"OPTIONS WORKING\");\n\t\tlet results: InsightResult[] = [];\n\t\tlet columns: string[] = [];\n\t\tlet orderKeys: string[] = [];\n\t\ttry {\n\t\t\tconst optionsKeys = Object.keys(options);\n\t\t\tconst invalidKeys = optionsKeys.filter((key) => !this.utils.validOptions.includes(key));\n\t\t\tif (invalidKeys.length > 0) {\n\t\t\t\tthrow new InsightError(\"Invalid keys in OPTIONS\");\n\t\t\t}\n\n\t\t\t// Done\n\t\t\tif (\"COLUMNS\" in options) {\n\t\t\t\tcolumns = this.handleCOLUMNS(options.COLUMNS);\n\t\t\t} else {\n\t\t\t\tthrow new InsightError(\"Query missing COLUMNS\");\n\t\t\t}\n\n\t\t\t//console.log(columns);\n\t\t\t// Done\n\t\t\tif (\"ORDER\" in options) {\n\t\t\t\torderKeys = await this.QueryOrderHandler.handleORDER(options.ORDER, columns);\n\t\t\t\tthis.dir = this.QueryOrderHandler.getDir();\n\t\t\t}\n\n\t\t\tresults = await this.completeQuery(transformedResults, columns, orderKeys);\n\t\t} catch (err) {\n\t\t\tif (err instanceof InsightError || err instanceof ResultTooLargeError) {\n\t\t\t\tthrow err;\n\t\t\t}\n\t\t\tthrow new InsightError(\"Unexpected error in OPTIONS.\");\n\t\t}\n\t\treturn results;\n\t}\n\n\tprivate async completeQuery(\n\t\ttransformedResults: Object[],\n\t\tcolumns: string[],\n\t\torderKeys: string[]\n\t): Promise<InsightResult[]> {\n\t\tlet results: InsightResult[] = [];\n\t\tlet dataset: Object[] | undefined = [];\n\t\t//console.log(\"COMPLETE QUERY WORKING\");\n\t\t// if no filters have been applied\n\t\tif (this.noFilter && !this.isGrouped) {\n\t\t\tif (this.sectionOrRoom === \"section\") {\n\t\t\t\tdataset = this.sectionsDatabase.get(this.queryingIDString);\n\t\t\t} else if (this.sectionOrRoom === \"room\") {\n\t\t\t\tdataset = this.roomsDatabase.get(this.queryingIDString);\n\t\t\t} else {\n\t\t\t\tthrow new InsightError(\"section or room undefined\");\n\t\t\t}\n\t\t\tif (dataset ==
[...]
line":83,"column":13}},{"start":{"line":81,"column":12},"end":{"line":83,"column":13}}],"line":81},"22":{"loc":{"start":{"line":86,"column":8},"end":{"line":88,"column":9}},"type":"if","locations":[{"start":{"line":86,"column":8},"end":{"line":88,"column":9}},{"start":{"line":86,"column":8},"end":{"line":88,"column":9}}],"line":86},"23":{"loc":{"start":{"line":97,"column":12},"end":{"line":108,"column":13}},"type":"if","locations":[{"start":{"line":97,"column":12},"end":{"line":108,"column":13}},{"start":{"line":97,"column":12},"end":{"line":108,"column":13}}],"line":97},"24":{"loc":{"start":{"line":97,"column":16},"end":{"line":97,"column":57}},"type":"binary-expr","locations":[{"start":{"line":97,"column":16},"end":{"line":97,"column":38}},{"start":{"line":97,"column":42},"end":{"line":97,"column":57}}],"line":97},"25":{"loc":{"start":{"line":104,"column":16},"end":{"line":107,"column":17}},"type":"if","locations":[{"start":{"line":104,"column":16},"end":{"line":107,"column":17}},{"start":{"line":104,"column":16},"end":{"line":107,"column":17}}],"line":104},"26":{"loc":{"start":{"line":109,"column":12},"end":{"line":111,"column":13}},"type":"if","locations":[{"start":{"line":109,"column":12},"end":{"line":111,"column":13}},{"start":{"line":109,"column":12},"end":{"line":111,"column":13}}],"line":109},"27":{"loc":{"start":{"line":117,"column":16},"end":{"line":119,"column":17}},"type":"if","locations":[{"start":{"line":117,"column":16},"end":{"line":119,"column":17}},{"start":{"line":117,"column":16},"end":{"line":119,"column":17}}],"line":117},"28":{"loc":{"start":{"line":134,"column":12},"end":{"line":138,"column":13}},"type":"if","locations":[{"start":{"line":134,"column":12},"end":{"line":138,"column":13}},{"start":{"line":134,"column":12},"end":{"line":138,"column":13}}],"line":134}},"s":{"0":1,"1":0,"2":0,"3":0,"4":0,"5":0,"6":0,"7":0,"8":0,"9":0,"10":0,"11":1,"12":0,"13":0,"14":1,"15":1,"16":1,"17":0,"18":0,"19":0,"20":0,"21":0,"22":0,"23":0,"24":1,"25":3,"26":1,"27":1,"28":1,"29":1,"30":1,"31":1,"32":71,"33":71,"34":28,"35":28,"36":26,"37":26,"38":26,"39":25,"40":22,"41":25,"42":25,"43":25,"44":25,"45":25,"46":0,"47":25,"48":438,"49":438,"50":395,"51":395,"52":395,"53":395,"54":395,"55":25,"56":25,"57":25,"58":22,"59":25,"60":395,"61":284,"62":25,"63":25,"64":3,"65":22,"66":22,"67":22,"68":395,"69":395,"70":798047,"71":798047,"72":4454,"73":48994,"74":4454,"75":20850,"76":20850,"77":20850,"78":20850,"79":4454,"80":4170,"81":4170,"82":798047,"83":394270,"84":797652,"85":395,"86":395,"87":395,"88":395,"89":4170,"90":4170,"91":395,"92":22,"93":22,"94":22,"95":22,"96":22,"97":4170,"98":4170,"99":4170,"100":4170,"101":22,"102":1},"f":{"0":0,"1":0,"2":0,"3":0,"4":0,"5":1,"6":3,"7":71,"8":28,"9":26,"10":25,"11":438,"12":395,"13":25,"14":395,"15":395,"16":798047,"17":48994,"18":20850,"19":20850,"20":797652,"21":395,"22":4170,"23":22,"24":22},"b":{"0":[1,1,1],"1":[1,0],"2":[0,0],"3":[0,0],"4":[0,0],"5":[0,0],"6":[0,0],"7":[0,0],"8":[1,1,1],"9":[1,0],"10":[1,1,1],"11":[1,0],"12":[1,1],"13":[0,0],"14":[0,0],"15":[0,0],"16":[1,1,1],"17":[1,2],"18":[3,3],"19":[0,25],"20":[395,43],"21":[284,111],"22":[3,22],"23":[4454,793593],"24":[798047,4454],"25":[4170,284],"26":[394270,403777],"27":[4170,0],"28":[4170,0]},"inputSourceMap":{"version":3,"file":"C:/Users/oreak/IdeaProjects/project_team059/src/controller/rooms/RoomDiskWriter.ts","sources":["C:/Users/oreak/IdeaProjects/project_team059/src/controller/rooms/RoomDiskWriter.ts"],"names":[],"mappings":";;;;;;;;;;;;;;;;;;;;;;;;;;;;AAAA,kDAA0B;AAC1B,gEAAwC;AACxC,+CAAiC;AACjC,sDAAqE;AAGrE,wDAA0B;AAE1B,MAAqB,cAAe,SAAQ,qBAAW;IAG9C,gBAAgB,GAAa;QACpC,2CAA2C;QAC3C,6CAA6C;QAC7C,8CAA8C;QAC9C,yCAAyC;KAEzC,CAAC;IACF;QACC,KAAK,EAAE,CAAC;IACT,CAAC;IAEM,KAAK,CAAC,qBAAqB,CAAC,OAAe,EAAE,EAAU,EAAE,OAA4B;QAC3F,MAAM,MAAM,GAAG,MAAM,CAAC,IAAI,CAAC,OAAO,EAAE,QAAQ,CAAC,CAAC;QAC9C,MAAM,GAAG,GAAG,MAAM,eAAK,CAAC,SAAS,CAAC,MAAM,CAAC,CAAC;QAC1C,MAAM,IAAI,CAAC,oBAAoB,CAAC,GAAG,EAAE,EAAE,EAAE,OAAO,CAAC,CAAC;IACnD,CAAC;IAGO,KAAK,CAAC,oBAAoB,CAAC,GAAU,EAAE,EAAU,EAAE,OAA4B;QACtF,IAAI,WAAW,GAA0B,IAAI,GAAG,EAAoB,CAAC;QACrE,WAAW,GAAG,MAAM,IAAI,CAAC,cAAc,CAAC,GAAG,CAAC,CAAC;QAC7C,MAAM,QAAQ,GAAG,MAAM,IAAI,CAAC,qBAAqB,CAAC,GAAG,EAAE,WAAW,EAAE,EAAE,CAAC,CAAC;QACxE,OAAO,CAAC,GAAG,CAAC,EAAE,EAAE,QAAQ,CAAC,CAAC;IAC3B,CAAC;IACS,KAAK,CAAC,qBAAqB,CAAC,GAAU,EAAE,WAAkC,EAAE,EAAU;QAC/F,MAAM,WAAW,GAAsB,EAAE,CAAC;QAC1C,MAAM,IAAI,GAAG,KAAK,CAAC,IAAI,CAAC,WAAW,CAAC,IAAI,EAAE,CAAC,CAAC;QAC5C,MAAM,OAAO,GAAG,CAAC,CAAC;QAElB,MAAM,MAAM,GAAG,GAAG,CAAC,MAAM,CAAC,0CAA0C,CAAC,CAAC;QACtE,IAAI,CAAC,MAAM,EAAE;YACZ,MAAM,IAAI,6BAAY,CAAC,8BAA8B,CAAC,CAAC;SACvD;QACD,MAAM,CAAC,OAAO,CAAC,CAAC,YAAY,EAAE,IAAI,EAAE,EAAE;YACrC,MAAM,YAAY,GAAG,YAAY,CAAC,KAAK,CAAC,GAAG,CAAC,CAAC,CAAC,CAAC,CAAC;YAEhD,IAAI,IAAI,CAAC,QAAQ,CAAC,YAAY,CAAC,EAAE;gBAEhC,MAAM,cAAc,GAAG,IAAI,CAAC,KAAK,CAAC,MAAM,CAAC,CAAC,IAAI,CAAC,KAAK,EAAE,QAAQ,EAAE,EAAE;oBACjE,MAAM,QAAQ,GAAG,MAAM,CAAC,KAAK,CAAC,QAAQ,CAAC,CAAC;oBACxC,MAAM,QAAQ,GAAa,WAAW,CAAC,GAAG,CAAC,YAAY,CAAa,CAAC;oBACrE,OAAO,IAAI,CAAC,kBAAkB,CAAC,QAAQ,EAAE,QAAQ,EAAE,EAAE,CAAC,CAAC;gBACxD,CAAC,CAAC,CAAC;gBAEH,WAAW,CAAC,IAAI,CAAC,cAAc,CAAC,CAAC;aACjC;QACF,CAAC,CAAC,CAAC;QACH,MAAM,UAAU,GAAG,MAAM,OAAO,CAAC,GAAG,CAAC,WAAW,CAAC,CAAC;QAClD,MAAM,QAAQ,GAAW,EAAE,CAAC;QAC5B,MAAM,IAAI,CAAC,WAAW,CAAC,UAAU,EAAE,QAAQ,EAAE,OAAO,EAAE,EAAE,CAAC,CAAC;QAC1D,OAAO,QAAQ,CAAC;IACjB,CAAC;IAEO,KAAK,CAAC,WAAW,CACxB,UAA6B,EAC7B,QAAgB,EAChB,OAAe,EACf,EAAU;QAEV,UAAU,CAAC,OAAO,CAAC,CAAC,KAAK,EAAE,EAAE;YAC5B,IAAI,KAAK,CAAC,MAAM,GAAG,CAAC,EAAE;gBACrB,QAAQ,CAAC,IAAI,CAAC,GAAG,KAAK,CAAC,CAAC;aACxB;QACF,CAAC,CAAC,CAAC;QACH,OAAO,GAAG,QAAQ,CAAC,MAAM,CAAC;QAC1B,IAAI,OAAO,KAAK,CAAC,EAAE;YAClB,MAAM,IAAI,6BAAY,CAAC,gBAAgB,CAAC,CAAC;SACzC;QAED,MAAM,IAAI,CAAC,gBAAgB,CAAC,QAAQ,EAAE,EAAE,CAAC,CAAC;QAC1C,MAAM,IAAI,CAAC,wBAAwB,CAAC,EAAE,EAAE,mCAAkB,CAAC,KAAK,EAAE,OAAO,CAAC,CAAC;QAC3E,OAAO,OAAO,CAAC;IAChB,CAAC;IAES,KAAK,CAAC,kBAAkB,CAAC,GAAQ,EAAE,QAAkB,EAAE,EAAU;QAC1E,MAAM,YAAY,GAA2B,EAAE,CAAC;QAEhD,MAAM,QAAQ,GAAG,CAAC,IAAS,EAAO,EAAE;YAEnC,MAAM,cAAc,GAAa,EAAE,CAAC;YACpC,IAAI,IAAI,CAAC,QAAQ,KAAK,IAAI,IAAI,IAAI,CAAC,UAAU,EAAE;gBAE9C,MAAM,OAAO,GAAG,IAAI,CAAC,UAAU,CAAC,MAAM,CAAC,CAAC,KAAU,EAAE,EAAE,CAAC,KAAK,CAAC,QAAQ,KAAK,IAAI,CAAC,CAAC;gBAIhF,OAAO,CAAC,OAAO,CAAC,CAAC,MAAW,EAAE,EAAE;oBAC/B,MAAM,SAAS,GAAG,MAAM,CAAC,KAAK,CAAC,IAAI,CAAC,CAAC,IAAS,EAAE,EAAE,CAAC,IAAI,CAAC,IAAI,KAAK,OAAO,CAAC,CAAC;oBAE1E,MAAM,SAAS,GAAG,SAAS,CAAC,KAAK,CAAC;oBAClC,cAAc,CAAC,IAAI,CAAC,SAAS,CAAC,CAAC;gBAChC,CAAC,CAAC,CAAC;gBAIH,IAAI,IAAI,CAAC,iBAAiB,CAAC,IAAI,CAAC,gBAAgB,EAAE,cAAc,CAAC,EAAE;oBAClE,MAAM,OAAO,GAAG,IAAI,CAAC,aAAa,CAAC,OAAO,EAAE,QAAQ,EAAE,EAAE,CAAC,CAAC;oBAC1D,YAAY,CAAC,IAAI,CAAC,OAAO,CAAC,CAAC;iBAC3B;aACD;YAGD,IAAI,IAAI,CAAC,UAAU,EAAE;gBACpB,IAAI,CAAC,UAAU,CAAC,OAAO,CAAC,CAAC,KAAU,EAAE,EAAE,CAAC,QAAQ,CAAC,KAAK,CAAC,CAAC,CAAC;aACzD;QACF,CAAC,CAAC;QAEF,QAAQ,CAAC,GAAG,CAAC,CAAC;QACd,MAAM,KAAK,GAAW,EAAE,CAAC;QACzB,OAAO,OAAO,CAAC,GAAG,CAAC,YAAY,CAAC,CAAC,IAAI,CAAC,CAAC,OAAO,EAAE,EAAE;YACjD,OAAO,CAAC,OAAO,CAAC,CAAC,IAAI,EAAE,EAAE;gBACxB,IAAI,IAAI,EAAE;oBACT,KAAK,CAAC,IAAI,CAAC,IAAI,CAAC,CAAC;iBACjB;YACF,CAAC,CAAC,CAAC;YAEH,OAAO,KAAK,CAAC;QACd,CAAC,CAAC,CAAC;IACJ,CAAC;IAGM,KAAK,CAAC,wBAAwB,CAAC,EAAU,EAAE,IAAwB,EAAE,OAAe;QAC1F,MAAM,GAAG,GAAG;YACX,KAAK,EAAE,CAAC,EAAE,EAAE,EAAE,IAAI,EAAE,OAAO,EAAE,CAAC;SAC9B,CAAC;QAEF,MAAM,IAAI,GAAG,IAAI,CAAC,SAAS,CAAC,GAAG,CAAC,CAAC;QACjC,MAAM,kBAAE,CAAC,UAAU,CAAC,UAAU,EAAE,OAAO,EAAE,IAAI,CAAC,CAAC;IAChD,CAAC;IAES,KAAK,CAAC,gBAAgB,CAAC,KAAa,EAAE,EAAU;QACzD,MAAM,gBAAgB,GAAG,EAAE,CAAC;QAC5B,KAAK,MAAM,IAAI,IAAI,KAAK,EAAE;YACzB,IAAI,IAAI,EAAE;gBACT,MAAM,QAAQ,GAAG,IAAI,CAAC,aAAa,EAAE,CAAC;gBAEtC,MAAM,QAAQ,GAAG,kBAAE,CAAC,UAAU,CAAC,UAAU,EAAE,UAAU,IAAI,CAAC,UAAU,EAAE,CAAC,IAAI,OAAO,EAAE,QAAQ,CAAC,CAAC;gBAC9F,gBAAgB,CAAC,IAAI,CAAC,QAAQ,CAAC,CAAC;aAChC;SACD;QACD,MAAM,OAAO,CAAC,GAAG,CAAC,gBAAgB,CAAC,CAAC;IACrC,CAAC;CACD;AAjJD,iCAiJC","sourcesContent":["import JSZip from \"jszip\";\nimport RoomsParser from \"./RoomsParser\";\nimport * as parse5 from \"parse5\";\nimport { InsightDatasetKind, InsightError } from \"../IInsightFacade\";\nimport Building from \"./Building\";\nimport Room from \"./Room\";\nimport fs from \"fs-extra\";\n\nexport default class RoomDiskWriter extends RoomsParser {\n\t//Every SectionDiskWriter needs to be able to parse sections using SectionsParser\n\n\tprivate roomTdClassNames: string[] = [\n\t\t\"views-field views-field-field-room-number\",\n\t\t\"views-field views-field-field-room-capacity\",\n\t\t\"views-field views-field-field-room-furniture\",\n\t\t\"views-field views-field-field-room-type\",\n\t\t//\"views-field views-field-nothing\",\n\t];\n\tconstructor() {\n\t\tsuper();\n\t}\n\n\tpublic async logRoomsDatasetOnDisk(content: string, id: string, roomMap: Map<string, Room[]>): Promise<void> {\n\t\tconst buffer = Buffer.from(content, \"base64\");\n\t\tconst zip = await JSZip.loadAsync(buffer);\n\t\tawait this.logRoomDatasetAndMap(zip, id, roomMap);\n\t}\n\n\t// writes room dataset info onto disk\n\tprivate async logRoomDatasetAndMap(zip: JSZip, id: string, roomMap: Map<string, Room[]>): Promise<void> {\n\t\tlet buildingMap: Map<string, Building> = new Map<string, Building>();\n\t\tbuildingMap = await this.parseIndexFile(zip);\n\t\tconst newRooms = await this.logAllRoomFilesOnDisk(zip, buildingMap, id);\n\t\troomMap.set(id, newRooms);\n\t}\n\tprotected async logAllRoomFilesOnDisk(zip: JSZip, buildingMap: Map<string, Building>, id: string): Promise<Room[]> {\n\t\tconst allPromises: Promise<Room[]>[] = [];\n\t\tconst dirs = Array.from(buildingMap.keys());\n\t\tconst numRows = 0;\n\n\t\tconst folder = zip.folder(\"campus/discover/buildings-and-classrooms\");\n\t\tif (!folder) {\n\t\t\tthrow new InsightError(\"Folder not found in zip file\");\n\t\t}\n\t\tfolder.forEach((relativePath, file) => {\n\t\t\tconst buildingCode = relativePath.split(\".\")[0]; // Extract dir or file name\n\t\t\t//console.log(buildingCode)\n\t\t\tif (dirs.includes(buildingCode)) {\n\t\t\t\t//console.log(\"File object:\", file);\n\t\t\t\tconst promiseContent = file.async(\"text\").then(async (content0) => {\n\t\t\t\t\tconst document = parse5.parse(content0);\n\t\t\t\t\tconst building: Building = buildingMap.get(buildingCode) as Building;\n\t\t\t\t\treturn this.findTdElemsOfRooms(document, building, id);\n\t\t\t\t});\n\n\t\t\t\tallPromises.push(promiseContent);\n\t\t\t}\n\t\t});\n\t\tconst roomArrays = await Promise.all(allPromises);\n\t\tconst allRooms: Room[] = [];\n\t\tawait this.writeToDisk(roomArrays, allRooms, numRows, id);\n\t\treturn allRooms;\n\t}\n\n\tprivate async writeToDisk(\n\t\troomArrays: Awaited<Room[]>[],\n\t\tallRooms: Room[],\n\t\tnumRows: number,\n\t\tid: string\n\t): Promise<number> {\n\t\troomArrays.forEach((rooms) => {\n\t\t\tif (rooms.length > 0) {\n\t\t\t\tallRooms.push(...rooms);\n\t\t\t}\n\t\t});\n\t\tnumRows = allRooms.length;\n\t\tif (numRows === 0) {\n\t\t\tthrow new InsightError(\"No valid rooms\");\n\t\t}\n\t\t//console.log(numRows)\n\t\tawait this.storeRoomsOnDisk(allRooms, id);\n\t\tawait this.logRoomInsightKindToDisk(id, InsightDatasetKind.Rooms, numRows);\n\t\treturn numRows;\n\t}\n\n\tprotected async findTdElemsOfRooms(doc: any, building: Building, id: string): Promise<Room[]> {\n\t\tconst roomPromises: Promise<Room | null>[] = [];\n\t\t//  traverse the parsed tree\n\t\tconst traverse = (node: any): any => {\n\t\t\t// check if the current node is a <tr> element\n\t\t\tconst currClassNames: string[] = [];\n\t\t\tif (node.nodeName === \"tr\" && node.childNodes) {\n\t\t\t\t// Gather all <td> elements within this <tr>\n\t\t\t\tconst tdElems = node.childNodes.filter((child: any) => child.nodeName === \"td\");\n\t\t\t\t//console.log(tdElems)\n\n\t\t\t\t// Process each <td> element\n\t\t\t\ttdElems.forEach((tdElem: any) => {\n\t\t\t\t\tconst classAttr = tdElem.attrs.find((attr: any) => attr.name === \"class\");\n\t\t\t\t\t//console.log(classAttr)\n\t\t\t\t\tconst classList = classAttr.value;\n\t\t\t\t\tcurrClassNames.push(classList);\n\t\t\t\t});\n\n\t\t\t\t//console.log(\"classNames: \", classNames)\n\t\t\t\t//console.log(\"currClassNames: \", currClassNames)\n\t\t\t\tif (this.compareClassNames(this.roomTdClassNames, currClassNames)) {\n\t\t\t\t\tconst newRoom = this.parseRoomInfo(tdElems, building, id);\n\t\t\t\t\troomPromises.push(newRoom);\n\t\t\t\t}\n\t\t\t}\n\n\t\t\t// Recursively traverse child nodes\n\t\t\tif (node.childNodes) {\n\t\t\t\tnode.childNodes.forEach((child: any) => traverse(child));\n\t\t\t}\n\t\t};\n\n\t\ttraverse(doc); // Start traversing from the root document\n\t\tconst rooms: Room[] = [];\n\t\treturn Promise.all(roomPromises).then((results) => {\n\t\t\tresults.forEach((room) => {\n\t\t\t\tif (room) {\n\t\t\t\t\trooms.push(room);\n\t\t\t\t}\n\t\t\t});\n\t\t\t//console.log(rooms.length)\n\t\t\treturn rooms;\n\t\t});\n\t}\n\n\t// Writes InsightDataset info about a dataset\n\tpublic async logRoomInsightKindToDisk(id: string, kind: InsightDatasetKind, numRows: number): Promise<void> {\n\t\tconst obj = {\n\t\t\ttable: [{ id, kind, numRows }],\n\t\t};\n\t\t//obj.table.push({id: id, kind: kind, numRows: numRows} as never);\n\t\tconst json = JSON.stringify(obj);\n\t\tawait fs.outputFile(`./data/${id}/kind`, json);\n\t}\n\n\tprotected async storeRoomsOnDisk(rooms: Room[], id: string): Promise<void> {\n\t\tconst allRoomsPromises = [];\n\t\tfor (const room of rooms) {\n\t\t\tif (room) {\n\t\t\t\tconst jsonData = room.convertToJSON();\n\t\t\t\t//console.log(jsonData)\n\t\t\t\tconst roomData = fs.outputJson(`./data/${id}/rooms/${room.getSfields().name}.json`, jsonData);\n\t\t\t\tallRoomsPromises.push(roomData);\n\t\t\t}\n\t\t}\n\t\tawait Promise.all(allRoomsPromises);\n\t}\n}\n"]},"_coverageSchema":"1a1c01bbd47fc00a2c39e90264f33305004495a9","hash":"a83dce40931f99c49e76cee27839b366a0443108","contentHash":"82f584712d53b9b48783d75418031977c125908bb774f1c098d5e56820e651b0"},"C:\\Users\\oreak\\IdeaProjects\\project_team059\\src\\controller\\sections\\addSectionDataset.ts":{"path":"C:\\Users\\oreak\\IdeaProjects\\project_team059\\src\\controller\\sections\\addSectionDataset.ts","statementMap":{"0":{"start":{"line":2,"column":22},"end":{"line":4,"column":1}},"1":{"start":{"line":3,"column":4},"end":{"line":3,"column":62}},"2":{"start":{"line":5,"column":0},"end":{"line":5,"column":62}},"3":{"start":{"line":6,"column":33},"end":{"line":6,"column":86}},"4":{"start":{"line":7,"column":28},"end":{"line":7,"column":75}},"5":{"start":{"line":8,"column":28},"end":{"line":8,"column":75}},"6":{"start":{"line":9,"column":19},"end":{"line":9,"column":55}},"7":{"start":{"line":10,"column":25},"end":{"line":10,"column":53}},"8":{"start":{"line":16,"column":8},"end":{"line":16,"column":57}},"9":{"start":{"line":17,"column":8},"end":{"line":17,"column":63}},"10":{"start":{"line":18,"column":8},"end":{"line":18,"column":63}},"11":{"start":{"line":21,"column":8},"end":{"line":33,"column":9}},"12":{"start":{"line":22,"column":12},"end":{"line":22,"column":50}},"13":{"start":{"line":23,"column":12},"end":{"line":23,"column":75}},"14":{"start":{"line":24,"column":12},"end":{"line":24,"column":86}},"15":{"start":{"line":25,"column":12},"end":{"line":25,"column":102}},"16":{"start":{"line":26,"column":12},"end":{"line":26,"column":56}},"17":{"start":{"line":29,"column":12},"end":{"line":31,"column":13}},"18":{"start":{"line":30,"column":16},"end":{"line":30,"column":26}},"19":{"start":{"line":32,"column":12},"end":{"line":32,"column":92}},"20":{"start":{"line":36,"column":0},"end":{"line":36,"column":36}}},"fnMap":{"0":{"name":"(anonymous_0)","decl":{"start":{"line":2,"column":56},"end":{"line":2,"column":57}},"loc":{"start":{"line":2,"column":71},"end":{"line":4,"column":1}},"line":2},"1":{"name":"(anonymous_1)","decl":{"start":{"line":15,"column":4},"end":{"line":15,"column":5}},"loc":{"start":{"line":15,"column":18},"end":{"line":19,"column":5}},"line":15},"2":{"name":"(anonymous_2)","decl":{"start":{"line":20,"column":4},"end":{"line":20,"column":5}},"loc":{"start":{"line":20,"column":58},"end":{"line":34,"column":5}},"line":20}},"branchMap":{"0":{"loc":{"start":{"line":2,"column":22},"end":{"line":4,"column":1}},"type":"binary-expr","locations":[{"start":{"line":2,"column":23},"end":{"line":2,"column":27}},{"start":{"line":2,"column":31},"end":{"line":2,"column":51}},{"start":{"line":2,"column":56},"end":{"line":4,"column":1}}],"line":2},"1":{"loc":{"start":{"line":3,"column":11},"end":{"line":3,"column":61}},"type":"cond-expr","locations":[{"start":{"line":3,"column":37},"end":{"line":3,"column":40}},{"start":{"line":3,"column":43},"end":{"line":3,"column":61}}],"line":3},"2":{"loc":{"start":{"line":3,"column":12},"end":{"line":3,"column":33}},"type":"binary-expr","locations":[{"start":{"line":3,"column":12},"end":{"line":3,"column":15}},{"start":{"line":3,"column":19},"end":{"line":3,"column":33}}],"line":3},"3":{"loc":{"start":{"line":29,"column":12},"end":{"line":31,"column":13}},"type":"if","locations":[{"start":{"line":29,"column":12},"end":{"line":31,"column":13}},{"start":{"line":29,"column":12},"end":{"line":31,"column":13}}],"line":29}},"s":{"0":1,"1":4,"2":1,"3":1,"4":1,"5":1,"6":1,"7":1,"8":71,"9":71,"10":71,"11":41,"12":41,"13":41,"14":38,"15":34,"16":34,"17":7,"18":1,"19":6,"20":1},"f":{"0":4,"1":71,"2":41},"b":{"0":[1,1,1],"1":[3,1],"2":[4,4],"3":[1,6]},"inputSourceMap":{"version":3,"file":"C:/Users/oreak/IdeaProjects/project_team059/src/controller/sections/addSectionDataset.ts","sources":["C:/Users/oreak/IdeaProjects/project_team059/src/controller/sections/addSectionDataset.ts"],"names":[],"mappings":";;;;;AAAA,uFAA+D;AAC/D,4EAAoD;AACpD,4EAAoD;AACpD,wDAA0B;AAE1B,sDAAqE;AAErE,MAAqB,iBAAiB;IAC7B,EAAE,CAAyB;IAC3B,aAAa,CAAoB;IACjC,aAAa,CAAoB;IAEzC;QACC,IAAI,CAAC,EAAE,GAAG,IAAI,gCAAsB,EAAE,CAAC;QACvC,IAAI,CAAC,aAAa,GAAG,IAAI,2BAAiB,EAAE,CAAC;QAC7C,IAAI,CAAC,aAAa,GAAG,IAAI,2BAAiB,EAAE,CAAC;IAC9C,CAAC;IAEM,KAAK,CAAC,UAAU,CACtB,EAAU,EACV,gBAAwC,EACxC,OAAe,EACf,IAAwB;QAExB,IAAI;YACH,MAAM,IAAI,CAAC,EAAE,CAAC,mBAAmB,CAAC,EAAE,CAAC,CAAC;YACtC,MAAM,IAAI,CAAC,aAAa,CAAC,wBAAwB,CAAC,OAAO,EAAE,EAAE,CAAC,CAAC;YAC/D,MAAM,IAAI,CAAC,aAAa,CAAC,0BAA0B,CAAC,EAAE,EAAE,gBAAgB,CAAC,CAAC;YAC1E,MAAM,IAAI,CAAC,aAAa,CAAC,oBAAoB,CAAC,EAAE,EAAE,IAAI,EAAE,gBAAgB,CAAC,GAAG,CAAC,EAAE,CAAC,EAAE,MAAgB,CAAC,CAAC;YACpG,OAAO,kBAAE,CAAC,OAAO,CAAC,QAAQ,CAAC,CAAC;SAC5B;QAAC,OAAO,GAAG,EAAE;YACb,IAAI,GAAG,YAAY,6BAAY,EAAE;gBAChC,MAAM,GAAG,CAAC;aACV;YACD,MAAM,IAAI,6BAAY,CAAC,iCAAiC,GAAG,EAAE,CAAC,CAAC;SAC/D;IACF,CAAC;CACD;AA9BD,oCA8BC","sourcesContent":["import DatasetValidatorHelper from \"../DatasetValidatorHelper\";\nimport SectionDiskReader from \"./SectionDiskReader\";\nimport SectionDiskWriter from \"./SectionDiskWriter\";\nimport fs from \"fs-extra\";\nimport Section from \"./Section\";\nimport { InsightDatasetKind, InsightError } from \"../IInsightFacade\";\n\nexport default class AddSectionDataset {\n\tprivate sv: DatasetValidatorHelper;\n\tprivate secDiskReader: SectionDiskReader;\n\tprivate secDiskWriter: SectionDiskWriter;\n\n\tconstructor() {\n\t\tthis.sv = new DatasetValidatorHelper();\n\t\tthis.secDiskReader = new SectionDiskReader();\n\t\tthis.secDiskWriter = new SectionDiskWriter();\n\t}\n\n\tpublic async addCourses(\n\t\tid: string,\n\t\tsectionsDatabase: Map<string, Section[]>,\n\t\tcontent: string,\n\t\tkind: InsightDatasetKind\n\t): Promise<string[]> {\n\t\ttry {\n\t\t\tawait this.sv.validateIdStructure(id);\n\t\t\tawait this.secDiskWriter.logSectionsDatasetOnDisk(content, id);\n\t\t\tawait this.secDiskReader.logNewDatasetFromDiskToMap(id, sectionsDatabase);\n\t\t\tawait this.secDiskWriter.logInsightKindToDisk(id, kind, sectionsDatabase.get(id)?.length as number);\n\t\t\treturn fs.readdir(\"./data\");\n\t\t} catch (err) {\n\t\t\tif (err instanceof InsightError) {\n\t\t\t\tthrow err;\n\t\t\t}\n\t\t\tthrow new InsightError(`An unexpected error occurred: ${err}`);\n\t\t}\n\t}\n}\n"]},"_coverageSchema":"1a1c01bbd47fc00a2c39e90264f33305004495a9","hash":"5516f28020ebc171aa762b70af555cb17bbb0229","contentHash":"3b9717194bd4e3e26d483e0fcf10cecb9dde6f062cbd7772ab7b7eee168884c2"}}