{"C:\\Users\\oreak\\IdeaProjects\\project_team059\\src\\controller\\IInsightFacade.ts":{"path":"C:\\Users\\oreak\\IdeaProjects\\project_team059\\src\\controller\\IInsightFacade.ts","statementMap":{"0":{"start":{"line":2,"column":0},"end":{"line":2,"column":62}},"1":{"start":{"line":3,"column":0},"end":{"line":3,"column":113}},"2":{"start":{"line":5,"column":0},"end":{"line":8,"column":89}},"3":{"start":{"line":6,"column":4},"end":{"line":6,"column":48}},"4":{"start":{"line":7,"column":4},"end":{"line":7,"column":42}},"5":{"start":{"line":11,"column":8},"end":{"line":11,"column":29}},"6":{"start":{"line":14,"column":8},"end":{"line":14,"column":30}},"7":{"start":{"line":17,"column":8},"end":{"line":17,"column":29}},"8":{"start":{"line":20,"column":8},"end":{"line":20,"column":30}},"9":{"start":{"line":23,"column":21},"end":{"line":23,"column":61}},"10":{"start":{"line":24,"column":8},"end":{"line":26,"column":9}},"11":{"start":{"line":25,"column":12},"end":{"line":25,"column":45}},"12":{"start":{"line":27,"column":8},"end":{"line":27,"column":42}},"13":{"start":{"line":30,"column":21},"end":{"line":30,"column":66}},"14":{"start":{"line":31,"column":8},"end":{"line":33,"column":9}},"15":{"start":{"line":32,"column":12},"end":{"line":32,"column":45}},"16":{"start":{"line":34,"column":8},"end":{"line":34,"column":42}},"17":{"start":{"line":39,"column":8},"end":{"line":39,"column":32}},"18":{"start":{"line":40,"column":8},"end":{"line":40,"column":32}},"19":{"start":{"line":43,"column":0},"end":{"line":43,"column":26}},"20":{"start":{"line":46,"column":8},"end":{"line":46,"column":23}},"21":{"start":{"line":47,"column":8},"end":{"line":47,"column":52}},"22":{"start":{"line":50,"column":0},"end":{"line":50,"column":36}},"23":{"start":{"line":53,"column":8},"end":{"line":53,"column":23}},"24":{"start":{"line":54,"column":8},"end":{"line":54,"column":53}},"25":{"start":{"line":57,"column":0},"end":{"line":57,"column":38}},"26":{"start":{"line":60,"column":8},"end":{"line":60,"column":23}},"27":{"start":{"line":61,"column":8},"end":{"line":61,"column":59}},"28":{"start":{"line":64,"column":0},"end":{"line":64,"column":50}}},"fnMap":{"0":{"name":"(anonymous_0)","decl":{"start":{"line":5,"column":1},"end":{"line":5,"column":2}},"loc":{"start":{"line":5,"column":31},"end":{"line":8,"column":1}},"line":5},"1":{"name":"(anonymous_1)","decl":{"start":{"line":10,"column":4},"end":{"line":10,"column":5}},"loc":{"start":{"line":10,"column":17},"end":{"line":12,"column":5}},"line":10},"2":{"name":"(anonymous_2)","decl":{"start":{"line":13,"column":4},"end":{"line":13,"column":5}},"loc":{"start":{"line":13,"column":22},"end":{"line":15,"column":5}},"line":13},"3":{"name":"(anonymous_3)","decl":{"start":{"line":16,"column":4},"end":{"line":16,"column":5}},"loc":{"start":{"line":16,"column":17},"end":{"line":18,"column":5}},"line":16},"4":{"name":"(anonymous_4)","decl":{"start":{"line":19,"column":4},"end":{"line":19,"column":5}},"loc":{"start":{"line":19,"column":22},"end":{"line":21,"column":5}},"line":19},"5":{"name":"(anonymous_5)","decl":{"start":{"line":22,"column":4},"end":{"line":22,"column":5}},"loc":{"start":{"line":22,"column":28},"end":{"line":28,"column":5}},"line":22},"6":{"name":"(anonymous_6)","decl":{"start":{"line":29,"column":4},"end":{"line":29,"column":5}},"loc":{"start":{"line":29,"column":28},"end":{"line":35,"column":5}},"line":29},"7":{"name":"(anonymous_7)","decl":{"start":{"line":38,"column":4},"end":{"line":38,"column":5}},"loc":{"start":{"line":38,"column":34},"end":{"line":41,"column":5}},"line":38},"8":{"name":"(anonymous_8)","decl":{"start":{"line":45,"column":4},"end":{"line":45,"column":5}},"loc":{"start":{"line":45,"column":25},"end":{"line":48,"column":5}},"line":45},"9":{"name":"(anonymous_9)","decl":{"start":{"line":52,"column":4},"end":{"line":52,"column":5}},"loc":{"start":{"line":52,"column":25},"end":{"line":55,"column":5}},"line":52},"10":{"name":"(anonymous_10)","decl":{"start":{"line":59,"column":4},"end":{"line":59,"column":5}},"loc":{"start":{"line":59,"column":25},"end":{"line":62,"column":5}},"line":59}},"branchMap":{"0":{"loc":{"start":{"line":8,"column":24},"end":{"line":8,"column":87}},"type":"binary-expr","locations":[{"start":{"line":8,"column":24},"end":{"line":8,"column":50}},{"start":{"line":8,"column":55},"end":{"line":8,"column":86}}],"line":8},"1":{"loc":{"start":{"line":24,"column":8},"end":{"line":26,"column":9}},"type":"if","locations":[{"start":{"line":24,"column":8},"end":{"line":26,"column":9}},{"start":{"line":24,"column":8},"end":{"line":26,"column":9}}],"line":24},"2":{"loc":{"start":{"line":24,"column":12},"end":{"line":24,"column":44}},"type":"binary-expr","locations":[{"start":{"line":24,"column":12},"end":{"line":24,"column":21}},{"start":{"line":24,"column":25},"end":{"line":24,"column":44}}],"line":24},"3":{"loc":{"start":{"line":31,"column":8},"end":{"line":33,"column":9}},"type":"if","locations":[{"start":{"line":31,"column":8},"end":{"line":33,"column":9}},{"start":{"line":31,"column":8},"end":{"line":33,"column":9}}],"line":31},"4":{"loc":{"start":{"line":31,"column":12},"end":{"line":31,"column":44}},"type":"binary-expr","locations":[{"start":{"line":31,"column":12},"end":{"line":31,"column":21}},{"start":{"line":31,"column":25},"end":{"line":31,"column":44}}],"line":31}},"s":{"0":1,"1":1,"2":1,"3":1,"4":1,"5":0,"6":0,"7":0,"8":0,"9":969287,"10":969287,"11":0,"12":969287,"13":64713,"14":64713,"15":0,"16":64713,"17":132823,"18":132823,"19":1,"20":58,"21":58,"22":1,"23":6,"24":6,"25":1,"26":1,"27":1,"28":1},"f":{"0":1,"1":0,"2":0,"3":0,"4":0,"5":969287,"6":64713,"7":132823,"8":58,"9":6,"10":1},"b":{"0":[1,1],"1":[0,969287],"2":[969287,969287],"3":[0,64713],"4":[64713,64713]},"inputSourceMap":{"version":3,"file":"C:/Users/oreak/IdeaProjects/project_team059/src/controller/IInsightFacade.ts","sources":["C:/Users/oreak/IdeaProjects/project_team059/src/controller/IInsightFacade.ts"],"names":[],"mappings":";;;AAMA,IAAY,kBAGX;AAHD,WAAY,kBAAkB;IAC7B,2CAAqB,CAAA;IACrB,qCAAe,CAAA;AAChB,CAAC,EAHW,kBAAkB,GAAlB,0BAAkB,KAAlB,0BAAkB,QAG7B;AAuBD,MAAqB,OAAO;IACpB,UAAU;QAChB,OAAO,IAAI,CAAC,QAAQ,CAAC;IACtB,CAAC;IAEM,UAAU,CAAC,KAAa;QAC9B,IAAI,CAAC,QAAQ,GAAG,KAAK,CAAC;IACvB,CAAC;IAEM,UAAU;QAChB,OAAO,IAAI,CAAC,QAAQ,CAAC;IACtB,CAAC;IAEM,UAAU,CAAC,KAAa;QAC9B,IAAI,CAAC,QAAQ,GAAG,KAAK,CAAC;IACvB,CAAC;IAEM,gBAAgB,CAAC,KAAa;QACpC,MAAM,IAAI,GAAqB,CAAC,MAAM,EAAE,KAAK,EAAE,MAAM,EAAE,MAAM,EAAE,OAAO,CAAC,CAAC;QACxE,IAAI,KAAK,GAAG,CAAC,IAAI,KAAK,GAAG,IAAI,CAAC,MAAM,EAAE;YACrC,MAAM,IAAI,KAAK,CAAC,eAAe,CAAC,CAAC;SACjC;QACD,OAAO,IAAI,CAAC,QAAQ,CAAC,IAAI,CAAC,KAAK,CAAC,CAAC,CAAC;IACnC,CAAC;IAEM,gBAAgB,CAAC,KAAa;QACpC,MAAM,IAAI,GAAqB,CAAC,MAAM,EAAE,IAAI,EAAE,OAAO,EAAE,YAAY,EAAE,MAAM,CAAC,CAAC;QAC7E,IAAI,KAAK,GAAG,CAAC,IAAI,KAAK,GAAG,IAAI,CAAC,MAAM,EAAE;YACrC,MAAM,IAAI,KAAK,CAAC,eAAe,CAAC,CAAC;SACjC;QACD,OAAO,IAAI,CAAC,QAAQ,CAAC,IAAI,CAAC,KAAK,CAAC,CAAC,CAAC;IACnC,CAAC;IAEO,QAAQ,CAAS;IACjB,QAAQ,CAAS;IAEzB,YAAY,OAAe,EAAE,OAAe;QAC3C,IAAI,CAAC,QAAQ,GAAG,OAAO,CAAC;QACxB,IAAI,CAAC,QAAQ,GAAG,OAAO,CAAC;IACzB,CAAC;CACD;AAxCD,0BAwCC;AAID,MAAa,YAAa,SAAQ,KAAK;IACtC,YAAY,OAAgB;QAC3B,KAAK,CAAC,OAAO,CAAC,CAAC;QACf,KAAK,CAAC,iBAAiB,CAAC,IAAI,EAAE,YAAY,CAAC,CAAC;IAC7C,CAAC;CACD;AALD,oCAKC;AAED,MAAa,aAAc,SAAQ,KAAK;IACvC,YAAY,OAAgB;QAC3B,KAAK,CAAC,OAAO,CAAC,CAAC;QACf,KAAK,CAAC,iBAAiB,CAAC,IAAI,EAAE,aAAa,CAAC,CAAC;IAC9C,CAAC;CACD;AALD,sCAKC;AAED,MAAa,mBAAoB,SAAQ,KAAK;IAC7C,YAAY,OAAgB;QAC3B,KAAK,CAAC,OAAO,CAAC,CAAC;QACf,KAAK,CAAC,iBAAiB,CAAC,IAAI,EAAE,mBAAmB,CAAC,CAAC;IACpD,CAAC;CACD;AALD,kDAKC","sourcesContent":["/*\n * This is the primary high-level API for the project. In this folder there should be:\n * A class called InsightFacade, this should be in a file called InsightFacade.ts.\n * You should not change this interface at all or the test suite will not work.\n */\n\nexport enum InsightDatasetKind {\n\tSections = \"sections\",\n\tRooms = \"rooms\",\n}\n\nexport interface InsightDataset {\n\tid: string;\n\tkind: InsightDatasetKind;\n\tnumRows: number;\n}\n\nexport interface Sfield {\n\tuuid: string;\n\tid: string;\n\ttitle: string;\n\tinstructor: string;\n\tdept: string;\n}\n\nexport interface Mfield {\n\tyear: number;\n\tavg: number;\n\tpass: number;\n\tfail: number;\n\taudit: number;\n}\nexport default class Section {\n\tpublic getMfields(): Mfield {\n\t\treturn this._mfields;\n\t}\n\n\tpublic setMfields(value: Mfield): void {\n\t\tthis._mfields = value;\n\t}\n\n\tpublic getSfields(): Sfield {\n\t\treturn this._sfields;\n\t}\n\n\tpublic setSfields(value: Sfield): void {\n\t\tthis._sfields = value;\n\t}\n\n\tpublic getMFieldByIndex(index: number): number {\n\t\tconst keys: (keyof Mfield)[] = [\"year\", \"avg\", \"pass\", \"fail\", \"audit\"];\n\t\tif (index < 0 || index > keys.length) {\n\t\t\tthrow new Error(\"Out of bounds\");\n\t\t}\n\t\treturn this._mfields[keys[index]];\n\t}\n\n\tpublic getSFieldByIndex(index: number): string {\n\t\tconst keys: (keyof Sfield)[] = [\"uuid\", \"id\", \"title\", \"instructor\", \"dept\"];\n\t\tif (index < 0 || index > keys.length) {\n\t\t\tthrow new Error(\"Out of bounds\");\n\t\t}\n\t\treturn this._sfields[keys[index]];\n\t}\n\n\tprivate _mfields: Mfield;\n\tprivate _sfields: Sfield;\n\n\tconstructor(mfields: Mfield, sfields: Sfield) {\n\t\tthis._mfields = mfields;\n\t\tthis._sfields = sfields;\n\t}\n}\n\nexport type InsightResult = Record<string, string | number>;\n\nexport class InsightError extends Error {\n\tconstructor(message?: string) {\n\t\tsuper(message);\n\t\tError.captureStackTrace(this, InsightError);\n\t}\n}\n\nexport class NotFoundError extends Error {\n\tconstructor(message?: string) {\n\t\tsuper(message);\n\t\tError.captureStackTrace(this, NotFoundError);\n\t}\n}\n\nexport class ResultTooLargeError extends Error {\n\tconstructor(message?: string) {\n\t\tsuper(message);\n\t\tError.captureStackTrace(this, ResultTooLargeError);\n\t}\n}\n\nexport interface IInsightFacade {\n\t// TODO: remove\n\tsectionsDatabase: Map<string, Section[]>;\n\t/**\n\t * Add a dataset to insightUBC.\n\t *\n\t * @param id  The id of the dataset being added. Follows the format /^[^_]+$/\n\t * @param content  The base64 content of the dataset. This content should be in the form of a serialized zip file.\n\t * @param kind  The kind of the dataset\n\t *\n\t * @return Promise <string[]>\n\t *\n\t * The promise should fulfill on a successful add, reject for any failures.\n\t * The promise should fulfill with a string array,\n\t * containing the ids of all currently added datasets upon a successful add.\n\t * The promise should reject with an InsightError describing the error.\n\t *\n\t * An id is invalid if it contains an underscore, or is only whitespace characters.\n\t * If id is the same as the id of an already added dataset, the dataset should be rejected and not saved.\n\t *\n\t * After receiving the dataset, it should be processed into a data structure of\n\t * your design. The processed data structure should be persisted to disk; your\n\t * system should be able to load this persisted value into memory for answering\n\t * queries.\n\t *\n\t * Ultimately, a dataset must be added or loaded from disk before queries can\n\t * be successfully answered.\n\t */\n\taddDataset(id: string, content: string, kind: InsightDatasetKind): Promise<string[]>;\n\n\t/**\n\t * Remove a dataset from insightUBC.\n\t *\n\t * @param id  The id of the dataset to remove. Follows the format /^[^_]+$/\n\t *\n\t * @return Promise <string>\n\t *\n\t * The promise should fulfill upon a successful removal, reject on any error.\n\t * Attempting to remove a dataset that hasn't been added yet counts as an error.\n\t *\n\t * An id is invalid if it contains an underscore, or is only whitespace characters.\n\t *\n\t * The promise should fulfill the id of the dataset that was removed.\n\t * The promise should reject with a NotFoundError (if a valid id was not yet added)\n\t * or an InsightError (invalid id or any other source of failure) describing the error.\n\t *\n\t * This will delete both disk and memory caches for the dataset for the id meaning\n\t * that subsequent queries for that id should fail unless a new addDataset happens first.\n\t */\n\tremoveDataset(id: string): Promise<string>;\n\n\t/**\n\t * Perform a query on insightUBC.\n\t *\n\t * @param query  The query to be performed.\n\t *\n\t * If a query is incorrectly formatted, references a dataset not added (in memory or on disk),\n\t * or references multiple datasets, it should be rejected.\n\t *\n\t * @return Promise <InsightResult[]>\n\t *\n\t * The promise should fulfill with an array of results.\n\t * The promise should reject with a ResultTooLargeError (if the query returns too many results)\n\t * or an InsightError (for any other source of failure) describing the error.\n\t */\n\tperformQuery(query: unknown): Promise<InsightResult[]>;\n\n\t/**\n\t * List all currently added datasets, their types, and number of rows.\n\t *\n\t * @return Promise <InsightDataset[]>\n\t * The promise should fulfill an array of currently added InsightDatasets, and will only fulfill.\n\t */\n\tlistDatasets(): Promise<InsightDataset[]>;\n\n\tlogNewDatasetFromDiskToMap(id: string, kind: InsightDatasetKind): Promise<void>;\n}\n"]},"_coverageSchema":"1a1c01bbd47fc00a2c39e90264f33305004495a9","hash":"24c710635fe86e61f1364d4cd8d5e062e8abdfbe","contentHash":"8dfc6af005dd5a411eddca53dd17c56b68de5be94924200b76bfe325337a4db2"},"C:\\Users\\oreak\\IdeaProjects\\project_team059\\src\\controller\\InsightFacade.ts":{"path":"C:\\Users\\oreak\\IdeaProjects\\project_team059\\src\\controller\\InsightFacade.ts","statementMap":{"0":{"start":{"line":2,"column":22},"end":{"line":4,"column":1}},"1":{"start":{"line":3,"column":4},"end":{"line":3,"column":62}},"2":{"start":{"line":5,"column":0},"end":{"line":5,"column":62}},"3":{"start":{"line":6,"column":25},"end":{"line":6,"column":52}},"4":{"start":{"line":7,"column":19},"end":{"line":7,"column":55}},"5":{"start":{"line":8,"column":28},"end":{"line":8,"column":75}},"6":{"start":{"line":9,"column":25},"end":{"line":9,"column":69}},"7":{"start":{"line":10,"column":22},"end":{"line":10,"column":63}},"8":{"start":{"line":19,"column":8},"end":{"line":19,"column":34}},"9":{"start":{"line":20,"column":8},"end":{"line":20,"column":42}},"10":{"start":{"line":21,"column":8},"end":{"line":21,"column":26}},"11":{"start":{"line":22,"column":8},"end":{"line":22,"column":52}},"12":{"start":{"line":23,"column":8},"end":{"line":23,"column":49}},"13":{"start":{"line":24,"column":8},"end":{"line":24,"column":67}},"14":{"start":{"line":27,"column":8},"end":{"line":38,"column":9}},"15":{"start":{"line":28,"column":12},"end":{"line":28,"column":49}},"16":{"start":{"line":29,"column":12},"end":{"line":29,"column":56}},"17":{"start":{"line":30,"column":12},"end":{"line":30,"column":60}},"18":{"start":{"line":31,"column":12},"end":{"line":31,"column":32}},"19":{"start":{"line":34,"column":12},"end":{"line":36,"column":13}},"20":{"start":{"line":35,"column":16},"end":{"line":35,"column":26}},"21":{"start":{"line":37,"column":12},"end":{"line":37,"column":92}},"22":{"start":{"line":41,"column":27},"end":{"line":41,"column":65}},"23":{"start":{"line":42,"column":24},"end":{"line":42,"column":50}},"24":{"start":{"line":43,"column":8},"end":{"line":45,"column":9}},"25":{"start":{"line":44,"column":12},"end":{"line":44,"column":72}},"26":{"start":{"line":46,"column":26},"end":{"line":48,"column":9}},"27":{"start":{"line":49,"column":8},"end":{"line":49,"column":70}},"28":{"start":{"line":50,"column":8},"end":{"line":50,"column":30}},"29":{"start":{"line":51,"column":8},"end":{"line":51,"column":41}},"30":{"start":{"line":54,"column":8},"end":{"line":70,"column":9}},"31":{"start":{"line":55,"column":12},"end":{"line":55,"column":56}},"32":{"start":{"line":56,"column":12},"end":{"line":56,"column":80}},"33":{"start":{"line":56,"column":62},"end":{"line":56,"column":78}},"34":{"start":{"line":57,"column":12},"end":{"line":57,"column":37}},"35":{"start":{"line":58,"column":12},"end":{"line":58,"column":45}},"36":{"start":{"line":59,"column":12},"end":{"line":59,"column":60}},"37":{"start":{"line":60,"column":12},"end":{"line":60,"column":22}},"38":{"start":{"line":63,"column":12},"end":{"line":65,"column":13}},"39":{"start":{"line":64,"column":16},"end":{"line":64,"column":60}},"40":{"start":{"line":66,"column":12},"end":{"line":68,"column":13}},"41":{"start":{"line":67,"column":16},"end":{"line":67,"column":70}},"42":{"start":{"line":69,"column":12},"end":{"line":69,"column":99}},"43":{"start":{"line":73,"column":21},"end":{"line":73,"column":23}},"44":{"start":{"line":74,"column":8},"end":{"line":84,"column":9}},"45":{"start":{"line":75,"column":12},"end":{"line":75,"column":48}},"46":{"start":{"line":78,"column":12},"end":{"line":83,"column":13}},"47":{"start":{"line":79,"column":16},"end":{"line":79,"column":26}},"48":{"start":{"line":82,"column":16},"end":{"line":82,"column":77}},"49":{"start":{"line":85,"column":8},"end":{"line":85,"column":22}},"50":{"start":{"line":88,"column":23},"end":{"line":88,"column":25}},"51":{"start":{"line":89,"column":8},"end":{"line":96,"column":11}},"52":{"start":{"line":90,"column":38},"end":{"line":94,"column":13}},"53":{"start":{"line":95,"column":12},"end":{"line":95,"column":43}},"54":{"start":{"line":97,"column":8},"end":{"line":97,"column":34}},"55":{"start":{"line":98,"column":8},"end":{"line":98,"column":22}},"56":{"start":{"line":101,"column":0},"end":{"line":101,"column":32}}},"fnMap":{"0":{"name":"(anonymous_0)","decl":{"start":{"line":2,"column":56},"end":{"line":2,"column":57}},"loc":{"start":{"line":2,"column":71},"end":{"line":4,"column":1}},"line":2},"1":{"name":"(anonymous_1)","decl":{"start":{"line":18,"column":4},"end":{"line":18,"column":5}},"loc":{"start":{"line":18,"column":18},"end":{"line":25,"column":5}},"line":18},"2":{"name":"(anonymous_2)","decl":{"start":{"line":26,"column":4},"end":{"line":26,"column":5}},"loc":{"start":{"line":26,"column":40},"end":{"line":39,"column":5}},"line":26},"3":{"name":"(anonymous_3)","decl":{"start":{"line":40,"column":4},"end":{"line":40,"column":5}},"loc":{"start":{"line":40,"column":47},"end":{"line":52,"column":5}},"line":40},"4":{"name":"(anonymous_4)","decl":{"start":{"line":53,"column":4},"end":{"line":53,"column":5}},"loc":{"start":{"line":53,"column":28},"end":{"line":71,"column":5}},"line":53},"5":{"name":"(anonymous_5)","decl":{"start":{"line":56,"column":47},"end":{"line":56,"column":48}},"loc":{"start":{"line":56,"column":62},"end":{"line":56,"column":78}},"line":56},"6":{"name":"(anonymous_6)","decl":{"start":{"line":72,"column":4},"end":{"line":72,"column":5}},"loc":{"start":{"line":72,"column":30},"end":{"line":86,"column":5}},"line":72},"7":{"name":"(anonymous_7)","decl":{"start":{"line":87,"column":4},"end":{"line":87,"column":5}},"loc":{"start":{"line":87,"column":25},"end":{"line":99,"column":5}},"line":87},"8":{"name":"(anonymous_8)","decl":{"start":{"line":89,"column":30},"end":{"line":89,"column":31}},"loc":{"start":{"line":89,"column":44},"end":{"line":96,"column":9}},"line":89}},"branchMap":{"0":{"loc":{"start":{"line":2,"column":22},"end":{"line":4,"column":1}},"type":"binary-expr","locations":[{"start":{"line":2,"column":23},"end":{"line":2,"column":27}},{"start":{"line":2,"column":31},"end":{"line":2,"column":51}},{"start":{"line":2,"column":56},"end":{"line":4,"column":1}}],"line":2},"1":{"loc":{"start":{"line":3,"column":11},"end":{"line":3,"column":61}},"type":"cond-expr","locations":[{"start":{"line":3,"column":37},"end":{"line":3,"column":40}},{"start":{"line":3,"column":43},"end":{"line":3,"column":61}}],"line":3},"2":{"loc":{"start":{"line":3,"column":12},"end":{"line":3,"column":33}},"type":"binary-expr","locations":[{"start":{"line":3,"column":12},"end":{"line":3,"column":15}},{"start":{"line":3,"column":19},"end":{"line":3,"column":33}}],"line":3},"3":{"loc":{"start":{"line":34,"column":12},"end":{"line":36,"column":13}},"type":"if","locations":[{"start":{"line":34,"column":12},"end":{"line":36,"column":13}},{"start":{"line":34,"column":12},"end":{"line":36,"column":13}}],"line":34},"4":{"loc":{"start":{"line":43,"column":8},"end":{"line":45,"column":9}},"type":"if","locations":[{"start":{"line":43,"column":8},"end":{"line":45,"column":9}},{"start":{"line":43,"column":8},"end":{"line":45,"column":9}}],"line":43},"5":{"loc":{"start":{"line":63,"column":12},"end":{"line":65,"column":13}},"type":"if","locations":[{"start":{"line":63,"column":12},"end":{"line":65,"column":13}},{"start":{"line":63,"column":12},"end":{"line":65,"column":13}}],"line":63},"6":{"loc":{"start":{"line":66,"column":12},"end":{"line":68,"column":13}},"type":"if","locations":[{"start":{"line":66,"column":12},"end":{"line":68,"column":13}},{"start":{"line":66,"column":12},"end":{"line":68,"column":13}}],"line":66},"7":{"loc":{"start":{"line":78,"column":12},"end":{"line":83,"column":13}},"type":"if","locations":[{"start":{"line":78,"column":12},"end":{"line":83,"column":13}},{"start":{"line":78,"column":12},"end":{"line":83,"column":13}}],"line":78},"8":{"loc":{"start":{"line":78,"column":16},"end":{"line":78,"column":115}},"type":"binary-expr","locations":[{"start":{"line":78,"column":16},"end":{"line":78,"column":60}},{"start":{"line":78,"column":64},"end":{"line":78,"column":115}}],"line":78}},"s":{"0":1,"1":4,"2":1,"3":1,"4":1,"5":1,"6":1,"7":1,"8":27,"9":27,"10":27,"11":27,"12":27,"13":27,"14":31,"15":31,"16":25,"17":22,"18":19,"19":12,"20":7,"21":5,"22":22,"23":20,"24":20,"25":1,"26":19,"27":19,"28":19,"29":19,"30":9,"31":9,"32":4,"33":5,"34":4,"35":4,"36":4,"37":4,"38":5,"39":2,"40":3,"41":3,"42":0,"43":47,"44":47,"45":47,"46":43,"47":43,"48":0,"49":4,"50":1,"51":1,"52":1,"53":1,"54":1,"55":1,"56":1},"f":{"0":4,"1":27,"2":31,"3":22,"4":9,"5":5,"6":47,"7":1,"8":1},"b":{"0":[1,1,1],"1":[3,1],"2":[4,4],"3":[7,5],"4":[1,19],"5":[2,3],"6":[3,0],"7":[43,0],"8":[43,1]},"inputSourceMap":{"version":3,"file":"C:/Users/oreak/IdeaProjects/project_team059/src/controller/InsightFacade.ts","sources":["C:/Users/oreak/IdeaProjects/project_team059/src/controller/InsightFacade.ts"],"names":[],"mappings":";;;;;AAAA,qDAQ0B;AAC1B,wDAA0B;AAC1B,4EAAoD;AACpD,sEAA8C;AAC9C,gEAAwC;AAOxC,MAAqB,aAAa;IAEzB,QAAQ,CAA6B;IAGtC,gBAAgB,CAAyB;IAGxC,OAAO,CAAW;IAGlB,EAAE,CAAoB;IACtB,EAAE,CAAiB;IACnB,EAAE,CAAc;IAExB;QAEC,IAAI,CAAC,QAAQ,GAAG,IAAI,GAAG,EAAyB,CAAC;QACjD,IAAI,CAAC,gBAAgB,GAAG,IAAI,GAAG,EAAc,CAAC;QAC9C,IAAI,CAAC,OAAO,GAAG,EAAE,CAAC;QAClB,IAAI,CAAC,EAAE,GAAG,IAAI,2BAAiB,EAAE,CAAC;QAClC,IAAI,CAAC,EAAE,GAAG,IAAI,wBAAc,EAAE,CAAC;QAC/B,IAAI,CAAC,EAAE,GAAG,IAAI,qBAAW,CAAC,IAAI,CAAC,gBAAgB,CAAC,CAAC;IAElD,CAAC;IACM,KAAK,CAAC,UAAU,CAAC,EAAU,EAAE,OAAe,EAAE,IAAwB;QAC5E,IAAI;YACH,IAAI,CAAC,EAAE,CAAC,UAAU,CAAC,EAAE,EAAE,IAAI,CAAC,OAAO,CAAC,CAAC;YAIrC,MAAM,IAAI,CAAC,EAAE,CAAC,gBAAgB,CAAC,OAAO,EAAE,EAAE,CAAC,CAAC;YAC5C,MAAM,IAAI,CAAC,0BAA0B,CAAC,EAAE,EAAE,IAAI,CAAC,CAAC;YAGhD,OAAO,IAAI,CAAC,OAAO,CAAC;SACpB;QAAC,OAAO,GAAG,EAAE;YACb,IAAI,GAAG,YAAY,6BAAY,EAAE;gBAChC,MAAM,GAAG,CAAC;aACV;YACD,MAAM,IAAI,6BAAY,CAAC,iCAAiC,GAAG,EAAE,CAAC,CAAC;SAC/D;IACF,CAAC;IAOM,KAAK,CAAC,0BAA0B,CAAC,EAAU,EAAE,IAAwB;QAC3E,MAAM,UAAU,GAAG,MAAM,IAAI,CAAC,EAAE,CAAC,oBAAoB,CAAC,EAAE,CAAC,CAAC;QAC1D,MAAM,OAAO,GAAG,UAAU,CAAC,QAAQ,CAAC,MAAM,CAAC;QAE3C,IAAI,OAAO,KAAK,CAAC,EAAE;YAClB,MAAM,IAAI,6BAAY,CAAC,kBAAkB,CAAC,CAAC;SAC3C;QAED,MAAM,SAAS,GAAkB;YAChC,CAAC,IAAI,CAAC,EAAE,OAAO;SACf,CAAC;QAGF,IAAI,CAAC,gBAAgB,CAAC,GAAG,CAAC,UAAU,CAAC,EAAE,EAAE,UAAU,CAAC,QAAQ,CAAC,CAAC;QAC9D,IAAI,CAAC,OAAO,CAAC,IAAI,CAAC,EAAE,CAAC,CAAC;QACtB,IAAI,CAAC,QAAQ,CAAC,GAAG,CAAC,EAAE,EAAE,SAAS,CAAC,CAAC;IAClC,CAAC;IAEM,KAAK,CAAC,aAAa,CAAC,EAAU;QACpC,IAAI;YACH,IAAI,CAAC,EAAE,CAAC,iBAAiB,CAAC,EAAE,EAAE,IAAI,CAAC,OAAO,CAAC,CAAC;YAE5C,IAAI,CAAC,OAAO,GAAG,IAAI,CAAC,OAAO,CAAC,MAAM,CAAC,CAAC,SAAS,EAAE,EAAE,CAAC,SAAS,KAAK,EAAE,CAAC,CAAC;YACpE,IAAI,CAAC,QAAQ,CAAC,MAAM,CAAC,EAAE,CAAC,CAAC;YACzB,IAAI,CAAC,gBAAgB,CAAC,MAAM,CAAC,EAAE,CAAC,CAAC;YAEjC,MAAM,kBAAE,CAAC,MAAM,CAAC,UAAU,EAAE,EAAE,CAAC,CAAC;YAGhC,OAAO,EAAE,CAAC;SACV;QAAC,OAAO,GAAG,EAAE;YACb,IAAI,GAAG,YAAY,6BAAY,EAAE;gBAChC,MAAM,IAAI,6BAAY,CAAC,EAAE,CAAC,CAAC;aAC3B;YAED,IAAI,GAAG,YAAY,8BAAa,EAAE;gBACjC,MAAM,IAAI,8BAAa,CAAC,WAAW,CAAC,CAAC;aACrC;YAED,MAAM,IAAI,6BAAY,CAAC,6CAA6C,CAAC,CAAC;SACtE;IACF,CAAC;IAQM,KAAK,CAAC,YAAY,CAAC,KAAc;QACvC,IAAI,MAAM,GAAoB,EAAE,CAAC;QAKjC,IAAI;YACH,MAAM,GAAG,MAAM,IAAI,CAAC,EAAE,CAAC,KAAK,CAAC,KAAK,CAAC,CAAC;SACpC;QAAC,OAAO,GAAG,EAAE;YACb,IAAI,GAAG,YAAY,6BAAY,IAAI,GAAG,YAAY,oCAAmB,EAAE;gBAItE,MAAM,GAAG,CAAC;aACV;iBAAM;gBACN,MAAM,IAAI,6BAAY,CAAC,mBAAmB,CAAC,CAAC;aAC5C;SACD;QACD,OAAO,MAAM,CAAC;IACf,CAAC;IAEM,KAAK,CAAC,YAAY;QACxB,MAAM,MAAM,GAAU,EAAE,CAAC;QAEzB,IAAI,CAAC,QAAQ,CAAC,OAAO,CAAC,CAAC,GAAG,EAAE,GAAG,EAAE,EAAE;YAClC,MAAM,iBAAiB,GAAmB;gBACzC,EAAE,EAAE,GAAG;gBAEP,IAAI,EAAE,MAAM,CAAC,IAAI,CAAC,GAAG,CAAC,CAAC,CAAC,CAAuB;gBAC/C,OAAO,EAAE,GAAG,CAAC,MAAM,CAAC,IAAI,CAAC,GAAG,CAAC,CAAC,CAAC,CAAC,CAAW;aAC3C,CAAC;YAEF,MAAM,CAAC,IAAI,CAAC,iBAAiB,CAAC,CAAC;QAChC,CAAC,CAAC,CAAC;QACH,MAAM,OAAO,CAAC,GAAG,CAAC,MAAM,CAAC,CAAC;QAC1B,OAAO,MAAM,CAAC;IACf,CAAC;CACD;AAvID,gCAuIC","sourcesContent":["import Section, {\n\tIInsightFacade,\n\tInsightDataset,\n\tInsightDatasetKind,\n\tInsightError,\n\tInsightResult,\n\tNotFoundError,\n\tResultTooLargeError,\n} from \"./IInsightFacade\";\nimport fs from \"fs-extra\";\nimport SectionsValidator from \"./SectionsValidator\";\nimport SectionsParser from \"./SectionsParser\";\nimport QueryEngine from \"./QueryEngine\";\n\n/**\n * This is the main programmatic entry point for the project.\n * Method documentation is in IInsightFacade\n *\n */\nexport default class InsightFacade implements IInsightFacade {\n\t// map to track record\n\tprivate datasets: Map<string, InsightResult>;\n\n\t// tracks all sections added from a dataset using their associated id as the key\n\tpublic sectionsDatabase: Map<string, Section[]>;\n\n\t// list of name of current IDs added\n\tprivate currIDs: string[];\n\n\t// service classes\n\tprivate sv: SectionsValidator;\n\tprivate sp: SectionsParser;\n\tprivate qe: QueryEngine;\n\n\tconstructor() {\n\t\t//Log.info(\"InsightFacadeImpl::init()\");\n\t\tthis.datasets = new Map<string, InsightResult>();\n\t\tthis.sectionsDatabase = new Map<string, []>();\n\t\tthis.currIDs = [];\n\t\tthis.sv = new SectionsValidator();\n\t\tthis.sp = new SectionsParser();\n\t\tthis.qe = new QueryEngine(this.sectionsDatabase);\n\t\t// initialize dictionary for the fields\n\t}\n\tpublic async addDataset(id: string, content: string, kind: InsightDatasetKind): Promise<string[]> {\n\t\ttry {\n\t\t\tthis.sv.validateId(id, this.currIDs);\n\t\t\t// Number of rows found associated with the insightKind\n\t\t\t//const numRows = await this.sp.countRows(content, id, this.sectionsDatabase);\n\n\t\t\tawait this.sp.logDatasetOnDisk(content, id);\n\t\t\tawait this.logNewDatasetFromDiskToMap(id, kind);\n\n\t\t\t// Resolve with the dataset ID\n\t\t\treturn this.currIDs;\n\t\t} catch (err) {\n\t\t\tif (err instanceof InsightError) {\n\t\t\t\tthrow err;\n\t\t\t}\n\t\t\tthrow new InsightError(`An unexpected error occurred: ${err}`);\n\t\t}\n\t}\n\n\t// REQUIRES: id - name of dataset to be retrieved from disk (id IS NOT IN datasets ALREADY!!!!)\n\t//           datasets - sets you'll be mapping new DatasetRecord to\n\t// EFFECTS: Retrieves the sections associated with the dataset id on disk and turned into Sections objects and maps\n\t//          them to sectionsDatabase with their associated id. Updates the currIDs and database member variables\n\t// OUTPUT: VOID\n\tpublic async logNewDatasetFromDiskToMap(id: string, kind: InsightDatasetKind): Promise<void> {\n\t\tconst newDataset = await this.sp.turnDatasetToSection(id);\n\t\tconst numRows = newDataset.sections.length;\n\n\t\tif (numRows === 0) {\n\t\t\tthrow new InsightError(\"No valid Section\");\n\t\t}\n\t\t// Create an InsightResult record\n\t\tconst newRecord: InsightResult = {\n\t\t\t[kind]: numRows,\n\t\t};\n\n\t\t// update member variables\n\t\tthis.sectionsDatabase.set(newDataset.id, newDataset.sections);\n\t\tthis.currIDs.push(id);\n\t\tthis.datasets.set(id, newRecord);\n\t}\n\n\tpublic async removeDataset(id: string): Promise<string> {\n\t\ttry {\n\t\t\tthis.sv.validateIdRemoval(id, this.currIDs);\n\n\t\t\tthis.currIDs = this.currIDs.filter((currentId) => currentId !== id);\n\t\t\tthis.datasets.delete(id);\n\t\t\tthis.sectionsDatabase.delete(id);\n\n\t\t\tawait fs.remove(`./data/${id}`);\n\n\t\t\t// return id name of set currently removed\n\t\t\treturn id;\n\t\t} catch (err) {\n\t\t\tif (err instanceof InsightError) {\n\t\t\t\tthrow new InsightError(\"\");\n\t\t\t}\n\n\t\t\tif (err instanceof NotFoundError) {\n\t\t\t\tthrow new NotFoundError(\"Not found\");\n\t\t\t}\n\t\t\t// Handle unexpected errors\n\t\t\tthrow new InsightError(\"An unexpected error occurred ${err.message}\");\n\t\t}\n\t}\n\n\t/*\n\tpublic async performQuery(query: unknown): Promise<InsightResult[]> {\n\t\treturn Promise.reject(\"Not implemented.\");\n\t}\n\t*/\n\n\tpublic async performQuery(query: unknown): Promise<InsightResult[]> {\n\t\tlet result: InsightResult[] = [];\n\t\t// console.log(this.datasets.size)\n\t\t// this.sectionsDatabase.forEach((key, value) => {\n\t\t// \tconsole.log(key, value)\n\t\t// })\n\t\ttry {\n\t\t\tresult = await this.qe.query(query);\n\t\t} catch (err) {\n\t\t\tif (err instanceof InsightError || err instanceof ResultTooLargeError) {\n\t\t\t\t// this.sectionsDatabase.forEach((key, value) => {\n\t\t\t\t// \tconsole.log(key, value)\n\t\t\t\t// })\n\t\t\t\tthrow err;\n\t\t\t} else {\n\t\t\t\tthrow new InsightError(\"Unexpected error.\");\n\t\t\t}\n\t\t}\n\t\treturn result;\n\t}\n\n\tpublic async listDatasets(): Promise<InsightDataset[]> {\n\t\tconst result: any[] = [];\n\n\t\tthis.datasets.forEach((val, key) => {\n\t\t\tconst newInsightDataset: InsightDataset = {\n\t\t\t\tid: key,\n\t\t\t\t// So far since adding dataset with the same ID twice is not allowed ******\n\t\t\t\tkind: Object.keys(val)[0] as InsightDatasetKind,\n\t\t\t\tnumRows: val[Object.keys(val)[0]] as number,\n\t\t\t};\n\n\t\t\tresult.push(newInsightDataset);\n\t\t});\n\t\tawait Promise.all(result);\n\t\treturn result;\n\t}\n}\n"]},"_coverageSchema":"1a1c01bbd47fc00a2c39e90264f33305004495a9","hash":"fedd3aa23837b703dcd0f178035f2a9518083674","contentHash":"e26fde03c6d9ca1c4215ebdc2da9077e323643a565271a96cdad1d35fb91dc4a"},"C:\\Users\\oreak\\IdeaProjects\\project_team059\\src\\controller\\SectionsValidator.ts":{"path":"C:\\Users\\oreak\\IdeaProjects\\project_team059\\src\\controller\\SectionsValidator.ts","statementMap":{"0":{"start":{"line":2,"column":0},"end":{"line":2,"column":62}},"1":{"start":{"line":3,"column":25},"end":{"line":3,"column":52}},"2":{"start":{"line":6,"column":8},"end":{"line":8,"column":9}},"3":{"start":{"line":7,"column":12},"end":{"line":7,"column":76}},"4":{"start":{"line":9,"column":8},"end":{"line":11,"column":9}},"5":{"start":{"line":10,"column":12},"end":{"line":10,"column":85}},"6":{"start":{"line":12,"column":28},"end":{"line":12,"column":37}},"7":{"start":{"line":13,"column":8},"end":{"line":15,"column":9}},"8":{"start":{"line":14,"column":12},"end":{"line":14,"column":66}},"9":{"start":{"line":18,"column":8},"end":{"line":20,"column":9}},"10":{"start":{"line":19,"column":12},"end":{"line":19,"column":76}},"11":{"start":{"line":21,"column":8},"end":{"line":23,"column":9}},"12":{"start":{"line":22,"column":12},"end":{"line":22,"column":74}},"13":{"start":{"line":24,"column":28},"end":{"line":24,"column":37}},"14":{"start":{"line":25,"column":8},"end":{"line":27,"column":9}},"15":{"start":{"line":26,"column":12},"end":{"line":26,"column":66}},"16":{"start":{"line":30,"column":0},"end":{"line":30,"column":36}}},"fnMap":{"0":{"name":"(anonymous_0)","decl":{"start":{"line":5,"column":4},"end":{"line":5,"column":5}},"loc":{"start":{"line":5,"column":24},"end":{"line":16,"column":5}},"line":5},"1":{"name":"(anonymous_1)","decl":{"start":{"line":17,"column":4},"end":{"line":17,"column":5}},"loc":{"start":{"line":17,"column":31},"end":{"line":28,"column":5}},"line":17}},"branchMap":{"0":{"loc":{"start":{"line":6,"column":8},"end":{"line":8,"column":9}},"type":"if","locations":[{"start":{"line":6,"column":8},"end":{"line":8,"column":9}},{"start":{"line":6,"column":8},"end":{"line":8,"column":9}}],"line":6},"1":{"loc":{"start":{"line":6,"column":12},"end":{"line":6,"column":54}},"type":"binary-expr","locations":[{"start":{"line":6,"column":12},"end":{"line":6,"column":28}},{"start":{"line":6,"column":32},"end":{"line":6,"column":54}}],"line":6},"2":{"loc":{"start":{"line":9,"column":8},"end":{"line":11,"column":9}},"type":"if","locations":[{"start":{"line":9,"column":8},"end":{"line":11,"column":9}},{"start":{"line":9,"column":8},"end":{"line":11,"column":9}}],"line":9},"3":{"loc":{"start":{"line":13,"column":8},"end":{"line":15,"column":9}},"type":"if","locations":[{"start":{"line":13,"column":8},"end":{"line":15,"column":9}},{"start":{"line":13,"column":8},"end":{"line":15,"column":9}}],"line":13},"4":{"loc":{"start":{"line":18,"column":8},"end":{"line":20,"column":9}},"type":"if","locations":[{"start":{"line":18,"column":8},"end":{"line":20,"column":9}},{"start":{"line":18,"column":8},"end":{"line":20,"column":9}}],"line":18},"5":{"loc":{"start":{"line":18,"column":12},"end":{"line":18,"column":54}},"type":"binary-expr","locations":[{"start":{"line":18,"column":12},"end":{"line":18,"column":28}},{"start":{"line":18,"column":32},"end":{"line":18,"column":54}}],"line":18},"6":{"loc":{"start":{"line":21,"column":8},"end":{"line":23,"column":9}},"type":"if","locations":[{"start":{"line":21,"column":8},"end":{"line":23,"column":9}},{"start":{"line":21,"column":8},"end":{"line":23,"column":9}}],"line":21},"7":{"loc":{"start":{"line":25,"column":8},"end":{"line":27,"column":9}},"type":"if","locations":[{"start":{"line":25,"column":8},"end":{"line":27,"column":9}},{"start":{"line":25,"column":8},"end":{"line":27,"column":9}}],"line":25}},"s":{"0":1,"1":1,"2":31,"3":4,"4":27,"5":2,"6":25,"7":25,"8":0,"9":9,"10":2,"11":7,"12":3,"13":4,"14":4,"15":0,"16":1},"f":{"0":31,"1":9},"b":{"0":[4,27],"1":[31,29],"2":[2,25],"3":[0,25],"4":[2,7],"5":[9,8],"6":[3,4],"7":[0,4]},"inputSourceMap":{"version":3,"file":"C:/Users/oreak/IdeaProjects/project_team059/src/controller/SectionsValidator.ts","sources":["C:/Users/oreak/IdeaProjects/project_team059/src/controller/SectionsValidator.ts"],"names":[],"mappings":";;AAAA,qDAA+D;AAE/D,MAAqB,iBAAiB;IAE9B,UAAU,CAAC,EAAU,EAAE,GAAa;QAE1C,IAAI,EAAE,CAAC,QAAQ,CAAC,GAAG,CAAC,IAAI,EAAE,CAAC,IAAI,EAAE,CAAC,MAAM,KAAK,CAAC,EAAE;YAC/C,MAAM,IAAI,6BAAY,CAAC,sBAAsB,CAAC,CAAC;SAC/C;QAGD,IAAI,GAAG,CAAC,QAAQ,CAAC,EAAE,CAAC,EAAE;YACrB,MAAM,IAAI,6BAAY,CAAC,+BAA+B,CAAC,CAAC;SACxD;QAGD,MAAM,WAAW,GAAG,SAAS,CAAC;QAC9B,IAAI,CAAC,WAAW,CAAC,IAAI,CAAC,EAAE,CAAC,EAAE;YAC1B,MAAM,IAAI,6BAAY,CAAC,YAAY,CAAC,CAAC;SACrC;IACF,CAAC;IAGM,iBAAiB,CAAC,EAAU,EAAE,GAAa;QAEjD,IAAI,EAAE,CAAC,QAAQ,CAAC,GAAG,CAAC,IAAI,EAAE,CAAC,IAAI,EAAE,CAAC,MAAM,KAAK,CAAC,EAAE;YAC/C,MAAM,IAAI,6BAAY,CAAC,sBAAsB,CAAC,CAAC;SAC/C;QAGD,IAAI,CAAC,GAAG,CAAC,QAAQ,CAAC,EAAE,CAAC,EAAE;YACtB,MAAM,IAAI,8BAAa,CAAC,mBAAmB,CAAC,CAAC;SAC7C;QAGD,MAAM,WAAW,GAAG,SAAS,CAAC;QAC9B,IAAI,CAAC,WAAW,CAAC,IAAI,CAAC,EAAE,CAAC,EAAE;YAC1B,MAAM,IAAI,6BAAY,CAAC,YAAY,CAAC,CAAC;SACrC;IACF,CAAC;CACD;AAtCD,oCAsCC","sourcesContent":["import { InsightError, NotFoundError } from \"./IInsightFacade\";\n\nexport default class SectionsValidator {\n\t// checks if a dataset id is valid to be added\n\tpublic validateId(id: string, ids: string[]): void {\n\t\t// Validate ID follows proper format\n\t\tif (id.includes(\"_\") || id.trim().length === 0) {\n\t\t\tthrow new InsightError(\"Invalid ID structure\");\n\t\t}\n\n\t\t// Check if ID already exists\n\t\tif (ids.includes(id)) {\n\t\t\tthrow new InsightError(\"Dataset already in our record\");\n\t\t}\n\n\t\t// Validate content based on its kind\n\t\tconst base64Regex = /^[^_]+$/;\n\t\tif (!base64Regex.test(id)) {\n\t\t\tthrow new InsightError(\"Invalid id\");\n\t\t}\n\t}\n\n\t// checks if a dataset id is valid to be removed\n\tpublic validateIdRemoval(id: string, ids: string[]): void {\n\t\t// Validate ID follows proper format\n\t\tif (id.includes(\"_\") || id.trim().length === 0) {\n\t\t\tthrow new InsightError(\"Invalid ID structure\");\n\t\t}\n\n\t\t// Check if ID already exists\n\t\tif (!ids.includes(id)) {\n\t\t\tthrow new NotFoundError(\"Dataset not found\");\n\t\t}\n\n\t\t// Validate content based on its kind\n\t\tconst base64Regex = /^[^_]+$/;\n\t\tif (!base64Regex.test(id)) {\n\t\t\tthrow new InsightError(\"Invalid id\");\n\t\t}\n\t}\n}\n"]},"_coverageSchema":"1a1c01bbd47fc00a2c39e90264f33305004495a9","hash":"4348b259339ebbe46f348221b48d5ef43472c755","contentHash":"d7bd289eaa115c70a6b93095cbe8532fbe375a6137f41f566aad0862c1b1ac06"},"C:\\Users\\oreak\\IdeaProjects\\project_team059\\src\\controller\\SectionsParser.ts":{"path":"C:\\Users\\oreak\\IdeaProjects\\project_team059\\src\\controller\\SectionsParser.ts","statementMap":{"0":{"start":{"line":2,"column":22},"end":{"line":4,"column":1}},"1":{"start":{"line":3,"column":4},"end":{"line":3,"column":62}},"2":{"start":{"line":5,"column":0},"end":{"line":5,"column":62}},"3":{"start":{"line":6,"column":16},"end":{"line":6,"column":49}},"4":{"start":{"line":7,"column":25},"end":{"line":7,"column":69}},"5":{"start":{"line":8,"column":19},"end":{"line":8,"column":55}},"6":{"start":{"line":10,"column":19},"end":{"line":21,"column":5}},"7":{"start":{"line":22,"column":14},"end":{"line":22,"column":54}},"8":{"start":{"line":23,"column":14},"end":{"line":23,"column":63}},"9":{"start":{"line":25,"column":23},"end":{"line":25,"column":53}},"10":{"start":{"line":26,"column":20},"end":{"line":26,"column":59}},"11":{"start":{"line":27,"column":8},"end":{"line":27,"column":39}},"12":{"start":{"line":30,"column":34},"end":{"line":33,"column":9}},"13":{"start":{"line":31,"column":30},"end":{"line":31,"column":50}},"14":{"start":{"line":32,"column":12},"end":{"line":32,"column":75}},"15":{"start":{"line":32,"column":48},"end":{"line":32,"column":73}},"16":{"start":{"line":34,"column":38},"end":{"line":34,"column":120}},"17":{"start":{"line":34,"column":74},"end":{"line":34,"column":119}},"18":{"start":{"line":35,"column":8},"end":{"line":35,"column":37}},"19":{"start":{"line":38,"column":23},"end":{"line":38,"column":31}},"20":{"start":{"line":39,"column":52},"end":{"line":39,"column":96}},"21":{"start":{"line":39,"column":81},"end":{"line":39,"column":95}},"22":{"start":{"line":40,"column":31},"end":{"line":46,"column":9}},"23":{"start":{"line":47,"column":47},"end":{"line":47,"column":91}},"24":{"start":{"line":47,"column":76},"end":{"line":47,"column":90}},"25":{"start":{"line":48,"column":31},"end":{"line":54,"column":9}},"26":{"start":{"line":55,"column":27},"end":{"line":55,"column":87}},"27":{"start":{"line":56,"column":8},"end":{"line":61,"column":9}},"28":{"start":{"line":57,"column":12},"end":{"line":57,"column":55}},"29":{"start":{"line":60,"column":12},"end":{"line":60,"column":51}},"30":{"start":{"line":64,"column":28},"end":{"line":64,"column":30}},"31":{"start":{"line":65,"column":8},"end":{"line":79,"column":9}},"32":{"start":{"line":66,"column":25},"end":{"line":66,"column":28}},"33":{"start":{"line":67,"column":12},"end":{"line":78,"column":13}},"34":{"start":{"line":68,"column":39},"end":{"line":76,"column":18}},"35":{"start":{"line":69,"column":37},"end":{"line":69,"column":57}},"36":{"start":{"line":70,"column":20},"end":{"line":72,"column":21}},"37":{"start":{"line":71,"column":24},"end":{"line":71,"column":36}},"38":{"start":{"line":73,"column":50},"end":{"line":73,"column":84}},"39":{"start":{"line":74,"column":20},"end":{"line":74,"column":60}},"40":{"start":{"line":75,"column":20},"end":{"line":75,"column":46}},"41":{"start":{"line":77,"column":16},"end":{"line":77,"column":49}},"42":{"start":{"line":80,"column":31},"end":{"line":80,"column":61}},"43":{"start":{"line":81,"column":8},"end":{"line":81,"column":58}},"44":{"start":{"line":84,"column":28},"end":{"line":84,"column":30}},"45":{"start":{"line":85,"column":25},"end":{"line":85,"column":27}},"46":{"start":{"line":86,"column":21},"end":{"line":86,"column":78}},"47":{"start":{"line":87,"column":8},"end":{"line":105,"column":9}},"48":{"start":{"line":88,"column":28},"end":{"line":103,"column":14}},"49":{"start":{"line":91,"column":16},"end":{"line":93,"column":17}},"50":{"start":{"line":92,"column":20},"end":{"line":92,"column":32}},"51":{"start":{"line":94,"column":46},"end":{"line":94,"column":76}},"52":{"start":{"line":95,"column":16},"end":{"line":95,"column":52}},"53":{"start":{"line":96,"column":16},"end":{"line":98,"column":19}},"54":{"start":{"line":97,"column":20},"end":{"line":97,"column":63}},"55":{"start":{"line":99,"column":16},"end":{"line":99,"column":36}},"56":{"start":{"line":102,"column":16},"end":{"line":102,"column":26}},"57":{"start":{"line":104,"column":12},"end":{"line":104,"column":38}},"58":{"start":{"line":106,"column":8},"end":{"line":106,"column":39}},"59":{"start":{"line":107,"column":30},"end":{"line":107,"column":60}},"60":{"start":{"line":108,"column":8},"end":{"line":108,"column":29}},"61":{"start":{"line":111,"column":23},"end":{"line":111,"column":31}},"62":{"start":{"line":112,"column":52},"end":{"line":112,"column":96}},"63":{"start":{"line":112,"column":81},"end":{"line":112,"column":95}},"64":{"start":{"line":113,"column":31},"end":{"line":119,"column":9}},"65":{"start":{"line":120,"column":47},"end":{"line":120,"column":91}},"66":{"start":{"line":120,"column":76},"end":{"line":120,"column":90}},"67":{"start":{"line":121,"column":31},"end":{"line":127,"column":9}},"68":{"start":{"line":128,"column":27},"end":{"line":128,"column":87}},"69":{"start":{"line":129,"column":8},"end":{"line":129,"column":26}},"70":{"start":{"line":132,"column":34},"end":{"line":132,"column":36}},"71":{"start":{"line":133,"column":8},"end":{"line":138,"column":9}},"72":{"start":{"line":134,"column":12},"end":{"line":137,"column":13}},"73":{"start":{"line":135,"column":35},"end":{"line":135,"column":117}},"74":{"start":{"line":136,"column":16},"end":{"line":136,"column":51}},"75":{"start":{"line":139,"column":8},"end":{"line":139,"column":45}},"76":{"start":{"line":142,"column":0},"end":{"line":142,"column":33}}},"fnMap":{"0":{"name":"(anonymous_0)","decl":{"start":{"line":2,"column":56},"end":{"line":2,"column":57}},"loc":{"start":{"line":2,"column":71},"end":{"line":4,"column":1}},"line":2},"1":{"name":"(anonymous_1)","decl":{"start":{"line":24,"column":4},"end":{"line":24,"column":5}},"loc":{"start":{"line":24,"column":40},"end":{"line":28,"column":5}},"line":24},"2":{"name":"(anonymous_2)","decl":{"start":{"line":29,"column":4},"end":{"line":29,"column":5}},"loc":{"start":{"line":29,"column":34},"end":{"line":36,"column":5}},"line":29},"3":{"name":"(anonymous_3)","decl":{"start":{"line":30,"column":34},"end":{"line":30,"column":35}},"loc":{"start":{"line":30,"column":60},"end":{"line":33,"column":9}},"line":30},"4":{"name":"(anonymous_4)","decl":{"start":{"line":32,"column":37},"end":{"line":32,"column":38}},"loc":{"start":{"line":32,"column":48},"end":{"line":32,"column":73}},"line":32},"5":{"name":"(anonymous_5)","decl":{"start":{"line":34,"column":61},"end":{"line":34,"column":62}},"loc":{"start":{"line":34,"column":74},"end":{"line":34,"column":119}},"line":34},"6":{"name":"(anonymous_6)","decl":{"start":{"line":37,"column":4},"end":{"line":37,"column":5}},"loc":{"start":{"line":37,"column":60},"end":{"line":62,"column":5}},"line":37},"7":{"name":"(anonymous_7)","decl":{"start":{"line":39,"column":69},"end":{"line":39,"column":70}},"loc":{"start":{"line":39,"column":81},"end":{"line":39,"column":95}},"line":39},"8":{"name":"(anonymous_8)","decl":{"start":{"line":47,"column":64},"end":{"line":47,"column":65}},"loc":{"start":{"line":47,"column":76},"end":{"line":47,"column":90}},"line":47},"9":{"name":"(anonymous_9)","decl":{"start":{"line":63,"column":4},"end":{"line":63,"column":5}},"loc":{"start":{"line":63,"column":30},"end":{"line":82,"column":5}},"line":63},"10":{"name":"(anonymous_10)","decl":{"start":{"line":68,"column":75},"end":{"line":68,"column":76}},"loc":{"start":{"line":68,"column":95},"end":{"line":76,"column":17}},"line":68},"11":{"name":"(anonymous_11)","decl":{"start":{"line":83,"column":4},"end":{"line":83,"column":5}},"loc":{"start":{"line":83,"column":35},"end":{"line":109,"column":5}},"line":83},"12":{"name":"(anonymous_12)","decl":{"start":{"line":90,"column":22},"end":{"line":90,"column":23}},"loc":{"start":{"line":90,"column":38},"end":{"line":100,"column":13}},"line":90},"13":{"name":"(anonymous_13)","decl":{"start":{"line":96,"column":46},"end":{"line":96,"column":47}},"loc":{"start":{"line":96,"column":59},"end":{"line":98,"column":17}},"line":96},"14":{"name":"(anonymous_14)","decl":{"start":{"line":101,"column":23},"end":{"line":101,"column":24}},"loc":{"start":{"line":101,"column":32},"end":{"line":103,"column":13}},"line":101},"15":{"name":"(anonymous_15)","decl":{"start":{"line":110,"column":4},"end":{"line":110,"column":5}},"loc":{"start":{"line":110,"column":28},"end":{"line":130,"column":5}},"line":110},"16":{"name":"(anonymous_16)","decl":{"start":{"line":112,"column":69},"end":{"line":112,"column":70}},"loc":{"start":{"line":112,"column":81},"end":{"line":112,"column":95}},"line":112},"17":{"name":"(anonymous_17)","decl":{"start":{"line":120,"column":64},"end":{"line":120,"column":65}},"loc":{"start":{"line":120,"column":76},"end":{"line":120,"column":90}},"line":120},"18":{"name":"(anonymous_18)","decl":{"start":{"line":131,"column":4},"end":{"line":131,"column":5}},"loc":{"start":{"line":131,"column":49},"end":{"line":140,"column":5}},"line":131}},"branchMap":{"0":{"loc":{"start":{"line":2,"column":22},"end":{"line":4,"column":1}},"type":"binary-expr","locations":[{"start":{"line":2,"column":23},"end":{"line":2,"column":27}},{"start":{"line":2,"column":31},"end":{"line":2,"column":51}},{"start":{"line":2,"column":56},"end":{"line":4,"column":1}}],"line":2},"1":{"loc":{"start":{"line":3,"column":11},"end":{"line":3,"column":61}},"type":"cond-expr","locations":[{"start":{"line":3,"column":37},"end":{"line":3,"column":40}},{"start":{"line":3,"column":43},"end":{"line":3,"column":61}}],"line":3},"2":{"loc":{"start":{"line":3,"column":12},"end":{"line":3,"column":33}},"type":"binary-expr","locations":[{"start":{"line":3,"column":12},"end":{"line":3,"column":15}},{"start":{"line":3,"column":19},"end":{"line":3,"column":33}}],"line":3},"3":{"loc":{"start":{"line":56,"column":8},"end":{"line":61,"column":9}},"type":"if","locations":[{"start":{"line":56,"column":8},"end":{"line":61,"column":9}},{"start":{"line":56,"column":8},"end":{"line":61,"column":9}}],"line":56},"4":{"loc":{"start":{"line":67,"column":12},"end":{"line":78,"column":13}},"type":"if","locations":[{"start":{"line":67,"column":12},"end":{"line":78,"column":13}},{"start":{"line":67,"column":12},"end":{"line":78,"column":13}}],"line":67},"5":{"loc":{"start":{"line":67,"column":16},"end":{"line":67,"column":67}},"type":"binary-expr","locations":[{"start":{"line":67,"column":16},"end":{"line":67,"column":42}},{"start":{"line":67,"column":46},"end":{"line":67,"column":67}}],"line":67},"6":{"loc":{"start":{"line":70,"column":20},"end":{"line":72,"column":21}},"type":"if","locations":[{"start":{"line":70,"column":20},"end":{"line":72,"column":21}},{"start":{"line":70,"column":20},"end":{"line":72,"column":21}}],"line":70},"7":{"loc":{"start":{"line":91,"column":16},"end":{"line":93,"column":17}},"type":"if","locations":[{"start":{"line":91,"column":16},"end":{"line":93,"column":17}},{"start":{"line":91,"column":16},"end":{"line":93,"column":17}}],"line":91},"8":{"loc":{"start":{"line":134,"column":12},"end":{"line":137,"column":13}},"type":"if","locations":[{"start":{"line":134,"column":12},"end":{"line":137,"column":13}},{"start":{"line":134,"column":12},"end":{"line":137,"column":13}}],"line":134}},"s":{"0":1,"1":3,"2":1,"3":1,"4":1,"5":1,"6":27,"7":27,"8":27,"9":25,"10":25,"11":23,"12":14733,"13":265659,"14":265659,"15":2656518,"16":14733,"17":265659,"18":14733,"19":0,"20":0,"21":0,"22":0,"23":0,"24":0,"25":0,"26":0,"27":0,"28":0,"29":0,"30":23,"31":23,"32":12127,"33":12127,"34":12123,"35":12123,"36":12122,"37":4755,"38":7367,"39":7367,"40":7367,"41":12123,"42":23,"43":22,"44":22,"45":22,"46":22,"47":20,"48":7367,"49":7367,"50":1,"51":7366,"52":7366,"53":7366,"54":132823,"55":7366,"56":0,"57":7367,"58":20,"59":20,"60":20,"61":132823,"62":132823,"63":664115,"64":132823,"65":132823,"66":664115,"67":132823,"68":132823,"69":132823,"70":22,"71":22,"72":12122,"73":7367,"74":7367,"75":22,"76":1},"f":{"0":3,"1":25,"2":14733,"3":265659,"4":2656518,"5":265659,"6":0,"7":0,"8":0,"9":23,"10":12123,"11":22,"12":7367,"13":132823,"14":0,"15":132823,"16":664115,"17":664115,"18":22},"b":{"0":[1,1,1],"1":[1,2],"2":[3,3],"3":[0,0],"4":[12123,4],"5":[12127,12123],"6":[4755,7367],"7":[1,7366],"8":[7367,4755]},"inputSourceMap":{"version":3,"file":"C:/Users/oreak/IdeaProjects/project_team059/src/controller/SectionsParser.ts","sources":["C:/Users/oreak/IdeaProjects/project_team059/src/controller/SectionsParser.ts"],"names":[],"mappings":";;;;;AAAA,kDAA0B;AAC1B,sEAA2D;AAC3D,wDAA0B;AAG1B,MAAqB,cAAc;IAC1B,YAAY,GAAa;QAChC,IAAI;QACJ,QAAQ;QACR,OAAO;QACP,WAAW;QACX,SAAS;QACT,MAAM;QACN,KAAK;QACL,MAAM;QACN,MAAM;QACN,OAAO;KACP,CAAC;IAIK,OAAO,GAAa,CAAC,MAAM,EAAE,KAAK,EAAE,MAAM,EAAE,MAAM,EAAE,OAAO,CAAC,CAAC;IAE7D,OAAO,GAAa,CAAC,IAAI,EAAE,QAAQ,EAAE,OAAO,EAAE,WAAW,EAAE,SAAS,CAAC,CAAC;IAwBtE,KAAK,CAAC,gBAAgB,CAAC,OAAe,EAAE,EAAU;QACxD,MAAM,MAAM,GAAG,MAAM,CAAC,IAAI,CAAC,OAAO,EAAE,QAAQ,CAAC,CAAC;QAC9C,MAAM,GAAG,GAAG,MAAM,eAAK,CAAC,SAAS,CAAC,MAAM,CAAC,CAAC;QAC1C,MAAM,IAAI,CAAC,UAAU,CAAC,GAAG,EAAE,EAAE,CAAC,CAAC;IAChC,CAAC;IAgDO,mBAAmB,CAAC,QAAa;QACxC,MAAM,iBAAiB,GAAG,CAAC,OAAY,EAAE,WAAqB,EAAW,EAAE;YAC1E,MAAM,SAAS,GAAG,MAAM,CAAC,IAAI,CAAC,OAAO,CAAC,CAAC;YACvC,OAAO,WAAW,CAAC,KAAK,CAAC,CAAC,KAAK,EAAE,EAAE,CAAC,SAAS,CAAC,QAAQ,CAAC,KAAK,CAAC,CAAC,CAAC;QAChE,CAAC,CAAC;QAEF,MAAM,qBAAqB,GAAG,QAAQ,CAAC,MAAM,CAAC,MAAM,CAAC,CAAC,OAAY,EAAE,EAAE,CACrE,iBAAiB,CAAC,OAAO,EAAE,IAAI,CAAC,YAAY,CAAC,CAC7C,CAAC;QACF,OAAO,qBAAqB,CAAC;IAC9B,CAAC;IASO,uBAAuB,CAAC,UAAkB,EAAE,QAAa,EAAE,QAAgC;QAClG,MAAM,MAAM,GAAG,QAAQ,CAAC;QAExB,MAAM,CAAC,IAAI,EAAE,EAAE,EAAE,KAAK,EAAE,UAAU,EAAE,IAAI,CAAC,GAAG,IAAI,CAAC,OAAO,CAAC,GAAG,CAAC,CAAC,MAAM,EAAE,EAAE,CAAC,MAAM,CAAC,MAAM,CAAC,CAAC,CAAC;QAEzF,MAAM,cAAc,GAAW;YAC9B,IAAI;YACJ,EAAE;YACF,KAAK;YACL,UAAU;YACV,IAAI;SACJ,CAAC;QAEF,MAAM,CAAC,IAAI,EAAE,GAAG,EAAE,IAAI,EAAE,IAAI,EAAE,KAAK,CAAC,GAAG,IAAI,CAAC,OAAO,CAAC,GAAG,CAAC,CAAC,MAAM,EAAE,EAAE,CAAC,MAAM,CAAC,MAAM,CAAC,CAAC,CAAC;QAEpF,MAAM,cAAc,GAAW;YAC9B,IAAI;YACJ,GAAG;YACH,IAAI;YACJ,IAAI;YACJ,KAAK;SACL,CAAC;QAGF,MAAM,UAAU,GAAY,IAAI,wBAAO,CAAC,cAAc,EAAE,cAAc,CAAC,CAAC;QACxE,IAAI,EAAE,IAAI,QAAQ,EAAE;YACnB,QAAQ,CAAC,GAAG,CAAC,UAAU,CAAC,EAAE,IAAI,CAAC,UAAU,CAAC,CAAC;SAC3C;aAAM;YACN,QAAQ,CAAC,GAAG,CAAC,UAAU,EAAE,CAAC,UAAU,CAAC,CAAC,CAAC;SACvC;IACF,CAAC;IASO,KAAK,CAAC,UAAU,CAAC,GAAU,EAAE,EAAU;QAC9C,MAAM,WAAW,GAAG,EAAE,CAAC;QAEvB,KAAK,MAAM,GAAG,IAAI,GAAG,CAAC,KAAK,EAAE;YAC5B,MAAM,IAAI,GAAG,GAAG,CAAC;YAEjB,IAAI,IAAI,CAAC,KAAK,CAAC,cAAc,CAAC,IAAI,IAAI,CAAC,KAAK,CAAC,SAAS,CAAC,EAAE;gBACxD,MAAM,cAAc,GAAG,GAAG,CAAC,KAAK,CAAC,GAAG,CAAC,CAAC,KAAK,CAAC,QAAQ,CAAC,CAAC,IAAI,CAAC,KAAK,EAAE,QAAQ,EAAE,EAAE;oBAC7E,MAAM,QAAQ,GAAG,IAAI,CAAC,KAAK,CAAC,QAAQ,CAAC,CAAC;oBAEtC,IAAI,QAAQ,CAAC,MAAM,CAAC,MAAM,KAAK,CAAC,EAAE;wBACjC,OAAO,IAAI,CAAC;qBACZ;oBAED,MAAM,qBAAqB,GAAG,IAAI,CAAC,mBAAmB,CAAC,QAAQ,CAAC,CAAC;oBACjE,QAAQ,CAAC,MAAM,GAAG,qBAAqB,CAAC;oBAExC,OAAO,EAAE,IAAI,EAAE,QAAQ,EAAE,CAAC;gBAC3B,CAAC,CAAC,CAAC;gBAEH,WAAW,CAAC,IAAI,CAAC,cAAc,CAAC,CAAC;aACjC;SACD;QAED,MAAM,cAAc,GAAG,MAAM,OAAO,CAAC,GAAG,CAAC,WAAW,CAAC,CAAC;QACtD,MAAM,IAAI,CAAC,kBAAkB,CAAC,cAAc,EAAE,EAAE,CAAC,CAAC;IACnD,CAAC;IAMM,KAAK,CAAC,oBAAoB,CAAC,EAAU;QAI3C,MAAM,WAAW,GAAU,EAAE,CAAC;QAC9B,MAAM,QAAQ,GAAc,EAAE,CAAC;QAG/B,MAAM,IAAI,GAAG,MAAM,kBAAE,CAAC,OAAO,CAAC,UAAU,EAAE,WAAW,CAAC,CAAC;QACvD,KAAK,MAAM,MAAM,IAAI,IAAI,EAAE;YAC1B,MAAM,OAAO,GAAG,kBAAE;iBAChB,QAAQ,CAAC,UAAU,EAAE,YAAY,MAAM,EAAE,CAAC;iBAC1C,IAAI,CAAC,KAAK,EAAE,IAAI,EAAE,EAAE;gBACpB,IAAI,IAAI,CAAC,MAAM,CAAC,MAAM,KAAK,CAAC,EAAE;oBAC7B,OAAO,IAAI,CAAC;iBACZ;gBACD,MAAM,qBAAqB,GAAG,IAAI,CAAC,mBAAmB,CAAC,IAAI,CAAC,CAAC;gBAC7D,IAAI,CAAC,MAAM,GAAG,qBAAqB,CAAC;gBAEpC,qBAAqB,CAAC,OAAO,CAAC,CAAC,OAAY,EAAE,EAAE;oBAC9C,QAAQ,CAAC,IAAI,CAAC,IAAI,CAAC,aAAa,CAAC,OAAO,CAAC,CAAC,CAAC;gBAC5C,CAAC,CAAC,CAAC;gBAEH,OAAO,EAAE,EAAE,EAAE,IAAI,EAAE,CAAC;YACrB,CAAC,CAAC;iBACD,KAAK,CAAC,CAAC,GAAG,EAAE,EAAE;gBACd,MAAM,GAAG,CAAC;YACX,CAAC,CAAC,CAAC;YAEJ,WAAW,CAAC,IAAI,CAAC,OAAO,CAAC,CAAC;SAC1B;QAED,MAAM,OAAO,CAAC,GAAG,CAAC,WAAW,CAAC,CAAC;QAE/B,MAAM,aAAa,GAAkB,EAAE,EAAE,EAAE,EAAE,EAAE,QAAQ,EAAE,QAAQ,EAAE,CAAC;QACpE,OAAO,aAAa,CAAC;IACtB,CAAC;IAKO,aAAa,CAAC,QAAa;QAClC,MAAM,MAAM,GAAG,QAAQ,CAAC;QACxB,MAAM,CAAC,IAAI,EAAE,EAAE,EAAE,KAAK,EAAE,UAAU,EAAE,IAAI,CAAC,GAAG,IAAI,CAAC,OAAO,CAAC,GAAG,CAAC,CAAC,MAAM,EAAE,EAAE,CAAC,MAAM,CAAC,MAAM,CAAC,CAAC,CAAC;QAEzF,MAAM,cAAc,GAAW;YAC9B,IAAI;YACJ,EAAE;YACF,KAAK;YACL,UAAU;YACV,IAAI;SACJ,CAAC;QAEF,MAAM,CAAC,IAAI,EAAE,GAAG,EAAE,IAAI,EAAE,IAAI,EAAE,KAAK,CAAC,GAAG,IAAI,CAAC,OAAO,CAAC,GAAG,CAAC,CAAC,MAAM,EAAE,EAAE,CAAC,MAAM,CAAC,MAAM,CAAC,CAAC,CAAC;QAEpF,MAAM,cAAc,GAAW;YAC9B,IAAI;YACJ,GAAG;YACH,IAAI;YACJ,IAAI;YACJ,KAAK;SACL,CAAC;QAEF,MAAM,UAAU,GAAY,IAAI,wBAAO,CAAC,cAAc,EAAE,cAAc,CAAC,CAAC;QACxE,OAAO,UAAU,CAAC;IACnB,CAAC;IAQO,KAAK,CAAC,kBAAkB,CAC/B,cAAiE,EACjE,EAAU;QAEV,MAAM,iBAAiB,GAAG,EAAE,CAAC;QAC7B,KAAK,MAAM,MAAM,IAAI,cAAc,EAAE;YACpC,IAAI,MAAM,EAAE;gBACX,MAAM,UAAU,GAAG,kBAAE,CAAC,UAAU,CAAC,UAAU,EAAE,IAAI,MAAM,CAAC,IAAI,OAAO,EAAE,MAAM,CAAC,QAAQ,CAAC,CAAC;gBACtF,iBAAiB,CAAC,IAAI,CAAC,UAAU,CAAC,CAAC;aACnC;SACD;QACD,MAAM,OAAO,CAAC,GAAG,CAAC,iBAAiB,CAAC,CAAC;IACtC,CAAC;CAgGD;AA7WD,iCA6WC","sourcesContent":["import JSZip from \"jszip\";\nimport Section, { Mfield, Sfield } from \"./IInsightFacade\";\nimport fs from \"fs-extra\";\nimport { DatasetRecord } from \"./DiskReader\";\n\nexport default class SectionsParser {\n\tprivate valid_fields: string[] = [\n\t\t\"id\",\n\t\t\"Course\",\n\t\t\"Title\",\n\t\t\"Professor\",\n\t\t\"Subject\",\n\t\t\"Year\",\n\t\t\"Avg\",\n\t\t\"Pass\",\n\t\t\"Fail\",\n\t\t\"Audit\",\n\t];\n\n\t// Keep order of mFields and sFields according to chart found in Section Specification sheet\n\t// for consistency\n\tpublic mFields: string[] = [\"Year\", \"Avg\", \"Pass\", \"Fail\", \"Audit\"];\n\n\tpublic sFields: string[] = [\"id\", \"Course\", \"Title\", \"Professor\", \"Subject\"];\n\n\t//  REQUIRES: content: dataset content in base64 string, f\n\t//  \t\t  id:  name of current dataset about to be counted\n\t//            datasets: map containing all datasets and associated sections added to InsightFacade instance so far\n\t//  EFFECTS: Unzips the content of a dataset into a JSZIP\n\t//  \t\tthen logs all valid sections to the associated dataset id to 'datasets' and\n\t//  \t\treturns the number of rows in an added dataset\n\t// OUTPUT: returns number of rows in that dataset that is added.\n\t// public async countRows(content: string, id: string, datasets: Map<string, Section[]>): Promise<number> {\n\t// \tconst buffer = Buffer.from(content, \"base64\");\n\t// \tconst zip = await JSZip.loadAsync(buffer);\n\t//\n\t// \tconst numSections = await this.logAndCountValidSections(zip, id, datasets);\n\t//\n\t// \tawait this.logDataset(zip, id);\n\t//\n\t// \tif (numSections === 0) {\n\t// \t\tthrow new InsightError(\"No valid section\");\n\t// \t}\n\t//\n\t// \treturn numSections;\n\t// }\n\n\tpublic async logDatasetOnDisk(content: string, id: string): Promise<void> {\n\t\tconst buffer = Buffer.from(content, \"base64\");\n\t\tconst zip = await JSZip.loadAsync(buffer);\n\t\tawait this.logDataset(zip, id);\n\t}\n\n\t// REQUIRES: zip - current dataset content as a JSZIP\n\t// \t\t\t  id - name of dataset\n\t//            datasets - map containing all datasets and associated sections added to InsightFacade instance so far\n\t// EFFECTS: parses the JSZIP files in the dataset and sorts through each JSON file containing each course, then\n\t// \t\t\tparses the JSON object to obtain the 'result' object and finds all sections,\n\t//          filters only valid sections, tracks number of valid sections,\n\t//          then turns each valid section into a Section object.\n\t//\t\t\tSums the number of valid sections per course for all courses in the dataset and returns value.\n\t// OUTPUT: returns the number of valid sections in a dataset and logs the valid sections to the 'datasets' map\n\t// private async logAndCountValidSections(zip: JSZip, id: string, datasets: Map<string, Section[]>): Promise<number> {\n\t// \tlet numSections = 0;\n\t// \tconst allPromises = [];\n\t//\n\t// \tfor (const key in zip.files) {\n\t// \t\tconst name = key;\n\t//\n\t// \t\tif (name.match(/^courses\\/\\w/) && name.match(/^[^.]+$/)) {\n\t// \t\t\tconst promiseContent = zip.files[key].async(\"string\").then(async (content0) => {\n\t// \t\t\t\tconst jsonData = JSON.parse(content0);\n\t//\n\t// \t\t\t\tif (jsonData.result.length === 0) {\n\t// \t\t\t\t\treturn null;\n\t// \t\t\t\t}\n\t//\n\t// \t\t\t\tconst validSectionsInCourse = this.filterValidSections(jsonData);\n\t// \t\t\t\tjsonData.result = validSectionsInCourse;\n\t//\n\t// \t\t\t\tnumSections = validSectionsInCourse.size;\n\t//\n\t// \t\t\t\treturn { name, jsonData };\n\t// \t\t\t});\n\t//\n\t// \t\t\tallPromises.push(promiseContent);\n\t// \t\t}\n\t// \t}\n\t//\n\t// \tawait Promise.all(allPromises);\n\t// \treturn numSections;\n\t// }\n\n\t// REQUIRES: jsonData - parsed JSON Object of the result key in a given course file\n\t//\n\t// EFFECTS: Iterate through each section in a given course file and for each section obtain all the sfields and mfields\n\t// \t\t\tand checks that each section contains all the fields in the variable valid_fields, else filter out.\n\t//\n\t// OUTPUT: returns all the valid sections as a JSONObject.\n\tprivate filterValidSections(jsonData: any): any {\n\t\tconst hasAllValidFields = (section: any, validFields: string[]): boolean => {\n\t\t\tconst fieldKeys = Object.keys(section);\n\t\t\treturn validFields.every((field) => fieldKeys.includes(field));\n\t\t};\n\n\t\tconst validSectionsInCourse = jsonData.result.filter((section: any) =>\n\t\t\thasAllValidFields(section, this.valid_fields)\n\t\t);\n\t\treturn validSectionsInCourse;\n\t}\n\n\t// REQUIRES: dataset_id - name of dataset\n\t// \t\t\t jsonData - parsed JSON Object of a valid section from the result key in a given course file\n\t//           datasets - map containing all datasets and associated sections added to InsightFacade instance so far\n\t// EFFECTS: Retrieves the fields of the section and populate the values of the sfields and mfields into a Section object\n\t// \t\t\tthen add the new section to the section list of 'dataset' map with the associated dataset id.\n\t//\n\t// OUTPUT: void\n\tprivate addNewSectionToDatabase(dataset_id: string, jsonData: any, datasets: Map<string, Section[]>): void {\n\t\tconst result = jsonData;\n\n\t\tconst [uuid, id, title, instructor, dept] = this.sFields.map((sfield) => result[sfield]);\n\n\t\tconst sectionSfields: Sfield = {\n\t\t\tuuid,\n\t\t\tid,\n\t\t\ttitle,\n\t\t\tinstructor,\n\t\t\tdept,\n\t\t};\n\n\t\tconst [year, avg, pass, fail, audit] = this.mFields.map((mfield) => result[mfield]);\n\n\t\tconst sectionMfields: Mfield = {\n\t\t\tyear,\n\t\t\tavg,\n\t\t\tpass,\n\t\t\tfail,\n\t\t\taudit,\n\t\t};\n\t\t// log section into database of datasets\n\t\t// if id has not been logged yet, log it, else append new section to list of sections in dictionary\n\t\tconst newSection: Section = new Section(sectionMfields, sectionSfields);\n\t\tif (id in datasets) {\n\t\t\tdatasets.get(dataset_id)?.push(newSection);\n\t\t} else {\n\t\t\tdatasets.set(dataset_id, [newSection]);\n\t\t}\n\t}\n\n\t// REQUIRES: zip - current dataset content as a JSZIP\n\t// \t\t\t  id - name of dataset\n\t// EFFECTS: parses the JSZIP files in the dataset and sorts through each JSON file containing each course, then\n\t// \t\t\tparses the JSON object to obtain the 'result' object and finds all sections,\n\t//          filters only valid sections,\n\t//          write the valid sections with the associated dataset id onto the disk\n\t// OUTPUT: void\n\tprivate async logDataset(zip: JSZip, id: string): Promise<void> {\n\t\tconst allPromises = [];\n\n\t\tfor (const key in zip.files) {\n\t\t\tconst name = key;\n\n\t\t\tif (name.match(/^courses\\/\\w/) && name.match(/^[^.]+$/)) {\n\t\t\t\tconst promiseContent = zip.files[key].async(\"string\").then(async (content0) => {\n\t\t\t\t\tconst jsonData = JSON.parse(content0);\n\n\t\t\t\t\tif (jsonData.result.length === 0) {\n\t\t\t\t\t\treturn null;\n\t\t\t\t\t}\n\n\t\t\t\t\tconst validSectionsInCourse = this.filterValidSections(jsonData);\n\t\t\t\t\tjsonData.result = validSectionsInCourse;\n\n\t\t\t\t\treturn { name, jsonData };\n\t\t\t\t});\n\n\t\t\t\tallPromises.push(promiseContent);\n\t\t\t}\n\t\t}\n\n\t\tconst courseDataList = await Promise.all(allPromises);\n\t\tawait this.storeCoursesOnDisk(courseDataList, id);\n\t}\n\n\t// REQUIRES: id - name of dataset\n\t// EFFECTS: A helper function that can be used by performQuery to turn a dataset written in the disk into a\n\t// \t\t\tDatasetRecord  -> a key value pair of the all the valid sections associated with the given dataset id.\n\t// OUTPUT:  DatasetRecord, mapping the list of Sections to its associated dataset id\n\tpublic async turnDatasetToSection(id: string): Promise<DatasetRecord> {\n\t\t// tracks number of sections in a given dataset and is initialized to 0\n\n\t\t// where each promise is appended to for each course object\n\t\tconst allPromises: any[] = [];\n\t\tconst sections: Section[] = [];\n\n\t\t// list of all courses under the dataset file\n\t\tconst path = await fs.readdir(`./data/${id}/courses/`);\n\t\tfor (const course of path) {\n\t\t\tconst promise = fs\n\t\t\t\t.readJson(`./data/${id}/courses/${course}`)\n\t\t\t\t.then(async (file) => {\n\t\t\t\t\tif (file.result.length === 0) {\n\t\t\t\t\t\treturn null;\n\t\t\t\t\t}\n\t\t\t\t\tconst validSectionsInCourse = this.filterValidSections(file);\n\t\t\t\t\tfile.result = validSectionsInCourse;\n\t\t\t\t\t// turn all valid sections to Sections objects\n\t\t\t\t\tvalidSectionsInCourse.forEach((section: any) => {\n\t\t\t\t\t\tsections.push(this.createSection(section));\n\t\t\t\t\t});\n\n\t\t\t\t\treturn { id, file };\n\t\t\t\t})\n\t\t\t\t.catch((err) => {\n\t\t\t\t\tthrow err;\n\t\t\t\t});\n\n\t\t\tallPromises.push(promise);\n\t\t}\n\n\t\tawait Promise.all(allPromises);\n\t\t//console.log(sections)\n\t\tconst datasetRecord: DatasetRecord = { id: id, sections: sections };\n\t\treturn datasetRecord;\n\t}\n\n\t// REQUIRES: jsonData - parsed JSON Object of a valid section from the result key in a given course file\n\t// EFFECTS: Retrieves the fields of the section and populate the values of the sfields and mfields into a Section object\n\t// OUTPUT: newly populated and created Section object\n\tprivate createSection(jsonData: any): Section {\n\t\tconst result = jsonData;\n\t\tconst [uuid, id, title, instructor, dept] = this.sFields.map((sfield) => result[sfield]);\n\n\t\tconst sectionSfields: Sfield = {\n\t\t\tuuid,\n\t\t\tid,\n\t\t\ttitle,\n\t\t\tinstructor,\n\t\t\tdept,\n\t\t};\n\n\t\tconst [year, avg, pass, fail, audit] = this.mFields.map((mfield) => result[mfield]);\n\n\t\tconst sectionMfields: Mfield = {\n\t\t\tyear,\n\t\t\tavg,\n\t\t\tpass,\n\t\t\tfail,\n\t\t\taudit,\n\t\t};\n\n\t\tconst newSection: Section = new Section(sectionMfields, sectionSfields);\n\t\treturn newSection;\n\t}\n\n\t// REQUIRES: courseDataList: list of JSON files associated with course files and their accompanied name in a dataset\n\t// \t\t\t\t\t\t\tex - dataset 'test3' containing the courses CPSC 110 --> {jSON FILE CPSC110, \"CPSC 110\"}\n\t//\t\t\t id: dataset id name\n\t// EFFECTS: takes the list of courses and writes them as a JSON file to be stored on to disk with the following directory:\n\t//\t\t\t\"./data/${id}/${ course name}.json\"\n\t// OUTPUT: void\n\tprivate async storeCoursesOnDisk(\n\t\tcourseDataList: Awaited<null | { jsonData: any; name: string }>[],\n\t\tid: string\n\t): Promise<void> {\n\t\tconst allCoursePromises = [];\n\t\tfor (const course of courseDataList) {\n\t\t\tif (course) {\n\t\t\t\tconst courseData = fs.outputJson(`./data/${id}/${course.name}.json`, course.jsonData);\n\t\t\t\tallCoursePromises.push(courseData);\n\t\t\t}\n\t\t}\n\t\tawait Promise.all(allCoursePromises);\n\t}\n\n\t// Counts the number of rows in a given dataset content and adds\n\t// public async countRows(content: string, id: string, datasets: Map<string, Section[]>): Promise<number> {\n\t// \t// Decode base64 string into buffer\n\t// \tconst buffer = Buffer.from(content, \"base64\");\n\t//\n\t// \t// load buffer in JSZip -> zip file\n\t// \tconst zip = await JSZip.loadAsync(buffer);\n\t//\n\t// \t// tracks number of sections in a given dataset and is initialized to 0\n\t// \tlet numSections = 0;\n\t//\n\t// \t// where each promise is appended to for each course object\n\t// \tconst allPromises = [];\n\t//\n\t// \t// iterates through each course\n\t// \tfor (const key in zip.files) {\n\t// \t\tconst name = key;\n\t//\n\t// \t\t// check that the file name contains courses at start AND is followed by at least one alpha-numeric char\n\t// \t\t// and that it doesn't an ending with a .(...)  (ex .png or .json or etc) indicative of an unwanted file type\n\t// \t\tif (name.match(/^courses\\/\\w/) && name.match(/^[^.]+$/)) {\n\t// \t\t\tconst promiseContent = zip.files[key].async(\"string\").then(async (content0) => {\n\t// \t\t\t\t//console.log('File Content:', content0);\n\t// \t\t\t\t// Parse JSON file in content\n\t// \t\t\t\tconst jsonData = JSON.parse(content0);\n\t// \t\t\t\t//console.log('JSON FILE:', jsonData);\n\t//\n\t// \t\t\t\t// for cases where result:[] with no sections inside\n\t// \t\t\t\tif (jsonData.result.length === 0) {\n\t// \t\t\t\t\treturn null;\n\t// \t\t\t\t}\n\t//\n\t// \t\t\t\t// 1) first create a list strings of our SFields and MFields string form to index into JSON object\n\t// \t\t\t\t// 2) retrieve value associated with field and store into appropriate Sfield variable\n\t// \t\t\t\t// 3) repeat steps with mfields\n\t// \t\t\t\t// 4) instantiate new section with mfields and sfields collected\n\t// \t\t\t\t// 5) store dataset info into our this.sectionsDataset\n\t//\n\t// \t\t\t\t// iterate through the sections of each course in the dataset\n\t// \t\t\t\t// Then filter the valid sections based on the required fields\n\t//\n\t// \t\t\t\tconst validSectionsInCourse = this.filterValidSections(jsonData);\n\t//\n\t// \t\t\t\tjsonData.result = validSectionsInCourse;\n\t//\n\t// \t\t\t\t// turn all valid sections to Sections objects\n\t// \t\t\t\tvalidSectionsInCourse.forEach((section: any) => {\n\t// \t\t\t\t\tthis.addNewSectionToDatabase(id, section, datasets);\n\t// \t\t\t\t\tnumSections++;\n\t// \t\t\t\t});\n\t// \t\t\t\treturn {name, jsonData};\n\t// \t\t\t});\n\t// \t\t\tallPromises.push(promiseContent);\n\t// \t\t}\n\t// \t}\n\t// \tconst courseDataList = await Promise.all(allPromises);\n\t// \tawait this.storeCoursesOnDisk(courseDataList, id);\n\t//\n\t// \t// after iterating through all courses in dataset, if no valid section -> throw error\n\t// \tif (numSections === 0) {\n\t// \t\tthrow new InsightError(\"No valid section\");\n\t// \t}\n\t//\n\t// \treturn numSections;\n\t// }\n\n\t// REDUNDANT\n\t// public async countRowsInDataset(id: string): Promise<number> {\n\t// \t// where each promise is appended to for each course object\n\t// \tconst allPromises: any[] = [];\n\t// \tconst sections: Section[] = [];\n\t// \tlet numSections: number = 0\n\t//\n\t// \t// list of all courses under the dataset file\n\t// \tconst path = await fs.readdir(`./data/${id}/courses/`);\n\t// \tfor (const course of path) {\n\t// \t\tconst promise = fs\n\t// \t\t\t.readJson(`./data/${id}/courses/${course}`)\n\t// \t\t\t.then(async (file) => {\n\t// \t\t\t\tif (file.result.length === 0) {\n\t// \t\t\t\t\treturn null;\n\t// \t\t\t\t}\n\t// \t\t\t\tconst validSectionsInCourse = this.filterValidSections(file);\n\t// \t\t\t\tnumSections += validSectionsInCourse.length\n\t// \t\t\t})\n\t// \t\t\t.catch((err) => {\n\t// \t\t\t\tthrow err;\n\t// \t\t\t});\n\t//\n\t// \t\tallPromises.push(promise);\n\t// \t}\n\t// \tawait Promise.all(allPromises);\n\t// \treturn numSections\n\t// }\n}\n"]},"_coverageSchema":"1a1c01bbd47fc00a2c39e90264f33305004495a9","hash":"6ef05df7fbeb4114fa47436e84005ae069063151","contentHash":"173ae6ca95072c48fa3e17a2f49c0473aa0b63cd6abf5de141dfa8a53f0afbe3"},"C:\\Users\\oreak\\IdeaProjects\\project_team059\\src\\controller\\QueryEngine.ts":{"path":"C:\\Users\\oreak\\IdeaProjects\\project_team059\\src\\controller\\QueryEngine.ts","statementMap":{"0":{"start":{"line":2,"column":22},"end":{"line":4,"column":1}},"1":{"start":{"line":3,"column":4},"end":{"line":3,"column":62}},"2":{"start":{"line":5,"column":0},"end":{"line":5,"column":62}},"3":{"start":{"line":6,"column":25},"end":{"line":6,"column":52}},"4":{"start":{"line":7,"column":21},"end":{"line":7,"column":61}},"5":{"start":{"line":12,"column":22},"end":{"line":12,"column":35}},"6":{"start":{"line":13,"column":18},"end":{"line":13,"column":36}},"7":{"start":{"line":14,"column":14},"end":{"line":14,"column":59}},"8":{"start":{"line":15,"column":14},"end":{"line":15,"column":54}},"9":{"start":{"line":16,"column":19},"end":{"line":16,"column":39}},"10":{"start":{"line":17,"column":21},"end":{"line":17,"column":41}},"11":{"start":{"line":20,"column":8},"end":{"line":20,"column":35}},"12":{"start":{"line":21,"column":8},"end":{"line":21,"column":49}},"13":{"start":{"line":22,"column":8},"end":{"line":22,"column":30}},"14":{"start":{"line":23,"column":8},"end":{"line":23,"column":48}},"15":{"start":{"line":26,"column":8},"end":{"line":59,"column":11}},"16":{"start":{"line":27,"column":35},"end":{"line":27,"column":37}},"17":{"start":{"line":28,"column":25},"end":{"line":28,"column":27}},"18":{"start":{"line":29,"column":12},"end":{"line":29,"column":39}},"19":{"start":{"line":30,"column":29},"end":{"line":30,"column":42}},"20":{"start":{"line":31,"column":12},"end":{"line":57,"column":13}},"21":{"start":{"line":32,"column":34},"end":{"line":32,"column":55}},"22":{"start":{"line":33,"column":36},"end":{"line":33,"column":97}},"23":{"start":{"line":33,"column":62},"end":{"line":33,"column":96}},"24":{"start":{"line":34,"column":16},"end":{"line":36,"column":17}},"25":{"start":{"line":35,"column":20},"end":{"line":35,"column":84}},"26":{"start":{"line":37,"column":16},"end":{"line":42,"column":17}},"27":{"start":{"line":38,"column":20},"end":{"line":38,"column":72}},"28":{"start":{"line":41,"column":20},"end":{"line":41,"column":83}},"29":{"start":{"line":43,"column":16},"end":{"line":48,"column":17}},"30":{"start":{"line":44,"column":20},"end":{"line":44,"column":84}},"31":{"start":{"line":47,"column":20},"end":{"line":47,"column":85}},"32":{"start":{"line":51,"column":16},"end":{"line":56,"column":17}},"33":{"start":{"line":52,"column":20},"end":{"line":52,"column":30}},"34":{"start":{"line":55,"column":20},"end":{"line":55,"column":81}},"35":{"start":{"line":58,"column":12},"end":{"line":58,"column":28}},"36":{"start":{"line":62,"column":31},"end":{"line":62,"column":33}},"37":{"start":{"line":63,"column":8},"end":{"line":63,"column":30}},"38":{"start":{"line":64,"column":8},"end":{"line":83,"column":9}},"39":{"start":{"line":65,"column":12},"end":{"line":74,"column":13}},"40":{"start":{"line":66,"column":16},"end":{"line":66,"column":37}},"41":{"start":{"line":67,"column":16},"end":{"line":67,"column":40}},"42":{"start":{"line":69,"column":17},"end":{"line":74,"column":13}},"43":{"start":{"line":70,"column":16},"end":{"line":70,"column":88}},"44":{"start":{"line":73,"column":16},"end":{"line":73,"column":101}},"45":{"start":{"line":77,"column":12},"end":{"line":82,"column":13}},"46":{"start":{"line":78,"column":16},"end":{"line":78,"column":26}},"47":{"start":{"line":81,"column":16},"end":{"line":81,"column":77}},"48":{"start":{"line":84,"column":8},"end":{"line":84,"column":32}},"49":{"start":{"line":87,"column":22},"end":{"line":87,"column":24}},"50":{"start":{"line":88,"column":8},"end":{"line":117,"column":9}},"51":{"start":{"line":89,"column":12},"end":{"line":108,"column":13}},"52":{"start":{"line":90,"column":16},"end":{"line":90,"column":68}},"53":{"start":{"line":92,"column":17},"end":{"line":108,"column":13}},"54":{"start":{"line":93,"column":30},"end":{"line":93,"column":51}},"55":{"start":{"line":94,"column":37},"end":{"line":94,"column":45}},"56":{"start":{"line":95,"column":16},"end":{"line":95,"column":69}},"57":{"start":{"line":97,"column":17},"end":{"line":108,"column":13}},"58":{"start":{"line":98,"column":30},"end":{"line":98,"column":51}},"59":{"start":{"line":99,"column":37},"end":{"line":99,"column":45}},"60":{"start":{"line":100,"column":16},"end":{"line":100,"column":61}},"61":{"start":{"line":102,"column":17},"end":{"line":108,"column":13}},"62":{"start":{"line":103,"column":33},"end":{"line":103,"column":46}},"63":{"start":{"line":104,"column":16},"end":{"line":104,"column":100}},"64":{"start":{"line":107,"column":16},"end":{"line":107,"column":89}},"65":{"start":{"line":111,"column":12},"end":{"line":116,"column":13}},"66":{"start":{"line":112,"column":16},"end":{"line":112,"column":26}},"67":{"start":{"line":115,"column":16},"end":{"line":115,"column":77}},"68":{"start":{"line":118,"column":8},"end":{"line":118,"column":23}},"69":{"start":{"line":121,"column":8},"end":{"line":138,"column":9}},"70":{"start":{"line":122,"column":38},"end":{"line":122,"column":70}},"71":{"start":{"line":123,"column":36},"end":{"line":123,"column":84}},"72":{"start":{"line":124,"column":12},"end":{"line":129,"column":13}},"73":{"start":{"line":125,"column":16},"end":{"line":125,"column":87}},"74":{"start":{"line":128,"column":16},"end":{"line":128,"column":97}},"75":{"start":{"line":128,"column":59},"end":{"line":128,"column":95}},"76":{"start":{"line":132,"column":12},"end":{"line":137,"column":13}},"77":{"start":{"line":133,"column":16},"end":{"line":133,"column":26}},"78":{"start":{"line":136,"column":16},"end":{"line":136,"column":77}},"79":{"start":{"line":141,"column":8},"end":{"line":171,"column":9}},"80":{"start":{"line":142,"column":29},"end":{"line":142,"column":47}},"81":{"start":{"line":143,"column":27},"end":{"line":143,"column":45}},"82":{"start":{"line":144,"column":12},"end":{"line":144,"column":41}},"83":{"start":{"line":145,"column":36},"end":{"line":145,"column":71}},"84":{"start":{"line":146,"column":12},"end":{"line":162,"column":13}},"85":{"start":{"line":147,"column":16},"end":{"line":147,"column":87}},"86":{"start":{"line":150,"column":16},"end":{"line":161,"column":17}},"87":{"start":{"line":151,"column":39},"end":{"line":151,"column":67}},"88":{"start":{"line":152,"column":44},"end":{"line":152,"column":59}},"89":{"start":{"line":153,"column":20},"end":{"line":155,"column":21}},"90":{"start":{"line":154,"column":24},"end":{"line":154,"column":140}},"91":{"start":{"line":156,"column":39},"end":{"line":156,"column":52}},"92":{"start":{"line":157,"column":20},"end":{"line":157,"column":118}},"93":{"start":{"line":157,"column":63},"end":{"line":157,"column":116}},"94":{"start":{"line":160,"column":20},"end":{"line":160,"column":76}},"95":{"start":{"line":165,"column":12},"end":{"line":170,"column":13}},"96":{"start":{"line":166,"column":16},"end":{"line":166,"column":26}},"97":{"start":{"line":169,"column":16},"end":{"line":169,"column":77}},"98":{"start":{"line":174,"column":8},"end":{"line":199,"column":9}},"99":{"start":{"line":175,"column":29},"end":{"line":175,"column":47}},"100":{"start":{"line":176,"column":27},"end":{"line":176,"column":45}},"101":{"start":{"line":177,"column":12},"end":{"line":177,"column":41}},"102":{"start":{"line":178,"column":36},"end":{"line":178,"column":71}},"103":{"start":{"line":179,"column":12},"end":{"line":190,"column":13}},"104":{"start":{"line":180,"column":16},"end":{"line":180,"column":87}},"105":{"start":{"line":183,"column":16},"end":{"line":189,"column":17}},"106":{"start":{"line":184,"column":39},"end":{"line":184,"column":67}},"107":{"start":{"line":185,"column":20},"end":{"line":185,"column":100}},"108":{"start":{"line":188,"column":20},"end":{"line":188,"column":76}},"109":{"start":{"line":193,"column":12},"end":{"line":198,"column":13}},"110":{"start":{"line":194,"column":16},"end":{"line":194,"column":26}},"111":{"start":{"line":197,"column":16},"end":{"line":197,"column":77}},"112":{"start":{"line":202,"column":8},"end":{"line":221,"column":9}},"113":{"start":{"line":203,"column":36},"end":{"line":203,"column":67}},"114":{"start":{"line":204,"column":12},"end":{"line":212,"column":13}},"115":{"start":{"line":205,"column":16},"end":{"line":205,"column":55}},"116":{"start":{"line":207,"column":17},"end":{"line":212,"column":13}},"117":{"start":{"line":208,"column":16},"end":{"line":208,"column":54}},"118":{"start":{"line":211,"column":16},"end":{"line":211,"column":84}},"119":{"start":{"line":215,"column":12},"end":{"line":220,"column":13}},"120":{"start":{"line":216,"column":16},"end":{"line":216,"column":26}},"121":{"start":{"line":219,"column":16},"end":{"line":219,"column":77}},"122":{"start":{"line":224,"column":24},"end":{"line":224,"column":26}},"123":{"start":{"line":225,"column":8},"end":{"line":227,"column":9}},"124":{"start":{"line":226,"column":12},"end":{"line":226,"column":85}},"125":{"start":{"line":228,"column":8},"end":{"line":235,"column":9}},"126":{"start":{"line":229,"column":12},"end":{"line":234,"column":13}},"127":{"start":{"line":230,"column":34},"end":{"line":230,"column":53}},"128":{"start":{"line":231,"column":34},"end":{"line":231,"column":55}},"129":{"start":{"line":232,"column":28},"end":{"line":232,"column":67}},"130":{"start":{"line":233,"column":16},"end":{"line":233,"column":34}},"131":{"start":{"line":236,"column":8},"end":{"line":236,"column":104}},"132":{"start":{"line":236,"column":50},"end":{"line":236,"column":102}},"133":{"start":{"line":236,"column":74},"end":{"line":236,"column":101}},"134":{"start":{"line":239,"column":23},"end":{"line":239,"column":25}},"135":{"start":{"line":240,"column":8},"end":{"line":242,"column":9}},"136":{"start":{"line":241,"column":12},"end":{"line":241,"column":84}},"137":{"start":{"line":243,"column":8},"end":{"line":245,"column":9}},"138":{"start":{"line":244,"column":12},"end":{"line":244,"column":87}},"139":{"start":{"line":246,"column":8},"end":{"line":246,"column":29}},"140":{"start":{"line":249,"column":8},"end":{"line":251,"column":9}},"141":{"start":{"line":250,"column":12},"end":{"line":250,"column":95}},"142":{"start":{"line":252,"column":8},"end":{"line":257,"column":9}},"143":{"start":{"line":253,"column":12},"end":{"line":253,"column":45}},"144":{"start":{"line":255,"column":13},"end":{"line":257,"column":9}},"145":{"start":{"line":256,"column":12},"end":{"line":256,"column":91}},"146":{"start":{"line":258,"column":8},"end":{"line":258,"column":20}},"147":{"start":{"line":261,"column":22},"end":{"line":261,"column":24}},"148":{"start":{"line":262,"column":22},"end":{"line":262,"column":24}},"149":{"start":{"line":263,"column":23},"end":{"line":263,"column":25}},"150":{"start":{"line":264,"column":8},"end":{"line":289,"column":9}},"151":{"start":{"line":265,"column":32},"end":{"line":265,"column":52}},"152":{"start":{"line":266,"column":32},"end":{"line":266,"column":93}},"153":{"start":{"line":266,"column":60},"end":{"line":266,"column":92}},"154":{"start":{"line":267,"column":12},"end":{"line":269,"column":13}},"155":{"start":{"line":268,"column":16},"end":{"line":268,"column":83}},"156":{"start":{"line":270,"column":12},"end":{"line":275,"column":13}},"157":{"start":{"line":271,"column":16},"end":{"line":271,"column":62}},"158
[...]
" Asterisks (*) can only be the first or last characters of input strings\");\n\t\t\t\t\t}\n\t\t\t\t\t// fix this return, figure out what sfield is, how to match it, and how to access\n\t\t\t\t\tconst inputRegex = RegExp(input);\n\t\t\t\t\treturn datasetSections.filter((section) => inputRegex.test(section.getSFieldByIndex(fieldIndex)));\n\t\t\t\t} else {\n\t\t\t\t\tthrow new InsightError(\"Invalid sKey\");\n\t\t\t\t}\n\t\t\t}\n\t\t} catch (err) {\n\t\t\tif (err instanceof InsightError || err instanceof ResultTooLargeError) {\n\t\t\t\tthrow err;\n\t\t\t} else {\n\t\t\t\tthrow new InsightError(\"Unexpected error.\");\n\t\t\t}\n\t\t}\n\t}\n\n\tprivate handleMComparison(filter: string, mkey: string, input: number): Section[] {\n\t\t//console.log(\"HANDLING MCOMPARISON\");\n\t\t//console.log(\"mkey: \" + mkey);\n\t\t//console.log(\"input: \" + input);\n\t\ttry {\n\t\t\tconst idstring = mkey.split(\"_\")[0];\n\t\t\tconst mfield = mkey.split(\"_\")[1];\n\n\t\t\t// check if database contains dataset with idstring\n\t\t\tthis.checkIDString(idstring);\n\t\t\tconst datasetSections = this.sectionsDatabase.get(idstring);\n\t\t\tif (datasetSections === undefined) {\n\t\t\t\t// should not be possible\n\t\t\t\tthrow new InsightError(\"Can't find querying dataset\");\n\t\t\t} else {\n\t\t\t\tif (this.mFields.includes(mfield)) {\n\t\t\t\t\tconst fieldIndex = this.mFields.indexOf(mfield);\n\t\t\t\t\treturn this.utils.filterMComparison(datasetSections, filter, fieldIndex, input);\n\t\t\t\t} else {\n\t\t\t\t\tthrow new InsightError(\"Invalid mKey\");\n\t\t\t\t}\n\t\t\t}\n\t\t} catch (err) {\n\t\t\tif (err instanceof InsightError || err instanceof ResultTooLargeError) {\n\t\t\t\tthrow err;\n\t\t\t} else {\n\t\t\t\tthrow new InsightError(\"Unexpected error.\");\n\t\t\t}\n\t\t}\n\t}\n\n\tprivate handleLogicComparison(filter: string, value: unknown): Section[] {\n\t\ttry {\n\t\t\tconst comparisonArray: unknown[] = this.utils.coerceToArray(value);\n\t\t\tif (filter === \"AND\") {\n\t\t\t\treturn this.handleAND(comparisonArray);\n\t\t\t} else if (filter === \"OR\") {\n\t\t\t\treturn this.handleOR(comparisonArray);\n\t\t\t} else {\n\t\t\t\tthrow new InsightError(\"Invalid Logic Comparator\");\n\t\t\t}\n\t\t} catch (err) {\n\t\t\tif (err instanceof InsightError || err instanceof ResultTooLargeError) {\n\t\t\t\tthrow err;\n\t\t\t} else {\n\t\t\t\tthrow new InsightError(\"Unexpected error.\");\n\t\t\t}\n\t\t}\n\t}\n\n\tprivate handleAND(value: unknown[]): Section[] {\n\t\tconst andList = [];\n\t\tif (value.length === 0) {\n\t\t\tthrow new InsightError(\"AND must be a non-empty array\");\n\t\t}\n\t\tfor (const obj of value) {\n\t\t\tif (typeof obj === \"object\" && obj !== null) {\n\t\t\t\tconst filterKey: string = Object.keys(obj)[0];\n\t\t\t\tconst filterVal: unknown = Object.values(obj)[0];\n\t\t\t\tconst key = this.handleFilter(filterKey, filterVal);\n\t\t\t\tandList.push(key);\n\t\t\t}\n\t\t}\n\n\t\treturn andList.reduce((acc, currArray) => acc.filter((section) => currArray.includes(section)));\n\t}\n\n\tprivate handleOR(value: unknown[]): Section[] {\n\t\tconst orList = [];\n\t\tif (value.length === 0) {\n\t\t\tthrow new InsightError(\"OR must be a non-empty array\");\n\t\t}\n\t\tfor (const obj of value) {\n\t\t\torList.push(this.handleFilter(Object(obj).keys[0], Object(obj).values[0]));\n\t\t}\n\t\treturn orList.flat();\n\t}\n\n\t// check if an id string is already being referenced, if not, return true\n\tprivate checkIDString(idstring: string): boolean {\n\t\tif (!this.sectionsDatabase.has(idstring)) {\n\t\t\tthrow new InsightError(`Dataset with id: ${idstring} not added.`);\n\t\t}\n\t\t// check if a dataset has already been referenced if not set queryingIDString as idstring\n\t\tif (this.queryingIDString === \"\") {\n\t\t\tthis.queryingIDString = idstring;\n\t\t} else if (this.queryingIDString !== idstring) {\n\t\t\tthrow new InsightError(\"Cannot reference multiple datasets.\");\n\t\t}\n\t\treturn true;\n\t}\n\n\tprivate handleOPTIONS(options: object, sections: Section[]): InsightResult[] {\n\t\t//console.log(\"OPTIONS WORKING\");\n\t\tlet results: InsightResult[] = [];\n\t\tlet columns: string[] = [];\n\t\tlet orderKey = \"\";\n\t\ttry {\n\t\t\tconst optionsKeys = Object.keys(options);\n\t\t\tconst invalidKeys = optionsKeys.filter((key) => !this.validOptions.includes(key));\n\t\t\tif (invalidKeys.length > 0) {\n\t\t\t\tthrow new InsightError(\"Invalid keys in OPTIONS\");\n\t\t\t}\n\n\t\t\tif (\"COLUMNS\" in options) {\n\t\t\t\tcolumns = this.handleCOLUMNS(options.COLUMNS);\n\t\t\t} else {\n\t\t\t\tthrow new InsightError(\"Query missing COLUMNS\");\n\t\t\t}\n\t\t\t//console.log(columns);\n\t\t\tif (\"ORDER\" in options) {\n\t\t\t\torderKey = this.handleORDER(options.ORDER, this.utils.coerceToArray(options.COLUMNS) as string[]);\n\t\t\t}\n\t\t\torderKey = orderKey.split(\"_\")[1];\n\t\t\tresults = this.completeQuery(sections, columns, orderKey);\n\t\t\t//console.log(results);\n\t\t} catch (err) {\n\t\t\tif (err instanceof InsightError || err instanceof ResultTooLargeError) {\n\t\t\t\tthrow err;\n\t\t\t} else {\n\t\t\t\tthrow new InsightError(\"Unexpected error.\");\n\t\t\t}\n\t\t}\n\t\treturn results;\n\t}\n\n\t// REQUIRES: columns are valid columns, sections are filtered sections, orderKey is valid\n\tprivate completeQuery(sections: Section[], columns: string[], orderKey: string): InsightResult[] {\n\t\tlet results: InsightResult[] = [];\n\t\t//console.log(\"COMPLETE QUERY WORKING\");\n\t\t// if no filters have been applied\n\t\tif (this.noFilter) {\n\t\t\tconst datasetSections = this.sectionsDatabase.get(this.queryingIDString);\n\t\t\tif (datasetSections === undefined) {\n\t\t\t\t// should not be possible given current implementation of other methods for query\n\t\t\t\tthrow new InsightError(\"Can't find querying dataset\");\n\t\t\t} else {\n\t\t\t\tsections = datasetSections;\n\t\t\t}\n\t\t}\n\t\tthis.utils.checkSize(sections);\n\t\tresults = this.utils.selectCOLUMNS(sections, columns);\n\t\tresults = this.utils.sortByOrder(results, orderKey);\n\t\treturn results;\n\t}\n\n\t// returns the columns as an array of strings (WORKING)\n\tprivate handleCOLUMNS(value: unknown): string[] {\n\t\tconst columns = this.utils.coerceToArray(value);\n\t\tconst results: string[] = [];\n\t\tfor (const key of columns) {\n\t\t\tconst keyStr = String(key);\n\t\t\tconst idstring = keyStr.split(\"_\")[0];\n\t\t\tconst field = keyStr.split(\"_\")[1];\n\n\t\t\tthis.checkIDString(idstring);\n\t\t\tif (this.mFields.includes(field) || this.sFields.includes(field)) {\n\t\t\t\tresults.push(keyStr);\n\t\t\t} else {\n\t\t\t\tthrow new InsightError(`Invalid key ${keyStr} in COLUMNS`);\n\t\t\t}\n\t\t}\n\t\treturn results;\n\t}\n\n\t// returns the order key as a string (WORKING)\n\tprivate handleORDER(value: unknown, columns: string[]): string {\n\t\tconst valueStr = String(value);\n\t\tif (columns.includes(valueStr)) {\n\t\t\treturn valueStr;\n\t\t} else {\n\t\t\tthrow new InsightError(\"ORDER key must be in COLUMNS\");\n\t\t}\n\t}\n}\n"]},"_coverageSchema":"1a1c01bbd47fc00a2c39e90264f33305004495a9","hash":"73c5346d8281a3988ca8a19ac261d427dea6bd50","contentHash":"bbe9fc5a4b1677b414b67b220eb5a72dca6edc940a508b73668d369a55b4f922"},"C:\\Users\\oreak\\IdeaProjects\\project_team059\\src\\controller\\QueryUtils.ts":{"path":"C:\\Users\\oreak\\IdeaProjects\\project_team059\\src\\controller\\QueryUtils.ts","statementMap":{"0":{"start":{"line":2,"column":0},"end":{"line":2,"column":62}},"1":{"start":{"line":3,"column":25},"end":{"line":3,"column":52}},"2":{"start":{"line":5,"column":14},"end":{"line":5,"column":59}},"3":{"start":{"line":6,"column":14},"end":{"line":6,"column":54}},"4":{"start":{"line":8,"column":8},"end":{"line":13,"column":9}},"5":{"start":{"line":9,"column":12},"end":{"line":9,"column":25}},"6":{"start":{"line":12,"column":12},"end":{"line":12,"column":69}},"7":{"start":{"line":16,"column":29},"end":{"line":16,"column":33}},"8":{"start":{"line":17,"column":8},"end":{"line":22,"column":9}},"9":{"start":{"line":18,"column":12},"end":{"line":18,"column":144}},"10":{"start":{"line":21,"column":12},"end":{"line":21,"column":24}},"11":{"start":{"line":25,"column":8},"end":{"line":39,"column":9}},"12":{"start":{"line":26,"column":12},"end":{"line":26,"column":27}},"13":{"start":{"line":29,"column":12},"end":{"line":38,"column":13}},"14":{"start":{"line":30,"column":16},"end":{"line":32,"column":19}},"15":{"start":{"line":31,"column":20},"end":{"line":31,"column":65}},"16":{"start":{"line":35,"column":16},"end":{"line":37,"column":19}},"17":{"start":{"line":36,"column":20},"end":{"line":36,"column":78}},"18":{"start":{"line":40,"column":8},"end":{"line":40,"column":23}},"19":{"start":{"line":43,"column":24},"end":{"line":43,"column":26}},"20":{"start":{"line":44,"column":8},"end":{"line":58,"column":9}},"21":{"start":{"line":45,"column":31},"end":{"line":45,"column":33}},"22":{"start":{"line":46,"column":12},"end":{"line":56,"column":13}},"23":{"start":{"line":47,"column":30},"end":{"line":47,"column":50}},"24":{"start":{"line":48,"column":16},"end":{"line":55,"column":17}},"25":{"start":{"line":49,"column":35},"end":{"line":49,"column":62}},"26":{"start":{"line":50,"column":20},"end":{"line":50,"column":74}},"27":{"start":{"line":53,"column":35},"end":{"line":53,"column":62}},"28":{"start":{"line":54,"column":20},"end":{"line":54,"column":74}},"29":{"start":{"line":57,"column":12},"end":{"line":57,"column":37}},"30":{"start":{"line":59,"column":8},"end":{"line":59,"column":23}},"31":{"start":{"line":63,"column":8},"end":{"line":74,"column":9}},"32":{"start":{"line":64,"column":12},"end":{"line":64,"column":91}},"33":{"start":{"line":64,"column":50},"end":{"line":64,"column":89}},"34":{"start":{"line":66,"column":13},"end":{"line":74,"column":9}},"35":{"start":{"line":67,"column":12},"end":{"line":67,"column":91}},"36":{"start":{"line":67,"column":50},"end":{"line":67,"column":89}},"37":{"start":{"line":69,"column":13},"end":{"line":74,"column":9}},"38":{"start":{"line":70,"column":12},"end":{"line":70,"column":93}},"39":{"start":{"line":70,"column":50},"end":{"line":70,"column":91}},"40":{"start":{"line":73,"column":12},"end":{"line":73,"column":75}},"41":{"start":{"line":75,"column":8},"end":{"line":75,"column":23}},"42":{"start":{"line":78,"column":0},"end":{"line":78,"column":29}}},"fnMap":{"0":{"name":"(anonymous_0)","decl":{"start":{"line":7,"column":4},"end":{"line":7,"column":5}},"loc":{"start":{"line":7,"column":25},"end":{"line":14,"column":5}},"line":7},"1":{"name":"(anonymous_1)","decl":{"start":{"line":15,"column":4},"end":{"line":15,"column":5}},"loc":{"start":{"line":15,"column":24},"end":{"line":23,"column":5}},"line":15},"2":{"name":"(anonymous_2)","decl":{"start":{"line":24,"column":4},"end":{"line":24,"column":5}},"loc":{"start":{"line":24,"column":35},"end":{"line":41,"column":5}},"line":24},"3":{"name":"(anonymous_3)","decl":{"start":{"line":30,"column":29},"end":{"line":30,"column":30}},"loc":{"start":{"line":30,"column":51},"end":{"line":32,"column":17}},"line":30},"4":{"name":"(anonymous_4)","decl":{"start":{"line":35,"column":29},"end":{"line":35,"column":30}},"loc":{"start":{"line":35,"column":51},"end":{"line":37,"column":17}},"line":35},"5":{"name":"(anonymous_5)","decl":{"start":{"line":42,"column":4},"end":{"line":42,"column":5}},"loc":{"start":{"line":42,"column":37},"end":{"line":60,"column":5}},"line":42},"6":{"name":"(anonymous_6)","decl":{"start":{"line":61,"column":4},"end":{"line":61,"column":5}},"loc":{"start":{"line":61,"column":53},"end":{"line":76,"column":5}},"line":61},"7":{"name":"(anonymous_7)","decl":{"start":{"line":64,"column":37},"end":{"line":64,"column":38}},"loc":{"start":{"line":64,"column":50},"end":{"line":64,"column":89}},"line":64},"8":{"name":"(anonymous_8)","decl":{"start":{"line":67,"column":37},"end":{"line":67,"column":38}},"loc":{"start":{"line":67,"column":50},"end":{"line":67,"column":89}},"line":67},"9":{"name":"(anonymous_9)","decl":{"start":{"line":70,"column":37},"end":{"line":70,"column":38}},"loc":{"start":{"line":70,"column":50},"end":{"line":70,"column":91}},"line":70}},"branchMap":{"0":{"loc":{"start":{"line":8,"column":8},"end":{"line":13,"column":9}},"type":"if","locations":[{"start":{"line":8,"column":8},"end":{"line":13,"column":9}},{"start":{"line":8,"column":8},"end":{"line":13,"column":9}}],"line":8},"1":{"loc":{"start":{"line":17,"column":8},"end":{"line":22,"column":9}},"type":"if","locations":[{"start":{"line":17,"column":8},"end":{"line":22,"column":9}},{"start":{"line":17,"column":8},"end":{"line":22,"column":9}}],"line":17},"2":{"loc":{"start":{"line":25,"column":8},"end":{"line":39,"column":9}},"type":"if","locations":[{"start":{"line":25,"column":8},"end":{"line":39,"column":9}},{"start":{"line":25,"column":8},"end":{"line":39,"column":9}}],"line":25},"3":{"loc":{"start":{"line":29,"column":12},"end":{"line":38,"column":13}},"type":"if","locations":[{"start":{"line":29,"column":12},"end":{"line":38,"column":13}},{"start":{"line":29,"column":12},"end":{"line":38,"column":13}}],"line":29},"4":{"loc":{"start":{"line":48,"column":16},"end":{"line":55,"column":17}},"type":"if","locations":[{"start":{"line":48,"column":16},"end":{"line":55,"column":17}},{"start":{"line":48,"column":16},"end":{"line":55,"column":17}}],"line":48},"5":{"loc":{"start":{"line":63,"column":8},"end":{"line":74,"column":9}},"type":"if","locations":[{"start":{"line":63,"column":8},"end":{"line":74,"column":9}},{"start":{"line":63,"column":8},"end":{"line":74,"column":9}}],"line":63},"6":{"loc":{"start":{"line":66,"column":13},"end":{"line":74,"column":9}},"type":"if","locations":[{"start":{"line":66,"column":13},"end":{"line":74,"column":9}},{"start":{"line":66,"column":13},"end":{"line":74,"column":9}}],"line":66},"7":{"loc":{"start":{"line":69,"column":13},"end":{"line":74,"column":9}},"type":"if","locations":[{"start":{"line":69,"column":13},"end":{"line":74,"column":9}},{"start":{"line":69,"column":13},"end":{"line":74,"column":9}}],"line":69}},"s":{"0":1,"1":1,"2":27,"3":27,"4":35,"5":34,"6":1,"7":5,"8":5,"9":1,"10":4,"11":4,"12":0,"13":4,"14":4,"15":98,"16":0,"17":0,"18":4,"19":4,"20":4,"21":101,"22":101,"23":208,"24":208,"25":107,"26":107,"27":101,"28":101,"29":101,"30":4,"31":15,"32":2,"33":129224,"34":13,"35":12,"36":775344,"37":1,"38":1,"39":64612,"40":0,"41":15,"42":1},"f":{"0":35,"1":5,"2":4,"3":98,"4":0,"5":4,"6":15,"7":129224,"8":775344,"9":64612},"b":{"0":[34,1],"1":[1,4],"2":[0,4],"3":[4,0],"4":[107,101],"5":[2,13],"6":[12,1],"7":[1,0]},"inputSourceMap":{"version":3,"file":"C:/Users/oreak/IdeaProjects/project_team059/src/controller/QueryUtils.ts","sources":["C:/Users/oreak/IdeaProjects/project_team059/src/controller/QueryUtils.ts"],"names":[],"mappings":";;AAAA,qDAA6F;AAE7F,MAAqB,UAAU;IACtB,OAAO,GAAa,CAAC,MAAM,EAAE,IAAI,EAAE,OAAO,EAAE,YAAY,EAAE,MAAM,CAAC,CAAC;IAClE,OAAO,GAAa,CAAC,MAAM,EAAE,KAAK,EAAE,MAAM,EAAE,MAAM,EAAE,OAAO,CAAC,CAAC;IAE9D,aAAa,CAAC,KAAc;QAClC,IAAI,KAAK,CAAC,OAAO,CAAC,KAAK,CAAC,EAAE;YACzB,OAAO,KAAK,CAAC;SACb;aAAM;YACN,MAAM,IAAI,6BAAY,CAAC,eAAe,CAAC,CAAC;SACxC;IACF,CAAC;IAEM,SAAS,CAAC,QAAmB;QACnC,MAAM,YAAY,GAAG,IAAI,CAAC;QAC1B,IAAI,QAAQ,CAAC,MAAM,GAAG,YAAY,EAAE;YACnC,MAAM,IAAI,oCAAmB,CAC5B,mFAAmF,CACnF,CAAC;SACF;aAAM;YACN,OAAO,IAAI,CAAC;SACZ;IACF,CAAC;IAEM,WAAW,CAAC,OAAwB,EAAE,QAAgB;QAC5D,IAAI,QAAQ,KAAK,EAAE,EAAE;YACpB,OAAO,OAAO,CAAC;SACf;aAAM;YACN,IAAI,IAAI,CAAC,OAAO,CAAC,QAAQ,CAAC,QAAQ,CAAC,EAAE;gBACpC,OAAO,CAAC,IAAI,CAAC,CAAC,OAAO,EAAE,OAAO,EAAE,EAAE;oBACjC,OAAQ,OAAO,CAAC,QAAQ,CAAY,GAAI,OAAO,CAAC,QAAQ,CAAY,CAAC;gBACtE,CAAC,CAAC,CAAC;aACH;iBAAM;gBACN,OAAO,CAAC,IAAI,CAAC,CAAC,OAAO,EAAE,OAAO,EAAE,EAAE;oBACjC,OAAQ,OAAO,CAAC,QAAQ,CAAY,CAAC,aAAa,CAAC,OAAO,CAAC,QAAQ,CAAW,CAAC,CAAC;gBACjF,CAAC,CAAC,CAAC;aACH;SACD;QACD,OAAO,OAAO,CAAC;IAChB,CAAC;IAEM,aAAa,CAAC,QAAmB,EAAE,OAAiB;QAC1D,MAAM,OAAO,GAAoB,EAAE,CAAC;QACpC,KAAK,MAAM,OAAO,IAAI,QAAQ,EAAE;YAC/B,MAAM,UAAU,GAAkB,EAAE,CAAC;YACrC,KAAK,MAAM,MAAM,IAAI,OAAO,EAAE;gBAC7B,MAAM,KAAK,GAAG,MAAM,CAAC,KAAK,CAAC,GAAG,CAAC,CAAC,CAAC,CAAC,CAAC;gBACnC,IAAI,IAAI,CAAC,OAAO,CAAC,QAAQ,CAAC,KAAK,CAAC,EAAE;oBACjC,MAAM,MAAM,GAAG,IAAI,CAAC,OAAO,CAAC,OAAO,CAAC,KAAK,CAAC,CAAC;oBAC3C,UAAU,CAAC,MAAM,CAAC,GAAG,OAAO,CAAC,gBAAgB,CAAC,MAAM,CAAC,CAAC;iBACtD;qBAAM;oBACN,MAAM,MAAM,GAAG,IAAI,CAAC,OAAO,CAAC,OAAO,CAAC,KAAK,CAAC,CAAC;oBAC3C,UAAU,CAAC,MAAM,CAAC,GAAG,OAAO,CAAC,gBAAgB,CAAC,MAAM,CAAC,CAAC;iBACtD;aACD;YACD,OAAO,CAAC,IAAI,CAAC,UAAU,CAAC,CAAC;SACzB;QACD,OAAO,OAAO,CAAC;IAChB,CAAC;IAEM,iBAAiB,CAAC,OAAkB,EAAE,MAAc,EAAE,KAAa,EAAE,KAAa;QACxF,IAAI,OAAkB,CAAC;QAEvB,IAAI,MAAM,KAAK,IAAI,EAAE;YACpB,OAAO,GAAG,OAAO,CAAC,MAAM,CAAC,CAAC,OAAO,EAAE,EAAE,CAAC,OAAO,CAAC,gBAAgB,CAAC,KAAK,CAAC,GAAG,KAAK,CAAC,CAAC;SAC/E;aAAM,IAAI,MAAM,KAAK,IAAI,EAAE;YAC3B,OAAO,GAAG,OAAO,CAAC,MAAM,CAAC,CAAC,OAAO,EAAE,EAAE,CAAC,OAAO,CAAC,gBAAgB,CAAC,KAAK,CAAC,GAAG,KAAK,CAAC,CAAC;SAC/E;aAAM,IAAI,MAAM,KAAK,IAAI,EAAE;YAC3B,OAAO,GAAG,OAAO,CAAC,MAAM,CAAC,CAAC,OAAO,EAAE,EAAE,CAAC,OAAO,CAAC,gBAAgB,CAAC,KAAK,CAAC,KAAK,KAAK,CAAC,CAAC;SACjF;aAAM;YACN,MAAM,IAAI,6BAAY,CAAC,qBAAqB,CAAC,CAAC;SAC9C;QACD,OAAO,OAAO,CAAC;IAChB,CAAC;CACD;AAzED,6BAyEC","sourcesContent":["import Section, { InsightError, InsightResult, ResultTooLargeError } from \"./IInsightFacade\";\n\nexport default class QueryUtils {\n\tprivate sFields: string[] = [\"uuid\", \"id\", \"title\", \"instructor\", \"dept\"];\n\tprivate mFields: string[] = [\"year\", \"avg\", \"pass\", \"fail\", \"audit\"];\n\n\tpublic coerceToArray(value: unknown): unknown[] {\n\t\tif (Array.isArray(value)) {\n\t\t\treturn value;\n\t\t} else {\n\t\t\tthrow new InsightError(\"Not an array.\");\n\t\t}\n\t}\n\n\tpublic checkSize(sections: Section[]): boolean {\n\t\tconst maxQuerySize = 5000;\n\t\tif (sections.length > maxQuerySize) {\n\t\t\tthrow new ResultTooLargeError(\n\t\t\t\t\"The result is too big. Only queries with a maximum of 5000 results are supported.\"\n\t\t\t);\n\t\t} else {\n\t\t\treturn true;\n\t\t}\n\t}\n\n\tpublic sortByOrder(results: InsightResult[], orderKey: string): InsightResult[] {\n\t\tif (orderKey === \"\") {\n\t\t\treturn results;\n\t\t} else {\n\t\t\tif (this.mFields.includes(orderKey)) {\n\t\t\t\tresults.sort((recordA, recordB) => {\n\t\t\t\t\treturn (recordA[orderKey] as number) - (recordB[orderKey] as number);\n\t\t\t\t});\n\t\t\t} else {\n\t\t\t\tresults.sort((recordA, recordB) => {\n\t\t\t\t\treturn (recordA[orderKey] as string).localeCompare(recordB[orderKey] as string);\n\t\t\t\t});\n\t\t\t}\n\t\t}\n\t\treturn results;\n\t}\n\n\tpublic selectCOLUMNS(sections: Section[], columns: string[]): InsightResult[] {\n\t\tconst results: InsightResult[] = [];\n\t\tfor (const section of sections) {\n\t\t\tconst currRecord: InsightResult = {};\n\t\t\tfor (const column of columns) {\n\t\t\t\tconst field = column.split(\"_\")[1];\n\t\t\t\tif (this.mFields.includes(field)) {\n\t\t\t\t\tconst mIndex = this.mFields.indexOf(field);\n\t\t\t\t\tcurrRecord[column] = section.getMFieldByIndex(mIndex);\n\t\t\t\t} else {\n\t\t\t\t\tconst sIndex = this.sFields.indexOf(field);\n\t\t\t\t\tcurrRecord[column] = section.getSFieldByIndex(sIndex);\n\t\t\t\t}\n\t\t\t}\n\t\t\tresults.push(currRecord);\n\t\t}\n\t\treturn results;\n\t}\n\n\tpublic filterMComparison(dataset: Section[], filter: string, index: number, input: number): Section[] {\n\t\tlet results: Section[];\n\t\t//console.log(\"FILTER MCOMPARISON WORKING\");\n\t\tif (filter === \"LT\") {\n\t\t\tresults = dataset.filter((section) => section.getMFieldByIndex(index) < input);\n\t\t} else if (filter === \"GT\") {\n\t\t\tresults = dataset.filter((section) => section.getMFieldByIndex(index) > input);\n\t\t} else if (filter === \"EQ\") {\n\t\t\tresults = dataset.filter((section) => section.getMFieldByIndex(index) === input);\n\t\t} else {\n\t\t\tthrow new InsightError(\"Invalid MComparator\");\n\t\t}\n\t\treturn results;\n\t}\n}\n"]},"_coverageSchema":"1a1c01bbd47fc00a2c39e90264f33305004495a9","hash":"6e74bc1ee86e336aa60a8630a39edd68ce23efb3","contentHash":"3a19f01f4e136428b92c5318ce33dbe8c64b536c0dbc528cdf0052d5fdf1dfb0"}}